\BOOKMARK [0][-]{chapter*.2}{\376\377\004\022\004\062\004\065\004\064\004\065\004\075\004\070\004\065}{}% 1
\BOOKMARK [0][-]{chapter.1}{\376\377\004\036\004\101\004\075\004\076\004\062\004\075\004\113\004\065\000\040\004\102\004\065\004\076\004\100\004\065\004\102\004\070\004\107\004\065\004\101\004\072\004\070\004\065\000\040\004\101\004\062\004\065\004\064\004\065\004\075\004\070\004\117}{}% 2
\BOOKMARK [0][-]{chapter.2}{\376\377\004\027\004\060\004\064\004\060\004\075\004\070\004\065\000\040\0001}{}% 3
\BOOKMARK [1][-]{section.2.1}{\376\377\004\040\004\065\004\067\004\103\004\073\004\114\004\102\004\060\004\102\000\040\004\062\004\113\004\077\004\076\004\073\004\075\004\065\004\075\004\070\004\117}{chapter.2}% 4
\BOOKMARK [1][-]{section.2.2}{\376\377\004\022\004\113\004\062\004\076\004\064}{chapter.2}% 5
\BOOKMARK [0][-]{chapter.3}{\376\377\004\027\004\060\004\064\004\060\004\075\004\070\004\065\000\040\0002}{}% 6
\BOOKMARK [1][-]{section.3.1}{\376\377\004\040\004\065\004\067\004\103\004\073\004\114\004\102\004\060\004\102\000\040\004\062\004\113\004\077\004\076\004\073\004\075\004\065\004\075\004\070\004\117}{chapter.3}% 7
\BOOKMARK [1][-]{section.3.2}{\376\377\004\022\004\113\004\062\004\076\004\064}{chapter.3}% 8
\BOOKMARK [0][-]{chapter.4}{\376\377\004\027\004\060\004\064\004\060\004\075\004\070\004\065\000\040\0003}{}% 9
\BOOKMARK [1][-]{section.4.1}{\376\377\004\040\004\065\004\067\004\103\004\073\004\114\004\102\004\060\004\102\000\040\004\062\004\113\004\077\004\076\004\073\004\075\004\065\004\075\004\070\004\117}{chapter.4}% 10
\BOOKMARK [1][-]{section.4.2}{\376\377\004\022\004\113\004\062\004\076\004\064}{chapter.4}% 11
\BOOKMARK [0][-]{chapter.5}{\376\377\004\027\004\060\004\064\004\060\004\075\004\070\004\065\000\040\0004}{}% 12
\BOOKMARK [1][-]{section.5.1}{\376\377\004\040\004\065\004\067\004\103\004\073\004\114\004\102\004\060\004\102\000\040\004\062\004\113\004\077\004\076\004\073\004\075\004\065\004\075\004\070\004\117}{chapter.5}% 13
\BOOKMARK [1][-]{section.5.2}{\376\377\004\022\004\113\004\062\004\076\004\064}{chapter.5}% 14
\BOOKMARK [0][-]{chapter.6}{\376\377\004\027\004\060\004\064\004\060\004\075\004\070\004\065\000\040\0005}{}% 15
\BOOKMARK [1][-]{section.6.1}{\376\377\004\037\004\100\004\076\004\062\004\065\004\100\004\072\004\060\000\040\004\100\004\065\004\067\004\103\004\073\004\114\004\102\004\060\004\102\004\060}{chapter.6}% 16
\BOOKMARK [1][-]{section.6.2}{\376\377\004\041\004\102\004\060\004\064\004\070\004\070\000\040\004\062\004\113\004\077\004\076\004\073\004\075\004\065\004\075\004\070\004\117\000\040\004\072\004\076\004\074\004\060\004\075\004\064\004\113\000,\000\040\004\076\004\061\004\076\004\067\004\075\004\060\004\107\004\065\004\075\004\075\004\076\004\071\000\040\004\062\000\040\004\102\004\065\004\072\004\101\004\102\004\065\000\040\004\077\004\100\004\076\004\063\004\100\004\060\004\074\004\074\004\113\000\040\004\101\004\070\004\074\004\062\004\076\004\073\004\076\004\074}{chapter.6}% 17
\BOOKMARK [1][-]{section.6.3}{\376\377\004\042\004\100\004\060\004\101\004\101\004\060\000\040\004\062\004\113\004\077\004\076\004\073\004\075\004\065\004\075\004\070\004\117\000\040\004\077\004\100\004\076\004\063\004\100\004\060\004\074\004\074\004\113}{chapter.6}% 18
\BOOKMARK [1][-]{section.6.4}{\376\377\004\036\004\077\004\102\004\070\004\074\004\070\004\067\004\060\004\106\004\070\004\117\000\040\004\077\004\100\004\076\004\063\004\100\004\060\004\074\004\074\004\113}{chapter.6}% 19
\BOOKMARK [0][-]{chapter*.16}{\376\377\004\027\004\060\004\072\004\073\004\116\004\107\004\065\004\075\004\070\004\065}{}% 20
