This is pdfTeX, Version 3.14159265-2.6-1.40.20 (TeX Live 2019/Debian) (preloaded format=pdflatex 2021.9.5)  13 DEC 2021 00:29
entering extended mode
 restricted \write18 enabled.
 %&-line parsing enabled.
**conclusion.tex
(./conclusion.tex
LaTeX2e <2020-02-02> patch level 2
L3 programming layer <2020-02-14>
! Undefined control sequence.
l.1 \chapter
            *{–ó–∞–∫–ª—é—á–µ–Ω–∏–µ}
The control sequence at the end of the top line
of your error message was never \def'ed. If you have
misspelled it (e.g., `\hobx'), type `I' and the correct
spelling (e.g., `I\hbox'). Otherwise just continue,
and I'll forget about whatever was undefined.


! LaTeX Error: Missing \begin{document}.

See the LaTeX manual or LaTeX Companion for explanation.
Type  H <return>  for immediate help.
 ...                                              
                                                  
l.1 \chapter*
             {–ó–∞–∫–ª—é—á–µ–Ω–∏–µ}
You're in trouble here.  Try typing  <return>  to proceed.
If that doesn't work, type  X <return>  to quit.

Missing character: There is no * in font nullfont!

! Package inputenc Error: Unicode character –ó (U+0417)
(inputenc)                not set up for use with LaTeX.

See the inputenc package documentation for explanation.
Type  H <return>  for immediate help.
 ...                                              
                                                  
l.1 \chapter*{–ó
                –∞–∫–ª—é—á–µ–Ω–∏–µ}
You may provide a definition with
\DeclareUnicodeCharacter 


! Package inputenc Error: Unicode character –∞ (U+0430)
(inputenc)                not set up for use with LaTeX.

See the inputenc package documentation for explanation.
Type  H <return>  for immediate help.
 ...                                              
                                                  
l.1 \chapter*{–ó–∞
                  –∫–ª—é—á–µ–Ω–∏–µ}
You may provide a definition with
\DeclareUnicodeCharacter 


! Package inputenc Error: Unicode character –∫ (U+043A)
(inputenc)                not set up for use with LaTeX.

See the inputenc package documentation for explanation.
Type  H <return>  for immediate help.
 ...                                              
                                                  
l.1 \chapter*{–ó–∞–∫
                    –ª—é—á–µ–Ω–∏–µ}
You may provide a definition with
\DeclareUnicodeCharacter 


! Package inputenc Error: Unicode character –ª (U+043B)
(inputenc)                not set up for use with LaTeX.

See the inputenc package documentation for explanation.
Type  H <return>  for immediate help.
 ...                                              
                                                  
l.1 \chapter*{–ó–∞–∫–ª
                      —é—á–µ–Ω–∏–µ}
You may provide a definition with
\DeclareUnicodeCharacter 


! Package inputenc Error: Unicode character —é (U+044E)
(inputenc)                not set up for use with LaTeX.

See the inputenc package documentation for explanation.
Type  H <return>  for immediate help.
 ...                                              
                                                  
l.1 \chapter*{–ó–∞–∫–ª—é
                        —á–µ–Ω–∏–µ}
You may provide a definition with
\DeclareUnicodeCharacter 


! Package inputenc Error: Unicode character —á (U+0447)
(inputenc)                not set up for use with LaTeX.

See the inputenc package documentation for explanation.
Type  H <return>  for immediate help.
 ...                                              
                                                  
l.1 \chapter*{–ó–∞–∫–ª—é—á
                          –µ–Ω–∏–µ}
You may provide a definition with
\DeclareUnicodeCharacter 


! Package inputenc Error: Unicode character –µ (U+0435)
(inputenc)                not set up for use with LaTeX.

See the inputenc package documentation for explanation.
Type  H <return>  for immediate help.
 ...                                              
                                                  
l.1 \chapter*{–ó–∞–∫–ª—é—á–µ
                            –Ω–∏–µ}
You may provide a definition with
\DeclareUnicodeCharacter 


! Package inputenc Error: Unicode character –Ω (U+043D)
(inputenc)                not set up for use with LaTeX.

See the inputenc package documentation for explanation.
Type  H <return>  for immediate help.
 ...                                              
                                                  
l.1 \chapter*{–ó–∞–∫–ª—é—á–µ–Ω
                              –∏–µ}
You may provide a definition with
\DeclareUnicodeCharacter 


! Package inputenc Error: Unicode character –∏ (U+0438)
(inputenc)                not set up for use with LaTeX.

See the inputenc package documentation for explanation.
Type  H <return>  for immediate help.
 ...                                              
                                                  
l.1 \chapter*{–ó–∞–∫–ª—é—á–µ–Ω–∏
                                –µ}
You may provide a definition with
\DeclareUnicodeCharacter 


! Package inputenc Error: Unicode character –µ (U+0435)
(inputenc)                not set up for use with LaTeX.

See the inputenc package documentation for explanation.
Type  H <return>  for immediate help.
 ...                                              
                                                  
l.1 \chapter*{–ó–∞–∫–ª—é—á–µ–Ω–∏–µ
                                  }
You may provide a definition with
\DeclareUnicodeCharacter 


Overfull \hbox (20.0pt too wide) in paragraph at lines 1--3
[]
 []


! Package inputenc Error: Unicode character –í (U+0412)
(inputenc)                not set up for use with LaTeX.

See the inputenc package documentation for explanation.
Type  H <return>  for immediate help.
 ...                                              
                                                  
l.4 –í
       —Ä–µ–∑—É–ª—å—Ç–∞—Ç–µ –∏—Å—Å–ª–µ–¥–æ–≤–∞–Ω–∏—è –±—ã–ª–æ –ø–æ–ª—É—á–µ–Ω...

You may provide a definition with
\DeclareUnicodeCharacter 


! Package inputenc Error: Unicode character —Ä (U+0440)
(inputenc)                not set up for use with LaTeX.

See the inputenc package documentation for explanation.
Type  H <return>  for immediate help.
 ...                                              
                                                  
l.4 –í —Ä
         –µ–∑—É–ª—å—Ç–∞—Ç–µ –∏—Å—Å–ª–µ–¥–æ–≤–∞–Ω–∏—è –±—ã–ª–æ –ø–æ–ª—É—á–µ–Ω...

You may provide a definition with
\DeclareUnicodeCharacter 


! Package inputenc Error: Unicode character –µ (U+0435)
(inputenc)                not set up for use with LaTeX.

See the inputenc package documentation for explanation.
Type  H <return>  for immediate help.
 ...                                              
                                                  
l.4 –í —Ä–µ
           –∑—É–ª—å—Ç–∞—Ç–µ –∏—Å—Å–ª–µ–¥–æ–≤–∞–Ω–∏—è –±—ã–ª–æ –ø–æ–ª—É—á–µ–Ω...

You may provide a definition with
\DeclareUnicodeCharacter 


! Package inputenc Error: Unicode character –∑ (U+0437)
(inputenc)                not set up for use with LaTeX.

See the inputenc package documentation for explanation.
Type  H <return>  for immediate help.
 ...                                              
                                                  
l.4 –í —Ä–µ–∑
             —É–ª—å—Ç–∞—Ç–µ –∏—Å—Å–ª–µ–¥–æ–≤–∞–Ω–∏—è –±—ã–ª–æ –ø–æ–ª—É—á–µ–Ω...

You may provide a definition with
\DeclareUnicodeCharacter 


! Package inputenc Error: Unicode character —É (U+0443)
(inputenc)                not set up for use with LaTeX.

See the inputenc package documentation for explanation.
Type  H <return>  for immediate help.
 ...                                              
                                                  
l.4 –í —Ä–µ–∑—É
               –ª—å—Ç–∞—Ç–µ –∏—Å—Å–ª–µ–¥–æ–≤–∞–Ω–∏—è –±—ã–ª–æ –ø–æ–ª—É—á–µ–Ω...

You may provide a definition with
\DeclareUnicodeCharacter 


! Package inputenc Error: Unicode character –ª (U+043B)
(inputenc)                not set up for use with LaTeX.

See the inputenc package documentation for explanation.
Type  H <return>  for immediate help.
 ...                                              
                                                  
l.4 –í —Ä–µ–∑—É–ª
                 —å—Ç–∞—Ç–µ –∏—Å—Å–ª–µ–¥–æ–≤–∞–Ω–∏—è –±—ã–ª–æ –ø–æ–ª—É—á–µ–Ω...

You may provide a definition with
\DeclareUnicodeCharacter 


! Package inputenc Error: Unicode character —å (U+044C)
(inputenc)                not set up for use with LaTeX.

See the inputenc package documentation for explanation.
Type  H <return>  for immediate help.
 ...                                              
                                                  
l.4 –í —Ä–µ–∑—É–ª—å
                   —Ç–∞—Ç–µ –∏—Å—Å–ª–µ–¥–æ–≤–∞–Ω–∏—è –±—ã–ª–æ –ø–æ–ª—É—á–µ–Ω...

You may provide a definition with
\DeclareUnicodeCharacter 


! Package inputenc Error: Unicode character —Ç (U+0442)
(inputenc)                not set up for use with LaTeX.

See the inputenc package documentation for explanation.
Type  H <return>  for immediate help.
 ...                                              
                                                  
l.4 –í —Ä–µ–∑—É–ª—å—Ç
                     –∞—Ç–µ –∏—Å—Å–ª–µ–¥–æ–≤–∞–Ω–∏—è –±—ã–ª–æ –ø–æ–ª—É—á–µ–Ω...

You may provide a definition with
\DeclareUnicodeCharacter 


! Package inputenc Error: Unicode character –∞ (U+0430)
(inputenc)                not set up for use with LaTeX.

See the inputenc package documentation for explanation.
Type  H <return>  for immediate help.
 ...                                              
                                                  
l.4 –í —Ä–µ–∑—É–ª—å—Ç–∞
                       —Ç–µ –∏—Å—Å–ª–µ–¥–æ–≤–∞–Ω–∏—è –±—ã–ª–æ –ø–æ–ª—É—á–µ–Ω...

You may provide a definition with
\DeclareUnicodeCharacter 


! Package inputenc Error: Unicode character —Ç (U+0442)
(inputenc)                not set up for use with LaTeX.

See the inputenc package documentation for explanation.
Type  H <return>  for immediate help.
 ...                                              
                                                  
l.4 –í —Ä–µ–∑—É–ª—å—Ç–∞—Ç
                         –µ –∏—Å—Å–ª–µ–¥–æ–≤–∞–Ω–∏—è –±—ã–ª–æ –ø–æ–ª—É—á–µ–Ω...

You may provide a definition with
\DeclareUnicodeCharacter 


! Package inputenc Error: Unicode character –µ (U+0435)
(inputenc)                not set up for use with LaTeX.

See the inputenc package documentation for explanation.
Type  H <return>  for immediate help.
 ...                                              
                                                  
l.4 –í —Ä–µ–∑—É–ª—å—Ç–∞—Ç–µ
                            –∏—Å—Å–ª–µ–¥–æ–≤–∞–Ω–∏—è –±—ã–ª–æ –ø–æ–ª—É—á–µ–Ω...

You may provide a definition with
\DeclareUnicodeCharacter 


! Package inputenc Error: Unicode character –∏ (U+0438)
(inputenc)                not set up for use with LaTeX.

See the inputenc package documentation for explanation.
Type  H <return>  for immediate help.
 ...                                              
                                                  
l.4 –í —Ä–µ–∑—É–ª—å—Ç–∞—Ç–µ –∏
                              —Å—Å–ª–µ–¥–æ–≤–∞–Ω–∏—è –±—ã–ª–æ –ø–æ–ª—É—á–µ–Ω...

You may provide a definition with
\DeclareUnicodeCharacter 


! Package inputenc Error: Unicode character —Å (U+0441)
(inputenc)                not set up for use with LaTeX.

See the inputenc package documentation for explanation.
Type  H <return>  for immediate help.
 ...                                              
                                                  
l.4 –í —Ä–µ–∑—É–ª—å—Ç–∞—Ç–µ –∏—Å
                                —Å–ª–µ–¥–æ–≤–∞–Ω–∏—è –±—ã–ª–æ –ø–æ–ª—É—á–µ–Ω...

You may provide a definition with
\DeclareUnicodeCharacter 


! Package inputenc Error: Unicode character —Å (U+0441)
(inputenc)                not set up for use with LaTeX.

See the inputenc package documentation for explanation.
Type  H <return>  for immediate help.
 ...                                              
                                                  
l.4 –í —Ä–µ–∑—É–ª—å—Ç–∞—Ç–µ –∏—Å—Å
                                  –ª–µ–¥–æ–≤–∞–Ω–∏—è –±—ã–ª–æ –ø–æ–ª—É—á–µ–Ω...

You may provide a definition with
\DeclareUnicodeCharacter 


! Package inputenc Error: Unicode character –ª (U+043B)
(inputenc)                not set up for use with LaTeX.

See the inputenc package documentation for explanation.
Type  H <return>  for immediate help.
 ...                                              
                                                  
l.4 –í —Ä–µ–∑—É–ª—å—Ç–∞—Ç–µ –∏—Å—Å–ª
                                    –µ–¥–æ–≤–∞–Ω–∏—è –±—ã–ª–æ –ø–æ–ª—É—á–µ–Ω...

You may provide a definition with
\DeclareUnicodeCharacter 


! Package inputenc Error: Unicode character –µ (U+0435)
(inputenc)                not set up for use with LaTeX.

See the inputenc package documentation for explanation.
Type  H <return>  for immediate help.
 ...                                              
                                                  
l.4 –í —Ä–µ–∑—É–ª—å—Ç–∞—Ç–µ –∏—Å—Å–ª–µ
                                      –¥–æ–≤–∞–Ω–∏—è –±—ã–ª–æ –ø–æ–ª—É—á–µ–Ω...

You may provide a definition with
\DeclareUnicodeCharacter 


! Package inputenc Error: Unicode character –¥ (U+0434)
(inputenc)                not set up for use with LaTeX.

See the inputenc package documentation for explanation.
Type  H <return>  for immediate help.
 ...                                              
                                                  
l.4 –í —Ä–µ–∑—É–ª—å—Ç–∞—Ç–µ –∏—Å—Å–ª–µ–¥
                                        –æ–≤–∞–Ω–∏—è –±—ã–ª–æ –ø–æ–ª—É—á–µ–Ω...

You may provide a definition with
\DeclareUnicodeCharacter 


! Package inputenc Error: Unicode character –æ (U+043E)
(inputenc)                not set up for use with LaTeX.

See the inputenc package documentation for explanation.
Type  H <return>  for immediate help.
 ...                                              
                                                  
l.4 –í —Ä–µ–∑—É–ª—å—Ç–∞—Ç–µ –∏—Å—Å–ª–µ–¥–æ
                                          –≤–∞–Ω–∏—è –±—ã–ª–æ –ø–æ–ª—É—á–µ–Ω...

You may provide a definition with
\DeclareUnicodeCharacter 


! Package inputenc Error: Unicode character –≤ (U+0432)
(inputenc)                not set up for use with LaTeX.

See the inputenc package documentation for explanation.
Type  H <return>  for immediate help.
 ...                                              
                                                  
l.4 –í —Ä–µ–∑—É–ª—å—Ç–∞—Ç–µ –∏—Å—Å–ª–µ–¥–æ–≤
                                            –∞–Ω–∏—è –±—ã–ª–æ –ø–æ–ª—É—á–µ–Ω...

You may provide a definition with
\DeclareUnicodeCharacter 


! Package inputenc Error: Unicode character –∞ (U+0430)
(inputenc)                not set up for use with LaTeX.

See the inputenc package documentation for explanation.
Type  H <return>  for immediate help.
 ...                                              
                                                  
l.4 –í —Ä–µ–∑—É–ª—å—Ç–∞—Ç–µ –∏—Å—Å–ª–µ–¥–æ–≤–∞
                                              –Ω–∏—è –±—ã–ª–æ –ø–æ–ª—É—á–µ–Ω...

You may provide a definition with
\DeclareUnicodeCharacter 


! Package inputenc Error: Unicode character –Ω (U+043D)
(inputenc)                not set up for use with LaTeX.

See the inputenc package documentation for explanation.
Type  H <return>  for immediate help.
 ...                                              
                                                  
l.4 –í —Ä–µ–∑—É–ª—å—Ç–∞—Ç–µ –∏—Å—Å–ª–µ–¥–æ–≤–∞–Ω
                                                –∏—è –±—ã–ª–æ –ø–æ–ª—É—á–µ–Ω...

You may provide a definition with
\DeclareUnicodeCharacter 


! Package inputenc Error: Unicode character –∏ (U+0438)
(inputenc)                not set up for use with LaTeX.

See the inputenc package documentation for explanation.
Type  H <return>  for immediate help.
 ...                                              
                                                  
l.4 –í —Ä–µ–∑—É–ª—å—Ç–∞—Ç–µ –∏—Å—Å–ª–µ–¥–æ–≤–∞–Ω–∏
                                                  —è –±—ã–ª–æ –ø–æ–ª—É—á–µ–Ω...

You may provide a definition with
\DeclareUnicodeCharacter 


! Package inputenc Error: Unicode character —è (U+044F)
(inputenc)                not set up for use with LaTeX.

See the inputenc package documentation for explanation.
Type  H <return>  for immediate help.
 ...                                              
                                                  
l.4 ...–µ–∑—É–ª—å—Ç–∞—Ç–µ –∏—Å—Å–ª–µ–¥–æ–≤–∞–Ω–∏—è
                                                   –±—ã–ª–æ –ø–æ–ª—É—á–µ–Ω–æ...

You may provide a definition with
\DeclareUnicodeCharacter 


! Package inputenc Error: Unicode character –± (U+0431)
(inputenc)                not set up for use with LaTeX.

See the inputenc package documentation for explanation.
Type  H <return>  for immediate help.
 ...                                              
                                                  
l.4 ...∑—É–ª—å—Ç–∞—Ç–µ –∏—Å—Å–ª–µ–¥–æ–≤–∞–Ω–∏—è –±
                                                  —ã–ª–æ –ø–æ–ª—É—á–µ–Ω–æ, —...

You may provide a definition with
\DeclareUnicodeCharacter 


! Package inputenc Error: Unicode character —ã (U+044B)
(inputenc)                not set up for use with LaTeX.

See the inputenc package documentation for explanation.
Type  H <return>  for immediate help.
 ...                                              
                                                  
l.4 ...É–ª—å—Ç–∞—Ç–µ –∏—Å—Å–ª–µ–¥–æ–≤–∞–Ω–∏—è –±—ã
                                                  –ª–æ –ø–æ–ª—É—á–µ–Ω–æ, —á—...

You may provide a definition with
\DeclareUnicodeCharacter 


! Package inputenc Error: Unicode character –ª (U+043B)
(inputenc)                not set up for use with LaTeX.

See the inputenc package documentation for explanation.
Type  H <return>  for immediate help.
 ...                                              
                                                  
l.4 ...ª—å—Ç–∞—Ç–µ –∏—Å—Å–ª–µ–¥–æ–≤–∞–Ω–∏—è –±—ã–ª
                                                  –æ –ø–æ–ª—É—á–µ–Ω–æ, —á—Ç–...

You may provide a definition with
\DeclareUnicodeCharacter 


! Package inputenc Error: Unicode character –æ (U+043E)
(inputenc)                not set up for use with LaTeX.

See the inputenc package documentation for explanation.
Type  H <return>  for immediate help.
 ...                                              
                                                  
l.4 ...å—Ç–∞—Ç–µ –∏—Å—Å–ª–µ–¥–æ–≤–∞–Ω–∏—è –±—ã–ª–æ
                                                   –ø–æ–ª—É—á–µ–Ω–æ, —á—Ç–æ ...

You may provide a definition with
\DeclareUnicodeCharacter 


! Package inputenc Error: Unicode character –ø (U+043F)
(inputenc)                not set up for use with LaTeX.

See the inputenc package documentation for explanation.
Type  H <return>  for immediate help.
 ...                                              
                                                  
l.4 ...–∞—Ç–µ –∏—Å—Å–ª–µ–¥–æ–≤–∞–Ω–∏—è –±—ã–ª–æ –ø
                                                  –æ–ª—É—á–µ–Ω–æ, —á—Ç–æ —ç–...

You may provide a definition with
\DeclareUnicodeCharacter 


! Package inputenc Error: Unicode character –æ (U+043E)
(inputenc)                not set up for use with LaTeX.

See the inputenc package documentation for explanation.
Type  H <return>  for immediate help.
 ...                                              
                                                  
l.4 ...—Ç–µ –∏—Å—Å–ª–µ–¥–æ–≤–∞–Ω–∏—è –±—ã–ª–æ –ø–æ
                                                  –ª—É—á–µ–Ω–æ, —á—Ç–æ —ç–≤—...

You may provide a definition with
\DeclareUnicodeCharacter 


! Package inputenc Error: Unicode character –ª (U+043B)
(inputenc)                not set up for use with LaTeX.

See the inputenc package documentation for explanation.
Type  H <return>  for immediate help.
 ...                                              
                                                  
l.4 ...–µ –∏—Å—Å–ª–µ–¥–æ–≤–∞–Ω–∏—è –±—ã–ª–æ –ø–æ–ª
                                                  —É—á–µ–Ω–æ, —á—Ç–æ —ç–≤—Ä–...

You may provide a definition with
\DeclareUnicodeCharacter 


! Package inputenc Error: Unicode character —É (U+0443)
(inputenc)                not set up for use with LaTeX.

See the inputenc package documentation for explanation.
Type  H <return>  for immediate help.
 ...                                              
                                                  
l.4 ... –∏—Å—Å–ª–µ–¥–æ–≤–∞–Ω–∏—è –±—ã–ª–æ –ø–æ–ª—É
                                                  —á–µ–Ω–æ, —á—Ç–æ —ç–≤—Ä–∏—...

You may provide a definition with
\DeclareUnicodeCharacter 


! Package inputenc Error: Unicode character —á (U+0447)
(inputenc)                not set up for use with LaTeX.

See the inputenc package documentation for explanation.
Type  H <return>  for immediate help.
 ...                                              
                                                  
l.4 ...∏—Å—Å–ª–µ–¥–æ–≤–∞–Ω–∏—è –±—ã–ª–æ –ø–æ–ª—É—á
                                                  –µ–Ω–æ, —á—Ç–æ —ç–≤—Ä–∏—Å—...

You may provide a definition with
\DeclareUnicodeCharacter 


! Package inputenc Error: Unicode character –µ (U+0435)
(inputenc)                not set up for use with LaTeX.

See the inputenc package documentation for explanation.
Type  H <return>  for immediate help.
 ...                                              
                                                  
l.4 ...Å—Å–ª–µ–¥–æ–≤–∞–Ω–∏—è –±—ã–ª–æ –ø–æ–ª—É—á–µ
                                                  –Ω–æ, —á—Ç–æ —ç–≤—Ä–∏—Å—Ç–...

You may provide a definition with
\DeclareUnicodeCharacter 


! Package inputenc Error: Unicode character –Ω (U+043D)
(inputenc)                not set up for use with LaTeX.

See the inputenc package documentation for explanation.
Type  H <return>  for immediate help.
 ...                                              
                                                  
l.4 ...Å–ª–µ–¥–æ–≤–∞–Ω–∏—è –±—ã–ª–æ –ø–æ–ª—É—á–µ–Ω
                                                  –æ, —á—Ç–æ —ç–≤—Ä–∏—Å—Ç–∏—...

You may provide a definition with
\DeclareUnicodeCharacter 


! Package inputenc Error: Unicode character –æ (U+043E)
(inputenc)                not set up for use with LaTeX.

See the inputenc package documentation for explanation.
Type  H <return>  for immediate help.
 ...                                              
                                                  
l.4 ...ª–µ–¥–æ–≤–∞–Ω–∏—è –±—ã–ª–æ –ø–æ–ª—É—á–µ–Ω–æ
                                                  , —á—Ç–æ —ç–≤—Ä–∏—Å—Ç–∏—á–...

You may provide a definition with
\DeclareUnicodeCharacter 


! LaTeX Error: Missing \begin{document}.

See the LaTeX manual or LaTeX Companion for explanation.
Type  H <return>  for immediate help.
 ...                                              
                                                  
l.4 ...–µ–¥–æ–≤–∞–Ω–∏—è –±—ã–ª–æ –ø–æ–ª—É—á–µ–Ω–æ,
                                                   —á—Ç–æ —ç–≤—Ä–∏—Å—Ç–∏—á–µ...

You're in trouble here.  Try typing  <return>  to proceed.
If that doesn't work, type  X <return>  to quit.

Missing character: There is no , in font nullfont!

! Package inputenc Error: Unicode character —á (U+0447)
(inputenc)                not set up for use with LaTeX.

See the inputenc package documentation for explanation.
Type  H <return>  for immediate help.
 ...                                              
                                                  
l.4 ...¥–æ–≤–∞–Ω–∏—è –±—ã–ª–æ –ø–æ–ª—É—á–µ–Ω–æ, —á
                                                  —Ç–æ —ç–≤—Ä–∏—Å—Ç–∏—á–µ—Å–...

You may provide a definition with
\DeclareUnicodeCharacter 


! Package inputenc Error: Unicode character —Ç (U+0442)
(inputenc)                not set up for use with LaTeX.

See the inputenc package documentation for explanation.
Type  H <return>  for immediate help.
 ...                                              
                                                  
l.4 ...æ–≤–∞–Ω–∏—è –±—ã–ª–æ –ø–æ–ª—É—á–µ–Ω–æ, —á—Ç
                                                  –æ —ç–≤—Ä–∏—Å—Ç–∏—á–µ—Å–∫–...

You may provide a definition with
\DeclareUnicodeCharacter 


! Package inputenc Error: Unicode character –æ (U+043E)
(inputenc)                not set up for use with LaTeX.

See the inputenc package documentation for explanation.
Type  H <return>  for immediate help.
 ...                                              
                                                  
l.4 ...≤–∞–Ω–∏—è –±—ã–ª–æ –ø–æ–ª—É—á–µ–Ω–æ, —á—Ç–æ
                                                   —ç–≤—Ä–∏—Å—Ç–∏—á–µ—Å–∫–∏–...

You may provide a definition with
\DeclareUnicodeCharacter 


! Package inputenc Error: Unicode character —ç (U+044D)
(inputenc)                not set up for use with LaTeX.

See the inputenc package documentation for explanation.
Type  H <return>  for immediate help.
 ...                                              
                                                  
l.4 ...–Ω–∏—è –±—ã–ª–æ –ø–æ–ª—É—á–µ–Ω–æ, —á—Ç–æ —ç
                                                  –≤—Ä–∏—Å—Ç–∏—á–µ—Å–∫–∏–π –...

You may provide a definition with
\DeclareUnicodeCharacter 


! Package inputenc Error: Unicode character –≤ (U+0432)
(inputenc)                not set up for use with LaTeX.

See the inputenc package documentation for explanation.
Type  H <return>  for immediate help.
 ...                                              
                                                  
l.4 ...–∏—è –±—ã–ª–æ –ø–æ–ª—É—á–µ–Ω–æ, —á—Ç–æ —ç–≤
                                                  —Ä–∏—Å—Ç–∏—á–µ—Å–∫–∏–π –º–...

You may provide a definition with
\DeclareUnicodeCharacter 


! Package inputenc Error: Unicode character —Ä (U+0440)
(inputenc)                not set up for use with LaTeX.

See the inputenc package documentation for explanation.
Type  H <return>  for immediate help.
 ...                                              
                                                  
l.4 ...—è –±—ã–ª–æ –ø–æ–ª—É—á–µ–Ω–æ, —á—Ç–æ —ç–≤—Ä
                                                  –∏—Å—Ç–∏—á–µ—Å–∫–∏–π –º–µ—...

You may provide a definition with
\DeclareUnicodeCharacter 


! Package inputenc Error: Unicode character –∏ (U+0438)
(inputenc)                not set up for use with LaTeX.

See the inputenc package documentation for explanation.
Type  H <return>  for immediate help.
 ...                                              
                                                  
l.4 ... –±—ã–ª–æ –ø–æ–ª—É—á–µ–Ω–æ, —á—Ç–æ —ç–≤—Ä–∏
                                                  —Å—Ç–∏—á–µ—Å–∫–∏–π –º–µ—Ç–...

You may provide a definition with
\DeclareUnicodeCharacter 


! Package inputenc Error: Unicode character —Å (U+0441)
(inputenc)                not set up for use with LaTeX.

See the inputenc package documentation for explanation.
Type  H <return>  for immediate help.
 ...                                              
                                                  
l.4 ...±—ã–ª–æ –ø–æ–ª—É—á–µ–Ω–æ, —á—Ç–æ —ç–≤—Ä–∏—Å
                                                  —Ç–∏—á–µ—Å–∫–∏–π –º–µ—Ç–æ–...

You may provide a definition with
\DeclareUnicodeCharacter 


! Package inputenc Error: Unicode character —Ç (U+0442)
(inputenc)                not set up for use with LaTeX.

See the inputenc package documentation for explanation.
Type  H <return>  for immediate help.
 ...                                              
                                                  
l.4 ...ã–ª–æ –ø–æ–ª—É—á–µ–Ω–æ, —á—Ç–æ —ç–≤—Ä–∏—Å—Ç
                                                  –∏—á–µ—Å–∫–∏–π –º–µ—Ç–æ–¥ ...

You may provide a definition with
\DeclareUnicodeCharacter 


! Package inputenc Error: Unicode character –∏ (U+0438)
(inputenc)                not set up for use with LaTeX.

See the inputenc package documentation for explanation.
Type  H <return>  for immediate help.
 ...                                              
                                                  
l.4 ...ª–æ –ø–æ–ª—É—á–µ–Ω–æ, —á—Ç–æ —ç–≤—Ä–∏—Å—Ç–∏
                                                  —á–µ—Å–∫–∏–π –º–µ—Ç–æ–¥ –Ω...

You may provide a definition with
\DeclareUnicodeCharacter 


! Package inputenc Error: Unicode character —á (U+0447)
(inputenc)                not set up for use with LaTeX.

See the inputenc package documentation for explanation.
Type  H <return>  for immediate help.
 ...                                              
                                                  
l.4 ...æ –ø–æ–ª—É—á–µ–Ω–æ, —á—Ç–æ —ç–≤—Ä–∏—Å—Ç–∏—á
                                                  –µ—Å–∫–∏–π –º–µ—Ç–æ–¥ –Ω–∞...

You may provide a definition with
\DeclareUnicodeCharacter 


! Package inputenc Error: Unicode character –µ (U+0435)
(inputenc)                not set up for use with LaTeX.

See the inputenc package documentation for explanation.
Type  H <return>  for immediate help.
 ...                                              
                                                  
l.4 ...–ø–æ–ª—É—á–µ–Ω–æ, —á—Ç–æ —ç–≤—Ä–∏—Å—Ç–∏—á–µ
                                                  —Å–∫–∏–π –º–µ—Ç–æ–¥ –Ω–∞ –...

You may provide a definition with
\DeclareUnicodeCharacter 


! Package inputenc Error: Unicode character —Å (U+0441)
(inputenc)                not set up for use with LaTeX.

See the inputenc package documentation for explanation.
Type  H <return>  for immediate help.
 ...                                              
                                                  
l.4 ...–æ–ª—É—á–µ–Ω–æ, —á—Ç–æ —ç–≤—Ä–∏—Å—Ç–∏—á–µ—Å
                                                  –∫–∏–π –º–µ—Ç–æ–¥ –Ω–∞ –±–...

You may provide a definition with
\DeclareUnicodeCharacter 


! Package inputenc Error: Unicode character –∫ (U+043A)
(inputenc)                not set up for use with LaTeX.

See the inputenc package documentation for explanation.
Type  H <return>  for immediate help.
 ...                                              
                                                  
l.4 ...–ª—É—á–µ–Ω–æ, —á—Ç–æ —ç–≤—Ä–∏—Å—Ç–∏—á–µ—Å–∫
                                                  –∏–π –º–µ—Ç–æ–¥ –Ω–∞ –±–∞–...

You may provide a definition with
\DeclareUnicodeCharacter 


! Package inputenc Error: Unicode character –∏ (U+0438)
(inputenc)                not set up for use with LaTeX.

See the inputenc package documentation for explanation.
Type  H <return>  for immediate help.
 ...                                              
                                                  
l.4 ...—É—á–µ–Ω–æ, —á—Ç–æ —ç–≤—Ä–∏—Å—Ç–∏—á–µ—Å–∫–∏
                                                  –π –º–µ—Ç–æ–¥ –Ω–∞ –±–∞–∑–...

You may provide a definition with
\DeclareUnicodeCharacter 


! Package inputenc Error: Unicode character –π (U+0439)
(inputenc)                not set up for use with LaTeX.

See the inputenc package documentation for explanation.
Type  H <return>  for immediate help.
 ...                                              
                                                  
l.4 ...—á–µ–Ω–æ, —á—Ç–æ —ç–≤—Ä–∏—Å—Ç–∏—á–µ—Å–∫–∏–π
                                                   –º–µ—Ç–æ–¥ –Ω–∞ –±–∞–∑–µ ...

You may provide a definition with
\DeclareUnicodeCharacter 


! Package inputenc Error: Unicode character –º (U+043C)
(inputenc)                not set up for use with LaTeX.

See the inputenc package documentation for explanation.
Type  H <return>  for immediate help.
 ...                                              
                                                  
l.4 ...µ–Ω–æ, —á—Ç–æ —ç–≤—Ä–∏—Å—Ç–∏—á–µ—Å–∫–∏–π –º
                                                  –µ—Ç–æ–¥ –Ω–∞ –±–∞–∑–µ –º—...

You may provide a definition with
\DeclareUnicodeCharacter 


! Package inputenc Error: Unicode character –µ (U+0435)
(inputenc)                not set up for use with LaTeX.

See the inputenc package documentation for explanation.
Type  H <return>  for immediate help.
 ...                                              
                                                  
l.4 ...Ω–æ, —á—Ç–æ —ç–≤—Ä–∏—Å—Ç–∏—á–µ—Å–∫–∏–π –º–µ
                                                  —Ç–æ–¥ –Ω–∞ –±–∞–∑–µ –º—É—...

You may provide a definition with
\DeclareUnicodeCharacter 


! Package inputenc Error: Unicode character —Ç (U+0442)
(inputenc)                not set up for use with LaTeX.

See the inputenc package documentation for explanation.
Type  H <return>  for immediate help.
 ...                                              
                                                  
l.4 ...æ, —á—Ç–æ —ç–≤—Ä–∏—Å—Ç–∏—á–µ—Å–∫–∏–π –º–µ—Ç
                                                  –æ–¥ –Ω–∞ –±–∞–∑–µ –º—É—Ä–...

You may provide a definition with
\DeclareUnicodeCharacter 


! Package inputenc Error: Unicode character –æ (U+043E)
(inputenc)                not set up for use with LaTeX.

See the inputenc package documentation for explanation.
Type  H <return>  for immediate help.
 ...                                              
                                                  
l.4 ... —á—Ç–æ —ç–≤—Ä–∏—Å—Ç–∏—á–µ—Å–∫–∏–π –º–µ—Ç–æ
                                                  –¥ –Ω–∞ –±–∞–∑–µ –º—É—Ä–∞–...

You may provide a definition with
\DeclareUnicodeCharacter 


! Package inputenc Error: Unicode character –¥ (U+0434)
(inputenc)                not set up for use with LaTeX.

See the inputenc package documentation for explanation.
Type  H <return>  for immediate help.
 ...                                              
                                                  
l.4 ...á—Ç–æ —ç–≤—Ä–∏—Å—Ç–∏—á–µ—Å–∫–∏–π –º–µ—Ç–æ–¥
                                                   –Ω–∞ –±–∞–∑–µ –º—É—Ä–∞–≤—...

You may provide a definition with
\DeclareUnicodeCharacter 


! Package inputenc Error: Unicode character –Ω (U+043D)
(inputenc)                not set up for use with LaTeX.

See the inputenc package documentation for explanation.
Type  H <return>  for immediate help.
 ...                                              
                                                  
l.4 ...–æ —ç–≤—Ä–∏—Å—Ç–∏—á–µ—Å–∫–∏–π –º–µ—Ç–æ–¥ –Ω
                                                  –∞ –±–∞–∑–µ –º—É—Ä–∞–≤—å–∏...

You may provide a definition with
\DeclareUnicodeCharacter 


! Package inputenc Error: Unicode character –∞ (U+0430)
(inputenc)                not set up for use with LaTeX.

See the inputenc package documentation for explanation.
Type  H <return>  for immediate help.
 ...                                              
                                                  
l.4 ... —ç–≤—Ä–∏—Å—Ç–∏—á–µ—Å–∫–∏–π –º–µ—Ç–æ–¥ –Ω–∞
                                                   –±–∞–∑–µ –º—É—Ä–∞–≤—å–∏–Ω...

You may provide a definition with
\DeclareUnicodeCharacter 


! Package inputenc Error: Unicode character –± (U+0431)
(inputenc)                not set up for use with LaTeX.

See the inputenc package documentation for explanation.
Type  H <return>  for immediate help.
 ...                                              
                                                  
l.4 ...–≤—Ä–∏—Å—Ç–∏—á–µ—Å–∫–∏–π –º–µ—Ç–æ–¥ –Ω–∞ –±
                                                  –∞–∑–µ –º—É—Ä–∞–≤—å–∏–Ω–æ–...

You may provide a definition with
\DeclareUnicodeCharacter 


! Package inputenc Error: Unicode character –∞ (U+0430)
(inputenc)                not set up for use with LaTeX.

See the inputenc package documentation for explanation.
Type  H <return>  for immediate help.
 ...                                              
                                                  
l.4 ...—Ä–∏—Å—Ç–∏—á–µ—Å–∫–∏–π –º–µ—Ç–æ–¥ –Ω–∞ –±–∞
                                                  –∑–µ –º—É—Ä–∞–≤—å–∏–Ω–æ–≥–...

You may provide a definition with
\DeclareUnicodeCharacter 


! Package inputenc Error: Unicode character –∑ (U+0437)
(inputenc)                not set up for use with LaTeX.

See the inputenc package documentation for explanation.
Type  H <return>  for immediate help.
 ...                                              
                                                  
l.4 ...–∏—Å—Ç–∏—á–µ—Å–∫–∏–π –º–µ—Ç–æ–¥ –Ω–∞ –±–∞–∑
                                                  –µ –º—É—Ä–∞–≤—å–∏–Ω–æ–≥–æ ...

You may provide a definition with
\DeclareUnicodeCharacter 


! Package inputenc Error: Unicode character –µ (U+0435)
(inputenc)                not set up for use with LaTeX.

See the inputenc package documentation for explanation.
Type  H <return>  for immediate help.
 ...                                              
                                                  
l.4 ...—Å—Ç–∏—á–µ—Å–∫–∏–π –º–µ—Ç–æ–¥ –Ω–∞ –±–∞–∑–µ
                                                   –º—É—Ä–∞–≤—å–∏–Ω–æ–≥–æ –∞...

You may provide a definition with
\DeclareUnicodeCharacter 


! Package inputenc Error: Unicode character –º (U+043C)
(inputenc)                not set up for use with LaTeX.

See the inputenc package documentation for explanation.
Type  H <return>  for immediate help.
 ...                                              
                                                  
l.4 ...Ç–∏—á–µ—Å–∫–∏–π –º–µ—Ç–æ–¥ –Ω–∞ –±–∞–∑–µ –º
                                                  —É—Ä–∞–≤—å–∏–Ω–æ–≥–æ –∞–ª–...

You may provide a definition with
\DeclareUnicodeCharacter 


! Package inputenc Error: Unicode character —É (U+0443)
(inputenc)                not set up for use with LaTeX.

See the inputenc package documentation for explanation.
Type  H <return>  for immediate help.
 ...                                              
                                                  
l.4 ...∏—á–µ—Å–∫–∏–π –º–µ—Ç–æ–¥ –Ω–∞ –±–∞–∑–µ –º—É
                                                  —Ä–∞–≤—å–∏–Ω–æ–≥–æ –∞–ª–≥–...

You may provide a definition with
\DeclareUnicodeCharacter 


! Package inputenc Error: Unicode character —Ä (U+0440)
(inputenc)                not set up for use with LaTeX.

See the inputenc package documentation for explanation.
Type  H <return>  for immediate help.
 ...                                              
                                                  
l.4 ...á–µ—Å–∫–∏–π –º–µ—Ç–æ–¥ –Ω–∞ –±–∞–∑–µ –º—É—Ä
                                                  –∞–≤—å–∏–Ω–æ–≥–æ –∞–ª–≥–æ—...

You may provide a definition with
\DeclareUnicodeCharacter 


! Package inputenc Error: Unicode character –∞ (U+0430)
(inputenc)                not set up for use with LaTeX.

See the inputenc package documentation for explanation.
Type  H <return>  for immediate help.
 ...                                              
                                                  
l.4 ...µ—Å–∫–∏–π –º–µ—Ç–æ–¥ –Ω–∞ –±–∞–∑–µ –º—É—Ä–∞
                                                  –≤—å–∏–Ω–æ–≥–æ –∞–ª–≥–æ—Ä–...

You may provide a definition with
\DeclareUnicodeCharacter 


! Package inputenc Error: Unicode character –≤ (U+0432)
(inputenc)                not set up for use with LaTeX.

See the inputenc package documentation for explanation.
Type  H <return>  for immediate help.
 ...                                              
                                                  
l.4 ...Å–∫–∏–π –º–µ—Ç–æ–¥ –Ω–∞ –±–∞–∑–µ –º—É—Ä–∞–≤
                                                  —å–∏–Ω–æ–≥–æ –∞–ª–≥–æ—Ä–∏—...

You may provide a definition with
\DeclareUnicodeCharacter 


! Package inputenc Error: Unicode character —å (U+044C)
(inputenc)                not set up for use with LaTeX.

See the inputenc package documentation for explanation.
Type  H <return>  for immediate help.
 ...                                              
                                                  
l.4 ...∫–∏–π –º–µ—Ç–æ–¥ –Ω–∞ –±–∞–∑–µ –º—É—Ä–∞–≤—å
                                                  –∏–Ω–æ–≥–æ –∞–ª–≥–æ—Ä–∏—Ç–...

You may provide a definition with
\DeclareUnicodeCharacter 


! Package inputenc Error: Unicode character –∏ (U+0438)
(inputenc)                not set up for use with LaTeX.

See the inputenc package documentation for explanation.
Type  H <return>  for immediate help.
 ...                                              
                                                  
l.4 ...∏–π –º–µ—Ç–æ–¥ –Ω–∞ –±–∞–∑–µ –º—É—Ä–∞–≤—å–∏
                                                  –Ω–æ–≥–æ –∞–ª–≥–æ—Ä–∏—Ç–º–...

You may provide a definition with
\DeclareUnicodeCharacter 


! Package inputenc Error: Unicode character –Ω (U+043D)
(inputenc)                not set up for use with LaTeX.

See the inputenc package documentation for explanation.
Type  H <return>  for immediate help.
 ...                                              
                                                  
l.4 ...π –º–µ—Ç–æ–¥ –Ω–∞ –±–∞–∑–µ –º—É—Ä–∞–≤—å–∏–Ω
                                                  –æ–≥–æ –∞–ª–≥–æ—Ä–∏—Ç–º–∞ ...

You may provide a definition with
\DeclareUnicodeCharacter 


! Package inputenc Error: Unicode character –æ (U+043E)
(inputenc)                not set up for use with LaTeX.

See the inputenc package documentation for explanation.
Type  H <return>  for immediate help.
 ...                                              
                                                  
l.4 ...–º–µ—Ç–æ–¥ –Ω–∞ –±–∞–∑–µ –º—É—Ä–∞–≤—å–∏–Ω–æ
                                                  –≥–æ –∞–ª–≥–æ—Ä–∏—Ç–º–∞ —Å...

You may provide a definition with
\DeclareUnicodeCharacter 


! Package inputenc Error: Unicode character –≥ (U+0433)
(inputenc)                not set up for use with LaTeX.

See the inputenc package documentation for explanation.
Type  H <return>  for immediate help.
 ...                                              
                                                  
l.4 ...–µ—Ç–æ–¥ –Ω–∞ –±–∞–∑–µ –º—É—Ä–∞–≤—å–∏–Ω–æ–≥
                                                  –æ –∞–ª–≥–æ—Ä–∏—Ç–º–∞ —Å–ª...

You may provide a definition with
\DeclareUnicodeCharacter 


! Package inputenc Error: Unicode character –æ (U+043E)
(inputenc)                not set up for use with LaTeX.

See the inputenc package documentation for explanation.
Type  H <return>  for immediate help.
 ...                                              
                                                  
l.4 ...—Ç–æ–¥ –Ω–∞ –±–∞–∑–µ –º—É—Ä–∞–≤—å–∏–Ω–æ–≥–æ
                                                   –∞–ª–≥–æ—Ä–∏—Ç–º–∞ —Å–ª–µ...

You may provide a definition with
\DeclareUnicodeCharacter 


! Package inputenc Error: Unicode character –∞ (U+0430)
(inputenc)                not set up for use with LaTeX.

See the inputenc package documentation for explanation.
Type  H <return>  for immediate help.
 ...                                              
                                                  
l.4 ...æ–¥ –Ω–∞ –±–∞–∑–µ –º—É—Ä–∞–≤—å–∏–Ω–æ–≥–æ –∞
                                                  –ª–≥–æ—Ä–∏—Ç–º–∞ —Å–ª–µ–¥—...

You may provide a definition with
\DeclareUnicodeCharacter 


! Package inputenc Error: Unicode character –ª (U+043B)
(inputenc)                not set up for use with LaTeX.

See the inputenc package documentation for explanation.
Type  H <return>  for immediate help.
 ...                                              
                                                  
l.4 ...¥ –Ω–∞ –±–∞–∑–µ –º—É—Ä–∞–≤—å–∏–Ω–æ–≥–æ –∞–ª
                                                  –≥–æ—Ä–∏—Ç–º–∞ —Å–ª–µ–¥—É–...

You may provide a definition with
\DeclareUnicodeCharacter 


! Package inputenc Error: Unicode character –≥ (U+0433)
(inputenc)                not set up for use with LaTeX.

See the inputenc package documentation for explanation.
Type  H <return>  for immediate help.
 ...                                              
                                                  
l.4 ...–Ω–∞ –±–∞–∑–µ –º—É—Ä–∞–≤—å–∏–Ω–æ–≥–æ –∞–ª–≥
                                                  –æ—Ä–∏—Ç–º–∞ —Å–ª–µ–¥—É–µ—...

You may provide a definition with
\DeclareUnicodeCharacter 


! Package inputenc Error: Unicode character –æ (U+043E)
(inputenc)                not set up for use with LaTeX.

See the inputenc package documentation for explanation.
Type  H <return>  for immediate help.
 ...                                              
                                                  
l.4 ...–∞ –±–∞–∑–µ –º—É—Ä–∞–≤—å–∏–Ω–æ–≥–æ –∞–ª–≥–æ
                                                  —Ä–∏—Ç–º–∞ —Å–ª–µ–¥—É–µ—Ç ...

You may provide a definition with
\DeclareUnicodeCharacter 


! Package inputenc Error: Unicode character —Ä (U+0440)
(inputenc)                not set up for use with LaTeX.

See the inputenc package documentation for explanation.
Type  H <return>  for immediate help.
 ...                                              
                                                  
l.4 ... –±–∞–∑–µ –º—É—Ä–∞–≤—å–∏–Ω–æ–≥–æ –∞–ª–≥–æ—Ä
                                                  –∏—Ç–º–∞ —Å–ª–µ–¥—É–µ—Ç –∏...

You may provide a definition with
\DeclareUnicodeCharacter 


! Package inputenc Error: Unicode character –∏ (U+0438)
(inputenc)                not set up for use with LaTeX.

See the inputenc package documentation for explanation.
Type  H <return>  for immediate help.
 ...                                              
                                                  
l.4 ...±–∞–∑–µ –º—É—Ä–∞–≤—å–∏–Ω–æ–≥–æ –∞–ª–≥–æ—Ä–∏
                                                  —Ç–º–∞ —Å–ª–µ–¥—É–µ—Ç –∏—Å...

You may provide a definition with
\DeclareUnicodeCharacter 


! Package inputenc Error: Unicode character —Ç (U+0442)
(inputenc)                not set up for use with LaTeX.

See the inputenc package documentation for explanation.
Type  H <return>  for immediate help.
 ...                                              
                                                  
l.4 ...∞–∑–µ –º—É—Ä–∞–≤—å–∏–Ω–æ–≥–æ –∞–ª–≥–æ—Ä–∏—Ç
                                                  –º–∞ —Å–ª–µ–¥—É–µ—Ç –∏—Å–ø...

You may provide a definition with
\DeclareUnicodeCharacter 


! Package inputenc Error: Unicode character –º (U+043C)
(inputenc)                not set up for use with LaTeX.

See the inputenc package documentation for explanation.
Type  H <return>  for immediate help.
 ...                                              
                                                  
l.4 ...∑–µ –º—É—Ä–∞–≤—å–∏–Ω–æ–≥–æ –∞–ª–≥–æ—Ä–∏—Ç–º
                                                  –∞ —Å–ª–µ–¥—É–µ—Ç –∏—Å–ø–æ...

You may provide a definition with
\DeclareUnicodeCharacter 


! Package inputenc Error: Unicode character –∞ (U+0430)
(inputenc)                not set up for use with LaTeX.

See the inputenc package documentation for explanation.
Type  H <return>  for immediate help.
 ...                                              
                                                  
l.4 ...µ –º—É—Ä–∞–≤—å–∏–Ω–æ–≥–æ –∞–ª–≥–æ—Ä–∏—Ç–º–∞
                                                   —Å–ª–µ–¥—É–µ—Ç –∏—Å–ø–æ–ª...

You may provide a definition with
\DeclareUnicodeCharacter 


! Package inputenc Error: Unicode character —Å (U+0441)
(inputenc)                not set up for use with LaTeX.

See the inputenc package documentation for explanation.
Type  H <return>  for immediate help.
 ...                                              
                                                  
l.4 ...º—É—Ä–∞–≤—å–∏–Ω–æ–≥–æ –∞–ª–≥–æ—Ä–∏—Ç–º–∞ —Å
                                                  –ª–µ–¥—É–µ—Ç –∏—Å–ø–æ–ª—å–...

You may provide a definition with
\DeclareUnicodeCharacter 


! Package inputenc Error: Unicode character –ª (U+043B)
(inputenc)                not set up for use with LaTeX.

See the inputenc package documentation for explanation.
Type  H <return>  for immediate help.
 ...                                              
                                                  
l.4 ...É—Ä–∞–≤—å–∏–Ω–æ–≥–æ –∞–ª–≥–æ—Ä–∏—Ç–º–∞ —Å–ª
                                                  –µ–¥—É–µ—Ç –∏—Å–ø–æ–ª—å–∑–...

You may provide a definition with
\DeclareUnicodeCharacter 


! Package inputenc Error: Unicode character –µ (U+0435)
(inputenc)                not set up for use with LaTeX.

See the inputenc package documentation for explanation.
Type  H <return>  for immediate help.
 ...                                              
                                                  
l.4 ...Ä–∞–≤—å–∏–Ω–æ–≥–æ –∞–ª–≥–æ—Ä–∏—Ç–º–∞ —Å–ª–µ
                                                  –¥—É–µ—Ç –∏—Å–ø–æ–ª—å–∑–æ–...

You may provide a definition with
\DeclareUnicodeCharacter 


! Package inputenc Error: Unicode character –¥ (U+0434)
(inputenc)                not set up for use with LaTeX.

See the inputenc package documentation for explanation.
Type  H <return>  for immediate help.
 ...                                              
                                                  
l.4 ...∞–≤—å–∏–Ω–æ–≥–æ –∞–ª–≥–æ—Ä–∏—Ç–º–∞ —Å–ª–µ–¥
                                                  —É–µ—Ç –∏—Å–ø–æ–ª—å–∑–æ–≤–...

You may provide a definition with
\DeclareUnicodeCharacter 


! Package inputenc Error: Unicode character —É (U+0443)
(inputenc)                not set up for use with LaTeX.

See the inputenc package documentation for explanation.
Type  H <return>  for immediate help.
 ...                                              
                                                  
l.4 ...≤—å–∏–Ω–æ–≥–æ –∞–ª–≥–æ—Ä–∏—Ç–º–∞ —Å–ª–µ–¥—É
                                                  –µ—Ç –∏—Å–ø–æ–ª—å–∑–æ–≤–∞—...

You may provide a definition with
\DeclareUnicodeCharacter 


! Package inputenc Error: Unicode character –µ (U+0435)
(inputenc)                not set up for use with LaTeX.

See the inputenc package documentation for explanation.
Type  H <return>  for immediate help.
 ...                                              
                                                  
l.4 ...å–∏–Ω–æ–≥–æ –∞–ª–≥–æ—Ä–∏—Ç–º–∞ —Å–ª–µ–¥—É–µ
                                                  —Ç –∏—Å–ø–æ–ª—å–∑–æ–≤–∞—Ç—...

You may provide a definition with
\DeclareUnicodeCharacter 


! Package inputenc Error: Unicode character —Ç (U+0442)
(inputenc)                not set up for use with LaTeX.

See the inputenc package documentation for explanation.
Type  H <return>  for immediate help.
 ...                                              
                                                  
l.4 ...∏–Ω–æ–≥–æ –∞–ª–≥–æ—Ä–∏—Ç–º–∞ —Å–ª–µ–¥—É–µ—Ç
                                                   –∏—Å–ø–æ–ª—å–∑–æ–≤–∞—Ç—å ...

You may provide a definition with
\DeclareUnicodeCharacter 


! Package inputenc Error: Unicode character –∏ (U+0438)
(inputenc)                not set up for use with LaTeX.

See the inputenc package documentation for explanation.
Type  H <return>  for immediate help.
 ...                                              
                                                  
l.4 ...–æ–≥–æ –∞–ª–≥–æ—Ä–∏—Ç–º–∞ —Å–ª–µ–¥—É–µ—Ç –∏
                                                  —Å–ø–æ–ª—å–∑–æ–≤–∞—Ç—å –ø—...

You may provide a definition with
\DeclareUnicodeCharacter 


! Package inputenc Error: Unicode character —Å (U+0441)
(inputenc)                not set up for use with LaTeX.

See the inputenc package documentation for explanation.
Type  H <return>  for immediate help.
 ...                                              
                                                  
l.4 ...–≥–æ –∞–ª–≥–æ—Ä–∏—Ç–º–∞ —Å–ª–µ–¥—É–µ—Ç –∏—Å
                                                  –ø–æ–ª—å–∑–æ–≤–∞—Ç—å –ø—Ä–...

You may provide a definition with
\DeclareUnicodeCharacter 


! Package inputenc Error: Unicode character –ø (U+043F)
(inputenc)                not set up for use with LaTeX.

See the inputenc package documentation for explanation.
Type  H <return>  for immediate help.
 ...                                              
                                                  
l.4 ...–æ –∞–ª–≥–æ—Ä–∏—Ç–º–∞ —Å–ª–µ–¥—É–µ—Ç –∏—Å–ø
                                                  –æ–ª—å–∑–æ–≤–∞—Ç—å –ø—Ä–∏ ...

You may provide a definition with
\DeclareUnicodeCharacter 


! Package inputenc Error: Unicode character –æ (U+043E)
(inputenc)                not set up for use with LaTeX.

See the inputenc package documentation for explanation.
Type  H <return>  for immediate help.
 ...                                              
                                                  
l.4 ... –∞–ª–≥–æ—Ä–∏—Ç–º–∞ —Å–ª–µ–¥—É–µ—Ç –∏—Å–ø–æ
                                                  –ª—å–∑–æ–≤–∞—Ç—å –ø—Ä–∏ –±...

You may provide a definition with
\DeclareUnicodeCharacter 


! Package inputenc Error: Unicode character –ª (U+043B)
(inputenc)                not set up for use with LaTeX.

See the inputenc package documentation for explanation.
Type  H <return>  for immediate help.
 ...                                              
                                                  
l.4 ...∞–ª–≥–æ—Ä–∏—Ç–º–∞ —Å–ª–µ–¥—É–µ—Ç –∏—Å–ø–æ–ª
                                                  —å–∑–æ–≤–∞—Ç—å –ø—Ä–∏ –±–æ...

You may provide a definition with
\DeclareUnicodeCharacter 


! Package inputenc Error: Unicode character —å (U+044C)
(inputenc)                not set up for use with LaTeX.

See the inputenc package documentation for explanation.
Type  H <return>  for immediate help.
 ...                                              
                                                  
l.4 ...ª–≥–æ—Ä–∏—Ç–º–∞ —Å–ª–µ–¥—É–µ—Ç –∏—Å–ø–æ–ª—å
                                                  –∑–æ–≤–∞—Ç—å –ø—Ä–∏ –±–æ–ª...

You may provide a definition with
\DeclareUnicodeCharacter 


! Package inputenc Error: Unicode character –∑ (U+0437)
(inputenc)                not set up for use with LaTeX.

See the inputenc package documentation for explanation.
Type  H <return>  for immediate help.
 ...                                              
                                                  
l.4 ...≥–æ—Ä–∏—Ç–º–∞ —Å–ª–µ–¥—É–µ—Ç –∏—Å–ø–æ–ª—å–∑
                                                  –æ–≤–∞—Ç—å –ø—Ä–∏ –±–æ–ª—å...

You may provide a definition with
\DeclareUnicodeCharacter 


! Package inputenc Error: Unicode character –æ (U+043E)
(inputenc)                not set up for use with LaTeX.

See the inputenc package documentation for explanation.
Type  H <return>  for immediate help.
 ...                                              
                                                  
l.4 ...æ—Ä–∏—Ç–º–∞ —Å–ª–µ–¥—É–µ—Ç –∏—Å–ø–æ–ª—å–∑–æ
                                                  –≤–∞—Ç—å –ø—Ä–∏ –±–æ–ª—å—à...

You may provide a definition with
\DeclareUnicodeCharacter 


! Package inputenc Error: Unicode character –≤ (U+0432)
(inputenc)                not set up for use with LaTeX.

See the inputenc package documentation for explanation.
Type  H <return>  for immediate help.
 ...                                              
                                                  
l.4 ...Ä–∏—Ç–º–∞ —Å–ª–µ–¥—É–µ—Ç –∏—Å–ø–æ–ª—å–∑–æ–≤
                                                  –∞—Ç—å –ø—Ä–∏ –±–æ–ª—å—à–æ...

You may provide a definition with
\DeclareUnicodeCharacter 


! Package inputenc Error: Unicode character –∞ (U+0430)
(inputenc)                not set up for use with LaTeX.

See the inputenc package documentation for explanation.
Type  H <return>  for immediate help.
 ...                                              
                                                  
l.4 ...∏—Ç–º–∞ —Å–ª–µ–¥—É–µ—Ç –∏—Å–ø–æ–ª—å–∑–æ–≤–∞
                                                  —Ç—å –ø—Ä–∏ –±–æ–ª—å—à–æ–º...
(That makes 100 errors; please try again.) 
Here is how much of TeX's memory you used:
 44 strings out of 482080
 740 string characters out of 5941728
 233878 words of memory out of 5000000
 15207 multiletter control sequences out of 15000+600000
 532338 words of font info for 24 fonts, out of 8000000 for 9000
 766 hyphenation exceptions out of 8191
 12i,0n,15p,540b,25s stack positions out of 5000i,500n,10000p,200000b,80000s

!  ==> Fatal error occurred, no output PDF file produced!
