This is pdfTeX, Version 3.14159265-2.6-1.40.20 (TeX Live 2019/Debian) (preloaded format=pdflatex 2021.9.5)  8 OCT 2021 00:00
entering extended mode
 restricted \write18 enabled.
 %&-line parsing enabled.
**design.tex
(./design.tex
LaTeX2e <2020-02-02> patch level 2
L3 programming layer <2020-02-14>
! Undefined control sequence.
l.1 \chapter
            {–ö–æ–Ω—Å—Ç—Ä—É–∫—Ç–æ—Ä—Å–∫–∞—è —á–∞—Å—Ç—å}
The control sequence at the end of the top line
of your error message was never \def'ed. If you have
misspelled it (e.g., `\hobx'), type `I' and the correct
spelling (e.g., `I\hbox'). Otherwise just continue,
and I'll forget about whatever was undefined.


! Package inputenc Error: Unicode character –ö (U+041A)
(inputenc)                not set up for use with LaTeX.

See the inputenc package documentation for explanation.
Type  H <return>  for immediate help.
 ...                                              
                                                  
l.1 \chapter{–ö
               –æ–Ω—Å—Ç—Ä—É–∫—Ç–æ—Ä—Å–∫–∞—è —á–∞—Å—Ç—å}
You may provide a definition with
\DeclareUnicodeCharacter 


! Package inputenc Error: Unicode character –æ (U+043E)
(inputenc)                not set up for use with LaTeX.

See the inputenc package documentation for explanation.
Type  H <return>  for immediate help.
 ...                                              
                                                  
l.1 \chapter{–ö–æ
                 –Ω—Å—Ç—Ä—É–∫—Ç–æ—Ä—Å–∫–∞—è —á–∞—Å—Ç—å}
You may provide a definition with
\DeclareUnicodeCharacter 


! Package inputenc Error: Unicode character –Ω (U+043D)
(inputenc)                not set up for use with LaTeX.

See the inputenc package documentation for explanation.
Type  H <return>  for immediate help.
 ...                                              
                                                  
l.1 \chapter{–ö–æ–Ω
                   —Å—Ç—Ä—É–∫—Ç–æ—Ä—Å–∫–∞—è —á–∞—Å—Ç—å}
You may provide a definition with
\DeclareUnicodeCharacter 


! Package inputenc Error: Unicode character —Å (U+0441)
(inputenc)                not set up for use with LaTeX.

See the inputenc package documentation for explanation.
Type  H <return>  for immediate help.
 ...                                              
                                                  
l.1 \chapter{–ö–æ–Ω—Å
                     —Ç—Ä—É–∫—Ç–æ—Ä—Å–∫–∞—è —á–∞—Å—Ç—å}
You may provide a definition with
\DeclareUnicodeCharacter 


! Package inputenc Error: Unicode character —Ç (U+0442)
(inputenc)                not set up for use with LaTeX.

See the inputenc package documentation for explanation.
Type  H <return>  for immediate help.
 ...                                              
                                                  
l.1 \chapter{–ö–æ–Ω—Å—Ç
                       —Ä—É–∫—Ç–æ—Ä—Å–∫–∞—è —á–∞—Å—Ç—å}
You may provide a definition with
\DeclareUnicodeCharacter 


! Package inputenc Error: Unicode character —Ä (U+0440)
(inputenc)                not set up for use with LaTeX.

See the inputenc package documentation for explanation.
Type  H <return>  for immediate help.
 ...                                              
                                                  
l.1 \chapter{–ö–æ–Ω—Å—Ç—Ä
                         —É–∫—Ç–æ—Ä—Å–∫–∞—è —á–∞—Å—Ç—å}
You may provide a definition with
\DeclareUnicodeCharacter 


! Package inputenc Error: Unicode character —É (U+0443)
(inputenc)                not set up for use with LaTeX.

See the inputenc package documentation for explanation.
Type  H <return>  for immediate help.
 ...                                              
                                                  
l.1 \chapter{–ö–æ–Ω—Å—Ç—Ä—É
                           –∫—Ç–æ—Ä—Å–∫–∞—è —á–∞—Å—Ç—å}
You may provide a definition with
\DeclareUnicodeCharacter 


! Package inputenc Error: Unicode character –∫ (U+043A)
(inputenc)                not set up for use with LaTeX.

See the inputenc package documentation for explanation.
Type  H <return>  for immediate help.
 ...                                              
                                                  
l.1 \chapter{–ö–æ–Ω—Å—Ç—Ä—É–∫
                             —Ç–æ—Ä—Å–∫–∞—è —á–∞—Å—Ç—å}
You may provide a definition with
\DeclareUnicodeCharacter 


! Package inputenc Error: Unicode character —Ç (U+0442)
(inputenc)                not set up for use with LaTeX.

See the inputenc package documentation for explanation.
Type  H <return>  for immediate help.
 ...                                              
                                                  
l.1 \chapter{–ö–æ–Ω—Å—Ç—Ä—É–∫—Ç
                               –æ—Ä—Å–∫–∞—è —á–∞—Å—Ç—å}
You may provide a definition with
\DeclareUnicodeCharacter 


! Package inputenc Error: Unicode character –æ (U+043E)
(inputenc)                not set up for use with LaTeX.

See the inputenc package documentation for explanation.
Type  H <return>  for immediate help.
 ...                                              
                                                  
l.1 \chapter{–ö–æ–Ω—Å—Ç—Ä—É–∫—Ç–æ
                                 —Ä—Å–∫–∞—è —á–∞—Å—Ç—å}
You may provide a definition with
\DeclareUnicodeCharacter 


! Package inputenc Error: Unicode character —Ä (U+0440)
(inputenc)                not set up for use with LaTeX.

See the inputenc package documentation for explanation.
Type  H <return>  for immediate help.
 ...                                              
                                                  
l.1 \chapter{–ö–æ–Ω—Å—Ç—Ä—É–∫—Ç–æ—Ä
                                   —Å–∫–∞—è —á–∞—Å—Ç—å}
You may provide a definition with
\DeclareUnicodeCharacter 


! Package inputenc Error: Unicode character —Å (U+0441)
(inputenc)                not set up for use with LaTeX.

See the inputenc package documentation for explanation.
Type  H <return>  for immediate help.
 ...                                              
                                                  
l.1 \chapter{–ö–æ–Ω—Å—Ç—Ä—É–∫—Ç–æ—Ä—Å
                                     –∫–∞—è —á–∞—Å—Ç—å}
You may provide a definition with
\DeclareUnicodeCharacter 


! Package inputenc Error: Unicode character –∫ (U+043A)
(inputenc)                not set up for use with LaTeX.

See the inputenc package documentation for explanation.
Type  H <return>  for immediate help.
 ...                                              
                                                  
l.1 \chapter{–ö–æ–Ω—Å—Ç—Ä—É–∫—Ç–æ—Ä—Å–∫
                                       –∞—è —á–∞—Å—Ç—å}
You may provide a definition with
\DeclareUnicodeCharacter 


! Package inputenc Error: Unicode character –∞ (U+0430)
(inputenc)                not set up for use with LaTeX.

See the inputenc package documentation for explanation.
Type  H <return>  for immediate help.
 ...                                              
                                                  
l.1 \chapter{–ö–æ–Ω—Å—Ç—Ä—É–∫—Ç–æ—Ä—Å–∫–∞
                                         —è —á–∞—Å—Ç—å}
You may provide a definition with
\DeclareUnicodeCharacter 


! Package inputenc Error: Unicode character —è (U+044F)
(inputenc)                not set up for use with LaTeX.

See the inputenc package documentation for explanation.
Type  H <return>  for immediate help.
 ...                                              
                                                  
l.1 \chapter{–ö–æ–Ω—Å—Ç—Ä—É–∫—Ç–æ—Ä—Å–∫–∞—è
                                            —á–∞—Å—Ç—å}
You may provide a definition with
\DeclareUnicodeCharacter 


! Package inputenc Error: Unicode character —á (U+0447)
(inputenc)                not set up for use with LaTeX.

See the inputenc package documentation for explanation.
Type  H <return>  for immediate help.
 ...                                              
                                                  
l.1 \chapter{–ö–æ–Ω—Å—Ç—Ä—É–∫—Ç–æ—Ä—Å–∫–∞—è —á
                                              –∞—Å—Ç—å}
You may provide a definition with
\DeclareUnicodeCharacter 


! Package inputenc Error: Unicode character –∞ (U+0430)
(inputenc)                not set up for use with LaTeX.

See the inputenc package documentation for explanation.
Type  H <return>  for immediate help.
 ...                                              
                                                  
l.1 \chapter{–ö–æ–Ω—Å—Ç—Ä—É–∫—Ç–æ—Ä—Å–∫–∞—è —á–∞
                                                —Å—Ç—å}
You may provide a definition with
\DeclareUnicodeCharacter 


! Package inputenc Error: Unicode character —Å (U+0441)
(inputenc)                not set up for use with LaTeX.

See the inputenc package documentation for explanation.
Type  H <return>  for immediate help.
 ...                                              
                                                  
l.1 \chapter{–ö–æ–Ω—Å—Ç—Ä—É–∫—Ç–æ—Ä—Å–∫–∞—è —á–∞—Å
                                                  —Ç—å}
You may provide a definition with
\DeclareUnicodeCharacter 


! Package inputenc Error: Unicode character —Ç (U+0442)
(inputenc)                not set up for use with LaTeX.

See the inputenc package documentation for explanation.
Type  H <return>  for immediate help.
 ...                                              
                                                  
l.1 ...ter{–ö–æ–Ω—Å—Ç—Ä—É–∫—Ç–æ—Ä—Å–∫–∞—è —á–∞—Å—Ç
                                                  —å}
You may provide a definition with
\DeclareUnicodeCharacter 


! Package inputenc Error: Unicode character —å (U+044C)
(inputenc)                not set up for use with LaTeX.

See the inputenc package documentation for explanation.
Type  H <return>  for immediate help.
 ...                                              
                                                  
l.1 ...r{–ö–æ–Ω—Å—Ç—Ä—É–∫—Ç–æ—Ä—Å–∫–∞—è —á–∞—Å—Ç—å
                                                  }
You may provide a definition with
\DeclareUnicodeCharacter 


! Package inputenc Error: Unicode character –í (U+0412)
(inputenc)                not set up for use with LaTeX.

See the inputenc package documentation for explanation.
Type  H <return>  for immediate help.
 ...                                              
                                                  
l.3 –í
       –¥–∞–Ω–Ω–æ–º —Ä–∞–∑–¥–µ–ª–µ –±—É–¥—É—Ç –ø—Ä–µ–¥—Å—Ç–∞–≤–ª–µ–Ω—ã —Å—Ö–...

You may provide a definition with
\DeclareUnicodeCharacter 


! Package inputenc Error: Unicode character –¥ (U+0434)
(inputenc)                not set up for use with LaTeX.

See the inputenc package documentation for explanation.
Type  H <return>  for immediate help.
 ...                                              
                                                  
l.3 –í –¥
         –∞–Ω–Ω–æ–º —Ä–∞–∑–¥–µ–ª–µ –±—É–¥—É—Ç –ø—Ä–µ–¥—Å—Ç–∞–≤–ª–µ–Ω—ã —Å—Ö–...

You may provide a definition with
\DeclareUnicodeCharacter 


! Package inputenc Error: Unicode character –∞ (U+0430)
(inputenc)                not set up for use with LaTeX.

See the inputenc package documentation for explanation.
Type  H <return>  for immediate help.
 ...                                              
                                                  
l.3 –í –¥–∞
           –Ω–Ω–æ–º —Ä–∞–∑–¥–µ–ª–µ –±—É–¥—É—Ç –ø—Ä–µ–¥—Å—Ç–∞–≤–ª–µ–Ω—ã —Å—Ö–...

You may provide a definition with
\DeclareUnicodeCharacter 


! Package inputenc Error: Unicode character –Ω (U+043D)
(inputenc)                not set up for use with LaTeX.

See the inputenc package documentation for explanation.
Type  H <return>  for immediate help.
 ...                                              
                                                  
l.3 –í –¥–∞–Ω
             –Ω–æ–º —Ä–∞–∑–¥–µ–ª–µ –±—É–¥—É—Ç –ø—Ä–µ–¥—Å—Ç–∞–≤–ª–µ–Ω—ã —Å—Ö–...

You may provide a definition with
\DeclareUnicodeCharacter 


! Package inputenc Error: Unicode character –Ω (U+043D)
(inputenc)                not set up for use with LaTeX.

See the inputenc package documentation for explanation.
Type  H <return>  for immediate help.
 ...                                              
                                                  
l.3 –í –¥–∞–Ω–Ω
               –æ–º —Ä–∞–∑–¥–µ–ª–µ –±—É–¥—É—Ç –ø—Ä–µ–¥—Å—Ç–∞–≤–ª–µ–Ω—ã —Å—Ö–...

You may provide a definition with
\DeclareUnicodeCharacter 


! Package inputenc Error: Unicode character –æ (U+043E)
(inputenc)                not set up for use with LaTeX.

See the inputenc package documentation for explanation.
Type  H <return>  for immediate help.
 ...                                              
                                                  
l.3 –í –¥–∞–Ω–Ω–æ
                 –º —Ä–∞–∑–¥–µ–ª–µ –±—É–¥—É—Ç –ø—Ä–µ–¥—Å—Ç–∞–≤–ª–µ–Ω—ã —Å—Ö–...

You may provide a definition with
\DeclareUnicodeCharacter 


! Package inputenc Error: Unicode character –º (U+043C)
(inputenc)                not set up for use with LaTeX.

See the inputenc package documentation for explanation.
Type  H <return>  for immediate help.
 ...                                              
                                                  
l.3 –í –¥–∞–Ω–Ω–æ–º
                    —Ä–∞–∑–¥–µ–ª–µ –±—É–¥—É—Ç –ø—Ä–µ–¥—Å—Ç–∞–≤–ª–µ–Ω—ã —Å—Ö–...

You may provide a definition with
\DeclareUnicodeCharacter 


! Package inputenc Error: Unicode character —Ä (U+0440)
(inputenc)                not set up for use with LaTeX.

See the inputenc package documentation for explanation.
Type  H <return>  for immediate help.
 ...                                              
                                                  
l.3 –í –¥–∞–Ω–Ω–æ–º —Ä
                      –∞–∑–¥–µ–ª–µ –±—É–¥—É—Ç –ø—Ä–µ–¥—Å—Ç–∞–≤–ª–µ–Ω—ã —Å—Ö–...

You may provide a definition with
\DeclareUnicodeCharacter 


! Package inputenc Error: Unicode character –∞ (U+0430)
(inputenc)                not set up for use with LaTeX.

See the inputenc package documentation for explanation.
Type  H <return>  for immediate help.
 ...                                              
                                                  
l.3 –í –¥–∞–Ω–Ω–æ–º —Ä–∞
                        –∑–¥–µ–ª–µ –±—É–¥—É—Ç –ø—Ä–µ–¥—Å—Ç–∞–≤–ª–µ–Ω—ã —Å—Ö–...

You may provide a definition with
\DeclareUnicodeCharacter 


! Package inputenc Error: Unicode character –∑ (U+0437)
(inputenc)                not set up for use with LaTeX.

See the inputenc package documentation for explanation.
Type  H <return>  for immediate help.
 ...                                              
                                                  
l.3 –í –¥–∞–Ω–Ω–æ–º —Ä–∞–∑
                          –¥–µ–ª–µ –±—É–¥—É—Ç –ø—Ä–µ–¥—Å—Ç–∞–≤–ª–µ–Ω—ã —Å—Ö–...

You may provide a definition with
\DeclareUnicodeCharacter 


! Package inputenc Error: Unicode character –¥ (U+0434)
(inputenc)                not set up for use with LaTeX.

See the inputenc package documentation for explanation.
Type  H <return>  for immediate help.
 ...                                              
                                                  
l.3 –í –¥–∞–Ω–Ω–æ–º —Ä–∞–∑–¥
                            –µ–ª–µ –±—É–¥—É—Ç –ø—Ä–µ–¥—Å—Ç–∞–≤–ª–µ–Ω—ã —Å—Ö–...

You may provide a definition with
\DeclareUnicodeCharacter 


! Package inputenc Error: Unicode character –µ (U+0435)
(inputenc)                not set up for use with LaTeX.

See the inputenc package documentation for explanation.
Type  H <return>  for immediate help.
 ...                                              
                                                  
l.3 –í –¥–∞–Ω–Ω–æ–º —Ä–∞–∑–¥–µ
                              –ª–µ –±—É–¥—É—Ç –ø—Ä–µ–¥—Å—Ç–∞–≤–ª–µ–Ω—ã —Å—Ö–...

You may provide a definition with
\DeclareUnicodeCharacter 


! Package inputenc Error: Unicode character –ª (U+043B)
(inputenc)                not set up for use with LaTeX.

See the inputenc package documentation for explanation.
Type  H <return>  for immediate help.
 ...                                              
                                                  
l.3 –í –¥–∞–Ω–Ω–æ–º —Ä–∞–∑–¥–µ–ª
                                –µ –±—É–¥—É—Ç –ø—Ä–µ–¥—Å—Ç–∞–≤–ª–µ–Ω—ã —Å—Ö–...

You may provide a definition with
\DeclareUnicodeCharacter 


! Package inputenc Error: Unicode character –µ (U+0435)
(inputenc)                not set up for use with LaTeX.

See the inputenc package documentation for explanation.
Type  H <return>  for immediate help.
 ...                                              
                                                  
l.3 –í –¥–∞–Ω–Ω–æ–º —Ä–∞–∑–¥–µ–ª–µ
                                   –±—É–¥—É—Ç –ø—Ä–µ–¥—Å—Ç–∞–≤–ª–µ–Ω—ã —Å—Ö–...

You may provide a definition with
\DeclareUnicodeCharacter 


! Package inputenc Error: Unicode character –± (U+0431)
(inputenc)                not set up for use with LaTeX.

See the inputenc package documentation for explanation.
Type  H <return>  for immediate help.
 ...                                              
                                                  
l.3 –í –¥–∞–Ω–Ω–æ–º —Ä–∞–∑–¥–µ–ª–µ –±
                                     —É–¥—É—Ç –ø—Ä–µ–¥—Å—Ç–∞–≤–ª–µ–Ω—ã —Å—Ö–...

You may provide a definition with
\DeclareUnicodeCharacter 


! Package inputenc Error: Unicode character —É (U+0443)
(inputenc)                not set up for use with LaTeX.

See the inputenc package documentation for explanation.
Type  H <return>  for immediate help.
 ...                                              
                                                  
l.3 –í –¥–∞–Ω–Ω–æ–º —Ä–∞–∑–¥–µ–ª–µ –±—É
                                       –¥—É—Ç –ø—Ä–µ–¥—Å—Ç–∞–≤–ª–µ–Ω—ã —Å—Ö–...

You may provide a definition with
\DeclareUnicodeCharacter 


! Package inputenc Error: Unicode character –¥ (U+0434)
(inputenc)                not set up for use with LaTeX.

See the inputenc package documentation for explanation.
Type  H <return>  for immediate help.
 ...                                              
                                                  
l.3 –í –¥–∞–Ω–Ω–æ–º —Ä–∞–∑–¥–µ–ª–µ –±—É–¥
                                         —É—Ç –ø—Ä–µ–¥—Å—Ç–∞–≤–ª–µ–Ω—ã —Å—Ö–...

You may provide a definition with
\DeclareUnicodeCharacter 


! Package inputenc Error: Unicode character —É (U+0443)
(inputenc)                not set up for use with LaTeX.

See the inputenc package documentation for explanation.
Type  H <return>  for immediate help.
 ...                                              
                                                  
l.3 –í –¥–∞–Ω–Ω–æ–º —Ä–∞–∑–¥–µ–ª–µ –±—É–¥—É
                                           —Ç –ø—Ä–µ–¥—Å—Ç–∞–≤–ª–µ–Ω—ã —Å—Ö–...

You may provide a definition with
\DeclareUnicodeCharacter 


! Package inputenc Error: Unicode character —Ç (U+0442)
(inputenc)                not set up for use with LaTeX.

See the inputenc package documentation for explanation.
Type  H <return>  for immediate help.
 ...                                              
                                                  
l.3 –í –¥–∞–Ω–Ω–æ–º —Ä–∞–∑–¥–µ–ª–µ –±—É–¥—É—Ç
                                              –ø—Ä–µ–¥—Å—Ç–∞–≤–ª–µ–Ω—ã —Å—Ö–...

You may provide a definition with
\DeclareUnicodeCharacter 


! Package inputenc Error: Unicode character –ø (U+043F)
(inputenc)                not set up for use with LaTeX.

See the inputenc package documentation for explanation.
Type  H <return>  for immediate help.
 ...                                              
                                                  
l.3 –í –¥–∞–Ω–Ω–æ–º —Ä–∞–∑–¥–µ–ª–µ –±—É–¥—É—Ç –ø
                                                —Ä–µ–¥—Å—Ç–∞–≤–ª–µ–Ω—ã —Å—Ö–...

You may provide a definition with
\DeclareUnicodeCharacter 


! Package inputenc Error: Unicode character —Ä (U+0440)
(inputenc)                not set up for use with LaTeX.

See the inputenc package documentation for explanation.
Type  H <return>  for immediate help.
 ...                                              
                                                  
l.3 –í –¥–∞–Ω–Ω–æ–º —Ä–∞–∑–¥–µ–ª–µ –±—É–¥—É—Ç –ø—Ä
                                                  –µ–¥—Å—Ç–∞–≤–ª–µ–Ω—ã —Å—Ö–...

You may provide a definition with
\DeclareUnicodeCharacter 


! Package inputenc Error: Unicode character –µ (U+0435)
(inputenc)                not set up for use with LaTeX.

See the inputenc package documentation for explanation.
Type  H <return>  for immediate help.
 ...                                              
                                                  
l.3 ...–∞–Ω–Ω–æ–º —Ä–∞–∑–¥–µ–ª–µ –±—É–¥—É—Ç –ø—Ä–µ
                                                  –¥—Å—Ç–∞–≤–ª–µ–Ω—ã —Å—Ö–µ–...

You may provide a definition with
\DeclareUnicodeCharacter 


! Package inputenc Error: Unicode character –¥ (U+0434)
(inputenc)                not set up for use with LaTeX.

See the inputenc package documentation for explanation.
Type  H <return>  for immediate help.
 ...                                              
                                                  
l.3 ...–Ω–Ω–æ–º —Ä–∞–∑–¥–µ–ª–µ –±—É–¥—É—Ç –ø—Ä–µ–¥
                                                  —Å—Ç–∞–≤–ª–µ–Ω—ã —Å—Ö–µ–º—...

You may provide a definition with
\DeclareUnicodeCharacter 


! Package inputenc Error: Unicode character —Å (U+0441)
(inputenc)                not set up for use with LaTeX.

See the inputenc package documentation for explanation.
Type  H <return>  for immediate help.
 ...                                              
                                                  
l.3 ...–Ω–æ–º —Ä–∞–∑–¥–µ–ª–µ –±—É–¥—É—Ç –ø—Ä–µ–¥—Å
                                                  —Ç–∞–≤–ª–µ–Ω—ã —Å—Ö–µ–º—ã ...

You may provide a definition with
\DeclareUnicodeCharacter 


! Package inputenc Error: Unicode character —Ç (U+0442)
(inputenc)                not set up for use with LaTeX.

See the inputenc package documentation for explanation.
Type  H <return>  for immediate help.
 ...                                              
                                                  
l.3 ...–æ–º —Ä–∞–∑–¥–µ–ª–µ –±—É–¥—É—Ç –ø—Ä–µ–¥—Å—Ç
                                                  –∞–≤–ª–µ–Ω—ã —Å—Ö–µ–º—ã –∞...

You may provide a definition with
\DeclareUnicodeCharacter 


! Package inputenc Error: Unicode character –∞ (U+0430)
(inputenc)                not set up for use with LaTeX.

See the inputenc package documentation for explanation.
Type  H <return>  for immediate help.
 ...                                              
                                                  
l.3 ...–º —Ä–∞–∑–¥–µ–ª–µ –±—É–¥—É—Ç –ø—Ä–µ–¥—Å—Ç–∞
                                                  –≤–ª–µ–Ω—ã —Å—Ö–µ–º—ã –∞–ª...

You may provide a definition with
\DeclareUnicodeCharacter 


! Package inputenc Error: Unicode character –≤ (U+0432)
(inputenc)                not set up for use with LaTeX.

See the inputenc package documentation for explanation.
Type  H <return>  for immediate help.
 ...                                              
                                                  
l.3 ... —Ä–∞–∑–¥–µ–ª–µ –±—É–¥—É—Ç –ø—Ä–µ–¥—Å—Ç–∞–≤
                                                  –ª–µ–Ω—ã —Å—Ö–µ–º—ã –∞–ª–≥...

You may provide a definition with
\DeclareUnicodeCharacter 


! Package inputenc Error: Unicode character –ª (U+043B)
(inputenc)                not set up for use with LaTeX.

See the inputenc package documentation for explanation.
Type  H <return>  for immediate help.
 ...                                              
                                                  
l.3 ...Ä–∞–∑–¥–µ–ª–µ –±—É–¥—É—Ç –ø—Ä–µ–¥—Å—Ç–∞–≤–ª
                                                  –µ–Ω—ã —Å—Ö–µ–º—ã –∞–ª–≥–æ...

You may provide a definition with
\DeclareUnicodeCharacter 


! Package inputenc Error: Unicode character –µ (U+0435)
(inputenc)                not set up for use with LaTeX.

See the inputenc package documentation for explanation.
Type  H <return>  for immediate help.
 ...                                              
                                                  
l.3 ...∞–∑–¥–µ–ª–µ –±—É–¥—É—Ç –ø—Ä–µ–¥—Å—Ç–∞–≤–ª–µ
                                                  –Ω—ã —Å—Ö–µ–º—ã –∞–ª–≥–æ—Ä...

You may provide a definition with
\DeclareUnicodeCharacter 


! Package inputenc Error: Unicode character –Ω (U+043D)
(inputenc)                not set up for use with LaTeX.

See the inputenc package documentation for explanation.
Type  H <return>  for immediate help.
 ...                                              
                                                  
l.3 ...∑–¥–µ–ª–µ –±—É–¥—É—Ç –ø—Ä–µ–¥—Å—Ç–∞–≤–ª–µ–Ω
                                                  —ã —Å—Ö–µ–º—ã –∞–ª–≥–æ—Ä–∏...

You may provide a definition with
\DeclareUnicodeCharacter 


! Package inputenc Error: Unicode character —ã (U+044B)
(inputenc)                not set up for use with LaTeX.

See the inputenc package documentation for explanation.
Type  H <return>  for immediate help.
 ...                                              
                                                  
l.3 ...¥–µ–ª–µ –±—É–¥—É—Ç –ø—Ä–µ–¥—Å—Ç–∞–≤–ª–µ–Ω—ã
                                                   —Å—Ö–µ–º—ã –∞–ª–≥–æ—Ä–∏—Ç...

You may provide a definition with
\DeclareUnicodeCharacter 


! Package inputenc Error: Unicode character —Å (U+0441)
(inputenc)                not set up for use with LaTeX.

See the inputenc package documentation for explanation.
Type  H <return>  for immediate help.
 ...                                              
                                                  
l.3 ...–ª–µ –±—É–¥—É—Ç –ø—Ä–µ–¥—Å—Ç–∞–≤–ª–µ–Ω—ã —Å
                                                  —Ö–µ–º—ã –∞–ª–≥–æ—Ä–∏—Ç–º–...

You may provide a definition with
\DeclareUnicodeCharacter 


! Package inputenc Error: Unicode character —Ö (U+0445)
(inputenc)                not set up for use with LaTeX.

See the inputenc package documentation for explanation.
Type  H <return>  for immediate help.
 ...                                              
                                                  
l.3 ...–µ –±—É–¥—É—Ç –ø—Ä–µ–¥—Å—Ç–∞–≤–ª–µ–Ω—ã —Å—Ö
                                                  –µ–º—ã –∞–ª–≥–æ—Ä–∏—Ç–º–æ–...

You may provide a definition with
\DeclareUnicodeCharacter 


! Package inputenc Error: Unicode character –µ (U+0435)
(inputenc)                not set up for use with LaTeX.

See the inputenc package documentation for explanation.
Type  H <return>  for immediate help.
 ...                                              
                                                  
l.3 ... –±—É–¥—É—Ç –ø—Ä–µ–¥—Å—Ç–∞–≤–ª–µ–Ω—ã —Å—Ö–µ
                                                  –º—ã –∞–ª–≥–æ—Ä–∏—Ç–º–æ–≤ ...

You may provide a definition with
\DeclareUnicodeCharacter 


! Package inputenc Error: Unicode character –º (U+043C)
(inputenc)                not set up for use with LaTeX.

See the inputenc package documentation for explanation.
Type  H <return>  for immediate help.
 ...                                              
                                                  
l.3 ...±—É–¥—É—Ç –ø—Ä–µ–¥—Å—Ç–∞–≤–ª–µ–Ω—ã —Å—Ö–µ–º
                                                  —ã –∞–ª–≥–æ—Ä–∏—Ç–º–æ–≤ —Å...

You may provide a definition with
\DeclareUnicodeCharacter 


! Package inputenc Error: Unicode character —ã (U+044B)
(inputenc)                not set up for use with LaTeX.

See the inputenc package documentation for explanation.
Type  H <return>  for immediate help.
 ...                                              
                                                  
l.3 ...É–¥—É—Ç –ø—Ä–µ–¥—Å—Ç–∞–≤–ª–µ–Ω—ã —Å—Ö–µ–º—ã
                                                   –∞–ª–≥–æ—Ä–∏—Ç–º–æ–≤ —Å–æ...

You may provide a definition with
\DeclareUnicodeCharacter 


! Package inputenc Error: Unicode character –∞ (U+0430)
(inputenc)                not set up for use with LaTeX.

See the inputenc package documentation for explanation.
Type  H <return>  for immediate help.
 ...                                              
                                                  
l.3 ...—É—Ç –ø—Ä–µ–¥—Å—Ç–∞–≤–ª–µ–Ω—ã —Å—Ö–µ–º—ã –∞
                                                  –ª–≥–æ—Ä–∏—Ç–º–æ–≤ —Å–æ—Ä—...

You may provide a definition with
\DeclareUnicodeCharacter 


! Package inputenc Error: Unicode character –ª (U+043B)
(inputenc)                not set up for use with LaTeX.

See the inputenc package documentation for explanation.
Type  H <return>  for immediate help.
 ...                                              
                                                  
l.3 ...—Ç –ø—Ä–µ–¥—Å—Ç–∞–≤–ª–µ–Ω—ã —Å—Ö–µ–º—ã –∞–ª
                                                  –≥–æ—Ä–∏—Ç–º–æ–≤ —Å–æ—Ä—Ç–...

You may provide a definition with
\DeclareUnicodeCharacter 


! Package inputenc Error: Unicode character –≥ (U+0433)
(inputenc)                not set up for use with LaTeX.

See the inputenc package documentation for explanation.
Type  H <return>  for immediate help.
 ...                                              
                                                  
l.3 ... –ø—Ä–µ–¥—Å—Ç–∞–≤–ª–µ–Ω—ã —Å—Ö–µ–º—ã –∞–ª–≥
                                                  –æ—Ä–∏—Ç–º–æ–≤ —Å–æ—Ä—Ç–∏—...

You may provide a definition with
\DeclareUnicodeCharacter 


! Package inputenc Error: Unicode character –æ (U+043E)
(inputenc)                not set up for use with LaTeX.

See the inputenc package documentation for explanation.
Type  H <return>  for immediate help.
 ...                                              
                                                  
l.3 ...ø—Ä–µ–¥—Å—Ç–∞–≤–ª–µ–Ω—ã —Å—Ö–µ–º—ã –∞–ª–≥–æ
                                                  —Ä–∏—Ç–º–æ–≤ —Å–æ—Ä—Ç–∏—Ä–...

You may provide a definition with
\DeclareUnicodeCharacter 


! Package inputenc Error: Unicode character —Ä (U+0440)
(inputenc)                not set up for use with LaTeX.

See the inputenc package documentation for explanation.
Type  H <return>  for immediate help.
 ...                                              
                                                  
l.3 ...Ä–µ–¥—Å—Ç–∞–≤–ª–µ–Ω—ã —Å—Ö–µ–º—ã –∞–ª–≥–æ—Ä
                                                  –∏—Ç–º–æ–≤ —Å–æ—Ä—Ç–∏—Ä–æ–...

You may provide a definition with
\DeclareUnicodeCharacter 


! Package inputenc Error: Unicode character –∏ (U+0438)
(inputenc)                not set up for use with LaTeX.

See the inputenc package documentation for explanation.
Type  H <return>  for immediate help.
 ...                                              
                                                  
l.3 ...µ–¥—Å—Ç–∞–≤–ª–µ–Ω—ã —Å—Ö–µ–º—ã –∞–ª–≥–æ—Ä–∏
                                                  —Ç–º–æ–≤ —Å–æ—Ä—Ç–∏—Ä–æ–≤–...

You may provide a definition with
\DeclareUnicodeCharacter 


! Package inputenc Error: Unicode character —Ç (U+0442)
(inputenc)                not set up for use with LaTeX.

See the inputenc package documentation for explanation.
Type  H <return>  for immediate help.
 ...                                              
                                                  
l.3 ...¥—Å—Ç–∞–≤–ª–µ–Ω—ã —Å—Ö–µ–º—ã –∞–ª–≥–æ—Ä–∏—Ç
                                                  –º–æ–≤ —Å–æ—Ä—Ç–∏—Ä–æ–≤–∫–...

You may provide a definition with
\DeclareUnicodeCharacter 


! Package inputenc Error: Unicode character –º (U+043C)
(inputenc)                not set up for use with LaTeX.

See the inputenc package documentation for explanation.
Type  H <return>  for immediate help.
 ...                                              
                                                  
l.3 ...Å—Ç–∞–≤–ª–µ–Ω—ã —Å—Ö–µ–º—ã –∞–ª–≥–æ—Ä–∏—Ç–º
                                                  –æ–≤ —Å–æ—Ä—Ç–∏—Ä–æ–≤–∫–∏ ...

You may provide a definition with
\DeclareUnicodeCharacter 


! Package inputenc Error: Unicode character –æ (U+043E)
(inputenc)                not set up for use with LaTeX.

See the inputenc package documentation for explanation.
Type  H <return>  for immediate help.
 ...                                              
                                                  
l.3 ...Ç–∞–≤–ª–µ–Ω—ã —Å—Ö–µ–º—ã –∞–ª–≥–æ—Ä–∏—Ç–º–æ
                                                  –≤ —Å–æ—Ä—Ç–∏—Ä–æ–≤–∫–∏ –≤...

You may provide a definition with
\DeclareUnicodeCharacter 


! Package inputenc Error: Unicode character –≤ (U+0432)
(inputenc)                not set up for use with LaTeX.

See the inputenc package documentation for explanation.
Type  H <return>  for immediate help.
 ...                                              
                                                  
l.3 ...∞–≤–ª–µ–Ω—ã —Å—Ö–µ–º—ã –∞–ª–≥–æ—Ä–∏—Ç–º–æ–≤
                                                   —Å–æ—Ä—Ç–∏—Ä–æ–≤–∫–∏ –≤—ã...

You may provide a definition with
\DeclareUnicodeCharacter 


! Package inputenc Error: Unicode character —Å (U+0441)
(inputenc)                not set up for use with LaTeX.

See the inputenc package documentation for explanation.
Type  H <return>  for immediate help.
 ...                                              
                                                  
l.3 ...–ª–µ–Ω—ã —Å—Ö–µ–º—ã –∞–ª–≥–æ—Ä–∏—Ç–º–æ–≤ —Å
                                                  –æ—Ä—Ç–∏—Ä–æ–≤–∫–∏ –≤—ã–±–...

You may provide a definition with
\DeclareUnicodeCharacter 


! Package inputenc Error: Unicode character –æ (U+043E)
(inputenc)                not set up for use with LaTeX.

See the inputenc package documentation for explanation.
Type  H <return>  for immediate help.
 ...                                              
                                                  
l.3 ...–µ–Ω—ã —Å—Ö–µ–º—ã –∞–ª–≥–æ—Ä–∏—Ç–º–æ–≤ —Å–æ
                                                  —Ä—Ç–∏—Ä–æ–≤–∫–∏ –≤—ã–±–æ—...

You may provide a definition with
\DeclareUnicodeCharacter 


! Package inputenc Error: Unicode character —Ä (U+0440)
(inputenc)                not set up for use with LaTeX.

See the inputenc package documentation for explanation.
Type  H <return>  for immediate help.
 ...                                              
                                                  
l.3 ...–Ω—ã —Å—Ö–µ–º—ã –∞–ª–≥–æ—Ä–∏—Ç–º–æ–≤ —Å–æ—Ä
                                                  —Ç–∏—Ä–æ–≤–∫–∏ –≤—ã–±–æ—Ä–...

You may provide a definition with
\DeclareUnicodeCharacter 


! Package inputenc Error: Unicode character —Ç (U+0442)
(inputenc)                not set up for use with LaTeX.

See the inputenc package documentation for explanation.
Type  H <return>  for immediate help.
 ...                                              
                                                  
l.3 ...—ã —Å—Ö–µ–º—ã –∞–ª–≥–æ—Ä–∏—Ç–º–æ–≤ —Å–æ—Ä—Ç
                                                  –∏—Ä–æ–≤–∫–∏ –≤—ã–±–æ—Ä–æ–...

You may provide a definition with
\DeclareUnicodeCharacter 


! Package inputenc Error: Unicode character –∏ (U+0438)
(inputenc)                not set up for use with LaTeX.

See the inputenc package documentation for explanation.
Type  H <return>  for immediate help.
 ...                                              
                                                  
l.3 ... —Å—Ö–µ–º—ã –∞–ª–≥–æ—Ä–∏—Ç–º–æ–≤ —Å–æ—Ä—Ç–∏
                                                  —Ä–æ–≤–∫–∏ –≤—ã–±–æ—Ä–æ–º,...

You may provide a definition with
\DeclareUnicodeCharacter 


! Package inputenc Error: Unicode character —Ä (U+0440)
(inputenc)                not set up for use with LaTeX.

See the inputenc package documentation for explanation.
Type  H <return>  for immediate help.
 ...                                              
                                                  
l.3 ...Å—Ö–µ–º—ã –∞–ª–≥–æ—Ä–∏—Ç–º–æ–≤ —Å–æ—Ä—Ç–∏—Ä
                                                  –æ–≤–∫–∏ –≤—ã–±–æ—Ä–æ–º, –...

You may provide a definition with
\DeclareUnicodeCharacter 


! Package inputenc Error: Unicode character –æ (U+043E)
(inputenc)                not set up for use with LaTeX.

See the inputenc package documentation for explanation.
Type  H <return>  for immediate help.
 ...                                              
                                                  
l.3 ...Ö–µ–º—ã –∞–ª–≥–æ—Ä–∏—Ç–º–æ–≤ —Å–æ—Ä—Ç–∏—Ä–æ
                                                  –≤–∫–∏ –≤—ã–±–æ—Ä–æ–º, –®–...

You may provide a definition with
\DeclareUnicodeCharacter 


! Package inputenc Error: Unicode character –≤ (U+0432)
(inputenc)                not set up for use with LaTeX.

See the inputenc package documentation for explanation.
Type  H <return>  for immediate help.
 ...                                              
                                                  
l.3 ...µ–º—ã –∞–ª–≥–æ—Ä–∏—Ç–º–æ–≤ —Å–æ—Ä—Ç–∏—Ä–æ–≤
                                                  –∫–∏ –≤—ã–±–æ—Ä–æ–º, –®–µ–...

You may provide a definition with
\DeclareUnicodeCharacter 


! Package inputenc Error: Unicode character –∫ (U+043A)
(inputenc)                not set up for use with LaTeX.

See the inputenc package documentation for explanation.
Type  H <return>  for immediate help.
 ...                                              
                                                  
l.3 ...º—ã –∞–ª–≥–æ—Ä–∏—Ç–º–æ–≤ —Å–æ—Ä—Ç–∏—Ä–æ–≤–∫
                                                  –∏ –≤—ã–±–æ—Ä–æ–º, –®–µ–ª–...

You may provide a definition with
\DeclareUnicodeCharacter 


! Package inputenc Error: Unicode character –∏ (U+0438)
(inputenc)                not set up for use with LaTeX.

See the inputenc package documentation for explanation.
Type  H <return>  for immediate help.
 ...                                              
                                                  
l.3 ...ã –∞–ª–≥–æ—Ä–∏—Ç–º–æ–≤ —Å–æ—Ä—Ç–∏—Ä–æ–≤–∫–∏
                                                   –≤—ã–±–æ—Ä–æ–º, –®–µ–ª–ª–...

You may provide a definition with
\DeclareUnicodeCharacter 


! Package inputenc Error: Unicode character –≤ (U+0432)
(inputenc)                not set up for use with LaTeX.

See the inputenc package documentation for explanation.
Type  H <return>  for immediate help.
 ...                                              
                                                  
l.3 ...∞–ª–≥–æ—Ä–∏—Ç–º–æ–≤ —Å–æ—Ä—Ç–∏—Ä–æ–≤–∫–∏ –≤
                                                  —ã–±–æ—Ä–æ–º, –®–µ–ª–ª–æ–º...

You may provide a definition with
\DeclareUnicodeCharacter 


! Package inputenc Error: Unicode character —ã (U+044B)
(inputenc)                not set up for use with LaTeX.

See the inputenc package documentation for explanation.
Type  H <return>  for immediate help.
 ...                                              
                                                  
l.3 ...ª–≥–æ—Ä–∏—Ç–º–æ–≤ —Å–æ—Ä—Ç–∏—Ä–æ–≤–∫–∏ –≤—ã
                                                  –±–æ—Ä–æ–º, –®–µ–ª–ª–æ–º –...

You may provide a definition with
\DeclareUnicodeCharacter 


! Package inputenc Error: Unicode character –± (U+0431)
(inputenc)                not set up for use with LaTeX.

See the inputenc package documentation for explanation.
Type  H <return>  for immediate help.
 ...                                              
                                                  
l.3 ...≥–æ—Ä–∏—Ç–º–æ–≤ —Å–æ—Ä—Ç–∏—Ä–æ–≤–∫–∏ –≤—ã–±
                                                  –æ—Ä–æ–º, –®–µ–ª–ª–æ–º –∏ ...

You may provide a definition with
\DeclareUnicodeCharacter 


! Package inputenc Error: Unicode character –æ (U+043E)
(inputenc)                not set up for use with LaTeX.

See the inputenc package documentation for explanation.
Type  H <return>  for immediate help.
 ...                                              
                                                  
l.3 ...æ—Ä–∏—Ç–º–æ–≤ —Å–æ—Ä—Ç–∏—Ä–æ–≤–∫–∏ –≤—ã–±–æ
                                                  —Ä–æ–º, –®–µ–ª–ª–æ–º –∏ –≥...

You may provide a definition with
\DeclareUnicodeCharacter 


! Package inputenc Error: Unicode character —Ä (U+0440)
(inputenc)                not set up for use with LaTeX.

See the inputenc package documentation for explanation.
Type  H <return>  for immediate help.
 ...                                              
                                                  
l.3 ...Ä–∏—Ç–º–æ–≤ —Å–æ—Ä—Ç–∏—Ä–æ–≤–∫–∏ –≤—ã–±–æ—Ä
                                                  –æ–º, –®–µ–ª–ª–æ–º –∏ –≥–Ω...

You may provide a definition with
\DeclareUnicodeCharacter 


! Package inputenc Error: Unicode character –æ (U+043E)
(inputenc)                not set up for use with LaTeX.

See the inputenc package documentation for explanation.
Type  H <return>  for immediate help.
 ...                                              
                                                  
l.3 ...∏—Ç–º–æ–≤ —Å–æ—Ä—Ç–∏—Ä–æ–≤–∫–∏ –≤—ã–±–æ—Ä–æ
                                                  –º, –®–µ–ª–ª–æ–º –∏ –≥–Ω–æ...

You may provide a definition with
\DeclareUnicodeCharacter 


! Package inputenc Error: Unicode character –º (U+043C)
(inputenc)                not set up for use with LaTeX.

See the inputenc package documentation for explanation.
Type  H <return>  for immediate help.
 ...                                              
                                                  
l.3 ...Ç–º–æ–≤ —Å–æ—Ä—Ç–∏—Ä–æ–≤–∫–∏ –≤—ã–±–æ—Ä–æ–º
                                                  , –®–µ–ª–ª–æ–º –∏ –≥–Ω–æ–º...

You may provide a definition with
\DeclareUnicodeCharacter 


! LaTeX Error: Missing \begin{document}.

See the LaTeX manual or LaTeX Companion for explanation.
Type  H <return>  for immediate help.
 ...                                              
                                                  
l.3 ...–º–æ–≤ —Å–æ—Ä—Ç–∏—Ä–æ–≤–∫–∏ –≤—ã–±–æ—Ä–æ–º,
                                                   –®–µ–ª–ª–æ–º –∏ –≥–Ω–æ–º—...

You're in trouble here.  Try typing  <return>  to proceed.
If that doesn't work, type  X <return>  to quit.

Missing character: There is no , in font nullfont!

! Package inputenc Error: Unicode character –® (U+0428)
(inputenc)                not set up for use with LaTeX.

See the inputenc package documentation for explanation.
Type  H <return>  for immediate help.
 ...                                              
                                                  
l.3 ...æ–≤ —Å–æ—Ä—Ç–∏—Ä–æ–≤–∫–∏ –≤—ã–±–æ—Ä–æ–º, –®
                                                  –µ–ª–ª–æ–º –∏ –≥–Ω–æ–º—å–µ...

You may provide a definition with
\DeclareUnicodeCharacter 


! Package inputenc Error: Unicode character –µ (U+0435)
(inputenc)                not set up for use with LaTeX.

See the inputenc package documentation for explanation.
Type  H <return>  for immediate help.
 ...                                              
                                                  
l.3 ...≤ —Å–æ—Ä—Ç–∏—Ä–æ–≤–∫–∏ –≤—ã–±–æ—Ä–æ–º, –®–µ
                                                  –ª–ª–æ–º –∏ –≥–Ω–æ–º—å–µ–π...

You may provide a definition with
\DeclareUnicodeCharacter 


! Package inputenc Error: Unicode character –ª (U+043B)
(inputenc)                not set up for use with LaTeX.

See the inputenc package documentation for explanation.
Type  H <return>  for immediate help.
 ...                                              
                                                  
l.3 ...—Å–æ—Ä—Ç–∏—Ä–æ–≤–∫–∏ –≤—ã–±–æ—Ä–æ–º, –®–µ–ª
                                                  –ª–æ–º –∏ –≥–Ω–æ–º—å–µ–π —...

You may provide a definition with
\DeclareUnicodeCharacter 


! Package inputenc Error: Unicode character –ª (U+043B)
(inputenc)                not set up for use with LaTeX.

See the inputenc package documentation for explanation.
Type  H <return>  for immediate help.
 ...                                              
                                                  
l.3 ...–æ—Ä—Ç–∏—Ä–æ–≤–∫–∏ –≤—ã–±–æ—Ä–æ–º, –®–µ–ª–ª
                                                  –æ–º –∏ –≥–Ω–æ–º—å–µ–π —Å–...

You may provide a definition with
\DeclareUnicodeCharacter 


! Package inputenc Error: Unicode character –æ (U+043E)
(inputenc)                not set up for use with LaTeX.

See the inputenc package documentation for explanation.
Type  H <return>  for immediate help.
 ...                                              
                                                  
l.3 ...—Ä—Ç–∏—Ä–æ–≤–∫–∏ –≤—ã–±–æ—Ä–æ–º, –®–µ–ª–ª–æ
                                                  –º –∏ –≥–Ω–æ–º—å–µ–π —Å–æ—...

You may provide a definition with
\DeclareUnicodeCharacter 


! Package inputenc Error: Unicode character –º (U+043C)
(inputenc)                not set up for use with LaTeX.

See the inputenc package documentation for explanation.
Type  H <return>  for immediate help.
 ...                                              
                                                  
l.3 ...—Ç–∏—Ä–æ–≤–∫–∏ –≤—ã–±–æ—Ä–æ–º, –®–µ–ª–ª–æ–º
                                                   –∏ –≥–Ω–æ–º—å–µ–π —Å–æ—Ä—...

You may provide a definition with
\DeclareUnicodeCharacter 


! Package inputenc Error: Unicode character –∏ (U+0438)
(inputenc)                not set up for use with LaTeX.

See the inputenc package documentation for explanation.
Type  H <return>  for immediate help.
 ...                                              
                                                  
l.3 ...∏—Ä–æ–≤–∫–∏ –≤—ã–±–æ—Ä–æ–º, –®–µ–ª–ª–æ–º –∏
                                                   –≥–Ω–æ–º—å–µ–π —Å–æ—Ä—Ç–∏...

You may provide a definition with
\DeclareUnicodeCharacter 


! Package inputenc Error: Unicode character –≥ (U+0433)
(inputenc)                not set up for use with LaTeX.

See the inputenc package documentation for explanation.
Type  H <return>  for immediate help.
 ...                                              
                                                  
l.3 ...–æ–≤–∫–∏ –≤—ã–±–æ—Ä–æ–º, –®–µ–ª–ª–æ–º –∏ –≥
                                                  –Ω–æ–º—å–µ–π —Å–æ—Ä—Ç–∏—Ä–...

You may provide a definition with
\DeclareUnicodeCharacter 


! Package inputenc Error: Unicode character –Ω (U+043D)
(inputenc)                not set up for use with LaTeX.

See the inputenc package documentation for explanation.
Type  H <return>  for immediate help.
 ...                                              
                                                  
l.3 ...–≤–∫–∏ –≤—ã–±–æ—Ä–æ–º, –®–µ–ª–ª–æ–º –∏ –≥–Ω
                                                  –æ–º—å–µ–π —Å–æ—Ä—Ç–∏—Ä–æ–...

You may provide a definition with
\DeclareUnicodeCharacter 


! Package inputenc Error: Unicode character –æ (U+043E)
(inputenc)                not set up for use with LaTeX.

See the inputenc package documentation for explanation.
Type  H <return>  for immediate help.
 ...                                              
                                                  
l.3 ...–∫–∏ –≤—ã–±–æ—Ä–æ–º, –®–µ–ª–ª–æ–º –∏ –≥–Ω–æ
                                                  –º—å–µ–π —Å–æ—Ä—Ç–∏—Ä–æ–≤–...

You may provide a definition with
\DeclareUnicodeCharacter 


! Package inputenc Error: Unicode character –º (U+043C)
(inputenc)                not set up for use with LaTeX.

See the inputenc package documentation for explanation.
Type  H <return>  for immediate help.
 ...                                              
                                                  
l.3 ...–∏ –≤—ã–±–æ—Ä–æ–º, –®–µ–ª–ª–æ–º –∏ –≥–Ω–æ–º
                                                  —å–µ–π —Å–æ—Ä—Ç–∏—Ä–æ–≤–∫–...

You may provide a definition with
\DeclareUnicodeCharacter 


! Package inputenc Error: Unicode character —å (U+044C)
(inputenc)                not set up for use with LaTeX.

See the inputenc package documentation for explanation.
Type  H <return>  for immediate help.
 ...                                              
                                                  
l.3 ... –≤—ã–±–æ—Ä–æ–º, –®–µ–ª–ª–æ–º –∏ –≥–Ω–æ–º—å
                                                  –µ–π —Å–æ—Ä—Ç–∏—Ä–æ–≤–∫–∏ ...

You may provide a definition with
\DeclareUnicodeCharacter 


! Package inputenc Error: Unicode character –µ (U+0435)
(inputenc)                not set up for use with LaTeX.

See the inputenc package documentation for explanation.
Type  H <return>  for immediate help.
 ...                                              
                                                  
l.3 ...≤—ã–±–æ—Ä–æ–º, –®–µ–ª–ª–æ–º –∏ –≥–Ω–æ–º—å–µ
                                                  –π —Å–æ—Ä—Ç–∏—Ä–æ–≤–∫–∏ –∏...

You may provide a definition with
\DeclareUnicodeCharacter 


! Package inputenc Error: Unicode character –π (U+0439)
(inputenc)                not set up for use with LaTeX.

See the inputenc package documentation for explanation.
Type  H <return>  for immediate help.
 ...                                              
                                                  
l.3 ...ã–±–æ—Ä–æ–º, –®–µ–ª–ª–æ–º –∏ –≥–Ω–æ–º—å–µ–π
                                                   —Å–æ—Ä—Ç–∏—Ä–æ–≤–∫–∏ –∏ –...

You may provide a definition with
\DeclareUnicodeCharacter 


! Package inputenc Error: Unicode character —Å (U+0441)
(inputenc)                not set up for use with LaTeX.

See the inputenc package documentation for explanation.
Type  H <return>  for immediate help.
 ...                                              
                                                  
l.3 ...–æ—Ä–æ–º, –®–µ–ª–ª–æ–º –∏ –≥–Ω–æ–º—å–µ–π —Å
                                                  –æ—Ä—Ç–∏—Ä–æ–≤–∫–∏ –∏ –≤—ã...
(That makes 100 errors; please try again.) 
Here is how much of TeX's memory you used:
 44 strings out of 482080
 724 string characters out of 5941728
 233878 words of memory out of 5000000
 15207 multiletter control sequences out of 15000+600000
 532338 words of font info for 24 fonts, out of 8000000 for 9000
 766 hyphenation exceptions out of 8191
 12i,0n,15p,294b,28s stack positions out of 5000i,500n,10000p,200000b,80000s

!  ==> Fatal error occurred, no output PDF file produced!
