\BOOKMARK [0][-]{chapter*.2}{\376\377\004\022\004\062\004\065\004\064\004\065\004\075\004\070\004\065}{}% 1
\BOOKMARK [0][-]{chapter.1}{\376\377\004\037\004\100\004\070\004\074\004\065\004\075\004\065\004\075\004\070\004\065\000\040\004\077\004\100\004\076\004\063\004\100\004\060\004\074\004\074\004\113\000\040\000P\000C\000L\000A\000B\000\040\004\077\004\100\004\070\000\040\004\070\004\101\004\101\004\073\004\065\004\064\004\076\004\062\004\060\004\075\004\070\004\070\000\040\004\077\004\100\004\076\004\070\004\067\004\062\004\076\004\064\004\070\004\102\004\065\004\073\004\114\004\075\004\076\004\101\004\102\004\070\000\040\004\055\004\022\004\034}{}% 2
\BOOKMARK [0][-]{chapter.2}{\376\377\004\030\004\064\004\065\004\075\004\102\004\070\004\104\004\070\004\072\004\060\004\106\004\070\004\117\000\040\004\077\004\100\004\076\004\106\004\065\004\101\004\101\004\076\004\100\004\060}{}% 3
\BOOKMARK [0][-]{chapter.3}{\376\377\004\055\004\072\004\101\004\077\004\065\004\100\004\070\004\074\004\065\004\075\004\102\000\040\000\253\004\030\004\101\004\101\004\073\004\065\004\064\004\076\004\062\004\060\004\075\004\070\004\065\000\040\004\100\004\060\004\101\004\101\004\073\004\076\004\065\004\075\004\070\004\117\000\040\004\064\004\070\004\075\004\060\004\074\004\070\004\107\004\065\004\101\004\072\004\076\004\071\000\040\004\077\004\060\004\074\004\117\004\102\004\070\000\273}{}% 4
\BOOKMARK [1][-]{section.3.1}{\376\377\004\030\004\101\004\105\004\076\004\064\004\075\004\113\004\065\000\040\004\064\004\060\004\075\004\075\004\113\004\065}{chapter.3}% 5
\BOOKMARK [1][-]{section.3.2}{\376\377\004\035\004\060\004\101\004\102\004\100\004\060\004\070\004\062\004\060\004\065\004\074\004\113\004\065\000\040\004\077\004\060\004\100\004\060\004\074\004\065\004\102\004\100\004\113}{chapter.3}% 6
\BOOKMARK [1][-]{section.3.3}{\376\377\004\023\004\100\004\060\004\104\004\070\004\072\004\070\000\040\004\077\004\076\004\073\004\103\004\107\004\065\004\075\004\075\004\113\004\105\000\040\004\105\004\060\004\100\004\060\004\072\004\102\004\065\004\100\004\070\004\101\004\102\004\070\004\072}{chapter.3}% 7
\BOOKMARK [1][-]{section.3.4}{\376\377\004\040\004\065\004\067\004\103\004\073\004\114\004\102\004\060\004\102\004\113\000\040\004\115\004\072\004\101\004\077\004\065\004\100\004\070\004\074\004\065\004\075\004\102\004\060}{chapter.3}% 8
\BOOKMARK [1][-]{section.3.5}{\376\377\004\022\004\113\004\062\004\076\004\064}{chapter.3}% 9
\BOOKMARK [0][-]{chapter.4}{\376\377\004\055\004\072\004\101\004\077\004\065\004\100\004\070\004\074\004\065\004\075\004\102\000\040\000\253\004\041\004\100\004\060\004\062\004\075\004\065\004\075\004\070\004\065\000\040\004\115\004\104\004\104\004\065\004\072\004\102\004\070\004\062\004\075\004\076\004\101\004\102\004\070\000\040\004\101\004\101\004\113\004\073\004\076\004\107\004\075\004\113\004\105\000\040\004\070\000\040\004\062\004\065\004\072\004\102\004\076\004\100\004\075\004\113\004\105\000\040\004\101\004\102\004\100\004\103\004\072\004\102\004\103\004\100\000\040\004\064\004\060\004\075\004\075\004\113\004\105\000\273}{}% 10
\BOOKMARK [1][-]{section.4.1}{\376\377\004\035\004\060\004\101\004\102\004\100\004\060\004\070\004\062\004\060\004\065\004\074\004\113\004\065\000\040\004\077\004\060\004\100\004\060\004\074\004\065\004\102\004\100\004\113}{chapter.4}% 11
\BOOKMARK [1][-]{section.4.2}{\376\377\004\023\004\100\004\060\004\104\004\070\004\072\004\070\000\040\004\077\004\076\004\073\004\103\004\107\004\065\004\075\004\075\004\113\004\105\000\040\004\105\004\060\004\100\004\060\004\072\004\102\004\065\004\100\004\070\004\101\004\102\004\070\004\072}{chapter.4}% 12
\BOOKMARK [1][-]{section.4.3}{\376\377\004\040\004\065\004\067\004\103\004\073\004\114\004\102\004\060\004\102\004\113\000\040\004\115\004\072\004\101\004\077\004\065\004\100\004\070\004\074\004\065\004\075\004\102\004\060}{chapter.4}% 13
\BOOKMARK [1][-]{section.4.4}{\376\377\004\022\004\113\004\062\004\076\004\064}{chapter.4}% 14
\BOOKMARK [0][-]{chapter.5}{\376\377\004\055\004\072\004\101\004\077\004\065\004\100\004\070\004\074\004\065\004\075\004\102\000\040\000\253\004\030\004\101\004\101\004\073\004\065\004\064\004\076\004\062\004\060\004\075\004\070\004\065\000\040\004\115\004\104\004\104\004\065\004\072\004\102\004\070\004\062\004\075\004\076\004\101\004\102\004\070\000\040\004\077\004\100\004\076\004\063\004\100\004\060\004\074\004\074\004\075\004\076\004\071\000\040\004\077\004\100\004\065\004\064\004\062\004\113\004\061\004\076\004\100\004\072\004\070\000\273}{}% 15
\BOOKMARK [1][-]{section.5.1}{\376\377\004\030\004\101\004\105\004\076\004\064\004\075\004\113\004\065\000\040\004\064\004\060\004\075\004\075\004\113\004\065}{chapter.5}% 16
\BOOKMARK [1][-]{section.5.2}{\376\377\004\035\004\060\004\101\004\102\004\100\004\060\004\070\004\062\004\060\004\065\004\074\004\113\004\065\000\040\004\077\004\060\004\100\004\060\004\074\004\065\004\102\004\100\004\113}{chapter.5}% 17
\BOOKMARK [1][-]{section.5.3}{\376\377\004\023\004\100\004\060\004\104\004\070\004\072\004\070\000\040\004\077\004\076\004\073\004\103\004\107\004\065\004\075\004\075\004\113\004\105\000\040\004\105\004\060\004\100\004\060\004\072\004\102\004\065\004\100\004\070\004\101\004\102\004\070\004\072}{chapter.5}% 18
\BOOKMARK [1][-]{section.5.4}{\376\377\004\040\004\065\004\067\004\103\004\073\004\114\004\102\004\060\004\102\004\113\000\040\004\115\004\072\004\101\004\077\004\065\004\100\004\070\004\074\004\065\004\075\004\102\004\060}{chapter.5}% 19
\BOOKMARK [1][-]{section.5.5}{\376\377\004\022\004\113\004\062\004\076\004\064}{chapter.5}% 20
\BOOKMARK [0][-]{chapter.6}{\376\377\004\055\004\072\004\101\004\077\004\065\004\100\004\070\004\074\004\065\004\075\004\102\000\040\000\253\004\030\004\101\004\101\004\073\004\065\004\064\004\076\004\062\004\060\004\075\004\070\004\065\000\040\004\101\004\077\004\076\004\101\004\076\004\061\004\076\004\062\000\040\004\115\004\104\004\104\004\065\004\072\004\102\004\070\004\062\004\075\004\076\004\063\004\076\000\040\004\107\004\102\004\065\004\075\004\070\004\117\000\040\004\076\004\077\004\065\004\100\004\060\004\102\004\070\004\062\004\075\004\076\004\071\000\040\004\077\004\060\004\074\004\117\004\102\004\070\000\273}{}% 21
\BOOKMARK [1][-]{section.6.1}{\376\377\004\030\004\101\004\105\004\076\004\064\004\075\004\113\004\065\000\040\004\064\004\060\004\075\004\075\004\113\004\065}{chapter.6}% 22
\BOOKMARK [1][-]{section.6.2}{\376\377\004\035\004\060\004\101\004\102\004\100\004\060\004\070\004\062\004\060\004\065\004\074\004\113\004\065\000\040\004\077\004\060\004\100\004\060\004\074\004\065\004\102\004\100\004\113}{chapter.6}% 23
\BOOKMARK [1][-]{section.6.3}{\376\377\004\023\004\100\004\060\004\104\004\070\004\072\004\070\000\040\004\077\004\076\004\073\004\103\004\107\004\065\004\075\004\075\004\113\004\105\000\040\004\105\004\060\004\100\004\060\004\072\004\102\004\065\004\100\004\070\004\101\004\102\004\070\004\072}{chapter.6}% 24
\BOOKMARK [1][-]{section.6.4}{\376\377\004\040\004\065\004\067\004\103\004\073\004\114\004\102\004\060\004\102\004\113\000\040\004\115\004\072\004\101\004\077\004\065\004\100\004\070\004\074\004\065\004\075\004\102\004\060}{chapter.6}% 25
\BOOKMARK [1][-]{section.6.5}{\376\377\004\022\004\113\004\062\004\076\004\064}{chapter.6}% 26
\BOOKMARK [0][-]{chapter.7}{\376\377\004\055\004\072\004\101\004\077\004\065\004\100\004\070\004\074\004\065\004\075\004\102\000\040\000\253\004\030\004\101\004\101\004\073\004\065\004\064\004\076\004\062\004\060\004\075\004\070\004\065\000\040\004\072\004\076\004\075\004\104\004\073\004\070\004\072\004\102\004\076\004\062\000\040\004\062\000\040\004\072\004\115\004\110\000-\004\077\004\060\004\074\004\117\004\102\004\070\000\273}{}% 27
\BOOKMARK [1][-]{section.7.1}{\376\377\004\030\004\101\004\105\004\076\004\064\004\075\004\113\004\065\000\040\004\064\004\060\004\075\004\075\004\113\004\065}{chapter.7}% 28
\BOOKMARK [1][-]{section.7.2}{\376\377\004\035\004\060\004\101\004\102\004\100\004\060\004\070\004\062\004\060\004\065\004\074\004\113\004\065\000\040\004\077\004\060\004\100\004\060\004\074\004\065\004\102\004\100\004\113}{chapter.7}% 29
\BOOKMARK [1][-]{section.7.3}{\376\377\004\023\004\100\004\060\004\104\004\070\004\072\004\070\000\040\004\077\004\076\004\073\004\103\004\107\004\065\004\075\004\075\004\113\004\105\000\040\004\105\004\060\004\100\004\060\004\072\004\102\004\065\004\100\004\070\004\101\004\102\004\070\004\072}{chapter.7}% 30
\BOOKMARK [1][-]{section.7.4}{\376\377\004\040\004\065\004\067\004\103\004\073\004\114\004\102\004\060\004\102\004\113\000\040\004\115\004\072\004\101\004\077\004\065\004\100\004\070\004\074\004\065\004\075\004\102\004\060}{chapter.7}% 31
\BOOKMARK [1][-]{section.7.5}{\376\377\004\022\004\113\004\062\004\076\004\064}{chapter.7}% 32
\BOOKMARK [0][-]{chapter.8}{\376\377\004\055\004\072\004\101\004\077\004\065\004\100\004\070\004\074\004\065\004\075\004\102\000\040\000\253\004\030\004\101\004\101\004\073\004\065\004\064\004\076\004\062\004\060\004\075\004\070\004\065\000\040\004\060\004\073\004\063\004\076\004\100\004\070\004\102\004\074\004\076\004\062\000\040\004\101\004\076\004\100\004\102\004\070\004\100\004\076\004\062\004\072\004\070\000\273}{}% 33
\BOOKMARK [1][-]{section.8.1}{\376\377\004\030\004\101\004\105\004\076\004\064\004\075\004\113\004\065\000\040\004\064\004\060\004\075\004\075\004\113\004\065}{chapter.8}% 34
\BOOKMARK [1][-]{section.8.2}{\376\377\004\035\004\060\004\101\004\102\004\100\004\060\004\070\004\062\004\060\004\065\004\074\004\113\004\065\000\040\004\077\004\060\004\100\004\060\004\074\004\065\004\102\004\100\004\113}{chapter.8}% 35
\BOOKMARK [1][-]{section.8.3}{\376\377\004\023\004\100\004\060\004\104\004\070\004\072\004\070\000\040\004\077\004\076\004\073\004\103\004\107\004\065\004\075\004\075\004\113\004\105\000\040\004\105\004\060\004\100\004\060\004\072\004\102\004\065\004\100\004\070\004\101\004\102\004\070\004\072}{chapter.8}% 36
\BOOKMARK [1][-]{section.8.4}{\376\377\004\040\004\065\004\067\004\103\004\073\004\114\004\102\004\060\004\102\004\113\000\040\004\115\004\072\004\101\004\077\004\065\004\100\004\070\004\074\004\065\004\075\004\102\004\060}{chapter.8}% 37
\BOOKMARK [1][-]{section.8.5}{\376\377\004\022\004\113\004\062\004\076\004\064}{chapter.8}% 38
\BOOKMARK [0][-]{chapter.9}{\376\377\004\032\004\076\004\075\004\102\004\100\004\076\004\073\004\114\004\075\004\113\004\065\000\040\004\062\004\076\004\077\004\100\004\076\004\101\004\113}{}% 39
\BOOKMARK [0][-]{chapter*.14}{\376\377\004\027\004\060\004\072\004\073\004\116\004\107\004\065\004\075\004\070\004\065}{}% 40
