This is pdfTeX, Version 3.14159265-2.6-1.40.20 (TeX Live 2019/Debian) (preloaded format=pdflatex 2021.9.5)  23 DEC 2021 14:23
entering extended mode
 restricted \write18 enabled.
 %&-line parsing enabled.
**conclusion.tex
(./conclusion.tex
LaTeX2e <2020-02-02> patch level 2
L3 programming layer <2020-02-14>
! Undefined control sequence.
l.1 \chapter
            *{–ó–∞–∫–ª—é—á–µ–Ω–∏–µ}
The control sequence at the end of the top line
of your error message was never \def'ed. If you have
misspelled it (e.g., `\hobx'), type `I' and the correct
spelling (e.g., `I\hbox'). Otherwise just continue,
and I'll forget about whatever was undefined.


! LaTeX Error: Missing \begin{document}.

See the LaTeX manual or LaTeX Companion for explanation.
Type  H <return>  for immediate help.
 ...                                              
                                                  
l.1 \chapter*
             {–ó–∞–∫–ª—é—á–µ–Ω–∏–µ}
You're in trouble here.  Try typing  <return>  to proceed.
If that doesn't work, type  X <return>  to quit.

Missing character: There is no * in font nullfont!

! Package inputenc Error: Unicode character –ó (U+0417)
(inputenc)                not set up for use with LaTeX.

See the inputenc package documentation for explanation.
Type  H <return>  for immediate help.
 ...                                              
                                                  
l.1 \chapter*{–ó
                –∞–∫–ª—é—á–µ–Ω–∏–µ}
You may provide a definition with
\DeclareUnicodeCharacter 


! Package inputenc Error: Unicode character –∞ (U+0430)
(inputenc)                not set up for use with LaTeX.

See the inputenc package documentation for explanation.
Type  H <return>  for immediate help.
 ...                                              
                                                  
l.1 \chapter*{–ó–∞
                  –∫–ª—é—á–µ–Ω–∏–µ}
You may provide a definition with
\DeclareUnicodeCharacter 


! Package inputenc Error: Unicode character –∫ (U+043A)
(inputenc)                not set up for use with LaTeX.

See the inputenc package documentation for explanation.
Type  H <return>  for immediate help.
 ...                                              
                                                  
l.1 \chapter*{–ó–∞–∫
                    –ª—é—á–µ–Ω–∏–µ}
You may provide a definition with
\DeclareUnicodeCharacter 


! Package inputenc Error: Unicode character –ª (U+043B)
(inputenc)                not set up for use with LaTeX.

See the inputenc package documentation for explanation.
Type  H <return>  for immediate help.
 ...                                              
                                                  
l.1 \chapter*{–ó–∞–∫–ª
                      —é—á–µ–Ω–∏–µ}
You may provide a definition with
\DeclareUnicodeCharacter 


! Package inputenc Error: Unicode character —é (U+044E)
(inputenc)                not set up for use with LaTeX.

See the inputenc package documentation for explanation.
Type  H <return>  for immediate help.
 ...                                              
                                                  
l.1 \chapter*{–ó–∞–∫–ª—é
                        —á–µ–Ω–∏–µ}
You may provide a definition with
\DeclareUnicodeCharacter 


! Package inputenc Error: Unicode character —á (U+0447)
(inputenc)                not set up for use with LaTeX.

See the inputenc package documentation for explanation.
Type  H <return>  for immediate help.
 ...                                              
                                                  
l.1 \chapter*{–ó–∞–∫–ª—é—á
                          –µ–Ω–∏–µ}
You may provide a definition with
\DeclareUnicodeCharacter 


! Package inputenc Error: Unicode character –µ (U+0435)
(inputenc)                not set up for use with LaTeX.

See the inputenc package documentation for explanation.
Type  H <return>  for immediate help.
 ...                                              
                                                  
l.1 \chapter*{–ó–∞–∫–ª—é—á–µ
                            –Ω–∏–µ}
You may provide a definition with
\DeclareUnicodeCharacter 


! Package inputenc Error: Unicode character –Ω (U+043D)
(inputenc)                not set up for use with LaTeX.

See the inputenc package documentation for explanation.
Type  H <return>  for immediate help.
 ...                                              
                                                  
l.1 \chapter*{–ó–∞–∫–ª—é—á–µ–Ω
                              –∏–µ}
You may provide a definition with
\DeclareUnicodeCharacter 


! Package inputenc Error: Unicode character –∏ (U+0438)
(inputenc)                not set up for use with LaTeX.

See the inputenc package documentation for explanation.
Type  H <return>  for immediate help.
 ...                                              
                                                  
l.1 \chapter*{–ó–∞–∫–ª—é—á–µ–Ω–∏
                                –µ}
You may provide a definition with
\DeclareUnicodeCharacter 


! Package inputenc Error: Unicode character –µ (U+0435)
(inputenc)                not set up for use with LaTeX.

See the inputenc package documentation for explanation.
Type  H <return>  for immediate help.
 ...                                              
                                                  
l.1 \chapter*{–ó–∞–∫–ª—é—á–µ–Ω–∏–µ
                                  }
You may provide a definition with
\DeclareUnicodeCharacter 


Overfull \hbox (20.0pt too wide) in paragraph at lines 1--3
[]
 []


! Package inputenc Error: Unicode character –¶ (U+0426)
(inputenc)                not set up for use with LaTeX.

See the inputenc package documentation for explanation.
Type  H <return>  for immediate help.
 ...                                              
                                                  
l.4 –¶
      –µ–ª—å, –ø–æ—Å—Ç–∞–≤–ª–µ–Ω–Ω–∞—è –ø–µ—Ä–µ–¥ –Ω–∞—á–∞–ª–æ–º —Ä–∞–±–æ—Ç—...

You may provide a definition with
\DeclareUnicodeCharacter 


! Package inputenc Error: Unicode character –µ (U+0435)
(inputenc)                not set up for use with LaTeX.

See the inputenc package documentation for explanation.
Type  H <return>  for immediate help.
 ...                                              
                                                  
l.4 –¶–µ
        –ª—å, –ø–æ—Å—Ç–∞–≤–ª–µ–Ω–Ω–∞—è –ø–µ—Ä–µ–¥ –Ω–∞—á–∞–ª–æ–º —Ä–∞–±–æ—Ç—...

You may provide a definition with
\DeclareUnicodeCharacter 


! Package inputenc Error: Unicode character –ª (U+043B)
(inputenc)                not set up for use with LaTeX.

See the inputenc package documentation for explanation.
Type  H <return>  for immediate help.
 ...                                              
                                                  
l.4 –¶–µ–ª
          —å, –ø–æ—Å—Ç–∞–≤–ª–µ–Ω–Ω–∞—è –ø–µ—Ä–µ–¥ –Ω–∞—á–∞–ª–æ–º —Ä–∞–±–æ—Ç—...

You may provide a definition with
\DeclareUnicodeCharacter 


! Package inputenc Error: Unicode character —å (U+044C)
(inputenc)                not set up for use with LaTeX.

See the inputenc package documentation for explanation.
Type  H <return>  for immediate help.
 ...                                              
                                                  
l.4 –¶–µ–ª—å
            , –ø–æ—Å—Ç–∞–≤–ª–µ–Ω–Ω–∞—è –ø–µ—Ä–µ–¥ –Ω–∞—á–∞–ª–æ–º —Ä–∞–±–æ—Ç—...

You may provide a definition with
\DeclareUnicodeCharacter 


! LaTeX Error: Missing \begin{document}.

See the LaTeX manual or LaTeX Companion for explanation.
Type  H <return>  for immediate help.
 ...                                              
                                                  
l.4 –¶–µ–ª—å,
              –ø–æ—Å—Ç–∞–≤–ª–µ–Ω–Ω–∞—è –ø–µ—Ä–µ–¥ –Ω–∞—á–∞–ª–æ–º —Ä–∞–±–æ—Ç—...

You're in trouble here.  Try typing  <return>  to proceed.
If that doesn't work, type  X <return>  to quit.

Missing character: There is no , in font nullfont!

! Package inputenc Error: Unicode character –ø (U+043F)
(inputenc)                not set up for use with LaTeX.

See the inputenc package documentation for explanation.
Type  H <return>  for immediate help.
 ...                                              
                                                  
l.4 –¶–µ–ª—å, –ø
                –æ—Å—Ç–∞–≤–ª–µ–Ω–Ω–∞—è –ø–µ—Ä–µ–¥ –Ω–∞—á–∞–ª–æ–º —Ä–∞–±–æ—Ç—...

You may provide a definition with
\DeclareUnicodeCharacter 


! Package inputenc Error: Unicode character –æ (U+043E)
(inputenc)                not set up for use with LaTeX.

See the inputenc package documentation for explanation.
Type  H <return>  for immediate help.
 ...                                              
                                                  
l.4 –¶–µ–ª—å, –ø–æ
                  —Å—Ç–∞–≤–ª–µ–Ω–Ω–∞—è –ø–µ—Ä–µ–¥ –Ω–∞—á–∞–ª–æ–º —Ä–∞–±–æ—Ç—...

You may provide a definition with
\DeclareUnicodeCharacter 


! Package inputenc Error: Unicode character —Å (U+0441)
(inputenc)                not set up for use with LaTeX.

See the inputenc package documentation for explanation.
Type  H <return>  for immediate help.
 ...                                              
                                                  
l.4 –¶–µ–ª—å, –ø–æ—Å
                    —Ç–∞–≤–ª–µ–Ω–Ω–∞—è –ø–µ—Ä–µ–¥ –Ω–∞—á–∞–ª–æ–º —Ä–∞–±–æ—Ç—...

You may provide a definition with
\DeclareUnicodeCharacter 


! Package inputenc Error: Unicode character —Ç (U+0442)
(inputenc)                not set up for use with LaTeX.

See the inputenc package documentation for explanation.
Type  H <return>  for immediate help.
 ...                                              
                                                  
l.4 –¶–µ–ª—å, –ø–æ—Å—Ç
                      –∞–≤–ª–µ–Ω–Ω–∞—è –ø–µ—Ä–µ–¥ –Ω–∞—á–∞–ª–æ–º —Ä–∞–±–æ—Ç—...

You may provide a definition with
\DeclareUnicodeCharacter 


! Package inputenc Error: Unicode character –∞ (U+0430)
(inputenc)                not set up for use with LaTeX.

See the inputenc package documentation for explanation.
Type  H <return>  for immediate help.
 ...                                              
                                                  
l.4 –¶–µ–ª—å, –ø–æ—Å—Ç–∞
                        –≤–ª–µ–Ω–Ω–∞—è –ø–µ—Ä–µ–¥ –Ω–∞—á–∞–ª–æ–º —Ä–∞–±–æ—Ç—...

You may provide a definition with
\DeclareUnicodeCharacter 


! Package inputenc Error: Unicode character –≤ (U+0432)
(inputenc)                not set up for use with LaTeX.

See the inputenc package documentation for explanation.
Type  H <return>  for immediate help.
 ...                                              
                                                  
l.4 –¶–µ–ª—å, –ø–æ—Å—Ç–∞–≤
                          –ª–µ–Ω–Ω–∞—è –ø–µ—Ä–µ–¥ –Ω–∞—á–∞–ª–æ–º —Ä–∞–±–æ—Ç—...

You may provide a definition with
\DeclareUnicodeCharacter 


! Package inputenc Error: Unicode character –ª (U+043B)
(inputenc)                not set up for use with LaTeX.

See the inputenc package documentation for explanation.
Type  H <return>  for immediate help.
 ...                                              
                                                  
l.4 –¶–µ–ª—å, –ø–æ—Å—Ç–∞–≤–ª
                            –µ–Ω–Ω–∞—è –ø–µ—Ä–µ–¥ –Ω–∞—á–∞–ª–æ–º —Ä–∞–±–æ—Ç—...

You may provide a definition with
\DeclareUnicodeCharacter 


! Package inputenc Error: Unicode character –µ (U+0435)
(inputenc)                not set up for use with LaTeX.

See the inputenc package documentation for explanation.
Type  H <return>  for immediate help.
 ...                                              
                                                  
l.4 –¶–µ–ª—å, –ø–æ—Å—Ç–∞–≤–ª–µ
                              –Ω–Ω–∞—è –ø–µ—Ä–µ–¥ –Ω–∞—á–∞–ª–æ–º —Ä–∞–±–æ—Ç—...

You may provide a definition with
\DeclareUnicodeCharacter 


! Package inputenc Error: Unicode character –Ω (U+043D)
(inputenc)                not set up for use with LaTeX.

See the inputenc package documentation for explanation.
Type  H <return>  for immediate help.
 ...                                              
                                                  
l.4 –¶–µ–ª—å, –ø–æ—Å—Ç–∞–≤–ª–µ–Ω
                                –Ω–∞—è –ø–µ—Ä–µ–¥ –Ω–∞—á–∞–ª–æ–º —Ä–∞–±–æ—Ç—...

You may provide a definition with
\DeclareUnicodeCharacter 


! Package inputenc Error: Unicode character –Ω (U+043D)
(inputenc)                not set up for use with LaTeX.

See the inputenc package documentation for explanation.
Type  H <return>  for immediate help.
 ...                                              
                                                  
l.4 –¶–µ–ª—å, –ø–æ—Å—Ç–∞–≤–ª–µ–Ω–Ω
                                  –∞—è –ø–µ—Ä–µ–¥ –Ω–∞—á–∞–ª–æ–º —Ä–∞–±–æ—Ç—...

You may provide a definition with
\DeclareUnicodeCharacter 


! Package inputenc Error: Unicode character –∞ (U+0430)
(inputenc)                not set up for use with LaTeX.

See the inputenc package documentation for explanation.
Type  H <return>  for immediate help.
 ...                                              
                                                  
l.4 –¶–µ–ª—å, –ø–æ—Å—Ç–∞–≤–ª–µ–Ω–Ω–∞
                                    —è –ø–µ—Ä–µ–¥ –Ω–∞—á–∞–ª–æ–º —Ä–∞–±–æ—Ç—...

You may provide a definition with
\DeclareUnicodeCharacter 


! Package inputenc Error: Unicode character —è (U+044F)
(inputenc)                not set up for use with LaTeX.

See the inputenc package documentation for explanation.
Type  H <return>  for immediate help.
 ...                                              
                                                  
l.4 –¶–µ–ª—å, –ø–æ—Å—Ç–∞–≤–ª–µ–Ω–Ω–∞—è
                                       –ø–µ—Ä–µ–¥ –Ω–∞—á–∞–ª–æ–º —Ä–∞–±–æ—Ç—...

You may provide a definition with
\DeclareUnicodeCharacter 


! Package inputenc Error: Unicode character –ø (U+043F)
(inputenc)                not set up for use with LaTeX.

See the inputenc package documentation for explanation.
Type  H <return>  for immediate help.
 ...                                              
                                                  
l.4 –¶–µ–ª—å, –ø–æ—Å—Ç–∞–≤–ª–µ–Ω–Ω–∞—è –ø
                                         –µ—Ä–µ–¥ –Ω–∞—á–∞–ª–æ–º —Ä–∞–±–æ—Ç—...

You may provide a definition with
\DeclareUnicodeCharacter 


! Package inputenc Error: Unicode character –µ (U+0435)
(inputenc)                not set up for use with LaTeX.

See the inputenc package documentation for explanation.
Type  H <return>  for immediate help.
 ...                                              
                                                  
l.4 –¶–µ–ª—å, –ø–æ—Å—Ç–∞–≤–ª–µ–Ω–Ω–∞—è –ø–µ
                                           —Ä–µ–¥ –Ω–∞—á–∞–ª–æ–º —Ä–∞–±–æ—Ç—...

You may provide a definition with
\DeclareUnicodeCharacter 


! Package inputenc Error: Unicode character —Ä (U+0440)
(inputenc)                not set up for use with LaTeX.

See the inputenc package documentation for explanation.
Type  H <return>  for immediate help.
 ...                                              
                                                  
l.4 –¶–µ–ª—å, –ø–æ—Å—Ç–∞–≤–ª–µ–Ω–Ω–∞—è –ø–µ—Ä
                                             –µ–¥ –Ω–∞—á–∞–ª–æ–º —Ä–∞–±–æ—Ç—...

You may provide a definition with
\DeclareUnicodeCharacter 


! Package inputenc Error: Unicode character –µ (U+0435)
(inputenc)                not set up for use with LaTeX.

See the inputenc package documentation for explanation.
Type  H <return>  for immediate help.
 ...                                              
                                                  
l.4 –¶–µ–ª—å, –ø–æ—Å—Ç–∞–≤–ª–µ–Ω–Ω–∞—è –ø–µ—Ä–µ
                                               –¥ –Ω–∞—á–∞–ª–æ–º —Ä–∞–±–æ—Ç—...

You may provide a definition with
\DeclareUnicodeCharacter 


! Package inputenc Error: Unicode character –¥ (U+0434)
(inputenc)                not set up for use with LaTeX.

See the inputenc package documentation for explanation.
Type  H <return>  for immediate help.
 ...                                              
                                                  
l.4 –¶–µ–ª—å, –ø–æ—Å—Ç–∞–≤–ª–µ–Ω–Ω–∞—è –ø–µ—Ä–µ–¥
                                                  –Ω–∞—á–∞–ª–æ–º —Ä–∞–±–æ—Ç—...

You may provide a definition with
\DeclareUnicodeCharacter 


! Package inputenc Error: Unicode character –Ω (U+043D)
(inputenc)                not set up for use with LaTeX.

See the inputenc package documentation for explanation.
Type  H <return>  for immediate help.
 ...                                              
                                                  
l.4 ...ª—å, –ø–æ—Å—Ç–∞–≤–ª–µ–Ω–Ω–∞—è –ø–µ—Ä–µ–¥ –Ω
                                                  –∞—á–∞–ª–æ–º —Ä–∞–±–æ—Ç—ã,...

You may provide a definition with
\DeclareUnicodeCharacter 


! Package inputenc Error: Unicode character –∞ (U+0430)
(inputenc)                not set up for use with LaTeX.

See the inputenc package documentation for explanation.
Type  H <return>  for immediate help.
 ...                                              
                                                  
l.4 ...å, –ø–æ—Å—Ç–∞–≤–ª–µ–Ω–Ω–∞—è –ø–µ—Ä–µ–¥ –Ω–∞
                                                  —á–∞–ª–æ–º —Ä–∞–±–æ—Ç—ã, –...

You may provide a definition with
\DeclareUnicodeCharacter 


! Package inputenc Error: Unicode character —á (U+0447)
(inputenc)                not set up for use with LaTeX.

See the inputenc package documentation for explanation.
Type  H <return>  for immediate help.
 ...                                              
                                                  
l.4 ... –ø–æ—Å—Ç–∞–≤–ª–µ–Ω–Ω–∞—è –ø–µ—Ä–µ–¥ –Ω–∞—á
                                                  –∞–ª–æ–º —Ä–∞–±–æ—Ç—ã, –±—...

You may provide a definition with
\DeclareUnicodeCharacter 


! Package inputenc Error: Unicode character –∞ (U+0430)
(inputenc)                not set up for use with LaTeX.

See the inputenc package documentation for explanation.
Type  H <return>  for immediate help.
 ...                                              
                                                  
l.4 ...ø–æ—Å—Ç–∞–≤–ª–µ–Ω–Ω–∞—è –ø–µ—Ä–µ–¥ –Ω–∞—á–∞
                                                  –ª–æ–º —Ä–∞–±–æ—Ç—ã, –±—ã–...

You may provide a definition with
\DeclareUnicodeCharacter 


! Package inputenc Error: Unicode character –ª (U+043B)
(inputenc)                not set up for use with LaTeX.

See the inputenc package documentation for explanation.
Type  H <return>  for immediate help.
 ...                                              
                                                  
l.4 ...æ—Å—Ç–∞–≤–ª–µ–Ω–Ω–∞—è –ø–µ—Ä–µ–¥ –Ω–∞—á–∞–ª
                                                  –æ–º —Ä–∞–±–æ—Ç—ã, –±—ã–ª–...

You may provide a definition with
\DeclareUnicodeCharacter 


! Package inputenc Error: Unicode character –æ (U+043E)
(inputenc)                not set up for use with LaTeX.

See the inputenc package documentation for explanation.
Type  H <return>  for immediate help.
 ...                                              
                                                  
l.4 ...Å—Ç–∞–≤–ª–µ–Ω–Ω–∞—è –ø–µ—Ä–µ–¥ –Ω–∞—á–∞–ª–æ
                                                  –º —Ä–∞–±–æ—Ç—ã, –±—ã–ª–∞ ...

You may provide a definition with
\DeclareUnicodeCharacter 


! Package inputenc Error: Unicode character –º (U+043C)
(inputenc)                not set up for use with LaTeX.

See the inputenc package documentation for explanation.
Type  H <return>  for immediate help.
 ...                                              
                                                  
l.4 ...Ç–∞–≤–ª–µ–Ω–Ω–∞—è –ø–µ—Ä–µ–¥ –Ω–∞—á–∞–ª–æ–º
                                                   —Ä–∞–±–æ—Ç—ã, –±—ã–ª–∞ –¥...

You may provide a definition with
\DeclareUnicodeCharacter 


! Package inputenc Error: Unicode character —Ä (U+0440)
(inputenc)                not set up for use with LaTeX.

See the inputenc package documentation for explanation.
Type  H <return>  for immediate help.
 ...                                              
                                                  
l.4 ...–≤–ª–µ–Ω–Ω–∞—è –ø–µ—Ä–µ–¥ –Ω–∞—á–∞–ª–æ–º —Ä
                                                  –∞–±–æ—Ç—ã, –±—ã–ª–∞ –¥–æ—...

You may provide a definition with
\DeclareUnicodeCharacter 


! Package inputenc Error: Unicode character –∞ (U+0430)
(inputenc)                not set up for use with LaTeX.

See the inputenc package documentation for explanation.
Type  H <return>  for immediate help.
 ...                                              
                                                  
l.4 ...–ª–µ–Ω–Ω–∞—è –ø–µ—Ä–µ–¥ –Ω–∞—á–∞–ª–æ–º —Ä–∞
                                                  –±–æ—Ç—ã, –±—ã–ª–∞ –¥–æ—Å—...

You may provide a definition with
\DeclareUnicodeCharacter 


! Package inputenc Error: Unicode character –± (U+0431)
(inputenc)                not set up for use with LaTeX.

See the inputenc package documentation for explanation.
Type  H <return>  for immediate help.
 ...                                              
                                                  
l.4 ...–µ–Ω–Ω–∞—è –ø–µ—Ä–µ–¥ –Ω–∞—á–∞–ª–æ–º —Ä–∞–±
                                                  –æ—Ç—ã, –±—ã–ª–∞ –¥–æ—Å—Ç–...

You may provide a definition with
\DeclareUnicodeCharacter 


! Package inputenc Error: Unicode character –æ (U+043E)
(inputenc)                not set up for use with LaTeX.

See the inputenc package documentation for explanation.
Type  H <return>  for immediate help.
 ...                                              
                                                  
l.4 ...–Ω–Ω–∞—è –ø–µ—Ä–µ–¥ –Ω–∞—á–∞–ª–æ–º —Ä–∞–±–æ
                                                  —Ç—ã, –±—ã–ª–∞ –¥–æ—Å—Ç–∏–...

You may provide a definition with
\DeclareUnicodeCharacter 


! Package inputenc Error: Unicode character —Ç (U+0442)
(inputenc)                not set up for use with LaTeX.

See the inputenc package documentation for explanation.
Type  H <return>  for immediate help.
 ...                                              
                                                  
l.4 ...–Ω–∞—è –ø–µ—Ä–µ–¥ –Ω–∞—á–∞–ª–æ–º —Ä–∞–±–æ—Ç
                                                  —ã, –±—ã–ª–∞ –¥–æ—Å—Ç–∏–≥–...

You may provide a definition with
\DeclareUnicodeCharacter 


! Package inputenc Error: Unicode character —ã (U+044B)
(inputenc)                not set up for use with LaTeX.

See the inputenc package documentation for explanation.
Type  H <return>  for immediate help.
 ...                                              
                                                  
l.4 ...–∞—è –ø–µ—Ä–µ–¥ –Ω–∞—á–∞–ª–æ–º —Ä–∞–±–æ—Ç—ã
                                                  , –±—ã–ª–∞ –¥–æ—Å—Ç–∏–≥–Ω—...

You may provide a definition with
\DeclareUnicodeCharacter 

Missing character: There is no , in font nullfont!

! Package inputenc Error: Unicode character –± (U+0431)
(inputenc)                not set up for use with LaTeX.

See the inputenc package documentation for explanation.
Type  H <return>  for immediate help.
 ...                                              
                                                  
l.4 ... –ø–µ—Ä–µ–¥ –Ω–∞—á–∞–ª–æ–º —Ä–∞–±–æ—Ç—ã, –±
                                                  —ã–ª–∞ –¥–æ—Å—Ç–∏–≥–Ω—É—Ç–...

You may provide a definition with
\DeclareUnicodeCharacter 


! Package inputenc Error: Unicode character —ã (U+044B)
(inputenc)                not set up for use with LaTeX.

See the inputenc package documentation for explanation.
Type  H <return>  for immediate help.
 ...                                              
                                                  
l.4 ...ø–µ—Ä–µ–¥ –Ω–∞—á–∞–ª–æ–º —Ä–∞–±–æ—Ç—ã, –±—ã
                                                  –ª–∞ –¥–æ—Å—Ç–∏–≥–Ω—É—Ç–∞:...

You may provide a definition with
\DeclareUnicodeCharacter 


! Package inputenc Error: Unicode character –ª (U+043B)
(inputenc)                not set up for use with LaTeX.

See the inputenc package documentation for explanation.
Type  H <return>  for immediate help.
 ...                                              
                                                  
l.4 ...µ—Ä–µ–¥ –Ω–∞—á–∞–ª–æ–º —Ä–∞–±–æ—Ç—ã, –±—ã–ª
                                                  –∞ –¥–æ—Å—Ç–∏–≥–Ω—É—Ç–∞: –...

You may provide a definition with
\DeclareUnicodeCharacter 


! Package inputenc Error: Unicode character –∞ (U+0430)
(inputenc)                not set up for use with LaTeX.

See the inputenc package documentation for explanation.
Type  H <return>  for immediate help.
 ...                                              
                                                  
l.4 ...Ä–µ–¥ –Ω–∞—á–∞–ª–æ–º —Ä–∞–±–æ—Ç—ã, –±—ã–ª–∞
                                                   –¥–æ—Å—Ç–∏–≥–Ω—É—Ç–∞: –±—...

You may provide a definition with
\DeclareUnicodeCharacter 


! Package inputenc Error: Unicode character –¥ (U+0434)
(inputenc)                not set up for use with LaTeX.

See the inputenc package documentation for explanation.
Type  H <return>  for immediate help.
 ...                                              
                                                  
l.4 ...–¥ –Ω–∞—á–∞–ª–æ–º —Ä–∞–±–æ—Ç—ã, –±—ã–ª–∞ –¥
                                                  –æ—Å—Ç–∏–≥–Ω—É—Ç–∞: –±—ã–ª...

You may provide a definition with
\DeclareUnicodeCharacter 


! Package inputenc Error: Unicode character –æ (U+043E)
(inputenc)                not set up for use with LaTeX.

See the inputenc package documentation for explanation.
Type  H <return>  for immediate help.
 ...                                              
                                                  
l.4 ... –Ω–∞—á–∞–ª–æ–º —Ä–∞–±–æ—Ç—ã, –±—ã–ª–∞ –¥–æ
                                                  —Å—Ç–∏–≥–Ω—É—Ç–∞: –±—ã–ª–∞...

You may provide a definition with
\DeclareUnicodeCharacter 


! Package inputenc Error: Unicode character —Å (U+0441)
(inputenc)                not set up for use with LaTeX.

See the inputenc package documentation for explanation.
Type  H <return>  for immediate help.
 ...                                              
                                                  
l.4 ...Ω–∞—á–∞–ª–æ–º —Ä–∞–±–æ—Ç—ã, –±—ã–ª–∞ –¥–æ—Å
                                                  —Ç–∏–≥–Ω—É—Ç–∞: –±—ã–ª–∞ –...

You may provide a definition with
\DeclareUnicodeCharacter 


! Package inputenc Error: Unicode character —Ç (U+0442)
(inputenc)                not set up for use with LaTeX.

See the inputenc package documentation for explanation.
Type  H <return>  for immediate help.
 ...                                              
                                                  
l.4 ...∞—á–∞–ª–æ–º —Ä–∞–±–æ—Ç—ã, –±—ã–ª–∞ –¥–æ—Å—Ç
                                                  –∏–≥–Ω—É—Ç–∞: –±—ã–ª–∞ –∏–...

You may provide a definition with
\DeclareUnicodeCharacter 


! Package inputenc Error: Unicode character –∏ (U+0438)
(inputenc)                not set up for use with LaTeX.

See the inputenc package documentation for explanation.
Type  H <return>  for immediate help.
 ...                                              
                                                  
l.4 ...á–∞–ª–æ–º —Ä–∞–±–æ—Ç—ã, –±—ã–ª–∞ –¥–æ—Å—Ç–∏
                                                  –≥–Ω—É—Ç–∞: –±—ã–ª–∞ –∏–∑—...

You may provide a definition with
\DeclareUnicodeCharacter 


! Package inputenc Error: Unicode character –≥ (U+0433)
(inputenc)                not set up for use with LaTeX.

See the inputenc package documentation for explanation.
Type  H <return>  for immediate help.
 ...                                              
                                                  
l.4 ...∞–ª–æ–º —Ä–∞–±–æ—Ç—ã, –±—ã–ª–∞ –¥–æ—Å—Ç–∏–≥
                                                  –Ω—É—Ç–∞: –±—ã–ª–∞ –∏–∑—É—...

You may provide a definition with
\DeclareUnicodeCharacter 


! Package inputenc Error: Unicode character –Ω (U+043D)
(inputenc)                not set up for use with LaTeX.

See the inputenc package documentation for explanation.
Type  H <return>  for immediate help.
 ...                                              
                                                  
l.4 ...ª–æ–º —Ä–∞–±–æ—Ç—ã, –±—ã–ª–∞ –¥–æ—Å—Ç–∏–≥–Ω
                                                  —É—Ç–∞: –±—ã–ª–∞ –∏–∑—É—á–...

You may provide a definition with
\DeclareUnicodeCharacter 


! Package inputenc Error: Unicode character —É (U+0443)
(inputenc)                not set up for use with LaTeX.

See the inputenc package documentation for explanation.
Type  H <return>  for immediate help.
 ...                                              
                                                  
l.4 ...æ–º —Ä–∞–±–æ—Ç—ã, –±—ã–ª–∞ –¥–æ—Å—Ç–∏–≥–Ω—É
                                                  —Ç–∞: –±—ã–ª–∞ –∏–∑—É—á–µ–...

You may provide a definition with
\DeclareUnicodeCharacter 


! Package inputenc Error: Unicode character —Ç (U+0442)
(inputenc)                not set up for use with LaTeX.

See the inputenc package documentation for explanation.
Type  H <return>  for immediate help.
 ...                                              
                                                  
l.4 ...º —Ä–∞–±–æ—Ç—ã, –±—ã–ª–∞ –¥–æ—Å—Ç–∏–≥–Ω—É—Ç
                                                  –∞: –±—ã–ª–∞ –∏–∑—É—á–µ–Ω–...

You may provide a definition with
\DeclareUnicodeCharacter 


! Package inputenc Error: Unicode character –∞ (U+0430)
(inputenc)                not set up for use with LaTeX.

See the inputenc package documentation for explanation.
Type  H <return>  for immediate help.
 ...                                              
                                                  
l.4 ...—Ä–∞–±–æ—Ç—ã, –±—ã–ª–∞ –¥–æ—Å—Ç–∏–≥–Ω—É—Ç–∞
                                                  : –±—ã–ª–∞ –∏–∑—É—á–µ–Ω–∏—...

You may provide a definition with
\DeclareUnicodeCharacter 

Missing character: There is no : in font nullfont!

! Package inputenc Error: Unicode character –± (U+0431)
(inputenc)                not set up for use with LaTeX.

See the inputenc package documentation for explanation.
Type  H <return>  for immediate help.
 ...                                              
                                                  
l.4 ...–±–æ—Ç—ã, –±—ã–ª–∞ –¥–æ—Å—Ç–∏–≥–Ω—É—Ç–∞: –±
                                                  —ã–ª–∞ –∏–∑—É—á–µ–Ω–∏—è —Å...

You may provide a definition with
\DeclareUnicodeCharacter 


! Package inputenc Error: Unicode character —ã (U+044B)
(inputenc)                not set up for use with LaTeX.

See the inputenc package documentation for explanation.
Type  H <return>  for immediate help.
 ...                                              
                                                  
l.4 ...–æ—Ç—ã, –±—ã–ª–∞ –¥–æ—Å—Ç–∏–≥–Ω—É—Ç–∞: –±—ã
                                                  –ª–∞ –∏–∑—É—á–µ–Ω–∏—è —Å–∏...

You may provide a definition with
\DeclareUnicodeCharacter 


! Package inputenc Error: Unicode character –ª (U+043B)
(inputenc)                not set up for use with LaTeX.

See the inputenc package documentation for explanation.
Type  H <return>  for immediate help.
 ...                                              
                                                  
l.4 ...—Ç—ã, –±—ã–ª–∞ –¥–æ—Å—Ç–∏–≥–Ω—É—Ç–∞: –±—ã–ª
                                                  –∞ –∏–∑—É—á–µ–Ω–∏—è —Å–∏—Å...

You may provide a definition with
\DeclareUnicodeCharacter 


! Package inputenc Error: Unicode character –∞ (U+0430)
(inputenc)                not set up for use with LaTeX.

See the inputenc package documentation for explanation.
Type  H <return>  for immediate help.
 ...                                              
                                                  
l.4 ...—ã, –±—ã–ª–∞ –¥–æ—Å—Ç–∏–≥–Ω—É—Ç–∞: –±—ã–ª–∞
                                                   –∏–∑—É—á–µ–Ω–∏—è —Å–∏—Å—Ç...

You may provide a definition with
\DeclareUnicodeCharacter 


! Package inputenc Error: Unicode character –∏ (U+0438)
(inputenc)                not set up for use with LaTeX.

See the inputenc package documentation for explanation.
Type  H <return>  for immediate help.
 ...                                              
                                                  
l.4 ... –±—ã–ª–∞ –¥–æ—Å—Ç–∏–≥–Ω—É—Ç–∞: –±—ã–ª–∞ –∏
                                                  –∑—É—á–µ–Ω–∏—è —Å–∏—Å—Ç–µ–...

You may provide a definition with
\DeclareUnicodeCharacter 


! Package inputenc Error: Unicode character –∑ (U+0437)
(inputenc)                not set up for use with LaTeX.

See the inputenc package documentation for explanation.
Type  H <return>  for immediate help.
 ...                                              
                                                  
l.4 ...±—ã–ª–∞ –¥–æ—Å—Ç–∏–≥–Ω—É—Ç–∞: –±—ã–ª–∞ –∏–∑
                                                  —É—á–µ–Ω–∏—è —Å–∏—Å—Ç–µ–º–...

You may provide a definition with
\DeclareUnicodeCharacter 


! Package inputenc Error: Unicode character —É (U+0443)
(inputenc)                not set up for use with LaTeX.

See the inputenc package documentation for explanation.
Type  H <return>  for immediate help.
 ...                                              
                                                  
l.4 ...ã–ª–∞ –¥–æ—Å—Ç–∏–≥–Ω—É—Ç–∞: –±—ã–ª–∞ –∏–∑—É
                                                  —á–µ–Ω–∏—è —Å–∏—Å—Ç–µ–º–∞ ...

You may provide a definition with
\DeclareUnicodeCharacter 


! Package inputenc Error: Unicode character —á (U+0447)
(inputenc)                not set up for use with LaTeX.

See the inputenc package documentation for explanation.
Type  H <return>  for immediate help.
 ...                                              
                                                  
l.4 ...ª–∞ –¥–æ—Å—Ç–∏–≥–Ω—É—Ç–∞: –±—ã–ª–∞ –∏–∑—É—á
                                                  –µ–Ω–∏—è —Å–∏—Å—Ç–µ–º–∞ –Ω...

You may provide a definition with
\DeclareUnicodeCharacter 


! Package inputenc Error: Unicode character –µ (U+0435)
(inputenc)                not set up for use with LaTeX.

See the inputenc package documentation for explanation.
Type  H <return>  for immediate help.
 ...                                              
                                                  
l.4 ...∞ –¥–æ—Å—Ç–∏–≥–Ω—É—Ç–∞: –±—ã–ª–∞ –∏–∑—É—á–µ
                                                  –Ω–∏—è —Å–∏—Å—Ç–µ–º–∞ –Ω–∞...

You may provide a definition with
\DeclareUnicodeCharacter 


! Package inputenc Error: Unicode character –Ω (U+043D)
(inputenc)                not set up for use with LaTeX.

See the inputenc package documentation for explanation.
Type  H <return>  for immediate help.
 ...                                              
                                                  
l.4 ...–¥–æ—Å—Ç–∏–≥–Ω—É—Ç–∞: –±—ã–ª–∞ –∏–∑—É—á–µ–Ω
                                                  –∏—è —Å–∏—Å—Ç–µ–º–∞ –Ω–∞ –...

You may provide a definition with
\DeclareUnicodeCharacter 


! Package inputenc Error: Unicode character –∏ (U+0438)
(inputenc)                not set up for use with LaTeX.

See the inputenc package documentation for explanation.
Type  H <return>  for immediate help.
 ...                                              
                                                  
l.4 ...–æ—Å—Ç–∏–≥–Ω—É—Ç–∞: –±—ã–ª–∞ –∏–∑—É—á–µ–Ω–∏
                                                  —è —Å–∏—Å—Ç–µ–º–∞ –Ω–∞ –∫—...

You may provide a definition with
\DeclareUnicodeCharacter 


! Package inputenc Error: Unicode character —è (U+044F)
(inputenc)                not set up for use with LaTeX.

See the inputenc package documentation for explanation.
Type  H <return>  for immediate help.
 ...                                              
                                                  
l.4 ...—Å—Ç–∏–≥–Ω—É—Ç–∞: –±—ã–ª–∞ –∏–∑—É—á–µ–Ω–∏—è
                                                   —Å–∏—Å—Ç–µ–º–∞ –Ω–∞ –∫—Ä–...

You may provide a definition with
\DeclareUnicodeCharacter 


! Package inputenc Error: Unicode character —Å (U+0441)
(inputenc)                not set up for use with LaTeX.

See the inputenc package documentation for explanation.
Type  H <return>  for immediate help.
 ...                                              
                                                  
l.4 ...Ç–∏–≥–Ω—É—Ç–∞: –±—ã–ª–∞ –∏–∑—É—á–µ–Ω–∏—è —Å
                                                  –∏—Å—Ç–µ–º–∞ –Ω–∞ –∫—Ä–∏—Å...

You may provide a definition with
\DeclareUnicodeCharacter 


! Package inputenc Error: Unicode character –∏ (U+0438)
(inputenc)                not set up for use with LaTeX.

See the inputenc package documentation for explanation.
Type  H <return>  for immediate help.
 ...                                              
                                                  
l.4 ...∏–≥–Ω—É—Ç–∞: –±—ã–ª–∞ –∏–∑—É—á–µ–Ω–∏—è —Å–∏
                                                  —Å—Ç–µ–º–∞ –Ω–∞ –∫—Ä–∏—Å—Ç...

You may provide a definition with
\DeclareUnicodeCharacter 


! Package inputenc Error: Unicode character —Å (U+0441)
(inputenc)                not set up for use with LaTeX.

See the inputenc package documentation for explanation.
Type  H <return>  for immediate help.
 ...                                              
                                                  
l.4 ...≥–Ω—É—Ç–∞: –±—ã–ª–∞ –∏–∑—É—á–µ–Ω–∏—è —Å–∏—Å
                                                  —Ç–µ–º–∞ –Ω–∞ –∫—Ä–∏—Å—Ç–∞...

You may provide a definition with
\DeclareUnicodeCharacter 


! Package inputenc Error: Unicode character —Ç (U+0442)
(inputenc)                not set up for use with LaTeX.

See the inputenc package documentation for explanation.
Type  H <return>  for immediate help.
 ...                                              
                                                  
l.4 ...Ω—É—Ç–∞: –±—ã–ª–∞ –∏–∑—É—á–µ–Ω–∏—è —Å–∏—Å—Ç
                                                  –µ–º–∞ –Ω–∞ –∫—Ä–∏—Å—Ç–∞–ª...

You may provide a definition with
\DeclareUnicodeCharacter 


! Package inputenc Error: Unicode character –µ (U+0435)
(inputenc)                not set up for use with LaTeX.

See the inputenc package documentation for explanation.
Type  H <return>  for immediate help.
 ...                                              
                                                  
l.4 ...É—Ç–∞: –±—ã–ª–∞ –∏–∑—É—á–µ–Ω–∏—è —Å–∏—Å—Ç–µ
                                                  –º–∞ –Ω–∞ –∫—Ä–∏—Å—Ç–∞–ª–ª...

You may provide a definition with
\DeclareUnicodeCharacter 


! Package inputenc Error: Unicode character –º (U+043C)
(inputenc)                not set up for use with LaTeX.

See the inputenc package documentation for explanation.
Type  H <return>  for immediate help.
 ...                                              
                                                  
l.4 ...Ç–∞: –±—ã–ª–∞ –∏–∑—É—á–µ–Ω–∏—è —Å–∏—Å—Ç–µ–º
                                                  –∞ –Ω–∞ –∫—Ä–∏—Å—Ç–∞–ª–ª–µ...

You may provide a definition with
\DeclareUnicodeCharacter 


! Package inputenc Error: Unicode character –∞ (U+0430)
(inputenc)                not set up for use with LaTeX.

See the inputenc package documentation for explanation.
Type  H <return>  for immediate help.
 ...                                              
                                                  
l.4 ...∞: –±—ã–ª–∞ –∏–∑—É—á–µ–Ω–∏—è —Å–∏—Å—Ç–µ–º–∞
                                                   –Ω–∞ –∫—Ä–∏—Å—Ç–∞–ª–ª–µ –...

You may provide a definition with
\DeclareUnicodeCharacter 


! Package inputenc Error: Unicode character –Ω (U+043D)
(inputenc)                not set up for use with LaTeX.

See the inputenc package documentation for explanation.
Type  H <return>  for immediate help.
 ...                                              
                                                  
l.4 ...–±—ã–ª–∞ –∏–∑—É—á–µ–Ω–∏—è —Å–∏—Å—Ç–µ–º–∞ –Ω
                                                  –∞ –∫—Ä–∏—Å—Ç–∞–ª–ª–µ –Ω–∞...

You may provide a definition with
\DeclareUnicodeCharacter 


! Package inputenc Error: Unicode character –∞ (U+0430)
(inputenc)                not set up for use with LaTeX.

See the inputenc package documentation for explanation.
Type  H <return>  for immediate help.
 ...                                              
                                                  
l.4 ...—ã–ª–∞ –∏–∑—É—á–µ–Ω–∏—è —Å–∏—Å—Ç–µ–º–∞ –Ω–∞
                                                   –∫—Ä–∏—Å—Ç–∞–ª–ª–µ –Ω–∞ –...

You may provide a definition with
\DeclareUnicodeCharacter 


! Package inputenc Error: Unicode character –∫ (U+043A)
(inputenc)                not set up for use with LaTeX.

See the inputenc package documentation for explanation.
Type  H <return>  for immediate help.
 ...                                              
                                                  
l.4 ...ª–∞ –∏–∑—É—á–µ–Ω–∏—è —Å–∏—Å—Ç–µ–º–∞ –Ω–∞ –∫
                                                  —Ä–∏—Å—Ç–∞–ª–ª–µ –Ω–∞ –æ—Å...

You may provide a definition with
\DeclareUnicodeCharacter 


! Package inputenc Error: Unicode character —Ä (U+0440)
(inputenc)                not set up for use with LaTeX.

See the inputenc package documentation for explanation.
Type  H <return>  for immediate help.
 ...                                              
                                                  
l.4 ...∞ –∏–∑—É—á–µ–Ω–∏—è —Å–∏—Å—Ç–µ–º–∞ –Ω–∞ –∫—Ä
                                                  –∏—Å—Ç–∞–ª–ª–µ –Ω–∞ –æ—Å–Ω...

You may provide a definition with
\DeclareUnicodeCharacter 


! Package inputenc Error: Unicode character –∏ (U+0438)
(inputenc)                not set up for use with LaTeX.

See the inputenc package documentation for explanation.
Type  H <return>  for immediate help.
 ...                                              
                                                  
l.4 ...–∏–∑—É—á–µ–Ω–∏—è —Å–∏—Å—Ç–µ–º–∞ –Ω–∞ –∫—Ä–∏
                                                  —Å—Ç–∞–ª–ª–µ –Ω–∞ –æ—Å–Ω–æ...

You may provide a definition with
\DeclareUnicodeCharacter 


! Package inputenc Error: Unicode character —Å (U+0441)
(inputenc)                not set up for use with LaTeX.

See the inputenc package documentation for explanation.
Type  H <return>  for immediate help.
 ...                                              
                                                  
l.4 ...–∑—É—á–µ–Ω–∏—è —Å–∏—Å—Ç–µ–º–∞ –Ω–∞ –∫—Ä–∏—Å
                                                  —Ç–∞–ª–ª–µ –Ω–∞ –æ—Å–Ω–æ–≤...

You may provide a definition with
\DeclareUnicodeCharacter 


! Package inputenc Error: Unicode character —Ç (U+0442)
(inputenc)                not set up for use with LaTeX.

See the inputenc package documentation for explanation.
Type  H <return>  for immediate help.
 ...                                              
                                                  
l.4 ...—É—á–µ–Ω–∏—è —Å–∏—Å—Ç–µ–º–∞ –Ω–∞ –∫—Ä–∏—Å—Ç
                                                  –∞–ª–ª–µ –Ω–∞ –æ—Å–Ω–æ–≤–µ...

You may provide a definition with
\DeclareUnicodeCharacter 


! Package inputenc Error: Unicode character –∞ (U+0430)
(inputenc)                not set up for use with LaTeX.

See the inputenc package documentation for explanation.
Type  H <return>  for immediate help.
 ...                                              
                                                  
l.4 ...—á–µ–Ω–∏—è —Å–∏—Å—Ç–µ–º–∞ –Ω–∞ –∫—Ä–∏—Å—Ç–∞
                                                  –ª–ª–µ –Ω–∞ –æ—Å–Ω–æ–≤–µ –...

You may provide a definition with
\DeclareUnicodeCharacter 


! Package inputenc Error: Unicode character –ª (U+043B)
(inputenc)                not set up for use with LaTeX.

See the inputenc package documentation for explanation.
Type  H <return>  for immediate help.
 ...                                              
                                                  
l.4 ...–µ–Ω–∏—è —Å–∏—Å—Ç–µ–º–∞ –Ω–∞ –∫—Ä–∏—Å—Ç–∞–ª
                                                  –ª–µ –Ω–∞ –æ—Å–Ω–æ–≤–µ –ü–...

You may provide a definition with
\DeclareUnicodeCharacter 


! Package inputenc Error: Unicode character –ª (U+043B)
(inputenc)                not set up for use with LaTeX.

See the inputenc package documentation for explanation.
Type  H <return>  for immediate help.
 ...                                              
                                                  
l.4 ...–Ω–∏—è —Å–∏—Å—Ç–µ–º–∞ –Ω–∞ –∫—Ä–∏—Å—Ç–∞–ª–ª
                                                  –µ –Ω–∞ –æ—Å–Ω–æ–≤–µ –ü–õ–...

You may provide a definition with
\DeclareUnicodeCharacter 


! Package inputenc Error: Unicode character –µ (U+0435)
(inputenc)                not set up for use with LaTeX.

See the inputenc package documentation for explanation.
Type  H <return>  for immediate help.
 ...                                              
                                                  
l.4 ...–∏—è —Å–∏—Å—Ç–µ–º–∞ –Ω–∞ –∫—Ä–∏—Å—Ç–∞–ª–ª–µ
                                                   –Ω–∞ –æ—Å–Ω–æ–≤–µ –ü–õ–ò–...

You may provide a definition with
\DeclareUnicodeCharacter 


! Package inputenc Error: Unicode character –Ω (U+043D)
(inputenc)                not set up for use with LaTeX.

See the inputenc package documentation for explanation.
Type  H <return>  for immediate help.
 ...                                              
                                                  
l.4 ...è —Å–∏—Å—Ç–µ–º–∞ –Ω–∞ –∫—Ä–∏—Å—Ç–∞–ª–ª–µ –Ω
                                                  –∞ –æ—Å–Ω–æ–≤–µ –ü–õ–ò–°, ...

You may provide a definition with
\DeclareUnicodeCharacter 


! Package inputenc Error: Unicode character –∞ (U+0430)
(inputenc)                not set up for use with LaTeX.

See the inputenc package documentation for explanation.
Type  H <return>  for immediate help.
 ...                                              
                                                  
l.4 ...—Å–∏—Å—Ç–µ–º–∞ –Ω–∞ –∫—Ä–∏—Å—Ç–∞–ª–ª–µ –Ω–∞
                                                   –æ—Å–Ω–æ–≤–µ –ü–õ–ò–°, –∫...

You may provide a definition with
\DeclareUnicodeCharacter 


! Package inputenc Error: Unicode character –æ (U+043E)
(inputenc)                not set up for use with LaTeX.

See the inputenc package documentation for explanation.
Type  H <return>  for immediate help.
 ...                                              
                                                  
l.4 ...∏—Å—Ç–µ–º–∞ –Ω–∞ –∫—Ä–∏—Å—Ç–∞–ª–ª–µ –Ω–∞ –æ
                                                  —Å–Ω–æ–≤–µ –ü–õ–ò–°, –∫–æ—...

You may provide a definition with
\DeclareUnicodeCharacter 


! Package inputenc Error: Unicode character —Å (U+0441)
(inputenc)                not set up for use with LaTeX.

See the inputenc package documentation for explanation.
Type  H <return>  for immediate help.
 ...                                              
                                                  
l.4 ...Å—Ç–µ–º–∞ –Ω–∞ –∫—Ä–∏—Å—Ç–∞–ª–ª–µ –Ω–∞ –æ—Å
                                                  –Ω–æ–≤–µ –ü–õ–ò–°, –∫–æ—Ç–...

You may provide a definition with
\DeclareUnicodeCharacter 


! Package inputenc Error: Unicode character –Ω (U+043D)
(inputenc)                not set up for use with LaTeX.

See the inputenc package documentation for explanation.
Type  H <return>  for immediate help.
 ...                                              
                                                  
l.4 ...Ç–µ–º–∞ –Ω–∞ –∫—Ä–∏—Å—Ç–∞–ª–ª–µ –Ω–∞ –æ—Å–Ω
                                                  –æ–≤–µ –ü–õ–ò–°, –∫–æ—Ç–æ—...

You may provide a definition with
\DeclareUnicodeCharacter 


! Package inputenc Error: Unicode character –æ (U+043E)
(inputenc)                not set up for use with LaTeX.

See the inputenc package documentation for explanation.
Type  H <return>  for immediate help.
 ...                                              
                                                  
l.4 ...µ–º–∞ –Ω–∞ –∫—Ä–∏—Å—Ç–∞–ª–ª–µ –Ω–∞ –æ—Å–Ω–æ
                                                  –≤–µ –ü–õ–ò–°, –∫–æ—Ç–æ—Ä–...

You may provide a definition with
\DeclareUnicodeCharacter 


! Package inputenc Error: Unicode character –≤ (U+0432)
(inputenc)                not set up for use with LaTeX.

See the inputenc package documentation for explanation.
Type  H <return>  for immediate help.
 ...                                              
                                                  
l.4 ...º–∞ –Ω–∞ –∫—Ä–∏—Å—Ç–∞–ª–ª–µ –Ω–∞ –æ—Å–Ω–æ–≤
                                                  –µ –ü–õ–ò–°, –∫–æ—Ç–æ—Ä–∞—...

You may provide a definition with
\DeclareUnicodeCharacter 


! Package inputenc Error: Unicode character –µ (U+0435)
(inputenc)                not set up for use with LaTeX.

See the inputenc package documentation for explanation.
Type  H <return>  for immediate help.
 ...                                              
                                                  
l.4 ...∞ –Ω–∞ –∫—Ä–∏—Å—Ç–∞–ª–ª–µ –Ω–∞ –æ—Å–Ω–æ–≤–µ
                                                   –ü–õ–ò–°, –∫–æ—Ç–æ—Ä–∞—è ...

You may provide a definition with
\DeclareUnicodeCharacter 


! Package inputenc Error: Unicode character –ü (U+041F)
(inputenc)                not set up for use with LaTeX.

See the inputenc package documentation for explanation.
Type  H <return>  for immediate help.
 ...                                              
                                                  
l.4 ...Ω–∞ –∫—Ä–∏—Å—Ç–∞–ª–ª–µ –Ω–∞ –æ—Å–Ω–æ–≤–µ –ü
                                                  –õ–ò–°, –∫–æ—Ç–æ—Ä–∞—è –±—...

You may provide a definition with
\DeclareUnicodeCharacter 


! Package inputenc Error: Unicode character –õ (U+041B)
(inputenc)                not set up for use with LaTeX.

See the inputenc package documentation for explanation.
Type  H <return>  for immediate help.
 ...                                              
                                                  
l.4 ...∞ –∫—Ä–∏—Å—Ç–∞–ª–ª–µ –Ω–∞ –æ—Å–Ω–æ–≤–µ –ü–õ
                                                  –ò–°, –∫–æ—Ç–æ—Ä–∞—è –±—ã–...

You may provide a definition with
\DeclareUnicodeCharacter 


! Package inputenc Error: Unicode character –ò (U+0418)
(inputenc)                not set up for use with LaTeX.

See the inputenc package documentation for explanation.
Type  H <return>  for immediate help.
 ...                                              
                                                  
l.4 ...–∫—Ä–∏—Å—Ç–∞–ª–ª–µ –Ω–∞ –æ—Å–Ω–æ–≤–µ –ü–õ–ò
                                                  –°, –∫–æ—Ç–æ—Ä–∞—è –±—ã–ª–...

You may provide a definition with
\DeclareUnicodeCharacter 


! Package inputenc Error: Unicode character –° (U+0421)
(inputenc)                not set up for use with LaTeX.

See the inputenc package documentation for explanation.
Type  H <return>  for immediate help.
 ...                                              
                                                  
l.4 ...—Ä–∏—Å—Ç–∞–ª–ª–µ –Ω–∞ –æ—Å–Ω–æ–≤–µ –ü–õ–ò–°
                                                  , –∫–æ—Ç–æ—Ä–∞—è –±—ã–ª–∞ ...

You may provide a definition with
\DeclareUnicodeCharacter 

Missing character: There is no , in font nullfont!

! Package inputenc Error: Unicode character –∫ (U+043A)
(inputenc)                not set up for use with LaTeX.

See the inputenc package documentation for explanation.
Type  H <return>  for immediate help.
 ...                                              
                                                  
l.4 ...—Å—Ç–∞–ª–ª–µ –Ω–∞ –æ—Å–Ω–æ–≤–µ –ü–õ–ò–°, –∫
                                                  –æ—Ç–æ—Ä–∞—è –±—ã–ª–∞ —Å–ø...

You may provide a definition with
\DeclareUnicodeCharacter 


! Package inputenc Error: Unicode character –æ (U+043E)
(inputenc)                not set up for use with LaTeX.

See the inputenc package documentation for explanation.
Type  H <return>  for immediate help.
 ...                                              
                                                  
l.4 ...—Ç–∞–ª–ª–µ –Ω–∞ –æ—Å–Ω–æ–≤–µ –ü–õ–ò–°, –∫–æ
                                                  —Ç–æ—Ä–∞—è –±—ã–ª–∞ —Å–ø—Ä...

You may provide a definition with
\DeclareUnicodeCharacter 


! Package inputenc Error: Unicode character —Ç (U+0442)
(inputenc)                not set up for use with LaTeX.

See the inputenc package documentation for explanation.
Type  H <return>  for immediate help.
 ...                                              
                                                  
l.4 ...–∞–ª–ª–µ –Ω–∞ –æ—Å–Ω–æ–≤–µ –ü–õ–ò–°, –∫–æ—Ç
                                                  –æ—Ä–∞—è –±—ã–ª–∞ —Å–ø—Ä–æ...

You may provide a definition with
\DeclareUnicodeCharacter 


! Package inputenc Error: Unicode character –æ (U+043E)
(inputenc)                not set up for use with LaTeX.

See the inputenc package documentation for explanation.
Type  H <return>  for immediate help.
 ...                                              
                                                  
l.4 ...–ª–ª–µ –Ω–∞ –æ—Å–Ω–æ–≤–µ –ü–õ–ò–°, –∫–æ—Ç–æ
                                                  —Ä–∞—è –±—ã–ª–∞ —Å–ø—Ä–æ–µ...

You may provide a definition with
\DeclareUnicodeCharacter 


! Package inputenc Error: Unicode character —Ä (U+0440)
(inputenc)                not set up for use with LaTeX.

See the inputenc package documentation for explanation.
Type  H <return>  for immediate help.
 ...                                              
                                                  
l.4 ...–ª–µ –Ω–∞ –æ—Å–Ω–æ–≤–µ –ü–õ–ò–°, –∫–æ—Ç–æ—Ä
                                                  –∞—è –±—ã–ª–∞ —Å–ø—Ä–æ–µ–∫...

You may provide a definition with
\DeclareUnicodeCharacter 


! Package inputenc Error: Unicode character –∞ (U+0430)
(inputenc)                not set up for use with LaTeX.

See the inputenc package documentation for explanation.
Type  H <return>  for immediate help.
 ...                                              
                                                  
l.4 ...–µ –Ω–∞ –æ—Å–Ω–æ–≤–µ –ü–õ–ò–°, –∫–æ—Ç–æ—Ä–∞
                                                  —è –±—ã–ª–∞ —Å–ø—Ä–æ–µ–∫—Ç...

You may provide a definition with
\DeclareUnicodeCharacter 


! Package inputenc Error: Unicode character —è (U+044F)
(inputenc)                not set up for use with LaTeX.

See the inputenc package documentation for explanation.
Type  H <return>  for immediate help.
 ...                                              
                                                  
l.4 ... –Ω–∞ –æ—Å–Ω–æ–≤–µ –ü–õ–ò–°, –∫–æ—Ç–æ—Ä–∞—è
                                                   –±—ã–ª–∞ —Å–ø—Ä–æ–µ–∫—Ç–∏...

You may provide a definition with
\DeclareUnicodeCharacter 


! Package inputenc Error: Unicode character –± (U+0431)
(inputenc)                not set up for use with LaTeX.

See the inputenc package documentation for explanation.
Type  H <return>  for immediate help.
 ...                                              
                                                  
l.4 ...–∞ –æ—Å–Ω–æ–≤–µ –ü–õ–ò–°, –∫–æ—Ç–æ—Ä–∞—è –±
                                                  —ã–ª–∞ —Å–ø—Ä–æ–µ–∫—Ç–∏—Ä–...

You may provide a definition with
\DeclareUnicodeCharacter 


! Package inputenc Error: Unicode character —ã (U+044B)
(inputenc)                not set up for use with LaTeX.

See the inputenc package documentation for explanation.
Type  H <return>  for immediate help.
 ...                                              
                                                  
l.4 ... –æ—Å–Ω–æ–≤–µ –ü–õ–ò–°, –∫–æ—Ç–æ—Ä–∞—è –±—ã
                                                  –ª–∞ —Å–ø—Ä–æ–µ–∫—Ç–∏—Ä–æ–...
(That makes 100 errors; please try again.) 
Here is how much of TeX's memory you used:
 46 strings out of 482080
 750 string characters out of 5941728
 233878 words of memory out of 5000000
 15209 multiletter control sequences out of 15000+600000
 532338 words of font info for 24 fonts, out of 8000000 for 9000
 766 hyphenation exceptions out of 8191
 12i,0n,15p,388b,25s stack positions out of 5000i,500n,10000p,200000b,80000s

!  ==> Fatal error occurred, no output PDF file produced!
