This is pdfTeX, Version 3.14159265-2.6-1.40.20 (TeX Live 2019/Debian) (preloaded format=pdflatex 2021.9.5)  23 DEC 2021 14:26
entering extended mode
 restricted \write18 enabled.
 %&-line parsing enabled.
**intro.tex
(./intro.tex
LaTeX2e <2020-02-02> patch level 2
L3 programming layer <2020-02-14>
! Undefined control sequence.
l.1 \chapter
            *{–í–≤–µ–¥–µ–Ω–∏–µ}
The control sequence at the end of the top line
of your error message was never \def'ed. If you have
misspelled it (e.g., `\hobx'), type `I' and the correct
spelling (e.g., `I\hbox'). Otherwise just continue,
and I'll forget about whatever was undefined.


! LaTeX Error: Missing \begin{document}.

See the LaTeX manual or LaTeX Companion for explanation.
Type  H <return>  for immediate help.
 ...                                              
                                                  
l.1 \chapter*
             {–í–≤–µ–¥–µ–Ω–∏–µ}
You're in trouble here.  Try typing  <return>  to proceed.
If that doesn't work, type  X <return>  to quit.

Missing character: There is no * in font nullfont!

! Package inputenc Error: Unicode character –í (U+0412)
(inputenc)                not set up for use with LaTeX.

See the inputenc package documentation for explanation.
Type  H <return>  for immediate help.
 ...                                              
                                                  
l.1 \chapter*{–í
                –≤–µ–¥–µ–Ω–∏–µ}
You may provide a definition with
\DeclareUnicodeCharacter 


! Package inputenc Error: Unicode character –≤ (U+0432)
(inputenc)                not set up for use with LaTeX.

See the inputenc package documentation for explanation.
Type  H <return>  for immediate help.
 ...                                              
                                                  
l.1 \chapter*{–í–≤
                  –µ–¥–µ–Ω–∏–µ}
You may provide a definition with
\DeclareUnicodeCharacter 


! Package inputenc Error: Unicode character –µ (U+0435)
(inputenc)                not set up for use with LaTeX.

See the inputenc package documentation for explanation.
Type  H <return>  for immediate help.
 ...                                              
                                                  
l.1 \chapter*{–í–≤–µ
                    –¥–µ–Ω–∏–µ}
You may provide a definition with
\DeclareUnicodeCharacter 


! Package inputenc Error: Unicode character –¥ (U+0434)
(inputenc)                not set up for use with LaTeX.

See the inputenc package documentation for explanation.
Type  H <return>  for immediate help.
 ...                                              
                                                  
l.1 \chapter*{–í–≤–µ–¥
                      –µ–Ω–∏–µ}
You may provide a definition with
\DeclareUnicodeCharacter 


! Package inputenc Error: Unicode character –µ (U+0435)
(inputenc)                not set up for use with LaTeX.

See the inputenc package documentation for explanation.
Type  H <return>  for immediate help.
 ...                                              
                                                  
l.1 \chapter*{–í–≤–µ–¥–µ
                        –Ω–∏–µ}
You may provide a definition with
\DeclareUnicodeCharacter 


! Package inputenc Error: Unicode character –Ω (U+043D)
(inputenc)                not set up for use with LaTeX.

See the inputenc package documentation for explanation.
Type  H <return>  for immediate help.
 ...                                              
                                                  
l.1 \chapter*{–í–≤–µ–¥–µ–Ω
                          –∏–µ}
You may provide a definition with
\DeclareUnicodeCharacter 


! Package inputenc Error: Unicode character –∏ (U+0438)
(inputenc)                not set up for use with LaTeX.

See the inputenc package documentation for explanation.
Type  H <return>  for immediate help.
 ...                                              
                                                  
l.1 \chapter*{–í–≤–µ–¥–µ–Ω–∏
                            –µ}
You may provide a definition with
\DeclareUnicodeCharacter 


! Package inputenc Error: Unicode character –µ (U+0435)
(inputenc)                not set up for use with LaTeX.

See the inputenc package documentation for explanation.
Type  H <return>  for immediate help.
 ...                                              
                                                  
l.1 \chapter*{–í–≤–µ–¥–µ–Ω–∏–µ
                              }
You may provide a definition with
\DeclareUnicodeCharacter 


Overfull \hbox (20.0pt too wide) in paragraph at lines 1--3
[]
 []


! LaTeX Error: Missing \begin{document}.

See the LaTeX manual or LaTeX Companion for explanation.
Type  H <return>  for immediate help.
 ...                                              
                                                  
l.4 \textbf{–¶–µ–ª—å—é}
                        –¥–∞–Ω–Ω–æ–π –ª–∞–±–æ—Ä–∞—Ç–æ—Ä–Ω–æ–π —Ä–∞–±–æ—Ç—ã —...

You're in trouble here.  Try typing  <return>  to proceed.
If that doesn't work, type  X <return>  to quit.


! Package inputenc Error: Unicode character –¶ (U+0426)
(inputenc)                not set up for use with LaTeX.

See the inputenc package documentation for explanation.
Type  H <return>  for immediate help.
 ...                                              
                                                  
l.4 \textbf{–¶–µ–ª—å—é}
                        –¥–∞–Ω–Ω–æ–π –ª–∞–±–æ—Ä–∞—Ç–æ—Ä–Ω–æ–π —Ä–∞–±–æ—Ç—ã —...

You may provide a definition with
\DeclareUnicodeCharacter 


! Package inputenc Error: Unicode character –µ (U+0435)
(inputenc)                not set up for use with LaTeX.

See the inputenc package documentation for explanation.
Type  H <return>  for immediate help.
 ...                                              
                                                  
l.4 \textbf{–¶–µ–ª—å—é}
                        –¥–∞–Ω–Ω–æ–π –ª–∞–±–æ—Ä–∞—Ç–æ—Ä–Ω–æ–π —Ä–∞–±–æ—Ç—ã —...

You may provide a definition with
\DeclareUnicodeCharacter 


! Package inputenc Error: Unicode character –ª (U+043B)
(inputenc)                not set up for use with LaTeX.

See the inputenc package documentation for explanation.
Type  H <return>  for immediate help.
 ...                                              
                                                  
l.4 \textbf{–¶–µ–ª—å—é}
                        –¥–∞–Ω–Ω–æ–π –ª–∞–±–æ—Ä–∞—Ç–æ—Ä–Ω–æ–π —Ä–∞–±–æ—Ç—ã —...

You may provide a definition with
\DeclareUnicodeCharacter 


! Package inputenc Error: Unicode character —å (U+044C)
(inputenc)                not set up for use with LaTeX.

See the inputenc package documentation for explanation.
Type  H <return>  for immediate help.
 ...                                              
                                                  
l.4 \textbf{–¶–µ–ª—å—é}
                        –¥–∞–Ω–Ω–æ–π –ª–∞–±–æ—Ä–∞—Ç–æ—Ä–Ω–æ–π —Ä–∞–±–æ—Ç—ã —...

You may provide a definition with
\DeclareUnicodeCharacter 


! Package inputenc Error: Unicode character —é (U+044E)
(inputenc)                not set up for use with LaTeX.

See the inputenc package documentation for explanation.
Type  H <return>  for immediate help.
 ...                                              
                                                  
l.4 \textbf{–¶–µ–ª—å—é}
                        –¥–∞–Ω–Ω–æ–π –ª–∞–±–æ—Ä–∞—Ç–æ—Ä–Ω–æ–π —Ä–∞–±–æ—Ç—ã —...

You may provide a definition with
\DeclareUnicodeCharacter 


! Package inputenc Error: Unicode character –¥ (U+0434)
(inputenc)                not set up for use with LaTeX.

See the inputenc package documentation for explanation.
Type  H <return>  for immediate help.
 ...                                              
                                                  
l.4 \textbf{–¶–µ–ª—å—é} –¥
                          –∞–Ω–Ω–æ–π –ª–∞–±–æ—Ä–∞—Ç–æ—Ä–Ω–æ–π —Ä–∞–±–æ—Ç—ã —...

You may provide a definition with
\DeclareUnicodeCharacter 


! Package inputenc Error: Unicode character –∞ (U+0430)
(inputenc)                not set up for use with LaTeX.

See the inputenc package documentation for explanation.
Type  H <return>  for immediate help.
 ...                                              
                                                  
l.4 \textbf{–¶–µ–ª—å—é} –¥–∞
                            –Ω–Ω–æ–π –ª–∞–±–æ—Ä–∞—Ç–æ—Ä–Ω–æ–π —Ä–∞–±–æ—Ç—ã —...

You may provide a definition with
\DeclareUnicodeCharacter 


! Package inputenc Error: Unicode character –Ω (U+043D)
(inputenc)                not set up for use with LaTeX.

See the inputenc package documentation for explanation.
Type  H <return>  for immediate help.
 ...                                              
                                                  
l.4 \textbf{–¶–µ–ª—å—é} –¥–∞–Ω
                              –Ω–æ–π –ª–∞–±–æ—Ä–∞—Ç–æ—Ä–Ω–æ–π —Ä–∞–±–æ—Ç—ã —...

You may provide a definition with
\DeclareUnicodeCharacter 


! Package inputenc Error: Unicode character –Ω (U+043D)
(inputenc)                not set up for use with LaTeX.

See the inputenc package documentation for explanation.
Type  H <return>  for immediate help.
 ...                                              
                                                  
l.4 \textbf{–¶–µ–ª—å—é} –¥–∞–Ω–Ω
                                –æ–π –ª–∞–±–æ—Ä–∞—Ç–æ—Ä–Ω–æ–π —Ä–∞–±–æ—Ç—ã —...

You may provide a definition with
\DeclareUnicodeCharacter 


! Package inputenc Error: Unicode character –æ (U+043E)
(inputenc)                not set up for use with LaTeX.

See the inputenc package documentation for explanation.
Type  H <return>  for immediate help.
 ...                                              
                                                  
l.4 \textbf{–¶–µ–ª—å—é} –¥–∞–Ω–Ω–æ
                                  –π –ª–∞–±–æ—Ä–∞—Ç–æ—Ä–Ω–æ–π —Ä–∞–±–æ—Ç—ã —...

You may provide a definition with
\DeclareUnicodeCharacter 


! Package inputenc Error: Unicode character –π (U+0439)
(inputenc)                not set up for use with LaTeX.

See the inputenc package documentation for explanation.
Type  H <return>  for immediate help.
 ...                                              
                                                  
l.4 \textbf{–¶–µ–ª—å—é} –¥–∞–Ω–Ω–æ–π
                                     –ª–∞–±–æ—Ä–∞—Ç–æ—Ä–Ω–æ–π —Ä–∞–±–æ—Ç—ã —...

You may provide a definition with
\DeclareUnicodeCharacter 


! Package inputenc Error: Unicode character –ª (U+043B)
(inputenc)                not set up for use with LaTeX.

See the inputenc package documentation for explanation.
Type  H <return>  for immediate help.
 ...                                              
                                                  
l.4 \textbf{–¶–µ–ª—å—é} –¥–∞–Ω–Ω–æ–π –ª
                                       –∞–±–æ—Ä–∞—Ç–æ—Ä–Ω–æ–π —Ä–∞–±–æ—Ç—ã —...

You may provide a definition with
\DeclareUnicodeCharacter 


! Package inputenc Error: Unicode character –∞ (U+0430)
(inputenc)                not set up for use with LaTeX.

See the inputenc package documentation for explanation.
Type  H <return>  for immediate help.
 ...                                              
                                                  
l.4 \textbf{–¶–µ–ª—å—é} –¥–∞–Ω–Ω–æ–π –ª–∞
                                         –±–æ—Ä–∞—Ç–æ—Ä–Ω–æ–π —Ä–∞–±–æ—Ç—ã —...

You may provide a definition with
\DeclareUnicodeCharacter 


! Package inputenc Error: Unicode character –± (U+0431)
(inputenc)                not set up for use with LaTeX.

See the inputenc package documentation for explanation.
Type  H <return>  for immediate help.
 ...                                              
                                                  
l.4 \textbf{–¶–µ–ª—å—é} –¥–∞–Ω–Ω–æ–π –ª–∞–±
                                           –æ—Ä–∞—Ç–æ—Ä–Ω–æ–π —Ä–∞–±–æ—Ç—ã —...

You may provide a definition with
\DeclareUnicodeCharacter 


! Package inputenc Error: Unicode character –æ (U+043E)
(inputenc)                not set up for use with LaTeX.

See the inputenc package documentation for explanation.
Type  H <return>  for immediate help.
 ...                                              
                                                  
l.4 \textbf{–¶–µ–ª—å—é} –¥–∞–Ω–Ω–æ–π –ª–∞–±–æ
                                             —Ä–∞—Ç–æ—Ä–Ω–æ–π —Ä–∞–±–æ—Ç—ã —...

You may provide a definition with
\DeclareUnicodeCharacter 


! Package inputenc Error: Unicode character —Ä (U+0440)
(inputenc)                not set up for use with LaTeX.

See the inputenc package documentation for explanation.
Type  H <return>  for immediate help.
 ...                                              
                                                  
l.4 \textbf{–¶–µ–ª—å—é} –¥–∞–Ω–Ω–æ–π –ª–∞–±–æ—Ä
                                               –∞—Ç–æ—Ä–Ω–æ–π —Ä–∞–±–æ—Ç—ã —...

You may provide a definition with
\DeclareUnicodeCharacter 


! Package inputenc Error: Unicode character –∞ (U+0430)
(inputenc)                not set up for use with LaTeX.

See the inputenc package documentation for explanation.
Type  H <return>  for immediate help.
 ...                                              
                                                  
l.4 \textbf{–¶–µ–ª—å—é} –¥–∞–Ω–Ω–æ–π –ª–∞–±–æ—Ä–∞
                                                 —Ç–æ—Ä–Ω–æ–π —Ä–∞–±–æ—Ç—ã —...

You may provide a definition with
\DeclareUnicodeCharacter 


! Package inputenc Error: Unicode character —Ç (U+0442)
(inputenc)                not set up for use with LaTeX.

See the inputenc package documentation for explanation.
Type  H <return>  for immediate help.
 ...                                              
                                                  
l.4 ...tbf{–¶–µ–ª—å—é} –¥–∞–Ω–Ω–æ–π –ª–∞–±–æ—Ä–∞—Ç
                                                  –æ—Ä–Ω–æ–π —Ä–∞–±–æ—Ç—ã —è...

You may provide a definition with
\DeclareUnicodeCharacter 


! Package inputenc Error: Unicode character –æ (U+043E)
(inputenc)                not set up for use with LaTeX.

See the inputenc package documentation for explanation.
Type  H <return>  for immediate help.
 ...                                              
                                                  
l.4 ...f{–¶–µ–ª—å—é} –¥–∞–Ω–Ω–æ–π –ª–∞–±–æ—Ä–∞—Ç–æ
                                                  —Ä–Ω–æ–π —Ä–∞–±–æ—Ç—ã —è–≤...

You may provide a definition with
\DeclareUnicodeCharacter 


! Package inputenc Error: Unicode character —Ä (U+0440)
(inputenc)                not set up for use with LaTeX.

See the inputenc package documentation for explanation.
Type  H <return>  for immediate help.
 ...                                              
                                                  
l.4 ...–¶–µ–ª—å—é} –¥–∞–Ω–Ω–æ–π –ª–∞–±–æ—Ä–∞—Ç–æ—Ä
                                                  –Ω–æ–π —Ä–∞–±–æ—Ç—ã —è–≤–ª...

You may provide a definition with
\DeclareUnicodeCharacter 


! Package inputenc Error: Unicode character –Ω (U+043D)
(inputenc)                not set up for use with LaTeX.

See the inputenc package documentation for explanation.
Type  H <return>  for immediate help.
 ...                                              
                                                  
l.4 ...–µ–ª—å—é} –¥–∞–Ω–Ω–æ–π –ª–∞–±–æ—Ä–∞—Ç–æ—Ä–Ω
                                                  –æ–π —Ä–∞–±–æ—Ç—ã —è–≤–ª—è...

You may provide a definition with
\DeclareUnicodeCharacter 


! Package inputenc Error: Unicode character –æ (U+043E)
(inputenc)                not set up for use with LaTeX.

See the inputenc package documentation for explanation.
Type  H <return>  for immediate help.
 ...                                              
                                                  
l.4 ...–ª—å—é} –¥–∞–Ω–Ω–æ–π –ª–∞–±–æ—Ä–∞—Ç–æ—Ä–Ω–æ
                                                  –π —Ä–∞–±–æ—Ç—ã —è–≤–ª—è–µ...

You may provide a definition with
\DeclareUnicodeCharacter 


! Package inputenc Error: Unicode character –π (U+0439)
(inputenc)                not set up for use with LaTeX.

See the inputenc package documentation for explanation.
Type  H <return>  for immediate help.
 ...                                              
                                                  
l.4 ...—å—é} –¥–∞–Ω–Ω–æ–π –ª–∞–±–æ—Ä–∞—Ç–æ—Ä–Ω–æ–π
                                                   —Ä–∞–±–æ—Ç—ã —è–≤–ª—è–µ—Ç...

You may provide a definition with
\DeclareUnicodeCharacter 


! Package inputenc Error: Unicode character —Ä (U+0440)
(inputenc)                not set up for use with LaTeX.

See the inputenc package documentation for explanation.
Type  H <return>  for immediate help.
 ...                                              
                                                  
l.4 ...é} –¥–∞–Ω–Ω–æ–π –ª–∞–±–æ—Ä–∞—Ç–æ—Ä–Ω–æ–π —Ä
                                                  –∞–±–æ—Ç—ã —è–≤–ª—è–µ—Ç—Å—...

You may provide a definition with
\DeclareUnicodeCharacter 


! Package inputenc Error: Unicode character –∞ (U+0430)
(inputenc)                not set up for use with LaTeX.

See the inputenc package documentation for explanation.
Type  H <return>  for immediate help.
 ...                                              
                                                  
l.4 ... –¥–∞–Ω–Ω–æ–π –ª–∞–±–æ—Ä–∞—Ç–æ—Ä–Ω–æ–π —Ä–∞
                                                  –±–æ—Ç—ã —è–≤–ª—è–µ—Ç—Å—è ...

You may provide a definition with
\DeclareUnicodeCharacter 


! Package inputenc Error: Unicode character –± (U+0431)
(inputenc)                not set up for use with LaTeX.

See the inputenc package documentation for explanation.
Type  H <return>  for immediate help.
 ...                                              
                                                  
l.4 ...¥–∞–Ω–Ω–æ–π –ª–∞–±–æ—Ä–∞—Ç–æ—Ä–Ω–æ–π —Ä–∞–±
                                                  –æ—Ç—ã —è–≤–ª—è–µ—Ç—Å—è –∏...

You may provide a definition with
\DeclareUnicodeCharacter 


! Package inputenc Error: Unicode character –æ (U+043E)
(inputenc)                not set up for use with LaTeX.

See the inputenc package documentation for explanation.
Type  H <return>  for immediate help.
 ...                                              
                                                  
l.4 ...∞–Ω–Ω–æ–π –ª–∞–±–æ—Ä–∞—Ç–æ—Ä–Ω–æ–π —Ä–∞–±–æ
                                                  —Ç—ã —è–≤–ª—è–µ—Ç—Å—è –∏–∑...

You may provide a definition with
\DeclareUnicodeCharacter 


! Package inputenc Error: Unicode character —Ç (U+0442)
(inputenc)                not set up for use with LaTeX.

See the inputenc package documentation for explanation.
Type  H <return>  for immediate help.
 ...                                              
                                                  
l.4 ...Ω–Ω–æ–π –ª–∞–±–æ—Ä–∞—Ç–æ—Ä–Ω–æ–π —Ä–∞–±–æ—Ç
                                                  —ã —è–≤–ª—è–µ—Ç—Å—è –∏–∑—É...

You may provide a definition with
\DeclareUnicodeCharacter 


! Package inputenc Error: Unicode character —ã (U+044B)
(inputenc)                not set up for use with LaTeX.

See the inputenc package documentation for explanation.
Type  H <return>  for immediate help.
 ...                                              
                                                  
l.4 ...Ω–æ–π –ª–∞–±–æ—Ä–∞—Ç–æ—Ä–Ω–æ–π —Ä–∞–±–æ—Ç—ã
                                                   —è–≤–ª—è–µ—Ç—Å—è –∏–∑—É—á...

You may provide a definition with
\DeclareUnicodeCharacter 


! Package inputenc Error: Unicode character —è (U+044F)
(inputenc)                not set up for use with LaTeX.

See the inputenc package documentation for explanation.
Type  H <return>  for immediate help.
 ...                                              
                                                  
l.4 ...–π –ª–∞–±–æ—Ä–∞—Ç–æ—Ä–Ω–æ–π —Ä–∞–±–æ—Ç—ã —è
                                                  –≤–ª—è–µ—Ç—Å—è –∏–∑—É—á–µ–...

You may provide a definition with
\DeclareUnicodeCharacter 


! Package inputenc Error: Unicode character –≤ (U+0432)
(inputenc)                not set up for use with LaTeX.

See the inputenc package documentation for explanation.
Type  H <return>  for immediate help.
 ...                                              
                                                  
l.4 ... –ª–∞–±–æ—Ä–∞—Ç–æ—Ä–Ω–æ–π —Ä–∞–±–æ—Ç—ã —è–≤
                                                  –ª—è–µ—Ç—Å—è –∏–∑—É—á–µ–Ω–...

You may provide a definition with
\DeclareUnicodeCharacter 


! Package inputenc Error: Unicode character –ª (U+043B)
(inputenc)                not set up for use with LaTeX.

See the inputenc package documentation for explanation.
Type  H <return>  for immediate help.
 ...                                              
                                                  
l.4 ...ª–∞–±–æ—Ä–∞—Ç–æ—Ä–Ω–æ–π —Ä–∞–±–æ—Ç—ã —è–≤–ª
                                                  —è–µ—Ç—Å—è –∏–∑—É—á–µ–Ω–∏–...

You may provide a definition with
\DeclareUnicodeCharacter 


! Package inputenc Error: Unicode character —è (U+044F)
(inputenc)                not set up for use with LaTeX.

See the inputenc package documentation for explanation.
Type  H <return>  for immediate help.
 ...                                              
                                                  
l.4 ...∞–±–æ—Ä–∞—Ç–æ—Ä–Ω–æ–π —Ä–∞–±–æ—Ç—ã —è–≤–ª—è
                                                  –µ—Ç—Å—è –∏–∑—É—á–µ–Ω–∏–µ ...

You may provide a definition with
\DeclareUnicodeCharacter 


! Package inputenc Error: Unicode character –µ (U+0435)
(inputenc)                not set up for use with LaTeX.

See the inputenc package documentation for explanation.
Type  H <return>  for immediate help.
 ...                                              
                                                  
l.4 ...±–æ—Ä–∞—Ç–æ—Ä–Ω–æ–π —Ä–∞–±–æ—Ç—ã —è–≤–ª—è–µ
                                                  —Ç—Å—è –∏–∑—É—á–µ–Ω–∏–µ –æ...

You may provide a definition with
\DeclareUnicodeCharacter 


! Package inputenc Error: Unicode character —Ç (U+0442)
(inputenc)                not set up for use with LaTeX.

See the inputenc package documentation for explanation.
Type  H <return>  for immediate help.
 ...                                              
                                                  
l.4 ...æ—Ä–∞—Ç–æ—Ä–Ω–æ–π —Ä–∞–±–æ—Ç—ã —è–≤–ª—è–µ—Ç
                                                  —Å—è –∏–∑—É—á–µ–Ω–∏–µ –æ—Å...

You may provide a definition with
\DeclareUnicodeCharacter 


! Package inputenc Error: Unicode character —Å (U+0441)
(inputenc)                not set up for use with LaTeX.

See the inputenc package documentation for explanation.
Type  H <return>  for immediate help.
 ...                                              
                                                  
l.4 ...Ä–∞—Ç–æ—Ä–Ω–æ–π —Ä–∞–±–æ—Ç—ã —è–≤–ª—è–µ—Ç—Å
                                                  —è –∏–∑—É—á–µ–Ω–∏–µ –æ—Å–Ω...

You may provide a definition with
\DeclareUnicodeCharacter 


! Package inputenc Error: Unicode character —è (U+044F)
(inputenc)                not set up for use with LaTeX.

See the inputenc package documentation for explanation.
Type  H <return>  for immediate help.
 ...                                              
                                                  
l.4 ...∞—Ç–æ—Ä–Ω–æ–π —Ä–∞–±–æ—Ç—ã —è–≤–ª—è–µ—Ç—Å—è
                                                   –∏–∑—É—á–µ–Ω–∏–µ –æ—Å–Ω–æ...

You may provide a definition with
\DeclareUnicodeCharacter 


! Package inputenc Error: Unicode character –∏ (U+0438)
(inputenc)                not set up for use with LaTeX.

See the inputenc package documentation for explanation.
Type  H <return>  for immediate help.
 ...                                              
                                                  
l.4 ...–æ—Ä–Ω–æ–π —Ä–∞–±–æ—Ç—ã —è–≤–ª—è–µ—Ç—Å—è –∏
                                                  –∑—É—á–µ–Ω–∏–µ –æ—Å–Ω–æ–≤ ...

You may provide a definition with
\DeclareUnicodeCharacter 


! Package inputenc Error: Unicode character –∑ (U+0437)
(inputenc)                not set up for use with LaTeX.

See the inputenc package documentation for explanation.
Type  H <return>  for immediate help.
 ...                                              
                                                  
l.4 ...—Ä–Ω–æ–π —Ä–∞–±–æ—Ç—ã —è–≤–ª—è–µ—Ç—Å—è –∏–∑
                                                  —É—á–µ–Ω–∏–µ –æ—Å–Ω–æ–≤ –ø...

You may provide a definition with
\DeclareUnicodeCharacter 


! Package inputenc Error: Unicode character —É (U+0443)
(inputenc)                not set up for use with LaTeX.

See the inputenc package documentation for explanation.
Type  H <return>  for immediate help.
 ...                                              
                                                  
l.4 ...–Ω–æ–π —Ä–∞–±–æ—Ç—ã —è–≤–ª—è–µ—Ç—Å—è –∏–∑—É
                                                  —á–µ–Ω–∏–µ –æ—Å–Ω–æ–≤ –ø–æ...

You may provide a definition with
\DeclareUnicodeCharacter 


! Package inputenc Error: Unicode character —á (U+0447)
(inputenc)                not set up for use with LaTeX.

See the inputenc package documentation for explanation.
Type  H <return>  for immediate help.
 ...                                              
                                                  
l.4 ...–æ–π —Ä–∞–±–æ—Ç—ã —è–≤–ª—è–µ—Ç—Å—è –∏–∑—É—á
                                                  –µ–Ω–∏–µ –æ—Å–Ω–æ–≤ –ø–æ—Å...

You may provide a definition with
\DeclareUnicodeCharacter 


! Package inputenc Error: Unicode character –µ (U+0435)
(inputenc)                not set up for use with LaTeX.

See the inputenc package documentation for explanation.
Type  H <return>  for immediate help.
 ...                                              
                                                  
l.4 ...–π —Ä–∞–±–æ—Ç—ã —è–≤–ª—è–µ—Ç—Å—è –∏–∑—É—á–µ
                                                  –Ω–∏–µ –æ—Å–Ω–æ–≤ –ø–æ—Å—Ç...

You may provide a definition with
\DeclareUnicodeCharacter 


! Package inputenc Error: Unicode character –Ω (U+043D)
(inputenc)                not set up for use with LaTeX.

See the inputenc package documentation for explanation.
Type  H <return>  for immediate help.
 ...                                              
                                                  
l.4 ... —Ä–∞–±–æ—Ç—ã —è–≤–ª—è–µ—Ç—Å—è –∏–∑—É—á–µ–Ω
                                                  –∏–µ –æ—Å–Ω–æ–≤ –ø–æ—Å—Ç—Ä...

You may provide a definition with
\DeclareUnicodeCharacter 


! Package inputenc Error: Unicode character –∏ (U+0438)
(inputenc)                not set up for use with LaTeX.

See the inputenc package documentation for explanation.
Type  H <return>  for immediate help.
 ...                                              
                                                  
l.4 ...Ä–∞–±–æ—Ç—ã —è–≤–ª—è–µ—Ç—Å—è –∏–∑—É—á–µ–Ω–∏
                                                  –µ –æ—Å–Ω–æ–≤ –ø–æ—Å—Ç—Ä–æ...

You may provide a definition with
\DeclareUnicodeCharacter 


! Package inputenc Error: Unicode character –µ (U+0435)
(inputenc)                not set up for use with LaTeX.

See the inputenc package documentation for explanation.
Type  H <return>  for immediate help.
 ...                                              
                                                  
l.4 ...∞–±–æ—Ç—ã —è–≤–ª—è–µ—Ç—Å—è –∏–∑—É—á–µ–Ω–∏–µ
                                                   –æ—Å–Ω–æ–≤ –ø–æ—Å—Ç—Ä–æ–µ...

You may provide a definition with
\DeclareUnicodeCharacter 


! Package inputenc Error: Unicode character –æ (U+043E)
(inputenc)                not set up for use with LaTeX.

See the inputenc package documentation for explanation.
Type  H <return>  for immediate help.
 ...                                              
                                                  
l.4 ...–æ—Ç—ã —è–≤–ª—è–µ—Ç—Å—è –∏–∑—É—á–µ–Ω–∏–µ –æ
                                                  —Å–Ω–æ–≤ –ø–æ—Å—Ç—Ä–æ–µ–Ω–...

You may provide a definition with
\DeclareUnicodeCharacter 


! Package inputenc Error: Unicode character —Å (U+0441)
(inputenc)                not set up for use with LaTeX.

See the inputenc package documentation for explanation.
Type  H <return>  for immediate help.
 ...                                              
                                                  
l.4 ...—Ç—ã —è–≤–ª—è–µ—Ç—Å—è –∏–∑—É—á–µ–Ω–∏–µ –æ—Å
                                                  –Ω–æ–≤ –ø–æ—Å—Ç—Ä–æ–µ–Ω–∏—...

You may provide a definition with
\DeclareUnicodeCharacter 


! Package inputenc Error: Unicode character –Ω (U+043D)
(inputenc)                not set up for use with LaTeX.

See the inputenc package documentation for explanation.
Type  H <return>  for immediate help.
 ...                                              
                                                  
l.4 ...—ã —è–≤–ª—è–µ—Ç—Å—è –∏–∑—É—á–µ–Ω–∏–µ –æ—Å–Ω
                                                  –æ–≤ –ø–æ—Å—Ç—Ä–æ–µ–Ω–∏—è ...

You may provide a definition with
\DeclareUnicodeCharacter 


! Package inputenc Error: Unicode character –æ (U+043E)
(inputenc)                not set up for use with LaTeX.

See the inputenc package documentation for explanation.
Type  H <return>  for immediate help.
 ...                                              
                                                  
l.4 ... —è–≤–ª—è–µ—Ç—Å—è –∏–∑—É—á–µ–Ω–∏–µ –æ—Å–Ω–æ
                                                  –≤ –ø–æ—Å—Ç—Ä–æ–µ–Ω–∏—è –º...

You may provide a definition with
\DeclareUnicodeCharacter 


! Package inputenc Error: Unicode character –≤ (U+0432)
(inputenc)                not set up for use with LaTeX.

See the inputenc package documentation for explanation.
Type  H <return>  for immediate help.
 ...                                              
                                                  
l.4 ...è–≤–ª—è–µ—Ç—Å—è –∏–∑—É—á–µ–Ω–∏–µ –æ—Å–Ω–æ–≤
                                                   –ø–æ—Å—Ç—Ä–æ–µ–Ω–∏—è –º–∏...

You may provide a definition with
\DeclareUnicodeCharacter 


! Package inputenc Error: Unicode character –ø (U+043F)
(inputenc)                not set up for use with LaTeX.

See the inputenc package documentation for explanation.
Type  H <return>  for immediate help.
 ...                                              
                                                  
l.4 ...–ª—è–µ—Ç—Å—è –∏–∑—É—á–µ–Ω–∏–µ –æ—Å–Ω–æ–≤ –ø
                                                  –æ—Å—Ç—Ä–æ–µ–Ω–∏—è –º–∏–∫—...

You may provide a definition with
\DeclareUnicodeCharacter 


! Package inputenc Error: Unicode character –æ (U+043E)
(inputenc)                not set up for use with LaTeX.

See the inputenc package documentation for explanation.
Type  H <return>  for immediate help.
 ...                                              
                                                  
l.4 ...—è–µ—Ç—Å—è –∏–∑—É—á–µ–Ω–∏–µ –æ—Å–Ω–æ–≤ –ø–æ
                                                  —Å—Ç—Ä–æ–µ–Ω–∏—è –º–∏–∫—Ä–...

You may provide a definition with
\DeclareUnicodeCharacter 


! Package inputenc Error: Unicode character —Å (U+0441)
(inputenc)                not set up for use with LaTeX.

See the inputenc package documentation for explanation.
Type  H <return>  for immediate help.
 ...                                              
                                                  
l.4 ...–µ—Ç—Å—è –∏–∑—É—á–µ–Ω–∏–µ –æ—Å–Ω–æ–≤ –ø–æ—Å
                                                  —Ç—Ä–æ–µ–Ω–∏—è –º–∏–∫—Ä–æ–...

You may provide a definition with
\DeclareUnicodeCharacter 


! Package inputenc Error: Unicode character —Ç (U+0442)
(inputenc)                not set up for use with LaTeX.

See the inputenc package documentation for explanation.
Type  H <return>  for immediate help.
 ...                                              
                                                  
l.4 ...—Ç—Å—è –∏–∑—É—á–µ–Ω–∏–µ –æ—Å–Ω–æ–≤ –ø–æ—Å—Ç
                                                  —Ä–æ–µ–Ω–∏—è –º–∏–∫—Ä–æ–ø—...

You may provide a definition with
\DeclareUnicodeCharacter 


! Package inputenc Error: Unicode character —Ä (U+0440)
(inputenc)                not set up for use with LaTeX.

See the inputenc package documentation for explanation.
Type  H <return>  for immediate help.
 ...                                              
                                                  
l.4 ...—Å—è –∏–∑—É—á–µ–Ω–∏–µ –æ—Å–Ω–æ–≤ –ø–æ—Å—Ç—Ä
                                                  –æ–µ–Ω–∏—è –º–∏–∫—Ä–æ–ø—Ä–...

You may provide a definition with
\DeclareUnicodeCharacter 


! Package inputenc Error: Unicode character –æ (U+043E)
(inputenc)                not set up for use with LaTeX.

See the inputenc package documentation for explanation.
Type  H <return>  for immediate help.
 ...                                              
                                                  
l.4 ...—è –∏–∑—É—á–µ–Ω–∏–µ –æ—Å–Ω–æ–≤ –ø–æ—Å—Ç—Ä–æ
                                                  –µ–Ω–∏—è –º–∏–∫—Ä–æ–ø—Ä–æ—...

You may provide a definition with
\DeclareUnicodeCharacter 


! Package inputenc Error: Unicode character –µ (U+0435)
(inputenc)                not set up for use with LaTeX.

See the inputenc package documentation for explanation.
Type  H <return>  for immediate help.
 ...                                              
                                                  
l.4 ... –∏–∑—É—á–µ–Ω–∏–µ –æ—Å–Ω–æ–≤ –ø–æ—Å—Ç—Ä–æ–µ
                                                  –Ω–∏—è –º–∏–∫—Ä–æ–ø—Ä–æ—Ü–...

You may provide a definition with
\DeclareUnicodeCharacter 


! Package inputenc Error: Unicode character –Ω (U+043D)
(inputenc)                not set up for use with LaTeX.

See the inputenc package documentation for explanation.
Type  H <return>  for immediate help.
 ...                                              
                                                  
l.4 ...∏–∑—É—á–µ–Ω–∏–µ –æ—Å–Ω–æ–≤ –ø–æ—Å—Ç—Ä–æ–µ–Ω
                                                  –∏—è –º–∏–∫—Ä–æ–ø—Ä–æ—Ü–µ—...

You may provide a definition with
\DeclareUnicodeCharacter 


! Package inputenc Error: Unicode character –∏ (U+0438)
(inputenc)                not set up for use with LaTeX.

See the inputenc package documentation for explanation.
Type  H <return>  for immediate help.
 ...                                              
                                                  
l.4 ...∑—É—á–µ–Ω–∏–µ –æ—Å–Ω–æ–≤ –ø–æ—Å—Ç—Ä–æ–µ–Ω–∏
                                                  —è –º–∏–∫—Ä–æ–ø—Ä–æ—Ü–µ—Å—...

You may provide a definition with
\DeclareUnicodeCharacter 


! Package inputenc Error: Unicode character —è (U+044F)
(inputenc)                not set up for use with LaTeX.

See the inputenc package documentation for explanation.
Type  H <return>  for immediate help.
 ...                                              
                                                  
l.4 ...É—á–µ–Ω–∏–µ –æ—Å–Ω–æ–≤ –ø–æ—Å—Ç—Ä–æ–µ–Ω–∏—è
                                                   –º–∏–∫—Ä–æ–ø—Ä–æ—Ü–µ—Å—Å–...

You may provide a definition with
\DeclareUnicodeCharacter 


! Package inputenc Error: Unicode character –º (U+043C)
(inputenc)                not set up for use with LaTeX.

See the inputenc package documentation for explanation.
Type  H <return>  for immediate help.
 ...                                              
                                                  
l.4 ...–µ–Ω–∏–µ –æ—Å–Ω–æ–≤ –ø–æ—Å—Ç—Ä–æ–µ–Ω–∏—è –º
                                                  –∏–∫—Ä–æ–ø—Ä–æ—Ü–µ—Å—Å–æ—Ä...

You may provide a definition with
\DeclareUnicodeCharacter 


! Package inputenc Error: Unicode character –∏ (U+0438)
(inputenc)                not set up for use with LaTeX.

See the inputenc package documentation for explanation.
Type  H <return>  for immediate help.
 ...                                              
                                                  
l.4 ...–Ω–∏–µ –æ—Å–Ω–æ–≤ –ø–æ—Å—Ç—Ä–æ–µ–Ω–∏—è –º–∏
                                                  –∫—Ä–æ–ø—Ä–æ—Ü–µ—Å—Å–æ—Ä–Ω...

You may provide a definition with
\DeclareUnicodeCharacter 


! Package inputenc Error: Unicode character –∫ (U+043A)
(inputenc)                not set up for use with LaTeX.

See the inputenc package documentation for explanation.
Type  H <return>  for immediate help.
 ...                                              
                                                  
l.4 ...–∏–µ –æ—Å–Ω–æ–≤ –ø–æ—Å—Ç—Ä–æ–µ–Ω–∏—è –º–∏–∫
                                                  —Ä–æ–ø—Ä–æ—Ü–µ—Å—Å–æ—Ä–Ω—ã...

You may provide a definition with
\DeclareUnicodeCharacter 


! Package inputenc Error: Unicode character —Ä (U+0440)
(inputenc)                not set up for use with LaTeX.

See the inputenc package documentation for explanation.
Type  H <return>  for immediate help.
 ...                                              
                                                  
l.4 ...–µ –æ—Å–Ω–æ–≤ –ø–æ—Å—Ç—Ä–æ–µ–Ω–∏—è –º–∏–∫—Ä
                                                  –æ–ø—Ä–æ—Ü–µ—Å—Å–æ—Ä–Ω—ã—Ö...

You may provide a definition with
\DeclareUnicodeCharacter 


! Package inputenc Error: Unicode character –æ (U+043E)
(inputenc)                not set up for use with LaTeX.

See the inputenc package documentation for explanation.
Type  H <return>  for immediate help.
 ...                                              
                                                  
l.4 ... –æ—Å–Ω–æ–≤ –ø–æ—Å—Ç—Ä–æ–µ–Ω–∏—è –º–∏–∫—Ä–æ
                                                  –ø—Ä–æ—Ü–µ—Å—Å–æ—Ä–Ω—ã—Ö —...

You may provide a definition with
\DeclareUnicodeCharacter 


! Package inputenc Error: Unicode character –ø (U+043F)
(inputenc)                not set up for use with LaTeX.

See the inputenc package documentation for explanation.
Type  H <return>  for immediate help.
 ...                                              
                                                  
l.4 ...æ—Å–Ω–æ–≤ –ø–æ—Å—Ç—Ä–æ–µ–Ω–∏—è –º–∏–∫—Ä–æ–ø
                                                  —Ä–æ—Ü–µ—Å—Å–æ—Ä–Ω—ã—Ö —Å–...

You may provide a definition with
\DeclareUnicodeCharacter 


! Package inputenc Error: Unicode character —Ä (U+0440)
(inputenc)                not set up for use with LaTeX.

See the inputenc package documentation for explanation.
Type  H <return>  for immediate help.
 ...                                              
                                                  
l.4 ...Å–Ω–æ–≤ –ø–æ—Å—Ç—Ä–æ–µ–Ω–∏—è –º–∏–∫—Ä–æ–ø—Ä
                                                  –æ—Ü–µ—Å—Å–æ—Ä–Ω—ã—Ö —Å–∏—...

You may provide a definition with
\DeclareUnicodeCharacter 


! Package inputenc Error: Unicode character –æ (U+043E)
(inputenc)                not set up for use with LaTeX.

See the inputenc package documentation for explanation.
Type  H <return>  for immediate help.
 ...                                              
                                                  
l.4 ...Ω–æ–≤ –ø–æ—Å—Ç—Ä–æ–µ–Ω–∏—è –º–∏–∫—Ä–æ–ø—Ä–æ
                                                  —Ü–µ—Å—Å–æ—Ä–Ω—ã—Ö —Å–∏—Å—...

You may provide a definition with
\DeclareUnicodeCharacter 


! Package inputenc Error: Unicode character —Ü (U+0446)
(inputenc)                not set up for use with LaTeX.

See the inputenc package documentation for explanation.
Type  H <return>  for immediate help.
 ...                                              
                                                  
l.4 ...æ–≤ –ø–æ—Å—Ç—Ä–æ–µ–Ω–∏—è –º–∏–∫—Ä–æ–ø—Ä–æ—Ü
                                                  –µ—Å—Å–æ—Ä–Ω—ã—Ö —Å–∏—Å—Ç–...

You may provide a definition with
\DeclareUnicodeCharacter 


! Package inputenc Error: Unicode character –µ (U+0435)
(inputenc)                not set up for use with LaTeX.

See the inputenc package documentation for explanation.
Type  H <return>  for immediate help.
 ...                                              
                                                  
l.4 ...≤ –ø–æ—Å—Ç—Ä–æ–µ–Ω–∏—è –º–∏–∫—Ä–æ–ø—Ä–æ—Ü–µ
                                                  —Å—Å–æ—Ä–Ω—ã—Ö —Å–∏—Å—Ç–µ–...

You may provide a definition with
\DeclareUnicodeCharacter 


! Package inputenc Error: Unicode character —Å (U+0441)
(inputenc)                not set up for use with LaTeX.

See the inputenc package documentation for explanation.
Type  H <return>  for immediate help.
 ...                                              
                                                  
l.4 ...–ø–æ—Å—Ç—Ä–æ–µ–Ω–∏—è –º–∏–∫—Ä–æ–ø—Ä–æ—Ü–µ—Å
                                                  —Å–æ—Ä–Ω—ã—Ö —Å–∏—Å—Ç–µ–º ...

You may provide a definition with
\DeclareUnicodeCharacter 


! Package inputenc Error: Unicode character —Å (U+0441)
(inputenc)                not set up for use with LaTeX.

See the inputenc package documentation for explanation.
Type  H <return>  for immediate help.
 ...                                              
                                                  
l.4 ...–æ—Å—Ç—Ä–æ–µ–Ω–∏—è –º–∏–∫—Ä–æ–ø—Ä–æ—Ü–µ—Å—Å
                                                  –æ—Ä–Ω—ã—Ö —Å–∏—Å—Ç–µ–º –Ω...

You may provide a definition with
\DeclareUnicodeCharacter 


! Package inputenc Error: Unicode character –æ (U+043E)
(inputenc)                not set up for use with LaTeX.

See the inputenc package documentation for explanation.
Type  H <return>  for immediate help.
 ...                                              
                                                  
l.4 ...—Å—Ç—Ä–æ–µ–Ω–∏—è –º–∏–∫—Ä–æ–ø—Ä–æ—Ü–µ—Å—Å–æ
                                                  —Ä–Ω—ã—Ö —Å–∏—Å—Ç–µ–º –Ω–∞...

You may provide a definition with
\DeclareUnicodeCharacter 


! Package inputenc Error: Unicode character —Ä (U+0440)
(inputenc)                not set up for use with LaTeX.

See the inputenc package documentation for explanation.
Type  H <return>  for immediate help.
 ...                                              
                                                  
l.4 ...—Ç—Ä–æ–µ–Ω–∏—è –º–∏–∫—Ä–æ–ø—Ä–æ—Ü–µ—Å—Å–æ—Ä
                                                  –Ω—ã—Ö —Å–∏—Å—Ç–µ–º –Ω–∞ –...

You may provide a definition with
\DeclareUnicodeCharacter 


! Package inputenc Error: Unicode character –Ω (U+043D)
(inputenc)                not set up for use with LaTeX.

See the inputenc package documentation for explanation.
Type  H <return>  for immediate help.
 ...                                              
                                                  
l.4 ...—Ä–æ–µ–Ω–∏—è –º–∏–∫—Ä–æ–ø—Ä–æ—Ü–µ—Å—Å–æ—Ä–Ω
                                                  —ã—Ö —Å–∏—Å—Ç–µ–º –Ω–∞ –ü–...

You may provide a definition with
\DeclareUnicodeCharacter 


! Package inputenc Error: Unicode character —ã (U+044B)
(inputenc)                not set up for use with LaTeX.

See the inputenc package documentation for explanation.
Type  H <return>  for immediate help.
 ...                                              
                                                  
l.4 ...–æ–µ–Ω–∏—è –º–∏–∫—Ä–æ–ø—Ä–æ—Ü–µ—Å—Å–æ—Ä–Ω—ã
                                                  —Ö —Å–∏—Å—Ç–µ–º –Ω–∞ –ü–õ–...

You may provide a definition with
\DeclareUnicodeCharacter 


! Package inputenc Error: Unicode character —Ö (U+0445)
(inputenc)                not set up for use with LaTeX.

See the inputenc package documentation for explanation.
Type  H <return>  for immediate help.
 ...                                              
                                                  
l.4 ...–µ–Ω–∏—è –º–∏–∫—Ä–æ–ø—Ä–æ—Ü–µ—Å—Å–æ—Ä–Ω—ã—Ö
                                                   —Å–∏—Å—Ç–µ–º –Ω–∞ –ü–õ–ò–°.
You may provide a definition with
\DeclareUnicodeCharacter 


! Package inputenc Error: Unicode character —Å (U+0441)
(inputenc)                not set up for use with LaTeX.

See the inputenc package documentation for explanation.
Type  H <return>  for immediate help.
 ...                                              
                                                  
l.4 ...Ω–∏—è –º–∏–∫—Ä–æ–ø—Ä–æ—Ü–µ—Å—Å–æ—Ä–Ω—ã—Ö —Å
                                                  –∏—Å—Ç–µ–º –Ω–∞ –ü–õ–ò–°.
You may provide a definition with
\DeclareUnicodeCharacter 


! Package inputenc Error: Unicode character –∏ (U+0438)
(inputenc)                not set up for use with LaTeX.

See the inputenc package documentation for explanation.
Type  H <return>  for immediate help.
 ...                                              
                                                  
l.4 ...∏—è –º–∏–∫—Ä–æ–ø—Ä–æ—Ü–µ—Å—Å–æ—Ä–Ω—ã—Ö —Å–∏
                                                  —Å—Ç–µ–º –Ω–∞ –ü–õ–ò–°.
You may provide a definition with
\DeclareUnicodeCharacter 


! Package inputenc Error: Unicode character —Å (U+0441)
(inputenc)                not set up for use with LaTeX.

See the inputenc package documentation for explanation.
Type  H <return>  for immediate help.
 ...                                              
                                                  
l.4 ...è –º–∏–∫—Ä–æ–ø—Ä–æ—Ü–µ—Å—Å–æ—Ä–Ω—ã—Ö —Å–∏—Å
                                                  —Ç–µ–º –Ω–∞ –ü–õ–ò–°.
You may provide a definition with
\DeclareUnicodeCharacter 


! Package inputenc Error: Unicode character —Ç (U+0442)
(inputenc)                not set up for use with LaTeX.

See the inputenc package documentation for explanation.
Type  H <return>  for immediate help.
 ...                                              
                                                  
l.4 ...–º–∏–∫—Ä–æ–ø—Ä–æ—Ü–µ—Å—Å–æ—Ä–Ω—ã—Ö —Å–∏—Å—Ç
                                                  –µ–º –Ω–∞ –ü–õ–ò–°.
You may provide a definition with
\DeclareUnicodeCharacter 


! Package inputenc Error: Unicode character –µ (U+0435)
(inputenc)                not set up for use with LaTeX.

See the inputenc package documentation for explanation.
Type  H <return>  for immediate help.
 ...                                              
                                                  
l.4 ...–∏–∫—Ä–æ–ø—Ä–æ—Ü–µ—Å—Å–æ—Ä–Ω—ã—Ö —Å–∏—Å—Ç–µ
                                                  –º –Ω–∞ –ü–õ–ò–°.
You may provide a definition with
\DeclareUnicodeCharacter 


! Package inputenc Error: Unicode character –º (U+043C)
(inputenc)                not set up for use with LaTeX.

See the inputenc package documentation for explanation.
Type  H <return>  for immediate help.
 ...                                              
                                                  
l.4 ...–∫—Ä–æ–ø—Ä–æ—Ü–µ—Å—Å–æ—Ä–Ω—ã—Ö —Å–∏—Å—Ç–µ–º
                                                   –Ω–∞ –ü–õ–ò–°.
You may provide a definition with
\DeclareUnicodeCharacter 


! Package inputenc Error: Unicode character –Ω (U+043D)
(inputenc)                not set up for use with LaTeX.

See the inputenc package documentation for explanation.
Type  H <return>  for immediate help.
 ...                                              
                                                  
l.4 ...Ä–æ–ø—Ä–æ—Ü–µ—Å—Å–æ—Ä–Ω—ã—Ö —Å–∏—Å—Ç–µ–º –Ω
                                                  –∞ –ü–õ–ò–°.
You may provide a definition with
\DeclareUnicodeCharacter 


! Package inputenc Error: Unicode character –∞ (U+0430)
(inputenc)                not set up for use with LaTeX.

See the inputenc package documentation for explanation.
Type  H <return>  for immediate help.
 ...                                              
                                                  
l.4 ...æ–ø—Ä–æ—Ü–µ—Å—Å–æ—Ä–Ω—ã—Ö —Å–∏—Å—Ç–µ–º –Ω–∞
                                                   –ü–õ–ò–°.
You may provide a definition with
\DeclareUnicodeCharacter 


! Package inputenc Error: Unicode character –ü (U+041F)
(inputenc)                not set up for use with LaTeX.

See the inputenc package documentation for explanation.
Type  H <return>  for immediate help.
 ...                                              
                                                  
l.4 ...—Ä–æ—Ü–µ—Å—Å–æ—Ä–Ω—ã—Ö —Å–∏—Å—Ç–µ–º –Ω–∞ –ü
                                                  –õ–ò–°.
You may provide a definition with
\DeclareUnicodeCharacter 


! Package inputenc Error: Unicode character –õ (U+041B)
(inputenc)                not set up for use with LaTeX.

See the inputenc package documentation for explanation.
Type  H <return>  for immediate help.
 ...                                              
                                                  
l.4 ...–æ—Ü–µ—Å—Å–æ—Ä–Ω—ã—Ö —Å–∏—Å—Ç–µ–º –Ω–∞ –ü–õ
                                                  –ò–°.
You may provide a definition with
\DeclareUnicodeCharacter 


! Package inputenc Error: Unicode character –ò (U+0418)
(inputenc)                not set up for use with LaTeX.

See the inputenc package documentation for explanation.
Type  H <return>  for immediate help.
 ...                                              
                                                  
l.4 ...—Ü–µ—Å—Å–æ—Ä–Ω—ã—Ö —Å–∏—Å—Ç–µ–º –Ω–∞ –ü–õ–ò
                                                  –°.
You may provide a definition with
\DeclareUnicodeCharacter 


! Package inputenc Error: Unicode character –° (U+0421)
(inputenc)                not set up for use with LaTeX.

See the inputenc package documentation for explanation.
Type  H <return>  for immediate help.
 ...                                              
                                                  
l.4 ...–µ—Å—Å–æ—Ä–Ω—ã—Ö —Å–∏—Å—Ç–µ–º –Ω–∞ –ü–õ–ò–°
                                                  .
You may provide a definition with
\DeclareUnicodeCharacter 

Missing character: There is no . in font nullfont!

Overfull \hbox (20.0pt too wide) in paragraph at lines 4--5
[]
 []


! Package inputenc Error: Unicode character –î (U+0414)
(inputenc)                not set up for use with LaTeX.

See the inputenc package documentation for explanation.
Type  H <return>  for immediate help.
 ...                                              
                                                  
l.6 –î
      –∞–ª–µ–µ –±—É–¥—É—Ç —Ä–∞—Å—Å–º–æ—Ç—Ä–µ–Ω—ã –ø—Ä–∏–Ω—Ü–∏–ø—ã –ø–æ—Å—Ç—Ä...

You may provide a definition with
\DeclareUnicodeCharacter 


! Package inputenc Error: Unicode character –∞ (U+0430)
(inputenc)                not set up for use with LaTeX.

See the inputenc package documentation for explanation.
Type  H <return>  for immediate help.
 ...                                              
                                                  
l.6 –î–∞
        –ª–µ–µ –±—É–¥—É—Ç —Ä–∞—Å—Å–º–æ—Ç—Ä–µ–Ω—ã –ø—Ä–∏–Ω—Ü–∏–ø—ã –ø–æ—Å—Ç—Ä...

You may provide a definition with
\DeclareUnicodeCharacter 


! Package inputenc Error: Unicode character –ª (U+043B)
(inputenc)                not set up for use with LaTeX.

See the inputenc package documentation for explanation.
Type  H <return>  for immediate help.
 ...                                              
                                                  
l.6 –î–∞–ª
          –µ–µ –±—É–¥—É—Ç —Ä–∞—Å—Å–º–æ—Ç—Ä–µ–Ω—ã –ø—Ä–∏–Ω—Ü–∏–ø—ã –ø–æ—Å—Ç—Ä...

You may provide a definition with
\DeclareUnicodeCharacter 


! Package inputenc Error: Unicode character –µ (U+0435)
(inputenc)                not set up for use with LaTeX.

See the inputenc package documentation for explanation.
Type  H <return>  for immediate help.
 ...                                              
                                                  
l.6 –î–∞–ª–µ
            –µ –±—É–¥—É—Ç —Ä–∞—Å—Å–º–æ—Ç—Ä–µ–Ω—ã –ø—Ä–∏–Ω—Ü–∏–ø—ã –ø–æ—Å—Ç—Ä...

You may provide a definition with
\DeclareUnicodeCharacter 


! Package inputenc Error: Unicode character –µ (U+0435)
(inputenc)                not set up for use with LaTeX.

See the inputenc package documentation for explanation.
Type  H <return>  for immediate help.
 ...                                              
                                                  
l.6 –î–∞–ª–µ–µ
               –±—É–¥—É—Ç —Ä–∞—Å—Å–º–æ—Ç—Ä–µ–Ω—ã –ø—Ä–∏–Ω—Ü–∏–ø—ã –ø–æ—Å—Ç—Ä...

You may provide a definition with
\DeclareUnicodeCharacter 


! Package inputenc Error: Unicode character –± (U+0431)
(inputenc)                not set up for use with LaTeX.

See the inputenc package documentation for explanation.
Type  H <return>  for immediate help.
 ...                                              
                                                  
l.6 –î–∞–ª–µ–µ –±
                 —É–¥—É—Ç —Ä–∞—Å—Å–º–æ—Ç—Ä–µ–Ω—ã –ø—Ä–∏–Ω—Ü–∏–ø—ã –ø–æ—Å—Ç—Ä...

You may provide a definition with
\DeclareUnicodeCharacter 


! Package inputenc Error: Unicode character —É (U+0443)
(inputenc)                not set up for use with LaTeX.

See the inputenc package documentation for explanation.
Type  H <return>  for immediate help.
 ...                                              
                                                  
l.6 –î–∞–ª–µ–µ –±—É
                   –¥—É—Ç —Ä–∞—Å—Å–º–æ—Ç—Ä–µ–Ω—ã –ø—Ä–∏–Ω—Ü–∏–ø—ã –ø–æ—Å—Ç—Ä...

You may provide a definition with
\DeclareUnicodeCharacter 


! Package inputenc Error: Unicode character –¥ (U+0434)
(inputenc)                not set up for use with LaTeX.

See the inputenc package documentation for explanation.
Type  H <return>  for immediate help.
 ...                                              
                                                  
l.6 –î–∞–ª–µ–µ –±—É–¥
                     —É—Ç —Ä–∞—Å—Å–º–æ—Ç—Ä–µ–Ω—ã –ø—Ä–∏–Ω—Ü–∏–ø—ã –ø–æ—Å—Ç—Ä...

You may provide a definition with
\DeclareUnicodeCharacter 


! Package inputenc Error: Unicode character —É (U+0443)
(inputenc)                not set up for use with LaTeX.

See the inputenc package documentation for explanation.
Type  H <return>  for immediate help.
 ...                                              
                                                  
l.6 –î–∞–ª–µ–µ –±—É–¥—É
                       —Ç —Ä–∞—Å—Å–º–æ—Ç—Ä–µ–Ω—ã –ø—Ä–∏–Ω—Ü–∏–ø—ã –ø–æ—Å—Ç—Ä...

You may provide a definition with
\DeclareUnicodeCharacter 


! Package inputenc Error: Unicode character —Ç (U+0442)
(inputenc)                not set up for use with LaTeX.

See the inputenc package documentation for explanation.
Type  H <return>  for immediate help.
 ...                                              
                                                  
l.6 –î–∞–ª–µ–µ –±—É–¥—É—Ç
                          —Ä–∞—Å—Å–º–æ—Ç—Ä–µ–Ω—ã –ø—Ä–∏–Ω—Ü–∏–ø—ã –ø–æ—Å—Ç—Ä...

You may provide a definition with
\DeclareUnicodeCharacter 


! Package inputenc Error: Unicode character —Ä (U+0440)
(inputenc)                not set up for use with LaTeX.

See the inputenc package documentation for explanation.
Type  H <return>  for immediate help.
 ...                                              
                                                  
l.6 –î–∞–ª–µ–µ –±—É–¥—É—Ç —Ä
                            –∞—Å—Å–º–æ—Ç—Ä–µ–Ω—ã –ø—Ä–∏–Ω—Ü–∏–ø—ã –ø–æ—Å—Ç—Ä...

You may provide a definition with
\DeclareUnicodeCharacter 


! Package inputenc Error: Unicode character –∞ (U+0430)
(inputenc)                not set up for use with LaTeX.

See the inputenc package documentation for explanation.
Type  H <return>  for immediate help.
 ...                                              
                                                  
l.6 –î–∞–ª–µ–µ –±—É–¥—É—Ç —Ä–∞
                              —Å—Å–º–æ—Ç—Ä–µ–Ω—ã –ø—Ä–∏–Ω—Ü–∏–ø—ã –ø–æ—Å—Ç—Ä...

You may provide a definition with
\DeclareUnicodeCharacter 


! Package inputenc Error: Unicode character —Å (U+0441)
(inputenc)                not set up for use with LaTeX.

See the inputenc package documentation for explanation.
Type  H <return>  for immediate help.
 ...                                              
                                                  
l.6 –î–∞–ª–µ–µ –±—É–¥—É—Ç —Ä–∞—Å
                                —Å–º–æ—Ç—Ä–µ–Ω—ã –ø—Ä–∏–Ω—Ü–∏–ø—ã –ø–æ—Å—Ç—Ä...

You may provide a definition with
\DeclareUnicodeCharacter 


! Package inputenc Error: Unicode character —Å (U+0441)
(inputenc)                not set up for use with LaTeX.

See the inputenc package documentation for explanation.
Type  H <return>  for immediate help.
 ...                                              
                                                  
l.6 –î–∞–ª–µ–µ –±—É–¥—É—Ç —Ä–∞—Å—Å
                                  –º–æ—Ç—Ä–µ–Ω—ã –ø—Ä–∏–Ω—Ü–∏–ø—ã –ø–æ—Å—Ç—Ä...

You may provide a definition with
\DeclareUnicodeCharacter 


! Package inputenc Error: Unicode character –º (U+043C)
(inputenc)                not set up for use with LaTeX.

See the inputenc package documentation for explanation.
Type  H <return>  for immediate help.
 ...                                              
                                                  
l.6 –î–∞–ª–µ–µ –±—É–¥—É—Ç —Ä–∞—Å—Å–º
                                    –æ—Ç—Ä–µ–Ω—ã –ø—Ä–∏–Ω—Ü–∏–ø—ã –ø–æ—Å—Ç—Ä...

You may provide a definition with
\DeclareUnicodeCharacter 


! Package inputenc Error: Unicode character –æ (U+043E)
(inputenc)                not set up for use with LaTeX.

See the inputenc package documentation for explanation.
Type  H <return>  for immediate help.
 ...                                              
                                                  
l.6 –î–∞–ª–µ–µ –±—É–¥—É—Ç —Ä–∞—Å—Å–º–æ
                                      —Ç—Ä–µ–Ω—ã –ø—Ä–∏–Ω—Ü–∏–ø—ã –ø–æ—Å—Ç—Ä...

You may provide a definition with
\DeclareUnicodeCharacter 


! Package inputenc Error: Unicode character —Ç (U+0442)
(inputenc)                not set up for use with LaTeX.

See the inputenc package documentation for explanation.
Type  H <return>  for immediate help.
 ...                                              
                                                  
l.6 –î–∞–ª–µ–µ –±—É–¥—É—Ç —Ä–∞—Å—Å–º–æ—Ç
                                        —Ä–µ–Ω—ã –ø—Ä–∏–Ω—Ü–∏–ø—ã –ø–æ—Å—Ç—Ä...

You may provide a definition with
\DeclareUnicodeCharacter 


! Package inputenc Error: Unicode character —Ä (U+0440)
(inputenc)                not set up for use with LaTeX.

See the inputenc package documentation for explanation.
Type  H <return>  for immediate help.
 ...                                              
                                                  
l.6 –î–∞–ª–µ–µ –±—É–¥—É—Ç —Ä–∞—Å—Å–º–æ—Ç—Ä
                                          –µ–Ω—ã –ø—Ä–∏–Ω—Ü–∏–ø—ã –ø–æ—Å—Ç—Ä...

You may provide a definition with
\DeclareUnicodeCharacter 


! Package inputenc Error: Unicode character –µ (U+0435)
(inputenc)                not set up for use with LaTeX.

See the inputenc package documentation for explanation.
Type  H <return>  for immediate help.
 ...                                              
                                                  
l.6 –î–∞–ª–µ–µ –±—É–¥—É—Ç —Ä–∞—Å—Å–º–æ—Ç—Ä–µ
                                            –Ω—ã –ø—Ä–∏–Ω—Ü–∏–ø—ã –ø–æ—Å—Ç—Ä...

You may provide a definition with
\DeclareUnicodeCharacter 


! Package inputenc Error: Unicode character –Ω (U+043D)
(inputenc)                not set up for use with LaTeX.

See the inputenc package documentation for explanation.
Type  H <return>  for immediate help.
 ...                                              
                                                  
l.6 –î–∞–ª–µ–µ –±—É–¥—É—Ç —Ä–∞—Å—Å–º–æ—Ç—Ä–µ–Ω
                                              —ã –ø—Ä–∏–Ω—Ü–∏–ø—ã –ø–æ—Å—Ç—Ä...

You may provide a definition with
\DeclareUnicodeCharacter 


! Package inputenc Error: Unicode character —ã (U+044B)
(inputenc)                not set up for use with LaTeX.

See the inputenc package documentation for explanation.
Type  H <return>  for immediate help.
 ...                                              
                                                  
l.6 –î–∞–ª–µ–µ –±—É–¥—É—Ç —Ä–∞—Å—Å–º–æ—Ç—Ä–µ–Ω—ã
                                                 –ø—Ä–∏–Ω—Ü–∏–ø—ã –ø–æ—Å—Ç—Ä...

You may provide a definition with
\DeclareUnicodeCharacter 


! Package inputenc Error: Unicode character –ø (U+043F)
(inputenc)                not set up for use with LaTeX.

See the inputenc package documentation for explanation.
Type  H <return>  for immediate help.
 ...                                              
                                                  
l.6 ...–ª–µ–µ –±—É–¥—É—Ç —Ä–∞—Å—Å–º–æ—Ç—Ä–µ–Ω—ã –ø
                                                  —Ä–∏–Ω—Ü–∏–ø—ã –ø–æ—Å—Ç—Ä–...

You may provide a definition with
\DeclareUnicodeCharacter 


! Package inputenc Error: Unicode character —Ä (U+0440)
(inputenc)                not set up for use with LaTeX.

See the inputenc package documentation for explanation.
Type  H <return>  for immediate help.
 ...                                              
                                                  
l.6 ...–µ–µ –±—É–¥—É—Ç —Ä–∞—Å—Å–º–æ—Ç—Ä–µ–Ω—ã –ø—Ä
                                                  –∏–Ω—Ü–∏–ø—ã –ø–æ—Å—Ç—Ä–æ–...

You may provide a definition with
\DeclareUnicodeCharacter 


! Package inputenc Error: Unicode character –∏ (U+0438)
(inputenc)                not set up for use with LaTeX.

See the inputenc package documentation for explanation.
Type  H <return>  for immediate help.
 ...                                              
                                                  
l.6 ...–µ –±—É–¥—É—Ç —Ä–∞—Å—Å–º–æ—Ç—Ä–µ–Ω—ã –ø—Ä–∏
                                                  –Ω—Ü–∏–ø—ã –ø–æ—Å—Ç—Ä–æ–µ–...

You may provide a definition with
\DeclareUnicodeCharacter 


! Package inputenc Error: Unicode character –Ω (U+043D)
(inputenc)                not set up for use with LaTeX.

See the inputenc package documentation for explanation.
Type  H <return>  for immediate help.
 ...                                              
                                                  
l.6 ... –±—É–¥—É—Ç —Ä–∞—Å—Å–º–æ—Ç—Ä–µ–Ω—ã –ø—Ä–∏–Ω
                                                  —Ü–∏–ø—ã –ø–æ—Å—Ç—Ä–æ–µ–Ω–...

You may provide a definition with
\DeclareUnicodeCharacter 


! Package inputenc Error: Unicode character —Ü (U+0446)
(inputenc)                not set up for use with LaTeX.

See the inputenc package documentation for explanation.
Type  H <return>  for immediate help.
 ...                                              
                                                  
l.6 ...±—É–¥—É—Ç —Ä–∞—Å—Å–º–æ—Ç—Ä–µ–Ω—ã –ø—Ä–∏–Ω—Ü
                                                  –∏–ø—ã –ø–æ—Å—Ç—Ä–æ–µ–Ω–∏—...

You may provide a definition with
\DeclareUnicodeCharacter 


! Package inputenc Error: Unicode character –∏ (U+0438)
(inputenc)                not set up for use with LaTeX.

See the inputenc package documentation for explanation.
Type  H <return>  for immediate help.
 ...                                              
                                                  
l.6 ...É–¥—É—Ç —Ä–∞—Å—Å–º–æ—Ç—Ä–µ–Ω—ã –ø—Ä–∏–Ω—Ü–∏
                                                  –ø—ã –ø–æ—Å—Ç—Ä–æ–µ–Ω–∏—è ...

You may provide a definition with
\DeclareUnicodeCharacter 


! Package inputenc Error: Unicode character –ø (U+043F)
(inputenc)                not set up for use with LaTeX.

See the inputenc package documentation for explanation.
Type  H <return>  for immediate help.
 ...                                              
                                                  
l.6 ...¥—É—Ç —Ä–∞—Å—Å–º–æ—Ç—Ä–µ–Ω—ã –ø—Ä–∏–Ω—Ü–∏–ø
                                                  —ã –ø–æ—Å—Ç—Ä–æ–µ–Ω–∏—è —Å...

You may provide a definition with
\DeclareUnicodeCharacter 


! Package inputenc Error: Unicode character —ã (U+044B)
(inputenc)                not set up for use with LaTeX.

See the inputenc package documentation for explanation.
Type  H <return>  for immediate help.
 ...                                              
                                                  
l.6 ...É—Ç —Ä–∞—Å—Å–º–æ—Ç—Ä–µ–Ω—ã –ø—Ä–∏–Ω—Ü–∏–ø—ã
                                                   –ø–æ—Å—Ç—Ä–æ–µ–Ω–∏—è —Å–∏...

You may provide a definition with
\DeclareUnicodeCharacter 


! Package inputenc Error: Unicode character –ø (U+043F)
(inputenc)                not set up for use with LaTeX.

See the inputenc package documentation for explanation.
Type  H <return>  for immediate help.
 ...                                              
                                                  
l.6 ... —Ä–∞—Å—Å–º–æ—Ç—Ä–µ–Ω—ã –ø—Ä–∏–Ω—Ü–∏–ø—ã –ø
                                                  –æ—Å—Ç—Ä–æ–µ–Ω–∏—è —Å–∏—Å—...

You may provide a definition with
\DeclareUnicodeCharacter 


! Package inputenc Error: Unicode character –æ (U+043E)
(inputenc)                not set up for use with LaTeX.

See the inputenc package documentation for explanation.
Type  H <return>  for immediate help.
 ...                                              
                                                  
l.6 ...Ä–∞—Å—Å–º–æ—Ç—Ä–µ–Ω—ã –ø—Ä–∏–Ω—Ü–∏–ø—ã –ø–æ
                                                  —Å—Ç—Ä–æ–µ–Ω–∏—è —Å–∏—Å—Ç–...

You may provide a definition with
\DeclareUnicodeCharacter 


! Package inputenc Error: Unicode character —Å (U+0441)
(inputenc)                not set up for use with LaTeX.

See the inputenc package documentation for explanation.
Type  H <return>  for immediate help.
 ...                                              
                                                  
l.6 ...∞—Å—Å–º–æ—Ç—Ä–µ–Ω—ã –ø—Ä–∏–Ω—Ü–∏–ø—ã –ø–æ—Å
                                                  —Ç—Ä–æ–µ–Ω–∏—è —Å–∏—Å—Ç–µ–...

You may provide a definition with
\DeclareUnicodeCharacter 


! Package inputenc Error: Unicode character —Ç (U+0442)
(inputenc)                not set up for use with LaTeX.

See the inputenc package documentation for explanation.
Type  H <return>  for immediate help.
 ...                                              
                                                  
l.6 ...Å—Å–º–æ—Ç—Ä–µ–Ω—ã –ø—Ä–∏–Ω—Ü–∏–ø—ã –ø–æ—Å—Ç
                                                  —Ä–æ–µ–Ω–∏—è —Å–∏—Å—Ç–µ–º ...

You may provide a definition with
\DeclareUnicodeCharacter 


! Package inputenc Error: Unicode character —Ä (U+0440)
(inputenc)                not set up for use with LaTeX.

See the inputenc package documentation for explanation.
Type  H <return>  for immediate help.
 ...                                              
                                                  
l.6 ...Å–º–æ—Ç—Ä–µ–Ω—ã –ø—Ä–∏–Ω—Ü–∏–ø—ã –ø–æ—Å—Ç—Ä
                                                  –æ–µ–Ω–∏—è —Å–∏—Å—Ç–µ–º –Ω...

You may provide a definition with
\DeclareUnicodeCharacter 


! Package inputenc Error: Unicode character –æ (U+043E)
(inputenc)                not set up for use with LaTeX.

See the inputenc package documentation for explanation.
Type  H <return>  for immediate help.
 ...                                              
                                                  
l.6 ...º–æ—Ç—Ä–µ–Ω—ã –ø—Ä–∏–Ω—Ü–∏–ø—ã –ø–æ—Å—Ç—Ä–æ
                                                  –µ–Ω–∏—è —Å–∏—Å—Ç–µ–º –Ω–∞...

You may provide a definition with
\DeclareUnicodeCharacter 


! Package inputenc Error: Unicode character –µ (U+0435)
(inputenc)                not set up for use with LaTeX.

See the inputenc package documentation for explanation.
Type  H <return>  for immediate help.
 ...                                              
                                                  
l.6 ...æ—Ç—Ä–µ–Ω—ã –ø—Ä–∏–Ω—Ü–∏–ø—ã –ø–æ—Å—Ç—Ä–æ–µ
                                                  –Ω–∏—è —Å–∏—Å—Ç–µ–º –Ω–∞ –...

You may provide a definition with
\DeclareUnicodeCharacter 


! Package inputenc Error: Unicode character –Ω (U+043D)
(inputenc)                not set up for use with LaTeX.

See the inputenc package documentation for explanation.
Type  H <return>  for immediate help.
 ...                                              
                                                  
l.6 ...Ç—Ä–µ–Ω—ã –ø—Ä–∏–Ω—Ü–∏–ø—ã –ø–æ—Å—Ç—Ä–æ–µ–Ω
                                                  –∏—è —Å–∏—Å—Ç–µ–º –Ω–∞ –∫—...

You may provide a definition with
\DeclareUnicodeCharacter 


! Package inputenc Error: Unicode character –∏ (U+0438)
(inputenc)                not set up for use with LaTeX.

See the inputenc package documentation for explanation.
Type  H <return>  for immediate help.
 ...                                              
                                                  
l.6 ...Ä–µ–Ω—ã –ø—Ä–∏–Ω—Ü–∏–ø—ã –ø–æ—Å—Ç—Ä–æ–µ–Ω–∏
                                                  —è —Å–∏—Å—Ç–µ–º –Ω–∞ –∫—Ä–...

You may provide a definition with
\DeclareUnicodeCharacter 


! Package inputenc Error: Unicode character —è (U+044F)
(inputenc)                not set up for use with LaTeX.

See the inputenc package documentation for explanation.
Type  H <return>  for immediate help.
 ...                                              
                                                  
l.6 ...µ–Ω—ã –ø—Ä–∏–Ω—Ü–∏–ø—ã –ø–æ—Å—Ç—Ä–æ–µ–Ω–∏—è
                                                   —Å–∏—Å—Ç–µ–º –Ω–∞ –∫—Ä–∏—...

You may provide a definition with
\DeclareUnicodeCharacter 


! Package inputenc Error: Unicode character —Å (U+0441)
(inputenc)                not set up for use with LaTeX.

See the inputenc package documentation for explanation.
Type  H <return>  for immediate help.
 ...                                              
                                                  
l.6 ...—ã –ø—Ä–∏–Ω—Ü–∏–ø—ã –ø–æ—Å—Ç—Ä–æ–µ–Ω–∏—è —Å
                                                  –∏—Å—Ç–µ–º –Ω–∞ –∫—Ä–∏—Å—Ç...

You may provide a definition with
\DeclareUnicodeCharacter 


! Package inputenc Error: Unicode character –∏ (U+0438)
(inputenc)                not set up for use with LaTeX.

See the inputenc package documentation for explanation.
Type  H <return>  for immediate help.
 ...                                              
                                                  
l.6 ... –ø—Ä–∏–Ω—Ü–∏–ø—ã –ø–æ—Å—Ç—Ä–æ–µ–Ω–∏—è —Å–∏
                                                  —Å—Ç–µ–º –Ω–∞ –∫—Ä–∏—Å—Ç–∞...

You may provide a definition with
\DeclareUnicodeCharacter 


! Package inputenc Error: Unicode character —Å (U+0441)
(inputenc)                not set up for use with LaTeX.

See the inputenc package documentation for explanation.
Type  H <return>  for immediate help.
 ...                                              
                                                  
l.6 ...ø—Ä–∏–Ω—Ü–∏–ø—ã –ø–æ—Å—Ç—Ä–æ–µ–Ω–∏—è —Å–∏—Å
                                                  —Ç–µ–º –Ω–∞ –∫—Ä–∏—Å—Ç–∞–ª...

You may provide a definition with
\DeclareUnicodeCharacter 


! Package inputenc Error: Unicode character —Ç (U+0442)
(inputenc)                not set up for use with LaTeX.

See the inputenc package documentation for explanation.
Type  H <return>  for immediate help.
 ...                                              
                                                  
l.6 ...Ä–∏–Ω—Ü–∏–ø—ã –ø–æ—Å—Ç—Ä–æ–µ–Ω–∏—è —Å–∏—Å—Ç
                                                  –µ–º –Ω–∞ –∫—Ä–∏—Å—Ç–∞–ª–ª...

You may provide a definition with
\DeclareUnicodeCharacter 


! Package inputenc Error: Unicode character –µ (U+0435)
(inputenc)                not set up for use with LaTeX.

See the inputenc package documentation for explanation.
Type  H <return>  for immediate help.
 ...                                              
                                                  
l.6 ...∏–Ω—Ü–∏–ø—ã –ø–æ—Å—Ç—Ä–æ–µ–Ω–∏—è —Å–∏—Å—Ç–µ
                                                  –º –Ω–∞ –∫—Ä–∏—Å—Ç–∞–ª–ª–µ...

You may provide a definition with
\DeclareUnicodeCharacter 


! Package inputenc Error: Unicode character –º (U+043C)
(inputenc)                not set up for use with LaTeX.

See the inputenc package documentation for explanation.
Type  H <return>  for immediate help.
 ...                                              
                                                  
l.6 ...Ω—Ü–∏–ø—ã –ø–æ—Å—Ç—Ä–æ–µ–Ω–∏—è —Å–∏—Å—Ç–µ–º
                                                   –Ω–∞ –∫—Ä–∏—Å—Ç–∞–ª–ª–µ (...

You may provide a definition with
\DeclareUnicodeCharacter 


! Package inputenc Error: Unicode character –Ω (U+043D)
(inputenc)                not set up for use with LaTeX.

See the inputenc package documentation for explanation.
Type  H <return>  for immediate help.
 ...                                              
                                                  
l.6 ...–∏–ø—ã –ø–æ—Å—Ç—Ä–æ–µ–Ω–∏—è —Å–∏—Å—Ç–µ–º –Ω
                                                  –∞ –∫—Ä–∏—Å—Ç–∞–ª–ª–µ (–°–...

You may provide a definition with
\DeclareUnicodeCharacter 


! Package inputenc Error: Unicode character –∞ (U+0430)
(inputenc)                not set up for use with LaTeX.

See the inputenc package documentation for explanation.
Type  H <return>  for immediate help.
 ...                                              
                                                  
l.6 ...–ø—ã –ø–æ—Å—Ç—Ä–æ–µ–Ω–∏—è —Å–∏—Å—Ç–µ–º –Ω–∞
                                                   –∫—Ä–∏—Å—Ç–∞–ª–ª–µ (–°–ù–...

You may provide a definition with
\DeclareUnicodeCharacter 


! Package inputenc Error: Unicode character –∫ (U+043A)
(inputenc)                not set up for use with LaTeX.

See the inputenc package documentation for explanation.
Type  H <return>  for immediate help.
 ...                                              
                                                  
l.6 ...ã –ø–æ—Å—Ç—Ä–æ–µ–Ω–∏—è —Å–∏—Å—Ç–µ–º –Ω–∞ –∫
                                                  —Ä–∏—Å—Ç–∞–ª–ª–µ (–°–ù–ö) ...

You may provide a definition with
\DeclareUnicodeCharacter 


! Package inputenc Error: Unicode character —Ä (U+0440)
(inputenc)                not set up for use with LaTeX.

See the inputenc package documentation for explanation.
Type  H <return>  for immediate help.
 ...                                              
                                                  
l.6 ...–ø–æ—Å—Ç—Ä–æ–µ–Ω–∏—è —Å–∏—Å—Ç–µ–º –Ω–∞ –∫—Ä
                                                  –∏—Å—Ç–∞–ª–ª–µ (–°–ù–ö) –Ω...

You may provide a definition with
\DeclareUnicodeCharacter 


! Package inputenc Error: Unicode character –∏ (U+0438)
(inputenc)                not set up for use with LaTeX.

See the inputenc package documentation for explanation.
Type  H <return>  for immediate help.
 ...                                              
                                                  
l.6 ...–æ—Å—Ç—Ä–æ–µ–Ω–∏—è —Å–∏—Å—Ç–µ–º –Ω–∞ –∫—Ä–∏
                                                  —Å—Ç–∞–ª–ª–µ (–°–ù–ö) –Ω–∞...

You may provide a definition with
\DeclareUnicodeCharacter 


! Package inputenc Error: Unicode character —Å (U+0441)
(inputenc)                not set up for use with LaTeX.

See the inputenc package documentation for explanation.
Type  H <return>  for immediate help.
 ...                                              
                                                  
l.6 ...—Å—Ç—Ä–æ–µ–Ω–∏—è —Å–∏—Å—Ç–µ–º –Ω–∞ –∫—Ä–∏—Å
                                                  —Ç–∞–ª–ª–µ (–°–ù–ö) –Ω–∞ –...

You may provide a definition with
\DeclareUnicodeCharacter 


! Package inputenc Error: Unicode character —Ç (U+0442)
(inputenc)                not set up for use with LaTeX.

See the inputenc package documentation for explanation.
Type  H <return>  for immediate help.
 ...                                              
                                                  
l.6 ...—Ç—Ä–æ–µ–Ω–∏—è —Å–∏—Å—Ç–µ–º –Ω–∞ –∫—Ä–∏—Å—Ç
                                                  –∞–ª–ª–µ (–°–ù–ö) –Ω–∞ –æ—...

You may provide a definition with
\DeclareUnicodeCharacter 


! Package inputenc Error: Unicode character –∞ (U+0430)
(inputenc)                not set up for use with LaTeX.

See the inputenc package documentation for explanation.
Type  H <return>  for immediate help.
 ...                                              
                                                  
l.6 ...—Ä–æ–µ–Ω–∏—è —Å–∏—Å—Ç–µ–º –Ω–∞ –∫—Ä–∏—Å—Ç–∞
                                                  –ª–ª–µ (–°–ù–ö) –Ω–∞ –æ—Å–...

You may provide a definition with
\DeclareUnicodeCharacter 


! Package inputenc Error: Unicode character –ª (U+043B)
(inputenc)                not set up for use with LaTeX.

See the inputenc package documentation for explanation.
Type  H <return>  for immediate help.
 ...                                              
                                                  
l.6 ...–æ–µ–Ω–∏—è —Å–∏—Å—Ç–µ–º –Ω–∞ –∫—Ä–∏—Å—Ç–∞–ª
                                                  –ª–µ (–°–ù–ö) –Ω–∞ –æ—Å–Ω–...

You may provide a definition with
\DeclareUnicodeCharacter 


! Package inputenc Error: Unicode character –ª (U+043B)
(inputenc)                not set up for use with LaTeX.

See the inputenc package documentation for explanation.
Type  H <return>  for immediate help.
 ...                                              
                                                  
l.6 ...–µ–Ω–∏—è —Å–∏—Å—Ç–µ–º –Ω–∞ –∫—Ä–∏—Å—Ç–∞–ª–ª
                                                  –µ (–°–ù–ö) –Ω–∞ –æ—Å–Ω–æ–...

You may provide a definition with
\DeclareUnicodeCharacter 


! Package inputenc Error: Unicode character –µ (U+0435)
(inputenc)                not set up for use with LaTeX.

See the inputenc package documentation for explanation.
Type  H <return>  for immediate help.
 ...                                              
                                                  
l.6 ...–Ω–∏—è —Å–∏—Å—Ç–µ–º –Ω–∞ –∫—Ä–∏—Å—Ç–∞–ª–ª–µ
                                                   (–°–ù–ö) –Ω–∞ –æ—Å–Ω–æ–≤–...

You may provide a definition with
\DeclareUnicodeCharacter 


! LaTeX Error: Missing \begin{document}.

See the LaTeX manual or LaTeX Companion for explanation.
Type  H <return>  for immediate help.
 ...                                              
                                                  
l.6 ...–∏—è —Å–∏—Å—Ç–µ–º –Ω–∞ –∫—Ä–∏—Å—Ç–∞–ª–ª–µ (
                                                  –°–ù–ö) –Ω–∞ –æ—Å–Ω–æ–≤–µ ...

You're in trouble here.  Try typing  <return>  to proceed.
If that doesn't work, type  X <return>  to quit.

Missing character: There is no ( in font nullfont!

! Package inputenc Error: Unicode character –° (U+0421)
(inputenc)                not set up for use with LaTeX.

See the inputenc package documentation for explanation.
Type  H <return>  for immediate help.
 ...                                              
                                                  
l.6 ...—è —Å–∏—Å—Ç–µ–º –Ω–∞ –∫—Ä–∏—Å—Ç–∞–ª–ª–µ (–°
                                                  –ù–ö) –Ω–∞ –æ—Å–Ω–æ–≤–µ –ü...

You may provide a definition with
\DeclareUnicodeCharacter 


! Package inputenc Error: Unicode character –ù (U+041D)
(inputenc)                not set up for use with LaTeX.

See the inputenc package documentation for explanation.
Type  H <return>  for immediate help.
 ...                                              
                                                  
l.6 ... —Å–∏—Å—Ç–µ–º –Ω–∞ –∫—Ä–∏—Å—Ç–∞–ª–ª–µ (–°–ù
                                                  –ö) –Ω–∞ –æ—Å–Ω–æ–≤–µ –ü–õ...

You may provide a definition with
\DeclareUnicodeCharacter 


! Package inputenc Error: Unicode character –ö (U+041A)
(inputenc)                not set up for use with LaTeX.

See the inputenc package documentation for explanation.
Type  H <return>  for immediate help.
 ...                                              
                                                  
l.6 ...Å–∏—Å—Ç–µ–º –Ω–∞ –∫—Ä–∏—Å—Ç–∞–ª–ª–µ (–°–ù–ö
                                                  ) –Ω–∞ –æ—Å–Ω–æ–≤–µ –ü–õ–ò...

You may provide a definition with
\DeclareUnicodeCharacter 

Missing character: There is no ) in font nullfont!

! Package inputenc Error: Unicode character –Ω (U+043D)
(inputenc)                not set up for use with LaTeX.

See the inputenc package documentation for explanation.
Type  H <return>  for immediate help.
 ...                                              
                                                  
l.6 ...Å—Ç–µ–º –Ω–∞ –∫—Ä–∏—Å—Ç–∞–ª–ª–µ (–°–ù–ö) –Ω
                                                  –∞ –æ—Å–Ω–æ–≤–µ –ü–õ–ò–°, ...

You may provide a definition with
\DeclareUnicodeCharacter 


! Package inputenc Error: Unicode character –∞ (U+0430)
(inputenc)                not set up for use with LaTeX.

See the inputenc package documentation for explanation.
Type  H <return>  for immediate help.
 ...                                              
                                                  
l.6 ...Ç–µ–º –Ω–∞ –∫—Ä–∏—Å—Ç–∞–ª–ª–µ (–°–ù–ö) –Ω–∞
                                                   –æ—Å–Ω–æ–≤–µ –ü–õ–ò–°, –ø...

You may provide a definition with
\DeclareUnicodeCharacter 


! Package inputenc Error: Unicode character –æ (U+043E)
(inputenc)                not set up for use with LaTeX.

See the inputenc package documentation for explanation.
Type  H <return>  for immediate help.
 ...                                              
                                                  
l.6 ...–º –Ω–∞ –∫—Ä–∏—Å—Ç–∞–ª–ª–µ (–°–ù–ö) –Ω–∞ –æ
                                                  —Å–Ω–æ–≤–µ –ü–õ–ò–°, –ø—Ä–...

You may provide a definition with
\DeclareUnicodeCharacter 


! Package inputenc Error: Unicode character —Å (U+0441)
(inputenc)                not set up for use with LaTeX.

See the inputenc package documentation for explanation.
Type  H <return>  for immediate help.
 ...                                              
                                                  
l.6 ... –Ω–∞ –∫—Ä–∏—Å—Ç–∞–ª–ª–µ (–°–ù–ö) –Ω–∞ –æ—Å
                                                  –Ω–æ–≤–µ –ü–õ–ò–°, –ø—Ä–æ–...

You may provide a definition with
\DeclareUnicodeCharacter 


! Package inputenc Error: Unicode character –Ω (U+043D)
(inputenc)                not set up for use with LaTeX.

See the inputenc package documentation for explanation.
Type  H <return>  for immediate help.
 ...                                              
                                                  
l.6 ...Ω–∞ –∫—Ä–∏—Å—Ç–∞–ª–ª–µ (–°–ù–ö) –Ω–∞ –æ—Å–Ω
                                                  –æ–≤–µ –ü–õ–ò–°, –ø—Ä–æ–µ–...

You may provide a definition with
\DeclareUnicodeCharacter 


! Package inputenc Error: Unicode character –æ (U+043E)
(inputenc)                not set up for use with LaTeX.

See the inputenc package documentation for explanation.
Type  H <return>  for immediate help.
 ...                                              
                                                  
l.6 ...∞ –∫—Ä–∏—Å—Ç–∞–ª–ª–µ (–°–ù–ö) –Ω–∞ –æ—Å–Ω–æ
                                                  –≤–µ –ü–õ–ò–°, –ø—Ä–æ–µ–∫—...

You may provide a definition with
\DeclareUnicodeCharacter 


! Package inputenc Error: Unicode character –≤ (U+0432)
(inputenc)                not set up for use with LaTeX.

See the inputenc package documentation for explanation.
Type  H <return>  for immediate help.
 ...                                              
                                                  
l.6 ...–∫—Ä–∏—Å—Ç–∞–ª–ª–µ (–°–ù–ö) –Ω–∞ –æ—Å–Ω–æ–≤
                                                  –µ –ü–õ–ò–°, –ø—Ä–æ–µ–∫—Ç–...

You may provide a definition with
\DeclareUnicodeCharacter 


! Package inputenc Error: Unicode character –µ (U+0435)
(inputenc)                not set up for use with LaTeX.

See the inputenc package documentation for explanation.
Type  H <return>  for immediate help.
 ...                                              
                                                  
l.6 ...—Ä–∏—Å—Ç–∞–ª–ª–µ (–°–ù–ö) –Ω–∞ –æ—Å–Ω–æ–≤–µ
                                                   –ü–õ–ò–°, –ø—Ä–æ–µ–∫—Ç–∏—...

You may provide a definition with
\DeclareUnicodeCharacter 


! Package inputenc Error: Unicode character –ü (U+041F)
(inputenc)                not set up for use with LaTeX.

See the inputenc package documentation for explanation.
Type  H <return>  for immediate help.
 ...                                              
                                                  
l.6 ...∏—Å—Ç–∞–ª–ª–µ (–°–ù–ö) –Ω–∞ –æ—Å–Ω–æ–≤–µ –ü
                                                  –õ–ò–°, –ø—Ä–æ–µ–∫—Ç–∏—Ä–æ...

You may provide a definition with
\DeclareUnicodeCharacter 


! Package inputenc Error: Unicode character –õ (U+041B)
(inputenc)                not set up for use with LaTeX.

See the inputenc package documentation for explanation.
Type  H <return>  for immediate help.
 ...                                              
                                                  
l.6 ...Å—Ç–∞–ª–ª–µ (–°–ù–ö) –Ω–∞ –æ—Å–Ω–æ–≤–µ –ü–õ
                                                  –ò–°, –ø—Ä–æ–µ–∫—Ç–∏—Ä–æ–≤...

You may provide a definition with
\DeclareUnicodeCharacter 


! Package inputenc Error: Unicode character –ò (U+0418)
(inputenc)                not set up for use with LaTeX.

See the inputenc package documentation for explanation.
Type  H <return>  for immediate help.
 ...                                              
                                                  
l.6 ...Ç–∞–ª–ª–µ (–°–ù–ö) –Ω–∞ –æ—Å–Ω–æ–≤–µ –ü–õ–ò
                                                  –°, –ø—Ä–æ–µ–∫—Ç–∏—Ä–æ–≤–∞...

You may provide a definition with
\DeclareUnicodeCharacter 


! Package inputenc Error: Unicode character –° (U+0421)
(inputenc)                not set up for use with LaTeX.

See the inputenc package documentation for explanation.
Type  H <return>  for immediate help.
 ...                                              
                                                  
l.6 ...∞–ª–ª–µ (–°–ù–ö) –Ω–∞ –æ—Å–Ω–æ–≤–µ –ü–õ–ò–°
                                                  , –ø—Ä–æ–µ–∫—Ç–∏—Ä–æ–≤–∞–Ω...

You may provide a definition with
\DeclareUnicodeCharacter 

Missing character: There is no , in font nullfont!

! Package inputenc Error: Unicode character –ø (U+043F)
(inputenc)                not set up for use with LaTeX.

See the inputenc package documentation for explanation.
Type  H <return>  for immediate help.
 ...                                              
                                                  
l.6 ...ª–µ (–°–ù–ö) –Ω–∞ –æ—Å–Ω–æ–≤–µ –ü–õ–ò–°, –ø
                                                  —Ä–æ–µ–∫—Ç–∏—Ä–æ–≤–∞–Ω–∏–µ...

You may provide a definition with
\DeclareUnicodeCharacter 


! Package inputenc Error: Unicode character —Ä (U+0440)
(inputenc)                not set up for use with LaTeX.

See the inputenc package documentation for explanation.
Type  H <return>  for immediate help.
 ...                                              
                                                  
l.6 ...µ (–°–ù–ö) –Ω–∞ –æ—Å–Ω–æ–≤–µ –ü–õ–ò–°, –ø—Ä
                                                  –æ–µ–∫—Ç–∏—Ä–æ–≤–∞–Ω–∏–µ –...

You may provide a definition with
\DeclareUnicodeCharacter 


! Package inputenc Error: Unicode character –æ (U+043E)
(inputenc)                not set up for use with LaTeX.

See the inputenc package documentation for explanation.
Type  H <return>  for immediate help.
 ...                                              
                                                  
l.6 ...(–°–ù–ö) –Ω–∞ –æ—Å–Ω–æ–≤–µ –ü–õ–ò–°, –ø—Ä–æ
                                                  –µ–∫—Ç–∏—Ä–æ–≤–∞–Ω–∏–µ –∏ ...

You may provide a definition with
\DeclareUnicodeCharacter 


! Package inputenc Error: Unicode character –µ (U+0435)
(inputenc)                not set up for use with LaTeX.

See the inputenc package documentation for explanation.
Type  H <return>  for immediate help.
 ...                                              
                                                  
l.6 ...°–ù–ö) –Ω–∞ –æ—Å–Ω–æ–≤–µ –ü–õ–ò–°, –ø—Ä–æ–µ
                                                  –∫—Ç–∏—Ä–æ–≤–∞–Ω–∏–µ –∏ –≤...

You may provide a definition with
\DeclareUnicodeCharacter 


! Package inputenc Error: Unicode character –∫ (U+043A)
(inputenc)                not set up for use with LaTeX.

See the inputenc package documentation for explanation.
Type  H <return>  for immediate help.
 ...                                              
                                                  
l.6 ...ù–ö) –Ω–∞ –æ—Å–Ω–æ–≤–µ –ü–õ–ò–°, –ø—Ä–æ–µ–∫
                                                  —Ç–∏—Ä–æ–≤–∞–Ω–∏–µ –∏ –≤–µ...

You may provide a definition with
\DeclareUnicodeCharacter 


! Package inputenc Error: Unicode character —Ç (U+0442)
(inputenc)                not set up for use with LaTeX.

See the inputenc package documentation for explanation.
Type  H <return>  for immediate help.
 ...                                              
                                                  
l.6 ...ö) –Ω–∞ –æ—Å–Ω–æ–≤–µ –ü–õ–ò–°, –ø—Ä–æ–µ–∫—Ç
                                                  –∏—Ä–æ–≤–∞–Ω–∏–µ –∏ –≤–µ—Ä...

You may provide a definition with
\DeclareUnicodeCharacter 


! Package inputenc Error: Unicode character –∏ (U+0438)
(inputenc)                not set up for use with LaTeX.

See the inputenc package documentation for explanation.
Type  H <return>  for immediate help.
 ...                                              
                                                  
l.6 ... –Ω–∞ –æ—Å–Ω–æ–≤–µ –ü–õ–ò–°, –ø—Ä–æ–µ–∫—Ç–∏
                                                  —Ä–æ–≤–∞–Ω–∏–µ –∏ –≤–µ—Ä–∏...

You may provide a definition with
\DeclareUnicodeCharacter 


! Package inputenc Error: Unicode character —Ä (U+0440)
(inputenc)                not set up for use with LaTeX.

See the inputenc package documentation for explanation.
Type  H <return>  for immediate help.
 ...                                              
                                                  
l.6 ...Ω–∞ –æ—Å–Ω–æ–≤–µ –ü–õ–ò–°, –ø—Ä–æ–µ–∫—Ç–∏—Ä
                                                  –æ–≤–∞–Ω–∏–µ –∏ –≤–µ—Ä–∏—Ñ...

You may provide a definition with
\DeclareUnicodeCharacter 


! Package inputenc Error: Unicode character –æ (U+043E)
(inputenc)                not set up for use with LaTeX.

See the inputenc package documentation for explanation.
Type  H <return>  for immediate help.
 ...                                              
                                                  
l.6 ...∞ –æ—Å–Ω–æ–≤–µ –ü–õ–ò–°, –ø—Ä–æ–µ–∫—Ç–∏—Ä–æ
                                                  –≤–∞–Ω–∏–µ –∏ –≤–µ—Ä–∏—Ñ–∏...

You may provide a definition with
\DeclareUnicodeCharacter 


! Package inputenc Error: Unicode character –≤ (U+0432)
(inputenc)                not set up for use with LaTeX.

See the inputenc package documentation for explanation.
Type  H <return>  for immediate help.
 ...                                              
                                                  
l.6 ...–æ—Å–Ω–æ–≤–µ –ü–õ–ò–°, –ø—Ä–æ–µ–∫—Ç–∏—Ä–æ–≤
                                                  –∞–Ω–∏–µ –∏ –≤–µ—Ä–∏—Ñ–∏–∫...

You may provide a definition with
\DeclareUnicodeCharacter 


! Package inputenc Error: Unicode character –∞ (U+0430)
(inputenc)                not set up for use with LaTeX.

See the inputenc package documentation for explanation.
Type  H <return>  for immediate help.
 ...                                              
                                                  
l.6 ...—Å–Ω–æ–≤–µ –ü–õ–ò–°, –ø—Ä–æ–µ–∫—Ç–∏—Ä–æ–≤–∞
                                                  –Ω–∏–µ –∏ –≤–µ—Ä–∏—Ñ–∏–∫–∞...

You may provide a definition with
\DeclareUnicodeCharacter 


! Package inputenc Error: Unicode character –Ω (U+043D)
(inputenc)                not set up for use with LaTeX.

See the inputenc package documentation for explanation.
Type  H <return>  for immediate help.
 ...                                              
                                                  
l.6 ...–Ω–æ–≤–µ –ü–õ–ò–°, –ø—Ä–æ–µ–∫—Ç–∏—Ä–æ–≤–∞–Ω
                                                  –∏–µ –∏ –≤–µ—Ä–∏—Ñ–∏–∫–∞—Ü...

You may provide a definition with
\DeclareUnicodeCharacter 


! Package inputenc Error: Unicode character –∏ (U+0438)
(inputenc)                not set up for use with LaTeX.

See the inputenc package documentation for explanation.
Type  H <return>  for immediate help.
 ...                                              
                                                  
l.6 ...–æ–≤–µ –ü–õ–ò–°, –ø—Ä–æ–µ–∫—Ç–∏—Ä–æ–≤–∞–Ω–∏
                                                  –µ –∏ –≤–µ—Ä–∏—Ñ–∏–∫–∞—Ü–∏...

You may provide a definition with
\DeclareUnicodeCharacter 


! Package inputenc Error: Unicode character –µ (U+0435)
(inputenc)                not set up for use with LaTeX.

See the inputenc package documentation for explanation.
Type  H <return>  for immediate help.
 ...                                              
                                                  
l.6 ...–≤–µ –ü–õ–ò–°, –ø—Ä–æ–µ–∫—Ç–∏—Ä–æ–≤–∞–Ω–∏–µ
                                                   –∏ –≤–µ—Ä–∏—Ñ–∏–∫–∞—Ü–∏—è...

You may provide a definition with
\DeclareUnicodeCharacter 


! Package inputenc Error: Unicode character –∏ (U+0438)
(inputenc)                not set up for use with LaTeX.

See the inputenc package documentation for explanation.
Type  H <return>  for immediate help.
 ...                                              
                                                  
l.6 ...µ –ü–õ–ò–°, –ø—Ä–æ–µ–∫—Ç–∏—Ä–æ–≤–∞–Ω–∏–µ –∏
                                                   –≤–µ—Ä–∏—Ñ–∏–∫–∞—Ü–∏—è —Å...

You may provide a definition with
\DeclareUnicodeCharacter 


! Package inputenc Error: Unicode character –≤ (U+0432)
(inputenc)                not set up for use with LaTeX.

See the inputenc package documentation for explanation.
Type  H <return>  for immediate help.
 ...                                              
                                                  
l.6 ...ü–õ–ò–°, –ø—Ä–æ–µ–∫—Ç–∏—Ä–æ–≤–∞–Ω–∏–µ –∏ –≤
                                                  –µ—Ä–∏—Ñ–∏–∫–∞—Ü–∏—è —Å–∏—...

You may provide a definition with
\DeclareUnicodeCharacter 


! Package inputenc Error: Unicode character –µ (U+0435)
(inputenc)                not set up for use with LaTeX.

See the inputenc package documentation for explanation.
Type  H <return>  for immediate help.
 ...                                              
                                                  
l.6 ...õ–ò–°, –ø—Ä–æ–µ–∫—Ç–∏—Ä–æ–≤–∞–Ω–∏–µ –∏ –≤–µ
                                                  —Ä–∏—Ñ–∏–∫–∞—Ü–∏—è —Å–∏—Å—...

You may provide a definition with
\DeclareUnicodeCharacter 


! Package inputenc Error: Unicode character —Ä (U+0440)
(inputenc)                not set up for use with LaTeX.

See the inputenc package documentation for explanation.
Type  H <return>  for immediate help.
 ...                                              
                                                  
l.6 ...ò–°, –ø—Ä–æ–µ–∫—Ç–∏—Ä–æ–≤–∞–Ω–∏–µ –∏ –≤–µ—Ä
                                                  –∏—Ñ–∏–∫–∞—Ü–∏—è —Å–∏—Å—Ç–...

You may provide a definition with
\DeclareUnicodeCharacter 


! Package inputenc Error: Unicode character –∏ (U+0438)
(inputenc)                not set up for use with LaTeX.

See the inputenc package documentation for explanation.
Type  H <return>  for immediate help.
 ...                                              
                                                  
l.6 ...°, –ø—Ä–æ–µ–∫—Ç–∏—Ä–æ–≤–∞–Ω–∏–µ –∏ –≤–µ—Ä–∏
                                                  —Ñ–∏–∫–∞—Ü–∏—è —Å–∏—Å—Ç–µ–...

You may provide a definition with
\DeclareUnicodeCharacter 


! Package inputenc Error: Unicode character —Ñ (U+0444)
(inputenc)                not set up for use with LaTeX.

See the inputenc package documentation for explanation.
Type  H <return>  for immediate help.
 ...                                              
                                                  
l.6 ... –ø—Ä–æ–µ–∫—Ç–∏—Ä–æ–≤–∞–Ω–∏–µ –∏ –≤–µ—Ä–∏—Ñ
                                                  –∏–∫–∞—Ü–∏—è —Å–∏—Å—Ç–µ–º—...

You may provide a definition with
\DeclareUnicodeCharacter 


! Package inputenc Error: Unicode character –∏ (U+0438)
(inputenc)                not set up for use with LaTeX.

See the inputenc package documentation for explanation.
Type  H <return>  for immediate help.
 ...                                              
                                                  
l.6 ...ø—Ä–æ–µ–∫—Ç–∏—Ä–æ–≤–∞–Ω–∏–µ –∏ –≤–µ—Ä–∏—Ñ–∏
                                                  –∫–∞—Ü–∏—è —Å–∏—Å—Ç–µ–º—ã ...

You may provide a definition with
\DeclareUnicodeCharacter 


! Package inputenc Error: Unicode character –∫ (U+043A)
(inputenc)                not set up for use with LaTeX.

See the inputenc package documentation for explanation.
Type  H <return>  for immediate help.
 ...                                              
                                                  
l.6 ...Ä–æ–µ–∫—Ç–∏—Ä–æ–≤–∞–Ω–∏–µ –∏ –≤–µ—Ä–∏—Ñ–∏–∫
                                                  –∞—Ü–∏—è —Å–∏—Å—Ç–µ–º—ã —Å...

You may provide a definition with
\DeclareUnicodeCharacter 


! Package inputenc Error: Unicode character –∞ (U+0430)
(inputenc)                not set up for use with LaTeX.

See the inputenc package documentation for explanation.
Type  H <return>  for immediate help.
 ...                                              
                                                  
l.6 ...æ–µ–∫—Ç–∏—Ä–æ–≤–∞–Ω–∏–µ –∏ –≤–µ—Ä–∏—Ñ–∏–∫–∞
                                                  —Ü–∏—è —Å–∏—Å—Ç–µ–º—ã —Å –...

You may provide a definition with
\DeclareUnicodeCharacter 


! Package inputenc Error: Unicode character —Ü (U+0446)
(inputenc)                not set up for use with LaTeX.

See the inputenc package documentation for explanation.
Type  H <return>  for immediate help.
 ...                                              
                                                  
l.6 ...µ–∫—Ç–∏—Ä–æ–≤–∞–Ω–∏–µ –∏ –≤–µ—Ä–∏—Ñ–∏–∫–∞—Ü
                                                  –∏—è —Å–∏—Å—Ç–µ–º—ã —Å –∏—...

You may provide a definition with
\DeclareUnicodeCharacter 


! Package inputenc Error: Unicode character –∏ (U+0438)
(inputenc)                not set up for use with LaTeX.

See the inputenc package documentation for explanation.
Type  H <return>  for immediate help.
 ...                                              
                                                  
l.6 ...∫—Ç–∏—Ä–æ–≤–∞–Ω–∏–µ –∏ –≤–µ—Ä–∏—Ñ–∏–∫–∞—Ü–∏
                                                  —è —Å–∏—Å—Ç–µ–º—ã —Å –∏—Å–...

You may provide a definition with
\DeclareUnicodeCharacter 


! Package inputenc Error: Unicode character —è (U+044F)
(inputenc)                not set up for use with LaTeX.

See the inputenc package documentation for explanation.
Type  H <return>  for immediate help.
 ...                                              
                                                  
l.6 ...Ç–∏—Ä–æ–≤–∞–Ω–∏–µ –∏ –≤–µ—Ä–∏—Ñ–∏–∫–∞—Ü–∏—è
                                                   —Å–∏—Å—Ç–µ–º—ã —Å –∏—Å–ø–...

You may provide a definition with
\DeclareUnicodeCharacter 


! Package inputenc Error: Unicode character —Å (U+0441)
(inputenc)                not set up for use with LaTeX.

See the inputenc package documentation for explanation.
Type  H <return>  for immediate help.
 ...                                              
                                                  
l.6 ...—Ä–æ–≤–∞–Ω–∏–µ –∏ –≤–µ—Ä–∏—Ñ–∏–∫–∞—Ü–∏—è —Å
                                                  –∏—Å—Ç–µ–º—ã —Å –∏—Å–ø–æ–ª...

You may provide a definition with
\DeclareUnicodeCharacter 


! Package inputenc Error: Unicode character –∏ (U+0438)
(inputenc)                not set up for use with LaTeX.

See the inputenc package documentation for explanation.
Type  H <return>  for immediate help.
 ...                                              
                                                  
l.6 ...–æ–≤–∞–Ω–∏–µ –∏ –≤–µ—Ä–∏—Ñ–∏–∫–∞—Ü–∏—è —Å–∏
                                                  —Å—Ç–µ–º—ã —Å –∏—Å–ø–æ–ª—å...
(That makes 100 errors; please try again.) 
Here is how much of TeX's memory you used:
 55 strings out of 482080
 785 string characters out of 5941728
 233878 words of memory out of 5000000
 15217 multiletter control sequences out of 15000+600000
 532646 words of font info for 25 fonts, out of 8000000 for 9000
 766 hyphenation exceptions out of 8191
 13i,1n,15p,335b,69s stack positions out of 5000i,500n,10000p,200000b,80000s

!  ==> Fatal error occurred, no output PDF file produced!
