This is pdfTeX, Version 3.14159265-2.6-1.40.20 (TeX Live 2019/Debian) (preloaded format=pdflatex 2021.9.5)  27 DEC 2021 11:48
entering extended mode
 restricted \write18 enabled.
 %&-line parsing enabled.
**conclusion.tex
(./conclusion.tex
LaTeX2e <2020-02-02> patch level 2
L3 programming layer <2020-02-14>
! Undefined control sequence.
l.1 \chapter
            *{–ó–∞–∫–ª—é—á–µ–Ω–∏–µ}
The control sequence at the end of the top line
of your error message was never \def'ed. If you have
misspelled it (e.g., `\hobx'), type `I' and the correct
spelling (e.g., `I\hbox'). Otherwise just continue,
and I'll forget about whatever was undefined.


! LaTeX Error: Missing \begin{document}.

See the LaTeX manual or LaTeX Companion for explanation.
Type  H <return>  for immediate help.
 ...                                              
                                                  
l.1 \chapter*
             {–ó–∞–∫–ª—é—á–µ–Ω–∏–µ}
You're in trouble here.  Try typing  <return>  to proceed.
If that doesn't work, type  X <return>  to quit.

Missing character: There is no * in font nullfont!

! Package inputenc Error: Unicode character –ó (U+0417)
(inputenc)                not set up for use with LaTeX.

See the inputenc package documentation for explanation.
Type  H <return>  for immediate help.
 ...                                              
                                                  
l.1 \chapter*{–ó
                –∞–∫–ª—é—á–µ–Ω–∏–µ}
You may provide a definition with
\DeclareUnicodeCharacter 


! Package inputenc Error: Unicode character –∞ (U+0430)
(inputenc)                not set up for use with LaTeX.

See the inputenc package documentation for explanation.
Type  H <return>  for immediate help.
 ...                                              
                                                  
l.1 \chapter*{–ó–∞
                  –∫–ª—é—á–µ–Ω–∏–µ}
You may provide a definition with
\DeclareUnicodeCharacter 


! Package inputenc Error: Unicode character –∫ (U+043A)
(inputenc)                not set up for use with LaTeX.

See the inputenc package documentation for explanation.
Type  H <return>  for immediate help.
 ...                                              
                                                  
l.1 \chapter*{–ó–∞–∫
                    –ª—é—á–µ–Ω–∏–µ}
You may provide a definition with
\DeclareUnicodeCharacter 


! Package inputenc Error: Unicode character –ª (U+043B)
(inputenc)                not set up for use with LaTeX.

See the inputenc package documentation for explanation.
Type  H <return>  for immediate help.
 ...                                              
                                                  
l.1 \chapter*{–ó–∞–∫–ª
                      —é—á–µ–Ω–∏–µ}
You may provide a definition with
\DeclareUnicodeCharacter 


! Package inputenc Error: Unicode character —é (U+044E)
(inputenc)                not set up for use with LaTeX.

See the inputenc package documentation for explanation.
Type  H <return>  for immediate help.
 ...                                              
                                                  
l.1 \chapter*{–ó–∞–∫–ª—é
                        —á–µ–Ω–∏–µ}
You may provide a definition with
\DeclareUnicodeCharacter 


! Package inputenc Error: Unicode character —á (U+0447)
(inputenc)                not set up for use with LaTeX.

See the inputenc package documentation for explanation.
Type  H <return>  for immediate help.
 ...                                              
                                                  
l.1 \chapter*{–ó–∞–∫–ª—é—á
                          –µ–Ω–∏–µ}
You may provide a definition with
\DeclareUnicodeCharacter 


! Package inputenc Error: Unicode character –µ (U+0435)
(inputenc)                not set up for use with LaTeX.

See the inputenc package documentation for explanation.
Type  H <return>  for immediate help.
 ...                                              
                                                  
l.1 \chapter*{–ó–∞–∫–ª—é—á–µ
                            –Ω–∏–µ}
You may provide a definition with
\DeclareUnicodeCharacter 


! Package inputenc Error: Unicode character –Ω (U+043D)
(inputenc)                not set up for use with LaTeX.

See the inputenc package documentation for explanation.
Type  H <return>  for immediate help.
 ...                                              
                                                  
l.1 \chapter*{–ó–∞–∫–ª—é—á–µ–Ω
                              –∏–µ}
You may provide a definition with
\DeclareUnicodeCharacter 


! Package inputenc Error: Unicode character –∏ (U+0438)
(inputenc)                not set up for use with LaTeX.

See the inputenc package documentation for explanation.
Type  H <return>  for immediate help.
 ...                                              
                                                  
l.1 \chapter*{–ó–∞–∫–ª—é—á–µ–Ω–∏
                                –µ}
You may provide a definition with
\DeclareUnicodeCharacter 


! Package inputenc Error: Unicode character –µ (U+0435)
(inputenc)                not set up for use with LaTeX.

See the inputenc package documentation for explanation.
Type  H <return>  for immediate help.
 ...                                              
                                                  
l.1 \chapter*{–ó–∞–∫–ª—é—á–µ–Ω–∏–µ
                                  }
You may provide a definition with
\DeclareUnicodeCharacter 


Overfull \hbox (20.0pt too wide) in paragraph at lines 1--3
[]
 []


! Package inputenc Error: Unicode character –í (U+0412)
(inputenc)                not set up for use with LaTeX.

See the inputenc package documentation for explanation.
Type  H <return>  for immediate help.
 ...                                              
                                                  
l.4 –í
       —Ö–æ–¥–µ –ª–∞–±–æ—Ä–∞—Ç–æ—Ä–Ω–æ–π —Ä–∞–±–æ—Ç—ã –±—ã–ª–∏ –∏–∑—É—á–µ–Ω—...

You may provide a definition with
\DeclareUnicodeCharacter 


! Package inputenc Error: Unicode character —Ö (U+0445)
(inputenc)                not set up for use with LaTeX.

See the inputenc package documentation for explanation.
Type  H <return>  for immediate help.
 ...                                              
                                                  
l.4 –í —Ö
         –æ–¥–µ –ª–∞–±–æ—Ä–∞—Ç–æ—Ä–Ω–æ–π —Ä–∞–±–æ—Ç—ã –±—ã–ª–∏ –∏–∑—É—á–µ–Ω—...

You may provide a definition with
\DeclareUnicodeCharacter 


! Package inputenc Error: Unicode character –æ (U+043E)
(inputenc)                not set up for use with LaTeX.

See the inputenc package documentation for explanation.
Type  H <return>  for immediate help.
 ...                                              
                                                  
l.4 –í —Ö–æ
           –¥–µ –ª–∞–±–æ—Ä–∞—Ç–æ—Ä–Ω–æ–π —Ä–∞–±–æ—Ç—ã –±—ã–ª–∏ –∏–∑—É—á–µ–Ω—...

You may provide a definition with
\DeclareUnicodeCharacter 


! Package inputenc Error: Unicode character –¥ (U+0434)
(inputenc)                not set up for use with LaTeX.

See the inputenc package documentation for explanation.
Type  H <return>  for immediate help.
 ...                                              
                                                  
l.4 –í —Ö–æ–¥
             –µ –ª–∞–±–æ—Ä–∞—Ç–æ—Ä–Ω–æ–π —Ä–∞–±–æ—Ç—ã –±—ã–ª–∏ –∏–∑—É—á–µ–Ω—...

You may provide a definition with
\DeclareUnicodeCharacter 


! Package inputenc Error: Unicode character –µ (U+0435)
(inputenc)                not set up for use with LaTeX.

See the inputenc package documentation for explanation.
Type  H <return>  for immediate help.
 ...                                              
                                                  
l.4 –í —Ö–æ–¥–µ
                –ª–∞–±–æ—Ä–∞—Ç–æ—Ä–Ω–æ–π —Ä–∞–±–æ—Ç—ã –±—ã–ª–∏ –∏–∑—É—á–µ–Ω—...

You may provide a definition with
\DeclareUnicodeCharacter 


! Package inputenc Error: Unicode character –ª (U+043B)
(inputenc)                not set up for use with LaTeX.

See the inputenc package documentation for explanation.
Type  H <return>  for immediate help.
 ...                                              
                                                  
l.4 –í —Ö–æ–¥–µ –ª
                  –∞–±–æ—Ä–∞—Ç–æ—Ä–Ω–æ–π —Ä–∞–±–æ—Ç—ã –±—ã–ª–∏ –∏–∑—É—á–µ–Ω—...

You may provide a definition with
\DeclareUnicodeCharacter 


! Package inputenc Error: Unicode character –∞ (U+0430)
(inputenc)                not set up for use with LaTeX.

See the inputenc package documentation for explanation.
Type  H <return>  for immediate help.
 ...                                              
                                                  
l.4 –í —Ö–æ–¥–µ –ª–∞
                    –±–æ—Ä–∞—Ç–æ—Ä–Ω–æ–π —Ä–∞–±–æ—Ç—ã –±—ã–ª–∏ –∏–∑—É—á–µ–Ω—...

You may provide a definition with
\DeclareUnicodeCharacter 


! Package inputenc Error: Unicode character –± (U+0431)
(inputenc)                not set up for use with LaTeX.

See the inputenc package documentation for explanation.
Type  H <return>  for immediate help.
 ...                                              
                                                  
l.4 –í —Ö–æ–¥–µ –ª–∞–±
                      –æ—Ä–∞—Ç–æ—Ä–Ω–æ–π —Ä–∞–±–æ—Ç—ã –±—ã–ª–∏ –∏–∑—É—á–µ–Ω—...

You may provide a definition with
\DeclareUnicodeCharacter 


! Package inputenc Error: Unicode character –æ (U+043E)
(inputenc)                not set up for use with LaTeX.

See the inputenc package documentation for explanation.
Type  H <return>  for immediate help.
 ...                                              
                                                  
l.4 –í —Ö–æ–¥–µ –ª–∞–±–æ
                        —Ä–∞—Ç–æ—Ä–Ω–æ–π —Ä–∞–±–æ—Ç—ã –±—ã–ª–∏ –∏–∑—É—á–µ–Ω—...

You may provide a definition with
\DeclareUnicodeCharacter 


! Package inputenc Error: Unicode character —Ä (U+0440)
(inputenc)                not set up for use with LaTeX.

See the inputenc package documentation for explanation.
Type  H <return>  for immediate help.
 ...                                              
                                                  
l.4 –í —Ö–æ–¥–µ –ª–∞–±–æ—Ä
                          –∞—Ç–æ—Ä–Ω–æ–π —Ä–∞–±–æ—Ç—ã –±—ã–ª–∏ –∏–∑—É—á–µ–Ω—...

You may provide a definition with
\DeclareUnicodeCharacter 


! Package inputenc Error: Unicode character –∞ (U+0430)
(inputenc)                not set up for use with LaTeX.

See the inputenc package documentation for explanation.
Type  H <return>  for immediate help.
 ...                                              
                                                  
l.4 –í —Ö–æ–¥–µ –ª–∞–±–æ—Ä–∞
                            —Ç–æ—Ä–Ω–æ–π —Ä–∞–±–æ—Ç—ã –±—ã–ª–∏ –∏–∑—É—á–µ–Ω—...

You may provide a definition with
\DeclareUnicodeCharacter 


! Package inputenc Error: Unicode character —Ç (U+0442)
(inputenc)                not set up for use with LaTeX.

See the inputenc package documentation for explanation.
Type  H <return>  for immediate help.
 ...                                              
                                                  
l.4 –í —Ö–æ–¥–µ –ª–∞–±–æ—Ä–∞—Ç
                              –æ—Ä–Ω–æ–π —Ä–∞–±–æ—Ç—ã –±—ã–ª–∏ –∏–∑—É—á–µ–Ω—...

You may provide a definition with
\DeclareUnicodeCharacter 


! Package inputenc Error: Unicode character –æ (U+043E)
(inputenc)                not set up for use with LaTeX.

See the inputenc package documentation for explanation.
Type  H <return>  for immediate help.
 ...                                              
                                                  
l.4 –í —Ö–æ–¥–µ –ª–∞–±–æ—Ä–∞—Ç–æ
                                —Ä–Ω–æ–π —Ä–∞–±–æ—Ç—ã –±—ã–ª–∏ –∏–∑—É—á–µ–Ω—...

You may provide a definition with
\DeclareUnicodeCharacter 


! Package inputenc Error: Unicode character —Ä (U+0440)
(inputenc)                not set up for use with LaTeX.

See the inputenc package documentation for explanation.
Type  H <return>  for immediate help.
 ...                                              
                                                  
l.4 –í —Ö–æ–¥–µ –ª–∞–±–æ—Ä–∞—Ç–æ—Ä
                                  –Ω–æ–π —Ä–∞–±–æ—Ç—ã –±—ã–ª–∏ –∏–∑—É—á–µ–Ω—...

You may provide a definition with
\DeclareUnicodeCharacter 


! Package inputenc Error: Unicode character –Ω (U+043D)
(inputenc)                not set up for use with LaTeX.

See the inputenc package documentation for explanation.
Type  H <return>  for immediate help.
 ...                                              
                                                  
l.4 –í —Ö–æ–¥–µ –ª–∞–±–æ—Ä–∞—Ç–æ—Ä–Ω
                                    –æ–π —Ä–∞–±–æ—Ç—ã –±—ã–ª–∏ –∏–∑—É—á–µ–Ω—...

You may provide a definition with
\DeclareUnicodeCharacter 


! Package inputenc Error: Unicode character –æ (U+043E)
(inputenc)                not set up for use with LaTeX.

See the inputenc package documentation for explanation.
Type  H <return>  for immediate help.
 ...                                              
                                                  
l.4 –í —Ö–æ–¥–µ –ª–∞–±–æ—Ä–∞—Ç–æ—Ä–Ω–æ
                                      –π —Ä–∞–±–æ—Ç—ã –±—ã–ª–∏ –∏–∑—É—á–µ–Ω—...

You may provide a definition with
\DeclareUnicodeCharacter 


! Package inputenc Error: Unicode character –π (U+0439)
(inputenc)                not set up for use with LaTeX.

See the inputenc package documentation for explanation.
Type  H <return>  for immediate help.
 ...                                              
                                                  
l.4 –í —Ö–æ–¥–µ –ª–∞–±–æ—Ä–∞—Ç–æ—Ä–Ω–æ–π
                                         —Ä–∞–±–æ—Ç—ã –±—ã–ª–∏ –∏–∑—É—á–µ–Ω—...

You may provide a definition with
\DeclareUnicodeCharacter 


! Package inputenc Error: Unicode character —Ä (U+0440)
(inputenc)                not set up for use with LaTeX.

See the inputenc package documentation for explanation.
Type  H <return>  for immediate help.
 ...                                              
                                                  
l.4 –í —Ö–æ–¥–µ –ª–∞–±–æ—Ä–∞—Ç–æ—Ä–Ω–æ–π —Ä
                                           –∞–±–æ—Ç—ã –±—ã–ª–∏ –∏–∑—É—á–µ–Ω—...

You may provide a definition with
\DeclareUnicodeCharacter 


! Package inputenc Error: Unicode character –∞ (U+0430)
(inputenc)                not set up for use with LaTeX.

See the inputenc package documentation for explanation.
Type  H <return>  for immediate help.
 ...                                              
                                                  
l.4 –í —Ö–æ–¥–µ –ª–∞–±–æ—Ä–∞—Ç–æ—Ä–Ω–æ–π —Ä–∞
                                             –±–æ—Ç—ã –±—ã–ª–∏ –∏–∑—É—á–µ–Ω—...

You may provide a definition with
\DeclareUnicodeCharacter 


! Package inputenc Error: Unicode character –± (U+0431)
(inputenc)                not set up for use with LaTeX.

See the inputenc package documentation for explanation.
Type  H <return>  for immediate help.
 ...                                              
                                                  
l.4 –í —Ö–æ–¥–µ –ª–∞–±–æ—Ä–∞—Ç–æ—Ä–Ω–æ–π —Ä–∞–±
                                               –æ—Ç—ã –±—ã–ª–∏ –∏–∑—É—á–µ–Ω—...

You may provide a definition with
\DeclareUnicodeCharacter 


! Package inputenc Error: Unicode character –æ (U+043E)
(inputenc)                not set up for use with LaTeX.

See the inputenc package documentation for explanation.
Type  H <return>  for immediate help.
 ...                                              
                                                  
l.4 –í —Ö–æ–¥–µ –ª–∞–±–æ—Ä–∞—Ç–æ—Ä–Ω–æ–π —Ä–∞–±–æ
                                                 —Ç—ã –±—ã–ª–∏ –∏–∑—É—á–µ–Ω—...

You may provide a definition with
\DeclareUnicodeCharacter 


! Package inputenc Error: Unicode character —Ç (U+0442)
(inputenc)                not set up for use with LaTeX.

See the inputenc package documentation for explanation.
Type  H <return>  for immediate help.
 ...                                              
                                                  
l.4 ...Ö–æ–¥–µ –ª–∞–±–æ—Ä–∞—Ç–æ—Ä–Ω–æ–π —Ä–∞–±–æ—Ç
                                                  —ã –±—ã–ª–∏ –∏–∑—É—á–µ–Ω—ã...

You may provide a definition with
\DeclareUnicodeCharacter 


! Package inputenc Error: Unicode character —ã (U+044B)
(inputenc)                not set up for use with LaTeX.

See the inputenc package documentation for explanation.
Type  H <return>  for immediate help.
 ...                                              
                                                  
l.4 ...æ–¥–µ –ª–∞–±–æ—Ä–∞—Ç–æ—Ä–Ω–æ–π —Ä–∞–±–æ—Ç—ã
                                                   –±—ã–ª–∏ –∏–∑—É—á–µ–Ω—ã –...

You may provide a definition with
\DeclareUnicodeCharacter 


! Package inputenc Error: Unicode character –± (U+0431)
(inputenc)                not set up for use with LaTeX.

See the inputenc package documentation for explanation.
Type  H <return>  for immediate help.
 ...                                              
                                                  
l.4 ...–µ –ª–∞–±–æ—Ä–∞—Ç–æ—Ä–Ω–æ–π —Ä–∞–±–æ—Ç—ã –±
                                                  —ã–ª–∏ –∏–∑—É—á–µ–Ω—ã –í –...

You may provide a definition with
\DeclareUnicodeCharacter 


! Package inputenc Error: Unicode character —ã (U+044B)
(inputenc)                not set up for use with LaTeX.

See the inputenc package documentation for explanation.
Type  H <return>  for immediate help.
 ...                                              
                                                  
l.4 ... –ª–∞–±–æ—Ä–∞—Ç–æ—Ä–Ω–æ–π —Ä–∞–±–æ—Ç—ã –±—ã
                                                  –ª–∏ –∏–∑—É—á–µ–Ω—ã –í –¥–...

You may provide a definition with
\DeclareUnicodeCharacter 


! Package inputenc Error: Unicode character –ª (U+043B)
(inputenc)                not set up for use with LaTeX.

See the inputenc package documentation for explanation.
Type  H <return>  for immediate help.
 ...                                              
                                                  
l.4 ...ª–∞–±–æ—Ä–∞—Ç–æ—Ä–Ω–æ–π —Ä–∞–±–æ—Ç—ã –±—ã–ª
                                                  –∏ –∏–∑—É—á–µ–Ω—ã –í –¥–∞–...

You may provide a definition with
\DeclareUnicodeCharacter 


! Package inputenc Error: Unicode character –∏ (U+0438)
(inputenc)                not set up for use with LaTeX.

See the inputenc package documentation for explanation.
Type  H <return>  for immediate help.
 ...                                              
                                                  
l.4 ...∞–±–æ—Ä–∞—Ç–æ—Ä–Ω–æ–π —Ä–∞–±–æ—Ç—ã –±—ã–ª–∏
                                                   –∏–∑—É—á–µ–Ω—ã –í –¥–∞–Ω–...

You may provide a definition with
\DeclareUnicodeCharacter 


! Package inputenc Error: Unicode character –∏ (U+0438)
(inputenc)                not set up for use with LaTeX.

See the inputenc package documentation for explanation.
Type  H <return>  for immediate help.
 ...                                              
                                                  
l.4 ...–æ—Ä–∞—Ç–æ—Ä–Ω–æ–π —Ä–∞–±–æ—Ç—ã –±—ã–ª–∏ –∏
                                                  –∑—É—á–µ–Ω—ã –í –¥–∞–Ω–Ω–æ...

You may provide a definition with
\DeclareUnicodeCharacter 


! Package inputenc Error: Unicode character –∑ (U+0437)
(inputenc)                not set up for use with LaTeX.

See the inputenc package documentation for explanation.
Type  H <return>  for immediate help.
 ...                                              
                                                  
l.4 ...—Ä–∞—Ç–æ—Ä–Ω–æ–π —Ä–∞–±–æ—Ç—ã –±—ã–ª–∏ –∏–∑
                                                  —É—á–µ–Ω—ã –í –¥–∞–Ω–Ω–æ–π...

You may provide a definition with
\DeclareUnicodeCharacter 


! Package inputenc Error: Unicode character —É (U+0443)
(inputenc)                not set up for use with LaTeX.

See the inputenc package documentation for explanation.
Type  H <return>  for immediate help.
 ...                                              
                                                  
l.4 ...–∞—Ç–æ—Ä–Ω–æ–π —Ä–∞–±–æ—Ç—ã –±—ã–ª–∏ –∏–∑—É
                                                  —á–µ–Ω—ã –í –¥–∞–Ω–Ω–æ–π –...

You may provide a definition with
\DeclareUnicodeCharacter 


! Package inputenc Error: Unicode character —á (U+0447)
(inputenc)                not set up for use with LaTeX.

See the inputenc package documentation for explanation.
Type  H <return>  for immediate help.
 ...                                              
                                                  
l.4 ...—Ç–æ—Ä–Ω–æ–π —Ä–∞–±–æ—Ç—ã –±—ã–ª–∏ –∏–∑—É—á
                                                  –µ–Ω—ã –í –¥–∞–Ω–Ω–æ–π –ª–...

You may provide a definition with
\DeclareUnicodeCharacter 


! Package inputenc Error: Unicode character –µ (U+0435)
(inputenc)                not set up for use with LaTeX.

See the inputenc package documentation for explanation.
Type  H <return>  for immediate help.
 ...                                              
                                                  
l.4 ...–æ—Ä–Ω–æ–π —Ä–∞–±–æ—Ç—ã –±—ã–ª–∏ –∏–∑—É—á–µ
                                                  –Ω—ã –í –¥–∞–Ω–Ω–æ–π –ª–∞–...

You may provide a definition with
\DeclareUnicodeCharacter 


! Package inputenc Error: Unicode character –Ω (U+043D)
(inputenc)                not set up for use with LaTeX.

See the inputenc package documentation for explanation.
Type  H <return>  for immediate help.
 ...                                              
                                                  
l.4 ...—Ä–Ω–æ–π —Ä–∞–±–æ—Ç—ã –±—ã–ª–∏ –∏–∑—É—á–µ–Ω
                                                  —ã –í –¥–∞–Ω–Ω–æ–π –ª–∞–±–...

You may provide a definition with
\DeclareUnicodeCharacter 


! Package inputenc Error: Unicode character —ã (U+044B)
(inputenc)                not set up for use with LaTeX.

See the inputenc package documentation for explanation.
Type  H <return>  for immediate help.
 ...                                              
                                                  
l.4 ...–Ω–æ–π —Ä–∞–±–æ—Ç—ã –±—ã–ª–∏ –∏–∑—É—á–µ–Ω—ã
                                                   –í –¥–∞–Ω–Ω–æ–π –ª–∞–±–æ—...

You may provide a definition with
\DeclareUnicodeCharacter 


! Package inputenc Error: Unicode character –í (U+0412)
(inputenc)                not set up for use with LaTeX.

See the inputenc package documentation for explanation.
Type  H <return>  for immediate help.
 ...                                              
                                                  
l.4 ...æ–π —Ä–∞–±–æ—Ç—ã –±—ã–ª–∏ –∏–∑—É—á–µ–Ω—ã –í
                                                   –¥–∞–Ω–Ω–æ–π –ª–∞–±–æ—Ä–∞...

You may provide a definition with
\DeclareUnicodeCharacter 


! Package inputenc Error: Unicode character –¥ (U+0434)
(inputenc)                not set up for use with LaTeX.

See the inputenc package documentation for explanation.
Type  H <return>  for immediate help.
 ...                                              
                                                  
l.4 ... —Ä–∞–±–æ—Ç—ã –±—ã–ª–∏ –∏–∑—É—á–µ–Ω—ã –í –¥
                                                  –∞–Ω–Ω–æ–π –ª–∞–±–æ—Ä–∞—Ç–...

You may provide a definition with
\DeclareUnicodeCharacter 


! Package inputenc Error: Unicode character –∞ (U+0430)
(inputenc)                not set up for use with LaTeX.

See the inputenc package documentation for explanation.
Type  H <return>  for immediate help.
 ...                                              
                                                  
l.4 ...Ä–∞–±–æ—Ç—ã –±—ã–ª–∏ –∏–∑—É—á–µ–Ω—ã –í –¥–∞
                                                  –Ω–Ω–æ–π –ª–∞–±–æ—Ä–∞—Ç–æ—...

You may provide a definition with
\DeclareUnicodeCharacter 


! Package inputenc Error: Unicode character –Ω (U+043D)
(inputenc)                not set up for use with LaTeX.

See the inputenc package documentation for explanation.
Type  H <return>  for immediate help.
 ...                                              
                                                  
l.4 ...∞–±–æ—Ç—ã –±—ã–ª–∏ –∏–∑—É—á–µ–Ω—ã –í –¥–∞–Ω
                                                  –Ω–æ–π –ª–∞–±–æ—Ä–∞—Ç–æ—Ä–...

You may provide a definition with
\DeclareUnicodeCharacter 


! Package inputenc Error: Unicode character –Ω (U+043D)
(inputenc)                not set up for use with LaTeX.

See the inputenc package documentation for explanation.
Type  H <return>  for immediate help.
 ...                                              
                                                  
l.4 ...±–æ—Ç—ã –±—ã–ª–∏ –∏–∑—É—á–µ–Ω—ã –í –¥–∞–Ω–Ω
                                                  –æ–π –ª–∞–±–æ—Ä–∞—Ç–æ—Ä–Ω–...

You may provide a definition with
\DeclareUnicodeCharacter 


! Package inputenc Error: Unicode character –æ (U+043E)
(inputenc)                not set up for use with LaTeX.

See the inputenc package documentation for explanation.
Type  H <return>  for immediate help.
 ...                                              
                                                  
l.4 ...æ—Ç—ã –±—ã–ª–∏ –∏–∑—É—á–µ–Ω—ã –í –¥–∞–Ω–Ω–æ
                                                  –π –ª–∞–±–æ—Ä–∞—Ç–æ—Ä–Ω–æ–...

You may provide a definition with
\DeclareUnicodeCharacter 


! Package inputenc Error: Unicode character –π (U+0439)
(inputenc)                not set up for use with LaTeX.

See the inputenc package documentation for explanation.
Type  H <return>  for immediate help.
 ...                                              
                                                  
l.4 ...Ç—ã –±—ã–ª–∏ –∏–∑—É—á–µ–Ω—ã –í –¥–∞–Ω–Ω–æ–π
                                                   –ª–∞–±–æ—Ä–∞—Ç–æ—Ä–Ω–æ–π ...

You may provide a definition with
\DeclareUnicodeCharacter 


! Package inputenc Error: Unicode character –ª (U+043B)
(inputenc)                not set up for use with LaTeX.

See the inputenc package documentation for explanation.
Type  H <return>  for immediate help.
 ...                                              
                                                  
l.4 ... –±—ã–ª–∏ –∏–∑—É—á–µ–Ω—ã –í –¥–∞–Ω–Ω–æ–π –ª
                                                  –∞–±–æ—Ä–∞—Ç–æ—Ä–Ω–æ–π —Ä–...

You may provide a definition with
\DeclareUnicodeCharacter 


! Package inputenc Error: Unicode character –∞ (U+0430)
(inputenc)                not set up for use with LaTeX.

See the inputenc package documentation for explanation.
Type  H <return>  for immediate help.
 ...                                              
                                                  
l.4 ...±—ã–ª–∏ –∏–∑—É—á–µ–Ω—ã –í –¥–∞–Ω–Ω–æ–π –ª–∞
                                                  –±–æ—Ä–∞—Ç–æ—Ä–Ω–æ–π —Ä–∞–...

You may provide a definition with
\DeclareUnicodeCharacter 


! Package inputenc Error: Unicode character –± (U+0431)
(inputenc)                not set up for use with LaTeX.

See the inputenc package documentation for explanation.
Type  H <return>  for immediate help.
 ...                                              
                                                  
l.4 ...ã–ª–∏ –∏–∑—É—á–µ–Ω—ã –í –¥–∞–Ω–Ω–æ–π –ª–∞–±
                                                  –æ—Ä–∞—Ç–æ—Ä–Ω–æ–π —Ä–∞–±–...

You may provide a definition with
\DeclareUnicodeCharacter 


! Package inputenc Error: Unicode character –æ (U+043E)
(inputenc)                not set up for use with LaTeX.

See the inputenc package documentation for explanation.
Type  H <return>  for immediate help.
 ...                                              
                                                  
l.4 ...ª–∏ –∏–∑—É—á–µ–Ω—ã –í –¥–∞–Ω–Ω–æ–π –ª–∞–±–æ
                                                  —Ä–∞—Ç–æ—Ä–Ω–æ–π —Ä–∞–±–æ—...

You may provide a definition with
\DeclareUnicodeCharacter 


! Package inputenc Error: Unicode character —Ä (U+0440)
(inputenc)                not set up for use with LaTeX.

See the inputenc package documentation for explanation.
Type  H <return>  for immediate help.
 ...                                              
                                                  
l.4 ...∏ –∏–∑—É—á–µ–Ω—ã –í –¥–∞–Ω–Ω–æ–π –ª–∞–±–æ—Ä
                                                  –∞—Ç–æ—Ä–Ω–æ–π —Ä–∞–±–æ—Ç–...

You may provide a definition with
\DeclareUnicodeCharacter 


! Package inputenc Error: Unicode character –∞ (U+0430)
(inputenc)                not set up for use with LaTeX.

See the inputenc package documentation for explanation.
Type  H <return>  for immediate help.
 ...                                              
                                                  
l.4 ...–∏–∑—É—á–µ–Ω—ã –í –¥–∞–Ω–Ω–æ–π –ª–∞–±–æ—Ä–∞
                                                  —Ç–æ—Ä–Ω–æ–π —Ä–∞–±–æ—Ç–µ ...

You may provide a definition with
\DeclareUnicodeCharacter 


! Package inputenc Error: Unicode character —Ç (U+0442)
(inputenc)                not set up for use with LaTeX.

See the inputenc package documentation for explanation.
Type  H <return>  for immediate help.
 ...                                              
                                                  
l.4 ...–∑—É—á–µ–Ω—ã –í –¥–∞–Ω–Ω–æ–π –ª–∞–±–æ—Ä–∞—Ç
                                                  –æ—Ä–Ω–æ–π —Ä–∞–±–æ—Ç–µ –±...

You may provide a definition with
\DeclareUnicodeCharacter 


! Package inputenc Error: Unicode character –æ (U+043E)
(inputenc)                not set up for use with LaTeX.

See the inputenc package documentation for explanation.
Type  H <return>  for immediate help.
 ...                                              
                                                  
l.4 ...—É—á–µ–Ω—ã –í –¥–∞–Ω–Ω–æ–π –ª–∞–±–æ—Ä–∞—Ç–æ
                                                  —Ä–Ω–æ–π —Ä–∞–±–æ—Ç–µ –±—ã...

You may provide a definition with
\DeclareUnicodeCharacter 


! Package inputenc Error: Unicode character —Ä (U+0440)
(inputenc)                not set up for use with LaTeX.

See the inputenc package documentation for explanation.
Type  H <return>  for immediate help.
 ...                                              
                                                  
l.4 ...—á–µ–Ω—ã –í –¥–∞–Ω–Ω–æ–π –ª–∞–±–æ—Ä–∞—Ç–æ—Ä
                                                  –Ω–æ–π —Ä–∞–±–æ—Ç–µ –±—ã–ª...

You may provide a definition with
\DeclareUnicodeCharacter 


! Package inputenc Error: Unicode character –Ω (U+043D)
(inputenc)                not set up for use with LaTeX.

See the inputenc package documentation for explanation.
Type  H <return>  for immediate help.
 ...                                              
                                                  
l.4 ...–µ–Ω—ã –í –¥–∞–Ω–Ω–æ–π –ª–∞–±–æ—Ä–∞—Ç–æ—Ä–Ω
                                                  –æ–π —Ä–∞–±–æ—Ç–µ –±—ã–ª–∏...

You may provide a definition with
\DeclareUnicodeCharacter 


! Package inputenc Error: Unicode character –æ (U+043E)
(inputenc)                not set up for use with LaTeX.

See the inputenc package documentation for explanation.
Type  H <return>  for immediate help.
 ...                                              
                                                  
l.4 ...–Ω—ã –í –¥–∞–Ω–Ω–æ–π –ª–∞–±–æ—Ä–∞—Ç–æ—Ä–Ω–æ
                                                  –π —Ä–∞–±–æ—Ç–µ –±—ã–ª–∏ —...

You may provide a definition with
\DeclareUnicodeCharacter 


! Package inputenc Error: Unicode character –π (U+0439)
(inputenc)                not set up for use with LaTeX.

See the inputenc package documentation for explanation.
Type  H <return>  for immediate help.
 ...                                              
                                                  
l.4 ...—ã –í –¥–∞–Ω–Ω–æ–π –ª–∞–±–æ—Ä–∞—Ç–æ—Ä–Ω–æ–π
                                                   —Ä–∞–±–æ—Ç–µ –±—ã–ª–∏ —Ä–...

You may provide a definition with
\DeclareUnicodeCharacter 


! Package inputenc Error: Unicode character —Ä (U+0440)
(inputenc)                not set up for use with LaTeX.

See the inputenc package documentation for explanation.
Type  H <return>  for immediate help.
 ...                                              
                                                  
l.4 ...–í –¥–∞–Ω–Ω–æ–π –ª–∞–±–æ—Ä–∞—Ç–æ—Ä–Ω–æ–π —Ä
                                                  –∞–±–æ—Ç–µ –±—ã–ª–∏ —Ä–∞—Å...

You may provide a definition with
\DeclareUnicodeCharacter 


! Package inputenc Error: Unicode character –∞ (U+0430)
(inputenc)                not set up for use with LaTeX.

See the inputenc package documentation for explanation.
Type  H <return>  for immediate help.
 ...                                              
                                                  
l.4 ... –¥–∞–Ω–Ω–æ–π –ª–∞–±–æ—Ä–∞—Ç–æ—Ä–Ω–æ–π —Ä–∞
                                                  –±–æ—Ç–µ –±—ã–ª–∏ —Ä–∞—Å—Å...

You may provide a definition with
\DeclareUnicodeCharacter 


! Package inputenc Error: Unicode character –± (U+0431)
(inputenc)                not set up for use with LaTeX.

See the inputenc package documentation for explanation.
Type  H <return>  for immediate help.
 ...                                              
                                                  
l.4 ...¥–∞–Ω–Ω–æ–π –ª–∞–±–æ—Ä–∞—Ç–æ—Ä–Ω–æ–π —Ä–∞–±
                                                  –æ—Ç–µ –±—ã–ª–∏ —Ä–∞—Å—Å–º...

You may provide a definition with
\DeclareUnicodeCharacter 


! Package inputenc Error: Unicode character –æ (U+043E)
(inputenc)                not set up for use with LaTeX.

See the inputenc package documentation for explanation.
Type  H <return>  for immediate help.
 ...                                              
                                                  
l.4 ...∞–Ω–Ω–æ–π –ª–∞–±–æ—Ä–∞—Ç–æ—Ä–Ω–æ–π —Ä–∞–±–æ
                                                  —Ç–µ –±—ã–ª–∏ —Ä–∞—Å—Å–º–æ...

You may provide a definition with
\DeclareUnicodeCharacter 


! Package inputenc Error: Unicode character —Ç (U+0442)
(inputenc)                not set up for use with LaTeX.

See the inputenc package documentation for explanation.
Type  H <return>  for immediate help.
 ...                                              
                                                  
l.4 ...Ω–Ω–æ–π –ª–∞–±–æ—Ä–∞—Ç–æ—Ä–Ω–æ–π —Ä–∞–±–æ—Ç
                                                  –µ –±—ã–ª–∏ —Ä–∞—Å—Å–º–æ—Ç...

You may provide a definition with
\DeclareUnicodeCharacter 


! Package inputenc Error: Unicode character –µ (U+0435)
(inputenc)                not set up for use with LaTeX.

See the inputenc package documentation for explanation.
Type  H <return>  for immediate help.
 ...                                              
                                                  
l.4 ...Ω–æ–π –ª–∞–±–æ—Ä–∞—Ç–æ—Ä–Ω–æ–π —Ä–∞–±–æ—Ç–µ
                                                   –±—ã–ª–∏ —Ä–∞—Å—Å–º–æ—Ç—Ä...

You may provide a definition with
\DeclareUnicodeCharacter 


! Package inputenc Error: Unicode character –± (U+0431)
(inputenc)                not set up for use with LaTeX.

See the inputenc package documentation for explanation.
Type  H <return>  for immediate help.
 ...                                              
                                                  
l.4 ...–π –ª–∞–±–æ—Ä–∞—Ç–æ—Ä–Ω–æ–π —Ä–∞–±–æ—Ç–µ –±
                                                  —ã–ª–∏ —Ä–∞—Å—Å–º–æ—Ç—Ä–µ–...

You may provide a definition with
\DeclareUnicodeCharacter 


! Package inputenc Error: Unicode character —ã (U+044B)
(inputenc)                not set up for use with LaTeX.

See the inputenc package documentation for explanation.
Type  H <return>  for immediate help.
 ...                                              
                                                  
l.4 ... –ª–∞–±–æ—Ä–∞—Ç–æ—Ä–Ω–æ–π —Ä–∞–±–æ—Ç–µ –±—ã
                                                  –ª–∏ —Ä–∞—Å—Å–º–æ—Ç—Ä–µ–Ω—...

You may provide a definition with
\DeclareUnicodeCharacter 


! Package inputenc Error: Unicode character –ª (U+043B)
(inputenc)                not set up for use with LaTeX.

See the inputenc package documentation for explanation.
Type  H <return>  for immediate help.
 ...                                              
                                                  
l.4 ...ª–∞–±–æ—Ä–∞—Ç–æ—Ä–Ω–æ–π —Ä–∞–±–æ—Ç–µ –±—ã–ª
                                                  –∏ —Ä–∞—Å—Å–º–æ—Ç—Ä–µ–Ω—ã ...

You may provide a definition with
\DeclareUnicodeCharacter 


! Package inputenc Error: Unicode character –∏ (U+0438)
(inputenc)                not set up for use with LaTeX.

See the inputenc package documentation for explanation.
Type  H <return>  for immediate help.
 ...                                              
                                                  
l.4 ...∞–±–æ—Ä–∞—Ç–æ—Ä–Ω–æ–π —Ä–∞–±–æ—Ç–µ –±—ã–ª–∏
                                                   —Ä–∞—Å—Å–º–æ—Ç—Ä–µ–Ω—ã –∏...

You may provide a definition with
\DeclareUnicodeCharacter 


! Package inputenc Error: Unicode character —Ä (U+0440)
(inputenc)                not set up for use with LaTeX.

See the inputenc package documentation for explanation.
Type  H <return>  for immediate help.
 ...                                              
                                                  
l.4 ...–æ—Ä–∞—Ç–æ—Ä–Ω–æ–π —Ä–∞–±–æ—Ç–µ –±—ã–ª–∏ —Ä
                                                  –∞—Å—Å–º–æ—Ç—Ä–µ–Ω—ã –∏ –∏...

You may provide a definition with
\DeclareUnicodeCharacter 


! Package inputenc Error: Unicode character –∞ (U+0430)
(inputenc)                not set up for use with LaTeX.

See the inputenc package documentation for explanation.
Type  H <return>  for immediate help.
 ...                                              
                                                  
l.4 ...—Ä–∞—Ç–æ—Ä–Ω–æ–π —Ä–∞–±–æ—Ç–µ –±—ã–ª–∏ —Ä–∞
                                                  —Å—Å–º–æ—Ç—Ä–µ–Ω—ã –∏ –∏—É...

You may provide a definition with
\DeclareUnicodeCharacter 


! Package inputenc Error: Unicode character —Å (U+0441)
(inputenc)                not set up for use with LaTeX.

See the inputenc package documentation for explanation.
Type  H <return>  for immediate help.
 ...                                              
                                                  
l.4 ...–∞—Ç–æ—Ä–Ω–æ–π —Ä–∞–±–æ—Ç–µ –±—ã–ª–∏ —Ä–∞—Å
                                                  —Å–º–æ—Ç—Ä–µ–Ω—ã –∏ –∏—É–∑...

You may provide a definition with
\DeclareUnicodeCharacter 


! Package inputenc Error: Unicode character —Å (U+0441)
(inputenc)                not set up for use with LaTeX.

See the inputenc package documentation for explanation.
Type  H <return>  for immediate help.
 ...                                              
                                                  
l.4 ...—Ç–æ—Ä–Ω–æ–π —Ä–∞–±–æ—Ç–µ –±—ã–ª–∏ —Ä–∞—Å—Å
                                                  –º–æ—Ç—Ä–µ–Ω—ã –∏ –∏—É–∑—á...

You may provide a definition with
\DeclareUnicodeCharacter 


! Package inputenc Error: Unicode character –º (U+043C)
(inputenc)                not set up for use with LaTeX.

See the inputenc package documentation for explanation.
Type  H <return>  for immediate help.
 ...                                              
                                                  
l.4 ...–æ—Ä–Ω–æ–π —Ä–∞–±–æ—Ç–µ –±—ã–ª–∏ —Ä–∞—Å—Å–º
                                                  –æ—Ç—Ä–µ–Ω—ã –∏ –∏—É–∑—á–µ...

You may provide a definition with
\DeclareUnicodeCharacter 


! Package inputenc Error: Unicode character –æ (U+043E)
(inputenc)                not set up for use with LaTeX.

See the inputenc package documentation for explanation.
Type  H <return>  for immediate help.
 ...                                              
                                                  
l.4 ...—Ä–Ω–æ–π —Ä–∞–±–æ—Ç–µ –±—ã–ª–∏ —Ä–∞—Å—Å–º–æ
                                                  —Ç—Ä–µ–Ω—ã –∏ –∏—É–∑—á–µ–Ω...

You may provide a definition with
\DeclareUnicodeCharacter 


! Package inputenc Error: Unicode character —Ç (U+0442)
(inputenc)                not set up for use with LaTeX.

See the inputenc package documentation for explanation.
Type  H <return>  for immediate help.
 ...                                              
                                                  
l.4 ...–Ω–æ–π —Ä–∞–±–æ—Ç–µ –±—ã–ª–∏ —Ä–∞—Å—Å–º–æ—Ç
                                                  —Ä–µ–Ω—ã –∏ –∏—É–∑—á–µ–Ω—ã...

You may provide a definition with
\DeclareUnicodeCharacter 


! Package inputenc Error: Unicode character —Ä (U+0440)
(inputenc)                not set up for use with LaTeX.

See the inputenc package documentation for explanation.
Type  H <return>  for immediate help.
 ...                                              
                                                  
l.4 ...–æ–π —Ä–∞–±–æ—Ç–µ –±—ã–ª–∏ —Ä–∞—Å—Å–º–æ—Ç—Ä
                                                  –µ–Ω—ã –∏ –∏—É–∑—á–µ–Ω—ã —...

You may provide a definition with
\DeclareUnicodeCharacter 


! Package inputenc Error: Unicode character –µ (U+0435)
(inputenc)                not set up for use with LaTeX.

See the inputenc package documentation for explanation.
Type  H <return>  for immediate help.
 ...                                              
                                                  
l.4 ...–π —Ä–∞–±–æ—Ç–µ –±—ã–ª–∏ —Ä–∞—Å—Å–º–æ—Ç—Ä–µ
                                                  –Ω—ã –∏ –∏—É–∑—á–µ–Ω—ã —É—...

You may provide a definition with
\DeclareUnicodeCharacter 


! Package inputenc Error: Unicode character –Ω (U+043D)
(inputenc)                not set up for use with LaTeX.

See the inputenc package documentation for explanation.
Type  H <return>  for immediate help.
 ...                                              
                                                  
l.4 ... —Ä–∞–±–æ—Ç–µ –±—ã–ª–∏ —Ä–∞—Å—Å–º–æ—Ç—Ä–µ–Ω
                                                  —ã –∏ –∏—É–∑—á–µ–Ω—ã —É—Å–...

You may provide a definition with
\DeclareUnicodeCharacter 


! Package inputenc Error: Unicode character —ã (U+044B)
(inputenc)                not set up for use with LaTeX.

See the inputenc package documentation for explanation.
Type  H <return>  for immediate help.
 ...                                              
                                                  
l.4 ...Ä–∞–±–æ—Ç–µ –±—ã–ª–∏ —Ä–∞—Å—Å–º–æ—Ç—Ä–µ–Ω—ã
                                                   –∏ –∏—É–∑—á–µ–Ω—ã —É—Å–∫–...

You may provide a definition with
\DeclareUnicodeCharacter 


! Package inputenc Error: Unicode character –∏ (U+0438)
(inputenc)                not set up for use with LaTeX.

See the inputenc package documentation for explanation.
Type  H <return>  for immediate help.
 ...                                              
                                                  
l.4 ...–±–æ—Ç–µ –±—ã–ª–∏ —Ä–∞—Å—Å–º–æ—Ç—Ä–µ–Ω—ã –∏
                                                   –∏—É–∑—á–µ–Ω—ã —É—Å–∫–æ—Ä...

You may provide a definition with
\DeclareUnicodeCharacter 


! Package inputenc Error: Unicode character –∏ (U+0438)
(inputenc)                not set up for use with LaTeX.

See the inputenc package documentation for explanation.
Type  H <return>  for immediate help.
 ...                                              
                                                  
l.4 ...æ—Ç–µ –±—ã–ª–∏ —Ä–∞—Å—Å–º–æ—Ç—Ä–µ–Ω—ã –∏ –∏
                                                  —É–∑—á–µ–Ω—ã —É—Å–∫–æ—Ä–∏—...

You may provide a definition with
\DeclareUnicodeCharacter 


! Package inputenc Error: Unicode character —É (U+0443)
(inputenc)                not set up for use with LaTeX.

See the inputenc package documentation for explanation.
Type  H <return>  for immediate help.
 ...                                              
                                                  
l.4 ...Ç–µ –±—ã–ª–∏ —Ä–∞—Å—Å–º–æ—Ç—Ä–µ–Ω—ã –∏ –∏—É
                                                  –∑—á–µ–Ω—ã —É—Å–∫–æ—Ä–∏—Ç–...

You may provide a definition with
\DeclareUnicodeCharacter 


! Package inputenc Error: Unicode character –∑ (U+0437)
(inputenc)                not set up for use with LaTeX.

See the inputenc package documentation for explanation.
Type  H <return>  for immediate help.
 ...                                              
                                                  
l.4 ...µ –±—ã–ª–∏ —Ä–∞—Å—Å–º–æ—Ç—Ä–µ–Ω—ã –∏ –∏—É–∑
                                                  —á–µ–Ω—ã —É—Å–∫–æ—Ä–∏—Ç–µ–...

You may provide a definition with
\DeclareUnicodeCharacter 


! Package inputenc Error: Unicode character —á (U+0447)
(inputenc)                not set up for use with LaTeX.

See the inputenc package documentation for explanation.
Type  H <return>  for immediate help.
 ...                                              
                                                  
l.4 ...–±—ã–ª–∏ —Ä–∞—Å—Å–º–æ—Ç—Ä–µ–Ω—ã –∏ –∏—É–∑—á
                                                  –µ–Ω—ã —É—Å–∫–æ—Ä–∏—Ç–µ–ª–...

You may provide a definition with
\DeclareUnicodeCharacter 


! Package inputenc Error: Unicode character –µ (U+0435)
(inputenc)                not set up for use with LaTeX.

See the inputenc package documentation for explanation.
Type  H <return>  for immediate help.
 ...                                              
                                                  
l.4 ...—ã–ª–∏ —Ä–∞—Å—Å–º–æ—Ç—Ä–µ–Ω—ã –∏ –∏—É–∑—á–µ
                                                  –Ω—ã —É—Å–∫–æ—Ä–∏—Ç–µ–ª–∏ ...

You may provide a definition with
\DeclareUnicodeCharacter 


! Package inputenc Error: Unicode character –Ω (U+043D)
(inputenc)                not set up for use with LaTeX.

See the inputenc package documentation for explanation.
Type  H <return>  for immediate help.
 ...                                              
                                                  
l.4 ...–ª–∏ —Ä–∞—Å—Å–º–æ—Ç—Ä–µ–Ω—ã –∏ –∏—É–∑—á–µ–Ω
                                                  —ã —É—Å–∫–æ—Ä–∏—Ç–µ–ª–∏ –≤...

You may provide a definition with
\DeclareUnicodeCharacter 


! Package inputenc Error: Unicode character —ã (U+044B)
(inputenc)                not set up for use with LaTeX.

See the inputenc package documentation for explanation.
Type  H <return>  for immediate help.
 ...                                              
                                                  
l.4 ...–∏ —Ä–∞—Å—Å–º–æ—Ç—Ä–µ–Ω—ã –∏ –∏—É–∑—á–µ–Ω—ã
                                                   —É—Å–∫–æ—Ä–∏—Ç–µ–ª–∏ –≤—ã...

You may provide a definition with
\DeclareUnicodeCharacter 


! Package inputenc Error: Unicode character —É (U+0443)
(inputenc)                not set up for use with LaTeX.

See the inputenc package documentation for explanation.
Type  H <return>  for immediate help.
 ...                                              
                                                  
l.4 ...—Ä–∞—Å—Å–º–æ—Ç—Ä–µ–Ω—ã –∏ –∏—É–∑—á–µ–Ω—ã —É
                                                  —Å–∫–æ—Ä–∏—Ç–µ–ª–∏ –≤—ã—á–...

You may provide a definition with
\DeclareUnicodeCharacter 


! Package inputenc Error: Unicode character —Å (U+0441)
(inputenc)                not set up for use with LaTeX.

See the inputenc package documentation for explanation.
Type  H <return>  for immediate help.
 ...                                              
                                                  
l.4 ...–∞—Å—Å–º–æ—Ç—Ä–µ–Ω—ã –∏ –∏—É–∑—á–µ–Ω—ã —É—Å
                                                  –∫–æ—Ä–∏—Ç–µ–ª–∏ –≤—ã—á–∏—...

You may provide a definition with
\DeclareUnicodeCharacter 


! Package inputenc Error: Unicode character –∫ (U+043A)
(inputenc)                not set up for use with LaTeX.

See the inputenc package documentation for explanation.
Type  H <return>  for immediate help.
 ...                                              
                                                  
l.4 ...—Å—Å–º–æ—Ç—Ä–µ–Ω—ã –∏ –∏—É–∑—á–µ–Ω—ã —É—Å–∫
                                                  –æ—Ä–∏—Ç–µ–ª–∏ –≤—ã—á–∏—Å–...

You may provide a definition with
\DeclareUnicodeCharacter 


! Package inputenc Error: Unicode character –æ (U+043E)
(inputenc)                not set up for use with LaTeX.

See the inputenc package documentation for explanation.
Type  H <return>  for immediate help.
 ...                                              
                                                  
l.4 ...—Å–º–æ—Ç—Ä–µ–Ω—ã –∏ –∏—É–∑—á–µ–Ω—ã —É—Å–∫–æ
                                                  —Ä–∏—Ç–µ–ª–∏ –≤—ã—á–∏—Å–ª–...

You may provide a definition with
\DeclareUnicodeCharacter 


! Package inputenc Error: Unicode character —Ä (U+0440)
(inputenc)                not set up for use with LaTeX.

See the inputenc package documentation for explanation.
Type  H <return>  for immediate help.
 ...                                              
                                                  
l.4 ...–º–æ—Ç—Ä–µ–Ω—ã –∏ –∏—É–∑—á–µ–Ω—ã —É—Å–∫–æ—Ä
                                                  –∏—Ç–µ–ª–∏ –≤—ã—á–∏—Å–ª–µ–...

You may provide a definition with
\DeclareUnicodeCharacter 


! Package inputenc Error: Unicode character –∏ (U+0438)
(inputenc)                not set up for use with LaTeX.

See the inputenc package documentation for explanation.
Type  H <return>  for immediate help.
 ...                                              
                                                  
l.4 ...–æ—Ç—Ä–µ–Ω—ã –∏ –∏—É–∑—á–µ–Ω—ã —É—Å–∫–æ—Ä–∏
                                                  —Ç–µ–ª–∏ –≤—ã—á–∏—Å–ª–µ–Ω–...

You may provide a definition with
\DeclareUnicodeCharacter 


! Package inputenc Error: Unicode character —Ç (U+0442)
(inputenc)                not set up for use with LaTeX.

See the inputenc package documentation for explanation.
Type  H <return>  for immediate help.
 ...                                              
                                                  
l.4 ...—Ç—Ä–µ–Ω—ã –∏ –∏—É–∑—á–µ–Ω—ã —É—Å–∫–æ—Ä–∏—Ç
                                                  –µ–ª–∏ –≤—ã—á–∏—Å–ª–µ–Ω–∏–...

You may provide a definition with
\DeclareUnicodeCharacter 


! Package inputenc Error: Unicode character –µ (U+0435)
(inputenc)                not set up for use with LaTeX.

See the inputenc package documentation for explanation.
Type  H <return>  for immediate help.
 ...                                              
                                                  
l.4 ...—Ä–µ–Ω—ã –∏ –∏—É–∑—á–µ–Ω—ã —É—Å–∫–æ—Ä–∏—Ç–µ
                                                  –ª–∏ –≤—ã—á–∏—Å–ª–µ–Ω–∏–π ...

You may provide a definition with
\DeclareUnicodeCharacter 


! Package inputenc Error: Unicode character –ª (U+043B)
(inputenc)                not set up for use with LaTeX.

See the inputenc package documentation for explanation.
Type  H <return>  for immediate help.
 ...                                              
                                                  
l.4 ...–µ–Ω—ã –∏ –∏—É–∑—á–µ–Ω—ã —É—Å–∫–æ—Ä–∏—Ç–µ–ª
                                                  –∏ –≤—ã—á–∏—Å–ª–µ–Ω–∏–π –Ω...

You may provide a definition with
\DeclareUnicodeCharacter 


! Package inputenc Error: Unicode character –∏ (U+0438)
(inputenc)                not set up for use with LaTeX.

See the inputenc package documentation for explanation.
Type  H <return>  for immediate help.
 ...                                              
                                                  
l.4 ...–Ω—ã –∏ –∏—É–∑—á–µ–Ω—ã —É—Å–∫–æ—Ä–∏—Ç–µ–ª–∏
                                                   –≤—ã—á–∏—Å–ª–µ–Ω–∏–π –Ω–∞...

You may provide a definition with
\DeclareUnicodeCharacter 


! Package inputenc Error: Unicode character –≤ (U+0432)
(inputenc)                not set up for use with LaTeX.

See the inputenc package documentation for explanation.
Type  H <return>  for immediate help.
 ...                                              
                                                  
l.4 ...ã –∏ –∏—É–∑—á–µ–Ω—ã —É—Å–∫–æ—Ä–∏—Ç–µ–ª–∏ –≤
                                                  —ã—á–∏—Å–ª–µ–Ω–∏–π –Ω–∞ –ø...

You may provide a definition with
\DeclareUnicodeCharacter 


! Package inputenc Error: Unicode character —ã (U+044B)
(inputenc)                not set up for use with LaTeX.

See the inputenc package documentation for explanation.
Type  H <return>  for immediate help.
 ...                                              
                                                  
l.4 ...–∏ –∏—É–∑—á–µ–Ω—ã —É—Å–∫–æ—Ä–∏—Ç–µ–ª–∏ –≤—ã
                                                  —á–∏—Å–ª–µ–Ω–∏–π –Ω–∞ –ø—Ä...

You may provide a definition with
\DeclareUnicodeCharacter 


! Package inputenc Error: Unicode character —á (U+0447)
(inputenc)                not set up for use with LaTeX.

See the inputenc package documentation for explanation.
Type  H <return>  for immediate help.
 ...                                              
                                                  
l.4 ... –∏—É–∑—á–µ–Ω—ã —É—Å–∫–æ—Ä–∏—Ç–µ–ª–∏ –≤—ã—á
                                                  –∏—Å–ª–µ–Ω–∏–π –Ω–∞ –ø—Ä–∏...

You may provide a definition with
\DeclareUnicodeCharacter 


! Package inputenc Error: Unicode character –∏ (U+0438)
(inputenc)                not set up for use with LaTeX.

See the inputenc package documentation for explanation.
Type  H <return>  for immediate help.
 ...                                              
                                                  
l.4 ...∏—É–∑—á–µ–Ω—ã —É—Å–∫–æ—Ä–∏—Ç–µ–ª–∏ –≤—ã—á–∏
                                                  —Å–ª–µ–Ω–∏–π –Ω–∞ –ø—Ä–∏–º...

You may provide a definition with
\DeclareUnicodeCharacter 


! Package inputenc Error: Unicode character —Å (U+0441)
(inputenc)                not set up for use with LaTeX.

See the inputenc package documentation for explanation.
Type  H <return>  for immediate help.
 ...                                              
                                                  
l.4 ...É–∑—á–µ–Ω—ã —É—Å–∫–æ—Ä–∏—Ç–µ–ª–∏ –≤—ã—á–∏—Å
                                                  –ª–µ–Ω–∏–π –Ω–∞ –ø—Ä–∏–º–µ...

You may provide a definition with
\DeclareUnicodeCharacter 


! Package inputenc Error: Unicode character –ª (U+043B)
(inputenc)                not set up for use with LaTeX.

See the inputenc package documentation for explanation.
Type  H <return>  for immediate help.
 ...                                              
                                                  
l.4 ...∑—á–µ–Ω—ã —É—Å–∫–æ—Ä–∏—Ç–µ–ª–∏ –≤—ã—á–∏—Å–ª
                                                  –µ–Ω–∏–π –Ω–∞ –ø—Ä–∏–º–µ—Ä...

You may provide a definition with
\DeclareUnicodeCharacter 


! Package inputenc Error: Unicode character –µ (U+0435)
(inputenc)                not set up for use with LaTeX.

See the inputenc package documentation for explanation.
Type  H <return>  for immediate help.
 ...                                              
                                                  
l.4 ...á–µ–Ω—ã —É—Å–∫–æ—Ä–∏—Ç–µ–ª–∏ –≤—ã—á–∏—Å–ª–µ
                                                  –Ω–∏–π –Ω–∞ –ø—Ä–∏–º–µ—Ä–µ...

You may provide a definition with
\DeclareUnicodeCharacter 


! Package inputenc Error: Unicode character –Ω (U+043D)
(inputenc)                not set up for use with LaTeX.

See the inputenc package documentation for explanation.
Type  H <return>  for immediate help.
 ...                                              
                                                  
l.4 ...µ–Ω—ã —É—Å–∫–æ—Ä–∏—Ç–µ–ª–∏ –≤—ã—á–∏—Å–ª–µ–Ω
                                                  –∏–π –Ω–∞ –ø—Ä–∏–º–µ—Ä–µ A...
(That makes 100 errors; please try again.) 
Here is how much of TeX's memory you used:
 40 strings out of 482080
 720 string characters out of 5941728
 233878 words of memory out of 5000000
 15203 multiletter control sequences out of 15000+600000
 532338 words of font info for 24 fonts, out of 8000000 for 9000
 766 hyphenation exceptions out of 8191
 12i,0n,15p,509b,25s stack positions out of 5000i,500n,10000p,200000b,80000s

!  ==> Fatal error occurred, no output PDF file produced!
