This is pdfTeX, Version 3.14159265-2.6-1.40.20 (TeX Live 2019/Debian) (preloaded format=pdflatex 2021.9.5)  18 OCT 2021 00:01
entering extended mode
 restricted \write18 enabled.
 %&-line parsing enabled.
**intro.tex
(./intro.tex
LaTeX2e <2020-02-02> patch level 2
L3 programming layer <2020-02-14>
! Undefined control sequence.
l.1 \chapter
            *{–í–≤–µ–¥–µ–Ω–∏–µ}
The control sequence at the end of the top line
of your error message was never \def'ed. If you have
misspelled it (e.g., `\hobx'), type `I' and the correct
spelling (e.g., `I\hbox'). Otherwise just continue,
and I'll forget about whatever was undefined.


! LaTeX Error: Missing \begin{document}.

See the LaTeX manual or LaTeX Companion for explanation.
Type  H <return>  for immediate help.
 ...                                              
                                                  
l.1 \chapter*
             {–í–≤–µ–¥–µ–Ω–∏–µ}
You're in trouble here.  Try typing  <return>  to proceed.
If that doesn't work, type  X <return>  to quit.

Missing character: There is no * in font nullfont!

! Package inputenc Error: Unicode character –í (U+0412)
(inputenc)                not set up for use with LaTeX.

See the inputenc package documentation for explanation.
Type  H <return>  for immediate help.
 ...                                              
                                                  
l.1 \chapter*{–í
                –≤–µ–¥–µ–Ω–∏–µ}
You may provide a definition with
\DeclareUnicodeCharacter 


! Package inputenc Error: Unicode character –≤ (U+0432)
(inputenc)                not set up for use with LaTeX.

See the inputenc package documentation for explanation.
Type  H <return>  for immediate help.
 ...                                              
                                                  
l.1 \chapter*{–í–≤
                  –µ–¥–µ–Ω–∏–µ}
You may provide a definition with
\DeclareUnicodeCharacter 


! Package inputenc Error: Unicode character –µ (U+0435)
(inputenc)                not set up for use with LaTeX.

See the inputenc package documentation for explanation.
Type  H <return>  for immediate help.
 ...                                              
                                                  
l.1 \chapter*{–í–≤–µ
                    –¥–µ–Ω–∏–µ}
You may provide a definition with
\DeclareUnicodeCharacter 


! Package inputenc Error: Unicode character –¥ (U+0434)
(inputenc)                not set up for use with LaTeX.

See the inputenc package documentation for explanation.
Type  H <return>  for immediate help.
 ...                                              
                                                  
l.1 \chapter*{–í–≤–µ–¥
                      –µ–Ω–∏–µ}
You may provide a definition with
\DeclareUnicodeCharacter 


! Package inputenc Error: Unicode character –µ (U+0435)
(inputenc)                not set up for use with LaTeX.

See the inputenc package documentation for explanation.
Type  H <return>  for immediate help.
 ...                                              
                                                  
l.1 \chapter*{–í–≤–µ–¥–µ
                        –Ω–∏–µ}
You may provide a definition with
\DeclareUnicodeCharacter 


! Package inputenc Error: Unicode character –Ω (U+043D)
(inputenc)                not set up for use with LaTeX.

See the inputenc package documentation for explanation.
Type  H <return>  for immediate help.
 ...                                              
                                                  
l.1 \chapter*{–í–≤–µ–¥–µ–Ω
                          –∏–µ}
You may provide a definition with
\DeclareUnicodeCharacter 


! Package inputenc Error: Unicode character –∏ (U+0438)
(inputenc)                not set up for use with LaTeX.

See the inputenc package documentation for explanation.
Type  H <return>  for immediate help.
 ...                                              
                                                  
l.1 \chapter*{–í–≤–µ–¥–µ–Ω–∏
                            –µ}
You may provide a definition with
\DeclareUnicodeCharacter 


! Package inputenc Error: Unicode character –µ (U+0435)
(inputenc)                not set up for use with LaTeX.

See the inputenc package documentation for explanation.
Type  H <return>  for immediate help.
 ...                                              
                                                  
l.1 \chapter*{–í–≤–µ–¥–µ–Ω–∏–µ
                              }
You may provide a definition with
\DeclareUnicodeCharacter 


Overfull \hbox (20.0pt too wide) in paragraph at lines 1--3
[]
 []


! Package inputenc Error: Unicode character –ó (U+0417)
(inputenc)                not set up for use with LaTeX.

See the inputenc package documentation for explanation.
Type  H <return>  for immediate help.
 ...                                              
                                                  
l.4 –ó
      –∞–¥–∞—á–∞ –ø–æ–∏—Å–∫–∞ –∏ —Å—Ä–∞–≤–Ω–µ–Ω–∏—è –ø–æ—Å–ª–µ–¥–æ–≤–∞—Ç–µ–ª...

You may provide a definition with
\DeclareUnicodeCharacter 


! Package inputenc Error: Unicode character –∞ (U+0430)
(inputenc)                not set up for use with LaTeX.

See the inputenc package documentation for explanation.
Type  H <return>  for immediate help.
 ...                                              
                                                  
l.4 –ó–∞
        –¥–∞—á–∞ –ø–æ–∏—Å–∫–∞ –∏ —Å—Ä–∞–≤–Ω–µ–Ω–∏—è –ø–æ—Å–ª–µ–¥–æ–≤–∞—Ç–µ–ª...

You may provide a definition with
\DeclareUnicodeCharacter 


! Package inputenc Error: Unicode character –¥ (U+0434)
(inputenc)                not set up for use with LaTeX.

See the inputenc package documentation for explanation.
Type  H <return>  for immediate help.
 ...                                              
                                                  
l.4 –ó–∞–¥
          –∞—á–∞ –ø–æ–∏—Å–∫–∞ –∏ —Å—Ä–∞–≤–Ω–µ–Ω–∏—è –ø–æ—Å–ª–µ–¥–æ–≤–∞—Ç–µ–ª...

You may provide a definition with
\DeclareUnicodeCharacter 


! Package inputenc Error: Unicode character –∞ (U+0430)
(inputenc)                not set up for use with LaTeX.

See the inputenc package documentation for explanation.
Type  H <return>  for immediate help.
 ...                                              
                                                  
l.4 –ó–∞–¥–∞
            —á–∞ –ø–æ–∏—Å–∫–∞ –∏ —Å—Ä–∞–≤–Ω–µ–Ω–∏—è –ø–æ—Å–ª–µ–¥–æ–≤–∞—Ç–µ–ª...

You may provide a definition with
\DeclareUnicodeCharacter 


! Package inputenc Error: Unicode character —á (U+0447)
(inputenc)                not set up for use with LaTeX.

See the inputenc package documentation for explanation.
Type  H <return>  for immediate help.
 ...                                              
                                                  
l.4 –ó–∞–¥–∞—á
              –∞ –ø–æ–∏—Å–∫–∞ –∏ —Å—Ä–∞–≤–Ω–µ–Ω–∏—è –ø–æ—Å–ª–µ–¥–æ–≤–∞—Ç–µ–ª...

You may provide a definition with
\DeclareUnicodeCharacter 


! Package inputenc Error: Unicode character –∞ (U+0430)
(inputenc)                not set up for use with LaTeX.

See the inputenc package documentation for explanation.
Type  H <return>  for immediate help.
 ...                                              
                                                  
l.4 –ó–∞–¥–∞—á–∞
                 –ø–æ–∏—Å–∫–∞ –∏ —Å—Ä–∞–≤–Ω–µ–Ω–∏—è –ø–æ—Å–ª–µ–¥–æ–≤–∞—Ç–µ–ª...

You may provide a definition with
\DeclareUnicodeCharacter 


! Package inputenc Error: Unicode character –ø (U+043F)
(inputenc)                not set up for use with LaTeX.

See the inputenc package documentation for explanation.
Type  H <return>  for immediate help.
 ...                                              
                                                  
l.4 –ó–∞–¥–∞—á–∞ –ø
                   –æ–∏—Å–∫–∞ –∏ —Å—Ä–∞–≤–Ω–µ–Ω–∏—è –ø–æ—Å–ª–µ–¥–æ–≤–∞—Ç–µ–ª...

You may provide a definition with
\DeclareUnicodeCharacter 


! Package inputenc Error: Unicode character –æ (U+043E)
(inputenc)                not set up for use with LaTeX.

See the inputenc package documentation for explanation.
Type  H <return>  for immediate help.
 ...                                              
                                                  
l.4 –ó–∞–¥–∞—á–∞ –ø–æ
                     –∏—Å–∫–∞ –∏ —Å—Ä–∞–≤–Ω–µ–Ω–∏—è –ø–æ—Å–ª–µ–¥–æ–≤–∞—Ç–µ–ª...

You may provide a definition with
\DeclareUnicodeCharacter 


! Package inputenc Error: Unicode character –∏ (U+0438)
(inputenc)                not set up for use with LaTeX.

See the inputenc package documentation for explanation.
Type  H <return>  for immediate help.
 ...                                              
                                                  
l.4 –ó–∞–¥–∞—á–∞ –ø–æ–∏
                       —Å–∫–∞ –∏ —Å—Ä–∞–≤–Ω–µ–Ω–∏—è –ø–æ—Å–ª–µ–¥–æ–≤–∞—Ç–µ–ª...

You may provide a definition with
\DeclareUnicodeCharacter 


! Package inputenc Error: Unicode character —Å (U+0441)
(inputenc)                not set up for use with LaTeX.

See the inputenc package documentation for explanation.
Type  H <return>  for immediate help.
 ...                                              
                                                  
l.4 –ó–∞–¥–∞—á–∞ –ø–æ–∏—Å
                         –∫–∞ –∏ —Å—Ä–∞–≤–Ω–µ–Ω–∏—è –ø–æ—Å–ª–µ–¥–æ–≤–∞—Ç–µ–ª...

You may provide a definition with
\DeclareUnicodeCharacter 


! Package inputenc Error: Unicode character –∫ (U+043A)
(inputenc)                not set up for use with LaTeX.

See the inputenc package documentation for explanation.
Type  H <return>  for immediate help.
 ...                                              
                                                  
l.4 –ó–∞–¥–∞—á–∞ –ø–æ–∏—Å–∫
                           –∞ –∏ —Å—Ä–∞–≤–Ω–µ–Ω–∏—è –ø–æ—Å–ª–µ–¥–æ–≤–∞—Ç–µ–ª...

You may provide a definition with
\DeclareUnicodeCharacter 


! Package inputenc Error: Unicode character –∞ (U+0430)
(inputenc)                not set up for use with LaTeX.

See the inputenc package documentation for explanation.
Type  H <return>  for immediate help.
 ...                                              
                                                  
l.4 –ó–∞–¥–∞—á–∞ –ø–æ–∏—Å–∫–∞
                              –∏ —Å—Ä–∞–≤–Ω–µ–Ω–∏—è –ø–æ—Å–ª–µ–¥–æ–≤–∞—Ç–µ–ª...

You may provide a definition with
\DeclareUnicodeCharacter 


! Package inputenc Error: Unicode character –∏ (U+0438)
(inputenc)                not set up for use with LaTeX.

See the inputenc package documentation for explanation.
Type  H <return>  for immediate help.
 ...                                              
                                                  
l.4 –ó–∞–¥–∞—á–∞ –ø–æ–∏—Å–∫–∞ –∏
                                 —Å—Ä–∞–≤–Ω–µ–Ω–∏—è –ø–æ—Å–ª–µ–¥–æ–≤–∞—Ç–µ–ª...

You may provide a definition with
\DeclareUnicodeCharacter 


! Package inputenc Error: Unicode character —Å (U+0441)
(inputenc)                not set up for use with LaTeX.

See the inputenc package documentation for explanation.
Type  H <return>  for immediate help.
 ...                                              
                                                  
l.4 –ó–∞–¥–∞—á–∞ –ø–æ–∏—Å–∫–∞ –∏ —Å
                                   —Ä–∞–≤–Ω–µ–Ω–∏—è –ø–æ—Å–ª–µ–¥–æ–≤–∞—Ç–µ–ª...

You may provide a definition with
\DeclareUnicodeCharacter 


! Package inputenc Error: Unicode character —Ä (U+0440)
(inputenc)                not set up for use with LaTeX.

See the inputenc package documentation for explanation.
Type  H <return>  for immediate help.
 ...                                              
                                                  
l.4 –ó–∞–¥–∞—á–∞ –ø–æ–∏—Å–∫–∞ –∏ —Å—Ä
                                     –∞–≤–Ω–µ–Ω–∏—è –ø–æ—Å–ª–µ–¥–æ–≤–∞—Ç–µ–ª...

You may provide a definition with
\DeclareUnicodeCharacter 


! Package inputenc Error: Unicode character –∞ (U+0430)
(inputenc)                not set up for use with LaTeX.

See the inputenc package documentation for explanation.
Type  H <return>  for immediate help.
 ...                                              
                                                  
l.4 –ó–∞–¥–∞—á–∞ –ø–æ–∏—Å–∫–∞ –∏ —Å—Ä–∞
                                       –≤–Ω–µ–Ω–∏—è –ø–æ—Å–ª–µ–¥–æ–≤–∞—Ç–µ–ª...

You may provide a definition with
\DeclareUnicodeCharacter 


! Package inputenc Error: Unicode character –≤ (U+0432)
(inputenc)                not set up for use with LaTeX.

See the inputenc package documentation for explanation.
Type  H <return>  for immediate help.
 ...                                              
                                                  
l.4 –ó–∞–¥–∞—á–∞ –ø–æ–∏—Å–∫–∞ –∏ —Å—Ä–∞–≤
                                         –Ω–µ–Ω–∏—è –ø–æ—Å–ª–µ–¥–æ–≤–∞—Ç–µ–ª...

You may provide a definition with
\DeclareUnicodeCharacter 


! Package inputenc Error: Unicode character –Ω (U+043D)
(inputenc)                not set up for use with LaTeX.

See the inputenc package documentation for explanation.
Type  H <return>  for immediate help.
 ...                                              
                                                  
l.4 –ó–∞–¥–∞—á–∞ –ø–æ–∏—Å–∫–∞ –∏ —Å—Ä–∞–≤–Ω
                                           –µ–Ω–∏—è –ø–æ—Å–ª–µ–¥–æ–≤–∞—Ç–µ–ª...

You may provide a definition with
\DeclareUnicodeCharacter 


! Package inputenc Error: Unicode character –µ (U+0435)
(inputenc)                not set up for use with LaTeX.

See the inputenc package documentation for explanation.
Type  H <return>  for immediate help.
 ...                                              
                                                  
l.4 –ó–∞–¥–∞—á–∞ –ø–æ–∏—Å–∫–∞ –∏ —Å—Ä–∞–≤–Ω–µ
                                             –Ω–∏—è –ø–æ—Å–ª–µ–¥–æ–≤–∞—Ç–µ–ª...

You may provide a definition with
\DeclareUnicodeCharacter 


! Package inputenc Error: Unicode character –Ω (U+043D)
(inputenc)                not set up for use with LaTeX.

See the inputenc package documentation for explanation.
Type  H <return>  for immediate help.
 ...                                              
                                                  
l.4 –ó–∞–¥–∞—á–∞ –ø–æ–∏—Å–∫–∞ –∏ —Å—Ä–∞–≤–Ω–µ–Ω
                                               –∏—è –ø–æ—Å–ª–µ–¥–æ–≤–∞—Ç–µ–ª...

You may provide a definition with
\DeclareUnicodeCharacter 


! Package inputenc Error: Unicode character –∏ (U+0438)
(inputenc)                not set up for use with LaTeX.

See the inputenc package documentation for explanation.
Type  H <return>  for immediate help.
 ...                                              
                                                  
l.4 –ó–∞–¥–∞—á–∞ –ø–æ–∏—Å–∫–∞ –∏ —Å—Ä–∞–≤–Ω–µ–Ω–∏
                                                 —è –ø–æ—Å–ª–µ–¥–æ–≤–∞—Ç–µ–ª...

You may provide a definition with
\DeclareUnicodeCharacter 


! Package inputenc Error: Unicode character —è (U+044F)
(inputenc)                not set up for use with LaTeX.

See the inputenc package documentation for explanation.
Type  H <return>  for immediate help.
 ...                                              
                                                  
l.4 ...–¥–∞—á–∞ –ø–æ–∏—Å–∫–∞ –∏ —Å—Ä–∞–≤–Ω–µ–Ω–∏—è
                                                   –ø–æ—Å–ª–µ–¥–æ–≤–∞—Ç–µ–ª—...

You may provide a definition with
\DeclareUnicodeCharacter 


! Package inputenc Error: Unicode character –ø (U+043F)
(inputenc)                not set up for use with LaTeX.

See the inputenc package documentation for explanation.
Type  H <return>  for immediate help.
 ...                                              
                                                  
l.4 ...∞—á–∞ –ø–æ–∏—Å–∫–∞ –∏ —Å—Ä–∞–≤–Ω–µ–Ω–∏—è –ø
                                                  –æ—Å–ª–µ–¥–æ–≤–∞—Ç–µ–ª—å–Ω...

You may provide a definition with
\DeclareUnicodeCharacter 


! Package inputenc Error: Unicode character –æ (U+043E)
(inputenc)                not set up for use with LaTeX.

See the inputenc package documentation for explanation.
Type  H <return>  for immediate help.
 ...                                              
                                                  
l.4 ...á–∞ –ø–æ–∏—Å–∫–∞ –∏ —Å—Ä–∞–≤–Ω–µ–Ω–∏—è –ø–æ
                                                  —Å–ª–µ–¥–æ–≤–∞—Ç–µ–ª—å–Ω–æ...

You may provide a definition with
\DeclareUnicodeCharacter 


! Package inputenc Error: Unicode character —Å (U+0441)
(inputenc)                not set up for use with LaTeX.

See the inputenc package documentation for explanation.
Type  H <return>  for immediate help.
 ...                                              
                                                  
l.4 ...∞ –ø–æ–∏—Å–∫–∞ –∏ —Å—Ä–∞–≤–Ω–µ–Ω–∏—è –ø–æ—Å
                                                  –ª–µ–¥–æ–≤–∞—Ç–µ–ª—å–Ω–æ—Å...

You may provide a definition with
\DeclareUnicodeCharacter 


! Package inputenc Error: Unicode character –ª (U+043B)
(inputenc)                not set up for use with LaTeX.

See the inputenc package documentation for explanation.
Type  H <return>  for immediate help.
 ...                                              
                                                  
l.4 ...–ø–æ–∏—Å–∫–∞ –∏ —Å—Ä–∞–≤–Ω–µ–Ω–∏—è –ø–æ—Å–ª
                                                  –µ–¥–æ–≤–∞—Ç–µ–ª—å–Ω–æ—Å—Ç...

You may provide a definition with
\DeclareUnicodeCharacter 


! Package inputenc Error: Unicode character –µ (U+0435)
(inputenc)                not set up for use with LaTeX.

See the inputenc package documentation for explanation.
Type  H <return>  for immediate help.
 ...                                              
                                                  
l.4 ...–æ–∏—Å–∫–∞ –∏ —Å—Ä–∞–≤–Ω–µ–Ω–∏—è –ø–æ—Å–ª–µ
                                                  –¥–æ–≤–∞—Ç–µ–ª—å–Ω–æ—Å—Ç–µ...

You may provide a definition with
\DeclareUnicodeCharacter 


! Package inputenc Error: Unicode character –¥ (U+0434)
(inputenc)                not set up for use with LaTeX.

See the inputenc package documentation for explanation.
Type  H <return>  for immediate help.
 ...                                              
                                                  
l.4 ...–∏—Å–∫–∞ –∏ —Å—Ä–∞–≤–Ω–µ–Ω–∏—è –ø–æ—Å–ª–µ–¥
                                                  –æ–≤–∞—Ç–µ–ª—å–Ω–æ—Å—Ç–µ–π...

You may provide a definition with
\DeclareUnicodeCharacter 


! Package inputenc Error: Unicode character –æ (U+043E)
(inputenc)                not set up for use with LaTeX.

See the inputenc package documentation for explanation.
Type  H <return>  for immediate help.
 ...                                              
                                                  
l.4 ...—Å–∫–∞ –∏ —Å—Ä–∞–≤–Ω–µ–Ω–∏—è –ø–æ—Å–ª–µ–¥–æ
                                                  –≤–∞—Ç–µ–ª—å–Ω–æ—Å—Ç–µ–π –...

You may provide a definition with
\DeclareUnicodeCharacter 


! Package inputenc Error: Unicode character –≤ (U+0432)
(inputenc)                not set up for use with LaTeX.

See the inputenc package documentation for explanation.
Type  H <return>  for immediate help.
 ...                                              
                                                  
l.4 ...–∫–∞ –∏ —Å—Ä–∞–≤–Ω–µ–Ω–∏—è –ø–æ—Å–ª–µ–¥–æ–≤
                                                  –∞—Ç–µ–ª—å–Ω–æ—Å—Ç–µ–π –≤–...

You may provide a definition with
\DeclareUnicodeCharacter 


! Package inputenc Error: Unicode character –∞ (U+0430)
(inputenc)                not set up for use with LaTeX.

See the inputenc package documentation for explanation.
Type  H <return>  for immediate help.
 ...                                              
                                                  
l.4 ...–∞ –∏ —Å—Ä–∞–≤–Ω–µ–Ω–∏—è –ø–æ—Å–ª–µ–¥–æ–≤–∞
                                                  —Ç–µ–ª—å–Ω–æ—Å—Ç–µ–π –≤–æ–...

You may provide a definition with
\DeclareUnicodeCharacter 


! Package inputenc Error: Unicode character —Ç (U+0442)
(inputenc)                not set up for use with LaTeX.

See the inputenc package documentation for explanation.
Type  H <return>  for immediate help.
 ...                                              
                                                  
l.4 ... –∏ —Å—Ä–∞–≤–Ω–µ–Ω–∏—è –ø–æ—Å–ª–µ–¥–æ–≤–∞—Ç
                                                  –µ–ª—å–Ω–æ—Å—Ç–µ–π –≤–æ–∑–...

You may provide a definition with
\DeclareUnicodeCharacter 


! Package inputenc Error: Unicode character –µ (U+0435)
(inputenc)                not set up for use with LaTeX.

See the inputenc package documentation for explanation.
Type  H <return>  for immediate help.
 ...                                              
                                                  
l.4 ...∏ —Å—Ä–∞–≤–Ω–µ–Ω–∏—è –ø–æ—Å–ª–µ–¥–æ–≤–∞—Ç–µ
                                                  –ª—å–Ω–æ—Å—Ç–µ–π –≤–æ–∑–Ω–...

You may provide a definition with
\DeclareUnicodeCharacter 


! Package inputenc Error: Unicode character –ª (U+043B)
(inputenc)                not set up for use with LaTeX.

See the inputenc package documentation for explanation.
Type  H <return>  for immediate help.
 ...                                              
                                                  
l.4 ...—Å—Ä–∞–≤–Ω–µ–Ω–∏—è –ø–æ—Å–ª–µ–¥–æ–≤–∞—Ç–µ–ª
                                                  —å–Ω–æ—Å—Ç–µ–π –≤–æ–∑–Ω–∏–...

You may provide a definition with
\DeclareUnicodeCharacter 


! Package inputenc Error: Unicode character —å (U+044C)
(inputenc)                not set up for use with LaTeX.

See the inputenc package documentation for explanation.
Type  H <return>  for immediate help.
 ...                                              
                                                  
l.4 ...—Ä–∞–≤–Ω–µ–Ω–∏—è –ø–æ—Å–ª–µ–¥–æ–≤–∞—Ç–µ–ª—å
                                                  –Ω–æ—Å—Ç–µ–π –≤–æ–∑–Ω–∏–∫–...

You may provide a definition with
\DeclareUnicodeCharacter 


! Package inputenc Error: Unicode character –Ω (U+043D)
(inputenc)                not set up for use with LaTeX.

See the inputenc package documentation for explanation.
Type  H <return>  for immediate help.
 ...                                              
                                                  
l.4 ...–∞–≤–Ω–µ–Ω–∏—è –ø–æ—Å–ª–µ–¥–æ–≤–∞—Ç–µ–ª—å–Ω
                                                  –æ—Å—Ç–µ–π –≤–æ–∑–Ω–∏–∫–∞–...

You may provide a definition with
\DeclareUnicodeCharacter 


! Package inputenc Error: Unicode character –æ (U+043E)
(inputenc)                not set up for use with LaTeX.

See the inputenc package documentation for explanation.
Type  H <return>  for immediate help.
 ...                                              
                                                  
l.4 ...–≤–Ω–µ–Ω–∏—è –ø–æ—Å–ª–µ–¥–æ–≤–∞—Ç–µ–ª—å–Ω–æ
                                                  —Å—Ç–µ–π –≤–æ–∑–Ω–∏–∫–∞–µ—...

You may provide a definition with
\DeclareUnicodeCharacter 


! Package inputenc Error: Unicode character —Å (U+0441)
(inputenc)                not set up for use with LaTeX.

See the inputenc package documentation for explanation.
Type  H <return>  for immediate help.
 ...                                              
                                                  
l.4 ...–Ω–µ–Ω–∏—è –ø–æ—Å–ª–µ–¥–æ–≤–∞—Ç–µ–ª—å–Ω–æ—Å
                                                  —Ç–µ–π –≤–æ–∑–Ω–∏–∫–∞–µ—Ç ...

You may provide a definition with
\DeclareUnicodeCharacter 


! Package inputenc Error: Unicode character —Ç (U+0442)
(inputenc)                not set up for use with LaTeX.

See the inputenc package documentation for explanation.
Type  H <return>  for immediate help.
 ...                                              
                                                  
l.4 ...–µ–Ω–∏—è –ø–æ—Å–ª–µ–¥–æ–≤–∞—Ç–µ–ª—å–Ω–æ—Å—Ç
                                                  –µ–π –≤–æ–∑–Ω–∏–∫–∞–µ—Ç –ø...

You may provide a definition with
\DeclareUnicodeCharacter 


! Package inputenc Error: Unicode character –µ (U+0435)
(inputenc)                not set up for use with LaTeX.

See the inputenc package documentation for explanation.
Type  H <return>  for immediate help.
 ...                                              
                                                  
l.4 ...–Ω–∏—è –ø–æ—Å–ª–µ–¥–æ–≤–∞—Ç–µ–ª—å–Ω–æ—Å—Ç–µ
                                                  –π –≤–æ–∑–Ω–∏–∫–∞–µ—Ç –ø—Ä...

You may provide a definition with
\DeclareUnicodeCharacter 


! Package inputenc Error: Unicode character –π (U+0439)
(inputenc)                not set up for use with LaTeX.

See the inputenc package documentation for explanation.
Type  H <return>  for immediate help.
 ...                                              
                                                  
l.4 ...–∏—è –ø–æ—Å–ª–µ–¥–æ–≤–∞—Ç–µ–ª—å–Ω–æ—Å—Ç–µ–π
                                                   –≤–æ–∑–Ω–∏–∫–∞–µ—Ç –ø—Ä–∏...

You may provide a definition with
\DeclareUnicodeCharacter 


! Package inputenc Error: Unicode character –≤ (U+0432)
(inputenc)                not set up for use with LaTeX.

See the inputenc package documentation for explanation.
Type  H <return>  for immediate help.
 ...                                              
                                                  
l.4 ...è –ø–æ—Å–ª–µ–¥–æ–≤–∞—Ç–µ–ª—å–Ω–æ—Å—Ç–µ–π –≤
                                                  –æ–∑–Ω–∏–∫–∞–µ—Ç –ø—Ä–∏ –æ...

You may provide a definition with
\DeclareUnicodeCharacter 


! Package inputenc Error: Unicode character –æ (U+043E)
(inputenc)                not set up for use with LaTeX.

See the inputenc package documentation for explanation.
Type  H <return>  for immediate help.
 ...                                              
                                                  
l.4 ...–ø–æ—Å–ª–µ–¥–æ–≤–∞—Ç–µ–ª—å–Ω–æ—Å—Ç–µ–π –≤–æ
                                                  –∑–Ω–∏–∫–∞–µ—Ç –ø—Ä–∏ –æ–±...

You may provide a definition with
\DeclareUnicodeCharacter 


! Package inputenc Error: Unicode character –∑ (U+0437)
(inputenc)                not set up for use with LaTeX.

See the inputenc package documentation for explanation.
Type  H <return>  for immediate help.
 ...                                              
                                                  
l.4 ...–æ—Å–ª–µ–¥–æ–≤–∞—Ç–µ–ª—å–Ω–æ—Å—Ç–µ–π –≤–æ–∑
                                                  –Ω–∏–∫–∞–µ—Ç –ø—Ä–∏ –æ–±—Ä...

You may provide a definition with
\DeclareUnicodeCharacter 


! Package inputenc Error: Unicode character –Ω (U+043D)
(inputenc)                not set up for use with LaTeX.

See the inputenc package documentation for explanation.
Type  H <return>  for immediate help.
 ...                                              
                                                  
l.4 ...—Å–ª–µ–¥–æ–≤–∞—Ç–µ–ª—å–Ω–æ—Å—Ç–µ–π –≤–æ–∑–Ω
                                                  –∏–∫–∞–µ—Ç –ø—Ä–∏ –æ–±—Ä–∞...

You may provide a definition with
\DeclareUnicodeCharacter 


! Package inputenc Error: Unicode character –∏ (U+0438)
(inputenc)                not set up for use with LaTeX.

See the inputenc package documentation for explanation.
Type  H <return>  for immediate help.
 ...                                              
                                                  
l.4 ...–ª–µ–¥–æ–≤–∞—Ç–µ–ª—å–Ω–æ—Å—Ç–µ–π –≤–æ–∑–Ω–∏
                                                  –∫–∞–µ—Ç –ø—Ä–∏ –æ–±—Ä–∞–±...

You may provide a definition with
\DeclareUnicodeCharacter 


! Package inputenc Error: Unicode character –∫ (U+043A)
(inputenc)                not set up for use with LaTeX.

See the inputenc package documentation for explanation.
Type  H <return>  for immediate help.
 ...                                              
                                                  
l.4 ...–µ–¥–æ–≤–∞—Ç–µ–ª—å–Ω–æ—Å—Ç–µ–π –≤–æ–∑–Ω–∏–∫
                                                  –∞–µ—Ç –ø—Ä–∏ –æ–±—Ä–∞–±–æ...

You may provide a definition with
\DeclareUnicodeCharacter 


! Package inputenc Error: Unicode character –∞ (U+0430)
(inputenc)                not set up for use with LaTeX.

See the inputenc package documentation for explanation.
Type  H <return>  for immediate help.
 ...                                              
                                                  
l.4 ...–¥–æ–≤–∞—Ç–µ–ª—å–Ω–æ—Å—Ç–µ–π –≤–æ–∑–Ω–∏–∫–∞
                                                  –µ—Ç –ø—Ä–∏ –æ–±—Ä–∞–±–æ—Ç...

You may provide a definition with
\DeclareUnicodeCharacter 


! Package inputenc Error: Unicode character –µ (U+0435)
(inputenc)                not set up for use with LaTeX.

See the inputenc package documentation for explanation.
Type  H <return>  for immediate help.
 ...                                              
                                                  
l.4 ...–æ–≤–∞—Ç–µ–ª—å–Ω–æ—Å—Ç–µ–π –≤–æ–∑–Ω–∏–∫–∞–µ
                                                  —Ç –ø—Ä–∏ –æ–±—Ä–∞–±–æ—Ç–∫...

You may provide a definition with
\DeclareUnicodeCharacter 


! Package inputenc Error: Unicode character —Ç (U+0442)
(inputenc)                not set up for use with LaTeX.

See the inputenc package documentation for explanation.
Type  H <return>  for immediate help.
 ...                                              
                                                  
l.4 ...–≤–∞—Ç–µ–ª—å–Ω–æ—Å—Ç–µ–π –≤–æ–∑–Ω–∏–∫–∞–µ—Ç
                                                   –ø—Ä–∏ –æ–±—Ä–∞–±–æ—Ç–∫–µ...

You may provide a definition with
\DeclareUnicodeCharacter 


! Package inputenc Error: Unicode character –ø (U+043F)
(inputenc)                not set up for use with LaTeX.

See the inputenc package documentation for explanation.
Type  H <return>  for immediate help.
 ...                                              
                                                  
l.4 ...∞—Ç–µ–ª—å–Ω–æ—Å—Ç–µ–π –≤–æ–∑–Ω–∏–∫–∞–µ—Ç –ø
                                                  —Ä–∏ –æ–±—Ä–∞–±–æ—Ç–∫–µ –±...

You may provide a definition with
\DeclareUnicodeCharacter 


! Package inputenc Error: Unicode character —Ä (U+0440)
(inputenc)                not set up for use with LaTeX.

See the inputenc package documentation for explanation.
Type  H <return>  for immediate help.
 ...                                              
                                                  
l.4 ...Ç–µ–ª—å–Ω–æ—Å—Ç–µ–π –≤–æ–∑–Ω–∏–∫–∞–µ—Ç –ø—Ä
                                                  –∏ –æ–±—Ä–∞–±–æ—Ç–∫–µ –±–æ...

You may provide a definition with
\DeclareUnicodeCharacter 


! Package inputenc Error: Unicode character –∏ (U+0438)
(inputenc)                not set up for use with LaTeX.

See the inputenc package documentation for explanation.
Type  H <return>  for immediate help.
 ...                                              
                                                  
l.4 ...µ–ª—å–Ω–æ—Å—Ç–µ–π –≤–æ–∑–Ω–∏–∫–∞–µ—Ç –ø—Ä–∏
                                                   –æ–±—Ä–∞–±–æ—Ç–∫–µ –±–æ–ª...

You may provide a definition with
\DeclareUnicodeCharacter 


! Package inputenc Error: Unicode character –æ (U+043E)
(inputenc)                not set up for use with LaTeX.

See the inputenc package documentation for explanation.
Type  H <return>  for immediate help.
 ...                                              
                                                  
l.4 ...—å–Ω–æ—Å—Ç–µ–π –≤–æ–∑–Ω–∏–∫–∞–µ—Ç –ø—Ä–∏ –æ
                                                  –±—Ä–∞–±–æ—Ç–∫–µ –±–æ–ª—å—...

You may provide a definition with
\DeclareUnicodeCharacter 


! Package inputenc Error: Unicode character –± (U+0431)
(inputenc)                not set up for use with LaTeX.

See the inputenc package documentation for explanation.
Type  H <return>  for immediate help.
 ...                                              
                                                  
l.4 ...–Ω–æ—Å—Ç–µ–π –≤–æ–∑–Ω–∏–∫–∞–µ—Ç –ø—Ä–∏ –æ–±
                                                  —Ä–∞–±–æ—Ç–∫–µ –±–æ–ª—å—à–...

You may provide a definition with
\DeclareUnicodeCharacter 


! Package inputenc Error: Unicode character —Ä (U+0440)
(inputenc)                not set up for use with LaTeX.

See the inputenc package documentation for explanation.
Type  H <return>  for immediate help.
 ...                                              
                                                  
l.4 ...–æ—Å—Ç–µ–π –≤–æ–∑–Ω–∏–∫–∞–µ—Ç –ø—Ä–∏ –æ–±—Ä
                                                  –∞–±–æ—Ç–∫–µ –±–æ–ª—å—à–∏—...

You may provide a definition with
\DeclareUnicodeCharacter 


! Package inputenc Error: Unicode character –∞ (U+0430)
(inputenc)                not set up for use with LaTeX.

See the inputenc package documentation for explanation.
Type  H <return>  for immediate help.
 ...                                              
                                                  
l.4 ...—Å—Ç–µ–π –≤–æ–∑–Ω–∏–∫–∞–µ—Ç –ø—Ä–∏ –æ–±—Ä–∞
                                                  –±–æ—Ç–∫–µ –±–æ–ª—å—à–∏—Ö ...

You may provide a definition with
\DeclareUnicodeCharacter 


! Package inputenc Error: Unicode character –± (U+0431)
(inputenc)                not set up for use with LaTeX.

See the inputenc package documentation for explanation.
Type  H <return>  for immediate help.
 ...                                              
                                                  
l.4 ...—Ç–µ–π –≤–æ–∑–Ω–∏–∫–∞–µ—Ç –ø—Ä–∏ –æ–±—Ä–∞–±
                                                  –æ—Ç–∫–µ –±–æ–ª—å—à–∏—Ö –æ...

You may provide a definition with
\DeclareUnicodeCharacter 


! Package inputenc Error: Unicode character –æ (U+043E)
(inputenc)                not set up for use with LaTeX.

See the inputenc package documentation for explanation.
Type  H <return>  for immediate help.
 ...                                              
                                                  
l.4 ...–µ–π –≤–æ–∑–Ω–∏–∫–∞–µ—Ç –ø—Ä–∏ –æ–±—Ä–∞–±–æ
                                                  —Ç–∫–µ –±–æ–ª—å—à–∏—Ö –æ–±...

You may provide a definition with
\DeclareUnicodeCharacter 


! Package inputenc Error: Unicode character —Ç (U+0442)
(inputenc)                not set up for use with LaTeX.

See the inputenc package documentation for explanation.
Type  H <return>  for immediate help.
 ...                                              
                                                  
l.4 ...–π –≤–æ–∑–Ω–∏–∫–∞–µ—Ç –ø—Ä–∏ –æ–±—Ä–∞–±–æ—Ç
                                                  –∫–µ –±–æ–ª—å—à–∏—Ö –æ–±—ä...

You may provide a definition with
\DeclareUnicodeCharacter 


! Package inputenc Error: Unicode character –∫ (U+043A)
(inputenc)                not set up for use with LaTeX.

See the inputenc package documentation for explanation.
Type  H <return>  for immediate help.
 ...                                              
                                                  
l.4 ... –≤–æ–∑–Ω–∏–∫–∞–µ—Ç –ø—Ä–∏ –æ–±—Ä–∞–±–æ—Ç–∫
                                                  –µ –±–æ–ª—å—à–∏—Ö –æ–±—ä–µ...

You may provide a definition with
\DeclareUnicodeCharacter 


! Package inputenc Error: Unicode character –µ (U+0435)
(inputenc)                not set up for use with LaTeX.

See the inputenc package documentation for explanation.
Type  H <return>  for immediate help.
 ...                                              
                                                  
l.4 ...≤–æ–∑–Ω–∏–∫–∞–µ—Ç –ø—Ä–∏ –æ–±—Ä–∞–±–æ—Ç–∫–µ
                                                   –±–æ–ª—å—à–∏—Ö –æ–±—ä–µ–º...

You may provide a definition with
\DeclareUnicodeCharacter 


! Package inputenc Error: Unicode character –± (U+0431)
(inputenc)                not set up for use with LaTeX.

See the inputenc package documentation for explanation.
Type  H <return>  for immediate help.
 ...                                              
                                                  
l.4 ...–∑–Ω–∏–∫–∞–µ—Ç –ø—Ä–∏ –æ–±—Ä–∞–±–æ—Ç–∫–µ –±
                                                  –æ–ª—å—à–∏—Ö –æ–±—ä–µ–º–æ–...

You may provide a definition with
\DeclareUnicodeCharacter 


! Package inputenc Error: Unicode character –æ (U+043E)
(inputenc)                not set up for use with LaTeX.

See the inputenc package documentation for explanation.
Type  H <return>  for immediate help.
 ...                                              
                                                  
l.4 ...–Ω–∏–∫–∞–µ—Ç –ø—Ä–∏ –æ–±—Ä–∞–±–æ—Ç–∫–µ –±–æ
                                                  –ª—å—à–∏—Ö –æ–±—ä–µ–º–æ–≤ ...

You may provide a definition with
\DeclareUnicodeCharacter 


! Package inputenc Error: Unicode character –ª (U+043B)
(inputenc)                not set up for use with LaTeX.

See the inputenc package documentation for explanation.
Type  H <return>  for immediate help.
 ...                                              
                                                  
l.4 ...–∏–∫–∞–µ—Ç –ø—Ä–∏ –æ–±—Ä–∞–±–æ—Ç–∫–µ –±–æ–ª
                                                  —å—à–∏—Ö –æ–±—ä–µ–º–æ–≤ –∏...

You may provide a definition with
\DeclareUnicodeCharacter 


! Package inputenc Error: Unicode character —å (U+044C)
(inputenc)                not set up for use with LaTeX.

See the inputenc package documentation for explanation.
Type  H <return>  for immediate help.
 ...                                              
                                                  
l.4 ...–∫–∞–µ—Ç –ø—Ä–∏ –æ–±—Ä–∞–±–æ—Ç–∫–µ –±–æ–ª—å
                                                  —à–∏—Ö –æ–±—ä–µ–º–æ–≤ –∏–Ω...

You may provide a definition with
\DeclareUnicodeCharacter 


! Package inputenc Error: Unicode character —à (U+0448)
(inputenc)                not set up for use with LaTeX.

See the inputenc package documentation for explanation.
Type  H <return>  for immediate help.
 ...                                              
                                                  
l.4 ...–∞–µ—Ç –ø—Ä–∏ –æ–±—Ä–∞–±–æ—Ç–∫–µ –±–æ–ª—å—à
                                                  –∏—Ö –æ–±—ä–µ–º–æ–≤ –∏–Ω—Ñ...

You may provide a definition with
\DeclareUnicodeCharacter 


! Package inputenc Error: Unicode character –∏ (U+0438)
(inputenc)                not set up for use with LaTeX.

See the inputenc package documentation for explanation.
Type  H <return>  for immediate help.
 ...                                              
                                                  
l.4 ...–µ—Ç –ø—Ä–∏ –æ–±—Ä–∞–±–æ—Ç–∫–µ –±–æ–ª—å—à–∏
                                                  —Ö –æ–±—ä–µ–º–æ–≤ –∏–Ω—Ñ–æ...

You may provide a definition with
\DeclareUnicodeCharacter 


! Package inputenc Error: Unicode character —Ö (U+0445)
(inputenc)                not set up for use with LaTeX.

See the inputenc package documentation for explanation.
Type  H <return>  for immediate help.
 ...                                              
                                                  
l.4 ...—Ç –ø—Ä–∏ –æ–±—Ä–∞–±–æ—Ç–∫–µ –±–æ–ª—å—à–∏—Ö
                                                   –æ–±—ä–µ–º–æ–≤ –∏–Ω—Ñ–æ—Ä...

You may provide a definition with
\DeclareUnicodeCharacter 


! Package inputenc Error: Unicode character –æ (U+043E)
(inputenc)                not set up for use with LaTeX.

See the inputenc package documentation for explanation.
Type  H <return>  for immediate help.
 ...                                              
                                                  
l.4 ...–ø—Ä–∏ –æ–±—Ä–∞–±–æ—Ç–∫–µ –±–æ–ª—å—à–∏—Ö –æ
                                                  –±—ä–µ–º–æ–≤ –∏–Ω—Ñ–æ—Ä–º–...

You may provide a definition with
\DeclareUnicodeCharacter 


! Package inputenc Error: Unicode character –± (U+0431)
(inputenc)                not set up for use with LaTeX.

See the inputenc package documentation for explanation.
Type  H <return>  for immediate help.
 ...                                              
                                                  
l.4 ...—Ä–∏ –æ–±—Ä–∞–±–æ—Ç–∫–µ –±–æ–ª—å—à–∏—Ö –æ–±
                                                  —ä–µ–º–æ–≤ –∏–Ω—Ñ–æ—Ä–º–∞—...

You may provide a definition with
\DeclareUnicodeCharacter 


! Package inputenc Error: Unicode character —ä (U+044A)
(inputenc)                not set up for use with LaTeX.

See the inputenc package documentation for explanation.
Type  H <return>  for immediate help.
 ...                                              
                                                  
l.4 ...–∏ –æ–±—Ä–∞–±–æ—Ç–∫–µ –±–æ–ª—å—à–∏—Ö –æ–±—ä
                                                  –µ–º–æ–≤ –∏–Ω—Ñ–æ—Ä–º–∞—Ü–...

You may provide a definition with
\DeclareUnicodeCharacter 


! Package inputenc Error: Unicode character –µ (U+0435)
(inputenc)                not set up for use with LaTeX.

See the inputenc package documentation for explanation.
Type  H <return>  for immediate help.
 ...                                              
                                                  
l.4 ... –æ–±—Ä–∞–±–æ—Ç–∫–µ –±–æ–ª—å—à–∏—Ö –æ–±—ä–µ
                                                  –º–æ–≤ –∏–Ω—Ñ–æ—Ä–º–∞—Ü–∏–...

You may provide a definition with
\DeclareUnicodeCharacter 


! Package inputenc Error: Unicode character –º (U+043C)
(inputenc)                not set up for use with LaTeX.

See the inputenc package documentation for explanation.
Type  H <return>  for immediate help.
 ...                                              
                                                  
l.4 ...æ–±—Ä–∞–±–æ—Ç–∫–µ –±–æ–ª—å—à–∏—Ö –æ–±—ä–µ–º
                                                  –æ–≤ –∏–Ω—Ñ–æ—Ä–º–∞—Ü–∏–∏,...

You may provide a definition with
\DeclareUnicodeCharacter 


! Package inputenc Error: Unicode character –æ (U+043E)
(inputenc)                not set up for use with LaTeX.

See the inputenc package documentation for explanation.
Type  H <return>  for immediate help.
 ...                                              
                                                  
l.4 ...±—Ä–∞–±–æ—Ç–∫–µ –±–æ–ª—å—à–∏—Ö –æ–±—ä–µ–º–æ
                                                  –≤ –∏–Ω—Ñ–æ—Ä–º–∞—Ü–∏–∏, –...

You may provide a definition with
\DeclareUnicodeCharacter 


! Package inputenc Error: Unicode character –≤ (U+0432)
(inputenc)                not set up for use with LaTeX.

See the inputenc package documentation for explanation.
Type  H <return>  for immediate help.
 ...                                              
                                                  
l.4 ...Ä–∞–±–æ—Ç–∫–µ –±–æ–ª—å—à–∏—Ö –æ–±—ä–µ–º–æ–≤
                                                   –∏–Ω—Ñ–æ—Ä–º–∞—Ü–∏–∏, –ø—...

You may provide a definition with
\DeclareUnicodeCharacter 


! Package inputenc Error: Unicode character –∏ (U+0438)
(inputenc)                not set up for use with LaTeX.

See the inputenc package documentation for explanation.
Type  H <return>  for immediate help.
 ...                                              
                                                  
l.4 ...–±–æ—Ç–∫–µ –±–æ–ª—å—à–∏—Ö –æ–±—ä–µ–º–æ–≤ –∏
                                                  –Ω—Ñ–æ—Ä–º–∞—Ü–∏–∏, –ø—Ä–∏...

You may provide a definition with
\DeclareUnicodeCharacter 


! Package inputenc Error: Unicode character –Ω (U+043D)
(inputenc)                not set up for use with LaTeX.

See the inputenc package documentation for explanation.
Type  H <return>  for immediate help.
 ...                                              
                                                  
l.4 ...–æ—Ç–∫–µ –±–æ–ª—å—à–∏—Ö –æ–±—ä–µ–º–æ–≤ –∏–Ω
                                                  —Ñ–æ—Ä–º–∞—Ü–∏–∏, –ø—Ä–∏ —...

You may provide a definition with
\DeclareUnicodeCharacter 


! Package inputenc Error: Unicode character —Ñ (U+0444)
(inputenc)                not set up for use with LaTeX.

See the inputenc package documentation for explanation.
Type  H <return>  for immediate help.
 ...                                              
                                                  
l.4 ...—Ç–∫–µ –±–æ–ª—å—à–∏—Ö –æ–±—ä–µ–º–æ–≤ –∏–Ω—Ñ
                                                  –æ—Ä–º–∞—Ü–∏–∏, –ø—Ä–∏ —Ä–...

You may provide a definition with
\DeclareUnicodeCharacter 


! Package inputenc Error: Unicode character –æ (U+043E)
(inputenc)                not set up for use with LaTeX.

See the inputenc package documentation for explanation.
Type  H <return>  for immediate help.
 ...                                              
                                                  
l.4 ...–∫–µ –±–æ–ª—å—à–∏—Ö –æ–±—ä–µ–º–æ–≤ –∏–Ω—Ñ–æ
                                                  —Ä–º–∞—Ü–∏–∏, –ø—Ä–∏ —Ä–∞–...

You may provide a definition with
\DeclareUnicodeCharacter 


! Package inputenc Error: Unicode character —Ä (U+0440)
(inputenc)                not set up for use with LaTeX.

See the inputenc package documentation for explanation.
Type  H <return>  for immediate help.
 ...                                              
                                                  
l.4 ...–µ –±–æ–ª—å—à–∏—Ö –æ–±—ä–µ–º–æ–≤ –∏–Ω—Ñ–æ—Ä
                                                  –º–∞—Ü–∏–∏, –ø—Ä–∏ —Ä–∞–±–...

You may provide a definition with
\DeclareUnicodeCharacter 


! Package inputenc Error: Unicode character –º (U+043C)
(inputenc)                not set up for use with LaTeX.

See the inputenc package documentation for explanation.
Type  H <return>  for immediate help.
 ...                                              
                                                  
l.4 ... –±–æ–ª—å—à–∏—Ö –æ–±—ä–µ–º–æ–≤ –∏–Ω—Ñ–æ—Ä–º
                                                  –∞—Ü–∏–∏, –ø—Ä–∏ —Ä–∞–±–æ—...

You may provide a definition with
\DeclareUnicodeCharacter 


! Package inputenc Error: Unicode character –∞ (U+0430)
(inputenc)                not set up for use with LaTeX.

See the inputenc package documentation for explanation.
Type  H <return>  for immediate help.
 ...                                              
                                                  
l.4 ...±–æ–ª—å—à–∏—Ö –æ–±—ä–µ–º–æ–≤ –∏–Ω—Ñ–æ—Ä–º–∞
                                                  —Ü–∏–∏, –ø—Ä–∏ —Ä–∞–±–æ—Ç–...

You may provide a definition with
\DeclareUnicodeCharacter 


! Package inputenc Error: Unicode character —Ü (U+0446)
(inputenc)                not set up for use with LaTeX.

See the inputenc package documentation for explanation.
Type  H <return>  for immediate help.
 ...                                              
                                                  
l.4 ...æ–ª—å—à–∏—Ö –æ–±—ä–µ–º–æ–≤ –∏–Ω—Ñ–æ—Ä–º–∞—Ü
                                                  –∏–∏, –ø—Ä–∏ —Ä–∞–±–æ—Ç–µ ...

You may provide a definition with
\DeclareUnicodeCharacter 


! Package inputenc Error: Unicode character –∏ (U+0438)
(inputenc)                not set up for use with LaTeX.

See the inputenc package documentation for explanation.
Type  H <return>  for immediate help.
 ...                                              
                                                  
l.4 ...ª—å—à–∏—Ö –æ–±—ä–µ–º–æ–≤ –∏–Ω—Ñ–æ—Ä–º–∞—Ü–∏
                                                  –∏, –ø—Ä–∏ —Ä–∞–±–æ—Ç–µ —Å...

You may provide a definition with
\DeclareUnicodeCharacter 


! Package inputenc Error: Unicode character –∏ (U+0438)
(inputenc)                not set up for use with LaTeX.

See the inputenc package documentation for explanation.
Type  H <return>  for immediate help.
 ...                                              
                                                  
l.4 ...å—à–∏—Ö –æ–±—ä–µ–º–æ–≤ –∏–Ω—Ñ–æ—Ä–º–∞—Ü–∏–∏
                                                  , –ø—Ä–∏ —Ä–∞–±–æ—Ç–µ —Å –...

You may provide a definition with
\DeclareUnicodeCharacter 


! LaTeX Error: Missing \begin{document}.

See the LaTeX manual or LaTeX Companion for explanation.
Type  H <return>  for immediate help.
 ...                                              
                                                  
l.4 ...—à–∏—Ö –æ–±—ä–µ–º–æ–≤ –∏–Ω—Ñ–æ—Ä–º–∞—Ü–∏–∏,
                                                   –ø—Ä–∏ —Ä–∞–±–æ—Ç–µ —Å –Ω...

You're in trouble here.  Try typing  <return>  to proceed.
If that doesn't work, type  X <return>  to quit.

Missing character: There is no , in font nullfont!

! Package inputenc Error: Unicode character –ø (U+043F)
(inputenc)                not set up for use with LaTeX.

See the inputenc package documentation for explanation.
Type  H <return>  for immediate help.
 ...                                              
                                                  
l.4 ...∏—Ö –æ–±—ä–µ–º–æ–≤ –∏–Ω—Ñ–æ—Ä–º–∞—Ü–∏–∏, –ø
                                                  —Ä–∏ —Ä–∞–±–æ—Ç–µ —Å –Ω–µ—...

You may provide a definition with
\DeclareUnicodeCharacter 


! Package inputenc Error: Unicode character —Ä (U+0440)
(inputenc)                not set up for use with LaTeX.

See the inputenc package documentation for explanation.
Type  H <return>  for immediate help.
 ...                                              
                                                  
l.4 ...Ö –æ–±—ä–µ–º–æ–≤ –∏–Ω—Ñ–æ—Ä–º–∞—Ü–∏–∏, –ø—Ä
                                                  –∏ —Ä–∞–±–æ—Ç–µ —Å –Ω–µ—Å—...

You may provide a definition with
\DeclareUnicodeCharacter 


! Package inputenc Error: Unicode character –∏ (U+0438)
(inputenc)                not set up for use with LaTeX.

See the inputenc package documentation for explanation.
Type  H <return>  for immediate help.
 ...                                              
                                                  
l.4 ...–æ–±—ä–µ–º–æ–≤ –∏–Ω—Ñ–æ—Ä–º–∞—Ü–∏–∏, –ø—Ä–∏
                                                   —Ä–∞–±–æ—Ç–µ —Å –Ω–µ—Å—Ç—...

You may provide a definition with
\DeclareUnicodeCharacter 


! Package inputenc Error: Unicode character —Ä (U+0440)
(inputenc)                not set up for use with LaTeX.

See the inputenc package documentation for explanation.
Type  H <return>  for immediate help.
 ...                                              
                                                  
l.4 ...±—ä–µ–º–æ–≤ –∏–Ω—Ñ–æ—Ä–º–∞—Ü–∏–∏, –ø—Ä–∏ —Ä
                                                  –∞–±–æ—Ç–µ —Å –Ω–µ—Å—Ç—Ä—É...

You may provide a definition with
\DeclareUnicodeCharacter 


! Package inputenc Error: Unicode character –∞ (U+0430)
(inputenc)                not set up for use with LaTeX.

See the inputenc package documentation for explanation.
Type  H <return>  for immediate help.
 ...                                              
                                                  
l.4 ...ä–µ–º–æ–≤ –∏–Ω—Ñ–æ—Ä–º–∞—Ü–∏–∏, –ø—Ä–∏ —Ä–∞
                                                  –±–æ—Ç–µ —Å –Ω–µ—Å—Ç—Ä—É–∫...

You may provide a definition with
\DeclareUnicodeCharacter 


! Package inputenc Error: Unicode character –± (U+0431)
(inputenc)                not set up for use with LaTeX.

See the inputenc package documentation for explanation.
Type  H <return>  for immediate help.
 ...                                              
                                                  
l.4 ...µ–º–æ–≤ –∏–Ω—Ñ–æ—Ä–º–∞—Ü–∏–∏, –ø—Ä–∏ —Ä–∞–±
                                                  –æ—Ç–µ —Å –Ω–µ—Å—Ç—Ä—É–∫—Ç...

You may provide a definition with
\DeclareUnicodeCharacter 


! Package inputenc Error: Unicode character –æ (U+043E)
(inputenc)                not set up for use with LaTeX.

See the inputenc package documentation for explanation.
Type  H <return>  for immediate help.
 ...                                              
                                                  
l.4 ...º–æ–≤ –∏–Ω—Ñ–æ—Ä–º–∞—Ü–∏–∏, –ø—Ä–∏ —Ä–∞–±–æ
                                                  —Ç–µ —Å –Ω–µ—Å—Ç—Ä—É–∫—Ç—É...

You may provide a definition with
\DeclareUnicodeCharacter 


! Package inputenc Error: Unicode character —Ç (U+0442)
(inputenc)                not set up for use with LaTeX.

See the inputenc package documentation for explanation.
Type  H <return>  for immediate help.
 ...                                              
                                                  
l.4 ...æ–≤ –∏–Ω—Ñ–æ—Ä–º–∞—Ü–∏–∏, –ø—Ä–∏ —Ä–∞–±–æ—Ç
                                                  –µ —Å –Ω–µ—Å—Ç—Ä—É–∫—Ç—É—Ä...

You may provide a definition with
\DeclareUnicodeCharacter 


! Package inputenc Error: Unicode character –µ (U+0435)
(inputenc)                not set up for use with LaTeX.

See the inputenc package documentation for explanation.
Type  H <return>  for immediate help.
 ...                                              
                                                  
l.4 ...≤ –∏–Ω—Ñ–æ—Ä–º–∞—Ü–∏–∏, –ø—Ä–∏ —Ä–∞–±–æ—Ç–µ
                                                   —Å –Ω–µ—Å—Ç—Ä—É–∫—Ç—É—Ä–∏...

You may provide a definition with
\DeclareUnicodeCharacter 


! Package inputenc Error: Unicode character —Å (U+0441)
(inputenc)                not set up for use with LaTeX.

See the inputenc package documentation for explanation.
Type  H <return>  for immediate help.
 ...                                              
                                                  
l.4 ...∏–Ω—Ñ–æ—Ä–º–∞—Ü–∏–∏, –ø—Ä–∏ —Ä–∞–±–æ—Ç–µ —Å
                                                   –Ω–µ—Å—Ç—Ä—É–∫—Ç—É—Ä–∏—Ä–...

You may provide a definition with
\DeclareUnicodeCharacter 


! Package inputenc Error: Unicode character –Ω (U+043D)
(inputenc)                not set up for use with LaTeX.

See the inputenc package documentation for explanation.
Type  H <return>  for immediate help.
 ...                                              
                                                  
l.4 ...—Ñ–æ—Ä–º–∞—Ü–∏–∏, –ø—Ä–∏ —Ä–∞–±–æ—Ç–µ —Å –Ω
                                                  –µ—Å—Ç—Ä—É–∫—Ç—É—Ä–∏—Ä–æ–≤...

You may provide a definition with
\DeclareUnicodeCharacter 


! Package inputenc Error: Unicode character –µ (U+0435)
(inputenc)                not set up for use with LaTeX.

See the inputenc package documentation for explanation.
Type  H <return>  for immediate help.
 ...                                              
                                                  
l.4 ...–æ—Ä–º–∞—Ü–∏–∏, –ø—Ä–∏ —Ä–∞–±–æ—Ç–µ —Å –Ω–µ
                                                  —Å—Ç—Ä—É–∫—Ç—É—Ä–∏—Ä–æ–≤–∞...

You may provide a definition with
\DeclareUnicodeCharacter 


! Package inputenc Error: Unicode character —Å (U+0441)
(inputenc)                not set up for use with LaTeX.

See the inputenc package documentation for explanation.
Type  H <return>  for immediate help.
 ...                                              
                                                  
l.4 ...—Ä–º–∞—Ü–∏–∏, –ø—Ä–∏ —Ä–∞–±–æ—Ç–µ —Å –Ω–µ—Å
                                                  —Ç—Ä—É–∫—Ç—É—Ä–∏—Ä–æ–≤–∞–Ω...
(That makes 100 errors; please try again.) 
Here is how much of TeX's memory you used:
 44 strings out of 482080
 720 string characters out of 5941728
 233878 words of memory out of 5000000
 15207 multiletter control sequences out of 15000+600000
 532338 words of font info for 24 fonts, out of 8000000 for 9000
 766 hyphenation exceptions out of 8191
 12i,0n,15p,1097b,22s stack positions out of 5000i,500n,10000p,200000b,80000s

!  ==> Fatal error occurred, no output PDF file produced!
