This is pdfTeX, Version 3.14159265-2.6-1.40.20 (TeX Live 2019/Debian) (preloaded format=pdflatex 2021.9.5)  12 DEC 2021 15:16
entering extended mode
 restricted \write18 enabled.
 %&-line parsing enabled.
**analysis.tex
(./analysis.tex
LaTeX2e <2020-02-02> patch level 2
L3 programming layer <2020-02-14>
! Undefined control sequence.
l.1 \chapter
            {–ê–Ω–∞–ª–∏—Ç–∏—á–µ—Å–∫–∞—è —á–∞—Å—Ç—å}
The control sequence at the end of the top line
of your error message was never \def'ed. If you have
misspelled it (e.g., `\hobx'), type `I' and the correct
spelling (e.g., `I\hbox'). Otherwise just continue,
and I'll forget about whatever was undefined.


! Package inputenc Error: Unicode character –ê (U+0410)
(inputenc)                not set up for use with LaTeX.

See the inputenc package documentation for explanation.
Type  H <return>  for immediate help.
 ...                                              
                                                  
l.1 \chapter{–ê
               –Ω–∞–ª–∏—Ç–∏—á–µ—Å–∫–∞—è —á–∞—Å—Ç—å}
You may provide a definition with
\DeclareUnicodeCharacter 


! Package inputenc Error: Unicode character –Ω (U+043D)
(inputenc)                not set up for use with LaTeX.

See the inputenc package documentation for explanation.
Type  H <return>  for immediate help.
 ...                                              
                                                  
l.1 \chapter{–ê–Ω
                 –∞–ª–∏—Ç–∏—á–µ—Å–∫–∞—è —á–∞—Å—Ç—å}
You may provide a definition with
\DeclareUnicodeCharacter 


! Package inputenc Error: Unicode character –∞ (U+0430)
(inputenc)                not set up for use with LaTeX.

See the inputenc package documentation for explanation.
Type  H <return>  for immediate help.
 ...                                              
                                                  
l.1 \chapter{–ê–Ω–∞
                   –ª–∏—Ç–∏—á–µ—Å–∫–∞—è —á–∞—Å—Ç—å}
You may provide a definition with
\DeclareUnicodeCharacter 


! Package inputenc Error: Unicode character –ª (U+043B)
(inputenc)                not set up for use with LaTeX.

See the inputenc package documentation for explanation.
Type  H <return>  for immediate help.
 ...                                              
                                                  
l.1 \chapter{–ê–Ω–∞–ª
                     –∏—Ç–∏—á–µ—Å–∫–∞—è —á–∞—Å—Ç—å}
You may provide a definition with
\DeclareUnicodeCharacter 


! Package inputenc Error: Unicode character –∏ (U+0438)
(inputenc)                not set up for use with LaTeX.

See the inputenc package documentation for explanation.
Type  H <return>  for immediate help.
 ...                                              
                                                  
l.1 \chapter{–ê–Ω–∞–ª–∏
                       —Ç–∏—á–µ—Å–∫–∞—è —á–∞—Å—Ç—å}
You may provide a definition with
\DeclareUnicodeCharacter 


! Package inputenc Error: Unicode character —Ç (U+0442)
(inputenc)                not set up for use with LaTeX.

See the inputenc package documentation for explanation.
Type  H <return>  for immediate help.
 ...                                              
                                                  
l.1 \chapter{–ê–Ω–∞–ª–∏—Ç
                         –∏—á–µ—Å–∫–∞—è —á–∞—Å—Ç—å}
You may provide a definition with
\DeclareUnicodeCharacter 


! Package inputenc Error: Unicode character –∏ (U+0438)
(inputenc)                not set up for use with LaTeX.

See the inputenc package documentation for explanation.
Type  H <return>  for immediate help.
 ...                                              
                                                  
l.1 \chapter{–ê–Ω–∞–ª–∏—Ç–∏
                           —á–µ—Å–∫–∞—è —á–∞—Å—Ç—å}
You may provide a definition with
\DeclareUnicodeCharacter 


! Package inputenc Error: Unicode character —á (U+0447)
(inputenc)                not set up for use with LaTeX.

See the inputenc package documentation for explanation.
Type  H <return>  for immediate help.
 ...                                              
                                                  
l.1 \chapter{–ê–Ω–∞–ª–∏—Ç–∏—á
                             –µ—Å–∫–∞—è —á–∞—Å—Ç—å}
You may provide a definition with
\DeclareUnicodeCharacter 


! Package inputenc Error: Unicode character –µ (U+0435)
(inputenc)                not set up for use with LaTeX.

See the inputenc package documentation for explanation.
Type  H <return>  for immediate help.
 ...                                              
                                                  
l.1 \chapter{–ê–Ω–∞–ª–∏—Ç–∏—á–µ
                               —Å–∫–∞—è —á–∞—Å—Ç—å}
You may provide a definition with
\DeclareUnicodeCharacter 


! Package inputenc Error: Unicode character —Å (U+0441)
(inputenc)                not set up for use with LaTeX.

See the inputenc package documentation for explanation.
Type  H <return>  for immediate help.
 ...                                              
                                                  
l.1 \chapter{–ê–Ω–∞–ª–∏—Ç–∏—á–µ—Å
                                 –∫–∞—è —á–∞—Å—Ç—å}
You may provide a definition with
\DeclareUnicodeCharacter 


! Package inputenc Error: Unicode character –∫ (U+043A)
(inputenc)                not set up for use with LaTeX.

See the inputenc package documentation for explanation.
Type  H <return>  for immediate help.
 ...                                              
                                                  
l.1 \chapter{–ê–Ω–∞–ª–∏—Ç–∏—á–µ—Å–∫
                                   –∞—è —á–∞—Å—Ç—å}
You may provide a definition with
\DeclareUnicodeCharacter 


! Package inputenc Error: Unicode character –∞ (U+0430)
(inputenc)                not set up for use with LaTeX.

See the inputenc package documentation for explanation.
Type  H <return>  for immediate help.
 ...                                              
                                                  
l.1 \chapter{–ê–Ω–∞–ª–∏—Ç–∏—á–µ—Å–∫–∞
                                     —è —á–∞—Å—Ç—å}
You may provide a definition with
\DeclareUnicodeCharacter 


! Package inputenc Error: Unicode character —è (U+044F)
(inputenc)                not set up for use with LaTeX.

See the inputenc package documentation for explanation.
Type  H <return>  for immediate help.
 ...                                              
                                                  
l.1 \chapter{–ê–Ω–∞–ª–∏—Ç–∏—á–µ—Å–∫–∞—è
                                        —á–∞—Å—Ç—å}
You may provide a definition with
\DeclareUnicodeCharacter 


! Package inputenc Error: Unicode character —á (U+0447)
(inputenc)                not set up for use with LaTeX.

See the inputenc package documentation for explanation.
Type  H <return>  for immediate help.
 ...                                              
                                                  
l.1 \chapter{–ê–Ω–∞–ª–∏—Ç–∏—á–µ—Å–∫–∞—è —á
                                          –∞—Å—Ç—å}
You may provide a definition with
\DeclareUnicodeCharacter 


! Package inputenc Error: Unicode character –∞ (U+0430)
(inputenc)                not set up for use with LaTeX.

See the inputenc package documentation for explanation.
Type  H <return>  for immediate help.
 ...                                              
                                                  
l.1 \chapter{–ê–Ω–∞–ª–∏—Ç–∏—á–µ—Å–∫–∞—è —á–∞
                                            —Å—Ç—å}
You may provide a definition with
\DeclareUnicodeCharacter 


! Package inputenc Error: Unicode character —Å (U+0441)
(inputenc)                not set up for use with LaTeX.

See the inputenc package documentation for explanation.
Type  H <return>  for immediate help.
 ...                                              
                                                  
l.1 \chapter{–ê–Ω–∞–ª–∏—Ç–∏—á–µ—Å–∫–∞—è —á–∞—Å
                                              —Ç—å}
You may provide a definition with
\DeclareUnicodeCharacter 


! Package inputenc Error: Unicode character —Ç (U+0442)
(inputenc)                not set up for use with LaTeX.

See the inputenc package documentation for explanation.
Type  H <return>  for immediate help.
 ...                                              
                                                  
l.1 \chapter{–ê–Ω–∞–ª–∏—Ç–∏—á–µ—Å–∫–∞—è —á–∞—Å—Ç
                                                —å}
You may provide a definition with
\DeclareUnicodeCharacter 


! Package inputenc Error: Unicode character —å (U+044C)
(inputenc)                not set up for use with LaTeX.

See the inputenc package documentation for explanation.
Type  H <return>  for immediate help.
 ...                                              
                                                  
l.1 \chapter{–ê–Ω–∞–ª–∏—Ç–∏—á–µ—Å–∫–∞—è —á–∞—Å—Ç—å
                                                  }
You may provide a definition with
\DeclareUnicodeCharacter 


! Package inputenc Error: Unicode character –í (U+0412)
(inputenc)                not set up for use with LaTeX.

See the inputenc package documentation for explanation.
Type  H <return>  for immediate help.
 ...                                              
                                                  
l.3 –í
       –¥–∞–Ω–Ω–æ–º —Ä–∞–∑–¥–µ–ª–µ –±—É–¥–µ—Ç —Ä–∞—Å—Å–º–æ—Ç—Ä–µ–Ω–∞ –∑–∞–¥–...

You may provide a definition with
\DeclareUnicodeCharacter 


! Package inputenc Error: Unicode character –¥ (U+0434)
(inputenc)                not set up for use with LaTeX.

See the inputenc package documentation for explanation.
Type  H <return>  for immediate help.
 ...                                              
                                                  
l.3 –í –¥
         –∞–Ω–Ω–æ–º —Ä–∞–∑–¥–µ–ª–µ –±—É–¥–µ—Ç —Ä–∞—Å—Å–º–æ—Ç—Ä–µ–Ω–∞ –∑–∞–¥–...

You may provide a definition with
\DeclareUnicodeCharacter 


! Package inputenc Error: Unicode character –∞ (U+0430)
(inputenc)                not set up for use with LaTeX.

See the inputenc package documentation for explanation.
Type  H <return>  for immediate help.
 ...                                              
                                                  
l.3 –í –¥–∞
           –Ω–Ω–æ–º —Ä–∞–∑–¥–µ–ª–µ –±—É–¥–µ—Ç —Ä–∞—Å—Å–º–æ—Ç—Ä–µ–Ω–∞ –∑–∞–¥–...

You may provide a definition with
\DeclareUnicodeCharacter 


! Package inputenc Error: Unicode character –Ω (U+043D)
(inputenc)                not set up for use with LaTeX.

See the inputenc package documentation for explanation.
Type  H <return>  for immediate help.
 ...                                              
                                                  
l.3 –í –¥–∞–Ω
             –Ω–æ–º —Ä–∞–∑–¥–µ–ª–µ –±—É–¥–µ—Ç —Ä–∞—Å—Å–º–æ—Ç—Ä–µ–Ω–∞ –∑–∞–¥–...

You may provide a definition with
\DeclareUnicodeCharacter 


! Package inputenc Error: Unicode character –Ω (U+043D)
(inputenc)                not set up for use with LaTeX.

See the inputenc package documentation for explanation.
Type  H <return>  for immediate help.
 ...                                              
                                                  
l.3 –í –¥–∞–Ω–Ω
               –æ–º —Ä–∞–∑–¥–µ–ª–µ –±—É–¥–µ—Ç —Ä–∞—Å—Å–º–æ—Ç—Ä–µ–Ω–∞ –∑–∞–¥–...

You may provide a definition with
\DeclareUnicodeCharacter 


! Package inputenc Error: Unicode character –æ (U+043E)
(inputenc)                not set up for use with LaTeX.

See the inputenc package documentation for explanation.
Type  H <return>  for immediate help.
 ...                                              
                                                  
l.3 –í –¥–∞–Ω–Ω–æ
                 –º —Ä–∞–∑–¥–µ–ª–µ –±—É–¥–µ—Ç —Ä–∞—Å—Å–º–æ—Ç—Ä–µ–Ω–∞ –∑–∞–¥–...

You may provide a definition with
\DeclareUnicodeCharacter 


! Package inputenc Error: Unicode character –º (U+043C)
(inputenc)                not set up for use with LaTeX.

See the inputenc package documentation for explanation.
Type  H <return>  for immediate help.
 ...                                              
                                                  
l.3 –í –¥–∞–Ω–Ω–æ–º
                    —Ä–∞–∑–¥–µ–ª–µ –±—É–¥–µ—Ç —Ä–∞—Å—Å–º–æ—Ç—Ä–µ–Ω–∞ –∑–∞–¥–...

You may provide a definition with
\DeclareUnicodeCharacter 


! Package inputenc Error: Unicode character —Ä (U+0440)
(inputenc)                not set up for use with LaTeX.

See the inputenc package documentation for explanation.
Type  H <return>  for immediate help.
 ...                                              
                                                  
l.3 –í –¥–∞–Ω–Ω–æ–º —Ä
                      –∞–∑–¥–µ–ª–µ –±—É–¥–µ—Ç —Ä–∞—Å—Å–º–æ—Ç—Ä–µ–Ω–∞ –∑–∞–¥–...

You may provide a definition with
\DeclareUnicodeCharacter 


! Package inputenc Error: Unicode character –∞ (U+0430)
(inputenc)                not set up for use with LaTeX.

See the inputenc package documentation for explanation.
Type  H <return>  for immediate help.
 ...                                              
                                                  
l.3 –í –¥–∞–Ω–Ω–æ–º —Ä–∞
                        –∑–¥–µ–ª–µ –±—É–¥–µ—Ç —Ä–∞—Å—Å–º–æ—Ç—Ä–µ–Ω–∞ –∑–∞–¥–...

You may provide a definition with
\DeclareUnicodeCharacter 


! Package inputenc Error: Unicode character –∑ (U+0437)
(inputenc)                not set up for use with LaTeX.

See the inputenc package documentation for explanation.
Type  H <return>  for immediate help.
 ...                                              
                                                  
l.3 –í –¥–∞–Ω–Ω–æ–º —Ä–∞–∑
                          –¥–µ–ª–µ –±—É–¥–µ—Ç —Ä–∞—Å—Å–º–æ—Ç—Ä–µ–Ω–∞ –∑–∞–¥–...

You may provide a definition with
\DeclareUnicodeCharacter 


! Package inputenc Error: Unicode character –¥ (U+0434)
(inputenc)                not set up for use with LaTeX.

See the inputenc package documentation for explanation.
Type  H <return>  for immediate help.
 ...                                              
                                                  
l.3 –í –¥–∞–Ω–Ω–æ–º —Ä–∞–∑–¥
                            –µ–ª–µ –±—É–¥–µ—Ç —Ä–∞—Å—Å–º–æ—Ç—Ä–µ–Ω–∞ –∑–∞–¥–...

You may provide a definition with
\DeclareUnicodeCharacter 


! Package inputenc Error: Unicode character –µ (U+0435)
(inputenc)                not set up for use with LaTeX.

See the inputenc package documentation for explanation.
Type  H <return>  for immediate help.
 ...                                              
                                                  
l.3 –í –¥–∞–Ω–Ω–æ–º —Ä–∞–∑–¥–µ
                              –ª–µ –±—É–¥–µ—Ç —Ä–∞—Å—Å–º–æ—Ç—Ä–µ–Ω–∞ –∑–∞–¥–...

You may provide a definition with
\DeclareUnicodeCharacter 


! Package inputenc Error: Unicode character –ª (U+043B)
(inputenc)                not set up for use with LaTeX.

See the inputenc package documentation for explanation.
Type  H <return>  for immediate help.
 ...                                              
                                                  
l.3 –í –¥–∞–Ω–Ω–æ–º —Ä–∞–∑–¥–µ–ª
                                –µ –±—É–¥–µ—Ç —Ä–∞—Å—Å–º–æ—Ç—Ä–µ–Ω–∞ –∑–∞–¥–...

You may provide a definition with
\DeclareUnicodeCharacter 


! Package inputenc Error: Unicode character –µ (U+0435)
(inputenc)                not set up for use with LaTeX.

See the inputenc package documentation for explanation.
Type  H <return>  for immediate help.
 ...                                              
                                                  
l.3 –í –¥–∞–Ω–Ω–æ–º —Ä–∞–∑–¥–µ–ª–µ
                                   –±—É–¥–µ—Ç —Ä–∞—Å—Å–º–æ—Ç—Ä–µ–Ω–∞ –∑–∞–¥–...

You may provide a definition with
\DeclareUnicodeCharacter 


! Package inputenc Error: Unicode character –± (U+0431)
(inputenc)                not set up for use with LaTeX.

See the inputenc package documentation for explanation.
Type  H <return>  for immediate help.
 ...                                              
                                                  
l.3 –í –¥–∞–Ω–Ω–æ–º —Ä–∞–∑–¥–µ–ª–µ –±
                                     —É–¥–µ—Ç —Ä–∞—Å—Å–º–æ—Ç—Ä–µ–Ω–∞ –∑–∞–¥–...

You may provide a definition with
\DeclareUnicodeCharacter 


! Package inputenc Error: Unicode character —É (U+0443)
(inputenc)                not set up for use with LaTeX.

See the inputenc package documentation for explanation.
Type  H <return>  for immediate help.
 ...                                              
                                                  
l.3 –í –¥–∞–Ω–Ω–æ–º —Ä–∞–∑–¥–µ–ª–µ –±—É
                                       –¥–µ—Ç —Ä–∞—Å—Å–º–æ—Ç—Ä–µ–Ω–∞ –∑–∞–¥–...

You may provide a definition with
\DeclareUnicodeCharacter 


! Package inputenc Error: Unicode character –¥ (U+0434)
(inputenc)                not set up for use with LaTeX.

See the inputenc package documentation for explanation.
Type  H <return>  for immediate help.
 ...                                              
                                                  
l.3 –í –¥–∞–Ω–Ω–æ–º —Ä–∞–∑–¥–µ–ª–µ –±—É–¥
                                         –µ—Ç —Ä–∞—Å—Å–º–æ—Ç—Ä–µ–Ω–∞ –∑–∞–¥–...

You may provide a definition with
\DeclareUnicodeCharacter 


! Package inputenc Error: Unicode character –µ (U+0435)
(inputenc)                not set up for use with LaTeX.

See the inputenc package documentation for explanation.
Type  H <return>  for immediate help.
 ...                                              
                                                  
l.3 –í –¥–∞–Ω–Ω–æ–º —Ä–∞–∑–¥–µ–ª–µ –±—É–¥–µ
                                           —Ç —Ä–∞—Å—Å–º–æ—Ç—Ä–µ–Ω–∞ –∑–∞–¥–...

You may provide a definition with
\DeclareUnicodeCharacter 


! Package inputenc Error: Unicode character —Ç (U+0442)
(inputenc)                not set up for use with LaTeX.

See the inputenc package documentation for explanation.
Type  H <return>  for immediate help.
 ...                                              
                                                  
l.3 –í –¥–∞–Ω–Ω–æ–º —Ä–∞–∑–¥–µ–ª–µ –±—É–¥–µ—Ç
                                              —Ä–∞—Å—Å–º–æ—Ç—Ä–µ–Ω–∞ –∑–∞–¥–...

You may provide a definition with
\DeclareUnicodeCharacter 


! Package inputenc Error: Unicode character —Ä (U+0440)
(inputenc)                not set up for use with LaTeX.

See the inputenc package documentation for explanation.
Type  H <return>  for immediate help.
 ...                                              
                                                  
l.3 –í –¥–∞–Ω–Ω–æ–º —Ä–∞–∑–¥–µ–ª–µ –±—É–¥–µ—Ç —Ä
                                                –∞—Å—Å–º–æ—Ç—Ä–µ–Ω–∞ –∑–∞–¥–...

You may provide a definition with
\DeclareUnicodeCharacter 


! Package inputenc Error: Unicode character –∞ (U+0430)
(inputenc)                not set up for use with LaTeX.

See the inputenc package documentation for explanation.
Type  H <return>  for immediate help.
 ...                                              
                                                  
l.3 –í –¥–∞–Ω–Ω–æ–º —Ä–∞–∑–¥–µ–ª–µ –±—É–¥–µ—Ç —Ä–∞
                                                  —Å—Å–º–æ—Ç—Ä–µ–Ω–∞ –∑–∞–¥–...

You may provide a definition with
\DeclareUnicodeCharacter 


! Package inputenc Error: Unicode character —Å (U+0441)
(inputenc)                not set up for use with LaTeX.

See the inputenc package documentation for explanation.
Type  H <return>  for immediate help.
 ...                                              
                                                  
l.3 ...–∞–Ω–Ω–æ–º —Ä–∞–∑–¥–µ–ª–µ –±—É–¥–µ—Ç —Ä–∞—Å
                                                  —Å–º–æ—Ç—Ä–µ–Ω–∞ –∑–∞–¥–∞—...

You may provide a definition with
\DeclareUnicodeCharacter 


! Package inputenc Error: Unicode character —Å (U+0441)
(inputenc)                not set up for use with LaTeX.

See the inputenc package documentation for explanation.
Type  H <return>  for immediate help.
 ...                                              
                                                  
l.3 ...–Ω–Ω–æ–º —Ä–∞–∑–¥–µ–ª–µ –±—É–¥–µ—Ç —Ä–∞—Å—Å
                                                  –º–æ—Ç—Ä–µ–Ω–∞ –∑–∞–¥–∞—á–...

You may provide a definition with
\DeclareUnicodeCharacter 


! Package inputenc Error: Unicode character –º (U+043C)
(inputenc)                not set up for use with LaTeX.

See the inputenc package documentation for explanation.
Type  H <return>  for immediate help.
 ...                                              
                                                  
l.3 ...–Ω–æ–º —Ä–∞–∑–¥–µ–ª–µ –±—É–¥–µ—Ç —Ä–∞—Å—Å–º
                                                  –æ—Ç—Ä–µ–Ω–∞ –∑–∞–¥–∞—á–∞ ...

You may provide a definition with
\DeclareUnicodeCharacter 


! Package inputenc Error: Unicode character –æ (U+043E)
(inputenc)                not set up for use with LaTeX.

See the inputenc package documentation for explanation.
Type  H <return>  for immediate help.
 ...                                              
                                                  
l.3 ...–æ–º —Ä–∞–∑–¥–µ–ª–µ –±—É–¥–µ—Ç —Ä–∞—Å—Å–º–æ
                                                  —Ç—Ä–µ–Ω–∞ –∑–∞–¥–∞—á–∞ –∫...

You may provide a definition with
\DeclareUnicodeCharacter 


! Package inputenc Error: Unicode character —Ç (U+0442)
(inputenc)                not set up for use with LaTeX.

See the inputenc package documentation for explanation.
Type  H <return>  for immediate help.
 ...                                              
                                                  
l.3 ...–º —Ä–∞–∑–¥–µ–ª–µ –±—É–¥–µ—Ç —Ä–∞—Å—Å–º–æ—Ç
                                                  —Ä–µ–Ω–∞ –∑–∞–¥–∞—á–∞ –∫–æ...

You may provide a definition with
\DeclareUnicodeCharacter 


! Package inputenc Error: Unicode character —Ä (U+0440)
(inputenc)                not set up for use with LaTeX.

See the inputenc package documentation for explanation.
Type  H <return>  for immediate help.
 ...                                              
                                                  
l.3 ... —Ä–∞–∑–¥–µ–ª–µ –±—É–¥–µ—Ç —Ä–∞—Å—Å–º–æ—Ç—Ä
                                                  –µ–Ω–∞ –∑–∞–¥–∞—á–∞ –∫–æ–º...

You may provide a definition with
\DeclareUnicodeCharacter 


! Package inputenc Error: Unicode character –µ (U+0435)
(inputenc)                not set up for use with LaTeX.

See the inputenc package documentation for explanation.
Type  H <return>  for immediate help.
 ...                                              
                                                  
l.3 ...Ä–∞–∑–¥–µ–ª–µ –±—É–¥–µ—Ç —Ä–∞—Å—Å–º–æ—Ç—Ä–µ
                                                  –Ω–∞ –∑–∞–¥–∞—á–∞ –∫–æ–º–º...

You may provide a definition with
\DeclareUnicodeCharacter 


! Package inputenc Error: Unicode character –Ω (U+043D)
(inputenc)                not set up for use with LaTeX.

See the inputenc package documentation for explanation.
Type  H <return>  for immediate help.
 ...                                              
                                                  
l.3 ...∞–∑–¥–µ–ª–µ –±—É–¥–µ—Ç —Ä–∞—Å—Å–º–æ—Ç—Ä–µ–Ω
                                                  –∞ –∑–∞–¥–∞—á–∞ –∫–æ–º–º–∏...

You may provide a definition with
\DeclareUnicodeCharacter 


! Package inputenc Error: Unicode character –∞ (U+0430)
(inputenc)                not set up for use with LaTeX.

See the inputenc package documentation for explanation.
Type  H <return>  for immediate help.
 ...                                              
                                                  
l.3 ...∑–¥–µ–ª–µ –±—É–¥–µ—Ç —Ä–∞—Å—Å–º–æ—Ç—Ä–µ–Ω–∞
                                                   –∑–∞–¥–∞—á–∞ –∫–æ–º–º–∏–≤...

You may provide a definition with
\DeclareUnicodeCharacter 


! Package inputenc Error: Unicode character –∑ (U+0437)
(inputenc)                not set up for use with LaTeX.

See the inputenc package documentation for explanation.
Type  H <return>  for immediate help.
 ...                                              
                                                  
l.3 ...–µ–ª–µ –±—É–¥–µ—Ç —Ä–∞—Å—Å–º–æ—Ç—Ä–µ–Ω–∞ –∑
                                                  –∞–¥–∞—á–∞ –∫–æ–º–º–∏–≤–æ—...

You may provide a definition with
\DeclareUnicodeCharacter 


! Package inputenc Error: Unicode character –∞ (U+0430)
(inputenc)                not set up for use with LaTeX.

See the inputenc package documentation for explanation.
Type  H <return>  for immediate help.
 ...                                              
                                                  
l.3 ...–ª–µ –±—É–¥–µ—Ç —Ä–∞—Å—Å–º–æ—Ç—Ä–µ–Ω–∞ –∑–∞
                                                  –¥–∞—á–∞ –∫–æ–º–º–∏–≤–æ—è–...

You may provide a definition with
\DeclareUnicodeCharacter 


! Package inputenc Error: Unicode character –¥ (U+0434)
(inputenc)                not set up for use with LaTeX.

See the inputenc package documentation for explanation.
Type  H <return>  for immediate help.
 ...                                              
                                                  
l.3 ...–µ –±—É–¥–µ—Ç —Ä–∞—Å—Å–º–æ—Ç—Ä–µ–Ω–∞ –∑–∞–¥
                                                  –∞—á–∞ –∫–æ–º–º–∏–≤–æ—è–∂–...

You may provide a definition with
\DeclareUnicodeCharacter 


! Package inputenc Error: Unicode character –∞ (U+0430)
(inputenc)                not set up for use with LaTeX.

See the inputenc package documentation for explanation.
Type  H <return>  for immediate help.
 ...                                              
                                                  
l.3 ... –±—É–¥–µ—Ç —Ä–∞—Å—Å–º–æ—Ç—Ä–µ–Ω–∞ –∑–∞–¥–∞
                                                  —á–∞ –∫–æ–º–º–∏–≤–æ—è–∂–µ—...

You may provide a definition with
\DeclareUnicodeCharacter 


! Package inputenc Error: Unicode character —á (U+0447)
(inputenc)                not set up for use with LaTeX.

See the inputenc package documentation for explanation.
Type  H <return>  for immediate help.
 ...                                              
                                                  
l.3 ...±—É–¥–µ—Ç —Ä–∞—Å—Å–º–æ—Ç—Ä–µ–Ω–∞ –∑–∞–¥–∞—á
                                                  –∞ –∫–æ–º–º–∏–≤–æ—è–∂–µ—Ä–...

You may provide a definition with
\DeclareUnicodeCharacter 


! Package inputenc Error: Unicode character –∞ (U+0430)
(inputenc)                not set up for use with LaTeX.

See the inputenc package documentation for explanation.
Type  H <return>  for immediate help.
 ...                                              
                                                  
l.3 ...É–¥–µ—Ç —Ä–∞—Å—Å–º–æ—Ç—Ä–µ–Ω–∞ –∑–∞–¥–∞—á–∞
                                                   –∫–æ–º–º–∏–≤–æ—è–∂–µ—Ä–∞ ...

You may provide a definition with
\DeclareUnicodeCharacter 


! Package inputenc Error: Unicode character –∫ (U+043A)
(inputenc)                not set up for use with LaTeX.

See the inputenc package documentation for explanation.
Type  H <return>  for immediate help.
 ...                                              
                                                  
l.3 ...–µ—Ç —Ä–∞—Å—Å–º–æ—Ç—Ä–µ–Ω–∞ –∑–∞–¥–∞—á–∞ –∫
                                                  –æ–º–º–∏–≤–æ—è–∂–µ—Ä–∞ –∏ ...

You may provide a definition with
\DeclareUnicodeCharacter 


! Package inputenc Error: Unicode character –æ (U+043E)
(inputenc)                not set up for use with LaTeX.

See the inputenc package documentation for explanation.
Type  H <return>  for immediate help.
 ...                                              
                                                  
l.3 ...—Ç —Ä–∞—Å—Å–º–æ—Ç—Ä–µ–Ω–∞ –∑–∞–¥–∞—á–∞ –∫–æ
                                                  –º–º–∏–≤–æ—è–∂–µ—Ä–∞ –∏ –±...

You may provide a definition with
\DeclareUnicodeCharacter 


! Package inputenc Error: Unicode character –º (U+043C)
(inputenc)                not set up for use with LaTeX.

See the inputenc package documentation for explanation.
Type  H <return>  for immediate help.
 ...                                              
                                                  
l.3 ... —Ä–∞—Å—Å–º–æ—Ç—Ä–µ–Ω–∞ –∑–∞–¥–∞—á–∞ –∫–æ–º
                                                  –º–∏–≤–æ—è–∂–µ—Ä–∞ –∏ –±—É...

You may provide a definition with
\DeclareUnicodeCharacter 


! Package inputenc Error: Unicode character –º (U+043C)
(inputenc)                not set up for use with LaTeX.

See the inputenc package documentation for explanation.
Type  H <return>  for immediate help.
 ...                                              
                                                  
l.3 ...Ä–∞—Å—Å–º–æ—Ç—Ä–µ–Ω–∞ –∑–∞–¥–∞—á–∞ –∫–æ–º–º
                                                  –∏–≤–æ—è–∂–µ—Ä–∞ –∏ –±—É–¥...

You may provide a definition with
\DeclareUnicodeCharacter 


! Package inputenc Error: Unicode character –∏ (U+0438)
(inputenc)                not set up for use with LaTeX.

See the inputenc package documentation for explanation.
Type  H <return>  for immediate help.
 ...                                              
                                                  
l.3 ...∞—Å—Å–º–æ—Ç—Ä–µ–Ω–∞ –∑–∞–¥–∞—á–∞ –∫–æ–º–º–∏
                                                  –≤–æ—è–∂–µ—Ä–∞ –∏ –±—É–¥—É...

You may provide a definition with
\DeclareUnicodeCharacter 


! Package inputenc Error: Unicode character –≤ (U+0432)
(inputenc)                not set up for use with LaTeX.

See the inputenc package documentation for explanation.
Type  H <return>  for immediate help.
 ...                                              
                                                  
l.3 ...Å—Å–º–æ—Ç—Ä–µ–Ω–∞ –∑–∞–¥–∞—á–∞ –∫–æ–º–º–∏–≤
                                                  –æ—è–∂–µ—Ä–∞ –∏ –±—É–¥—É—Ç...

You may provide a definition with
\DeclareUnicodeCharacter 


! Package inputenc Error: Unicode character –æ (U+043E)
(inputenc)                not set up for use with LaTeX.

See the inputenc package documentation for explanation.
Type  H <return>  for immediate help.
 ...                                              
                                                  
l.3 ...Å–º–æ—Ç—Ä–µ–Ω–∞ –∑–∞–¥–∞—á–∞ –∫–æ–º–º–∏–≤–æ
                                                  —è–∂–µ—Ä–∞ –∏ –±—É–¥—É—Ç –...

You may provide a definition with
\DeclareUnicodeCharacter 


! Package inputenc Error: Unicode character —è (U+044F)
(inputenc)                not set up for use with LaTeX.

See the inputenc package documentation for explanation.
Type  H <return>  for immediate help.
 ...                                              
                                                  
l.3 ...º–æ—Ç—Ä–µ–Ω–∞ –∑–∞–¥–∞—á–∞ –∫–æ–º–º–∏–≤–æ—è
                                                  –∂–µ—Ä–∞ –∏ –±—É–¥—É—Ç –æ–...

You may provide a definition with
\DeclareUnicodeCharacter 


! Package inputenc Error: Unicode character –∂ (U+0436)
(inputenc)                not set up for use with LaTeX.

See the inputenc package documentation for explanation.
Type  H <return>  for immediate help.
 ...                                              
                                                  
l.3 ...æ—Ç—Ä–µ–Ω–∞ –∑–∞–¥–∞—á–∞ –∫–æ–º–º–∏–≤–æ—è–∂
                                                  –µ—Ä–∞ –∏ –±—É–¥—É—Ç –æ–ø–...

You may provide a definition with
\DeclareUnicodeCharacter 


! Package inputenc Error: Unicode character –µ (U+0435)
(inputenc)                not set up for use with LaTeX.

See the inputenc package documentation for explanation.
Type  H <return>  for immediate help.
 ...                                              
                                                  
l.3 ...Ç—Ä–µ–Ω–∞ –∑–∞–¥–∞—á–∞ –∫–æ–º–º–∏–≤–æ—è–∂–µ
                                                  —Ä–∞ –∏ –±—É–¥—É—Ç –æ–ø–∏—...

You may provide a definition with
\DeclareUnicodeCharacter 


! Package inputenc Error: Unicode character —Ä (U+0440)
(inputenc)                not set up for use with LaTeX.

See the inputenc package documentation for explanation.
Type  H <return>  for immediate help.
 ...                                              
                                                  
l.3 ...Ä–µ–Ω–∞ –∑–∞–¥–∞—á–∞ –∫–æ–º–º–∏–≤–æ—è–∂–µ—Ä
                                                  –∞ –∏ –±—É–¥—É—Ç –æ–ø–∏—Å–...

You may provide a definition with
\DeclareUnicodeCharacter 


! Package inputenc Error: Unicode character –∞ (U+0430)
(inputenc)                not set up for use with LaTeX.

See the inputenc package documentation for explanation.
Type  H <return>  for immediate help.
 ...                                              
                                                  
l.3 ...µ–Ω–∞ –∑–∞–¥–∞—á–∞ –∫–æ–º–º–∏–≤–æ—è–∂–µ—Ä–∞
                                                   –∏ –±—É–¥—É—Ç –æ–ø–∏—Å–∞–...

You may provide a definition with
\DeclareUnicodeCharacter 


! Package inputenc Error: Unicode character –∏ (U+0438)
(inputenc)                not set up for use with LaTeX.

See the inputenc package documentation for explanation.
Type  H <return>  for immediate help.
 ...                                              
                                                  
l.3 ...–∞ –∑–∞–¥–∞—á–∞ –∫–æ–º–º–∏–≤–æ—è–∂–µ—Ä–∞ –∏
                                                   –±—É–¥—É—Ç –æ–ø–∏—Å–∞–Ω—ã...

You may provide a definition with
\DeclareUnicodeCharacter 


! Package inputenc Error: Unicode character –± (U+0431)
(inputenc)                not set up for use with LaTeX.

See the inputenc package documentation for explanation.
Type  H <return>  for immediate help.
 ...                                              
                                                  
l.3 ...–∑–∞–¥–∞—á–∞ –∫–æ–º–º–∏–≤–æ—è–∂–µ—Ä–∞ –∏ –±
                                                  —É–¥—É—Ç –æ–ø–∏—Å–∞–Ω—ã –∞...

You may provide a definition with
\DeclareUnicodeCharacter 


! Package inputenc Error: Unicode character —É (U+0443)
(inputenc)                not set up for use with LaTeX.

See the inputenc package documentation for explanation.
Type  H <return>  for immediate help.
 ...                                              
                                                  
l.3 ...–∞–¥–∞—á–∞ –∫–æ–º–º–∏–≤–æ—è–∂–µ—Ä–∞ –∏ –±—É
                                                  –¥—É—Ç –æ–ø–∏—Å–∞–Ω—ã –∞–ª...

You may provide a definition with
\DeclareUnicodeCharacter 


! Package inputenc Error: Unicode character –¥ (U+0434)
(inputenc)                not set up for use with LaTeX.

See the inputenc package documentation for explanation.
Type  H <return>  for immediate help.
 ...                                              
                                                  
l.3 ...–¥–∞—á–∞ –∫–æ–º–º–∏–≤–æ—è–∂–µ—Ä–∞ –∏ –±—É–¥
                                                  —É—Ç –æ–ø–∏—Å–∞–Ω—ã –∞–ª–≥...

You may provide a definition with
\DeclareUnicodeCharacter 


! Package inputenc Error: Unicode character —É (U+0443)
(inputenc)                not set up for use with LaTeX.

See the inputenc package documentation for explanation.
Type  H <return>  for immediate help.
 ...                                              
                                                  
l.3 ...–∞—á–∞ –∫–æ–º–º–∏–≤–æ—è–∂–µ—Ä–∞ –∏ –±—É–¥—É
                                                  —Ç –æ–ø–∏—Å–∞–Ω—ã –∞–ª–≥–æ...

You may provide a definition with
\DeclareUnicodeCharacter 


! Package inputenc Error: Unicode character —Ç (U+0442)
(inputenc)                not set up for use with LaTeX.

See the inputenc package documentation for explanation.
Type  H <return>  for immediate help.
 ...                                              
                                                  
l.3 ...—á–∞ –∫–æ–º–º–∏–≤–æ—è–∂–µ—Ä–∞ –∏ –±—É–¥—É—Ç
                                                   –æ–ø–∏—Å–∞–Ω—ã –∞–ª–≥–æ—Ä...

You may provide a definition with
\DeclareUnicodeCharacter 


! Package inputenc Error: Unicode character –æ (U+043E)
(inputenc)                not set up for use with LaTeX.

See the inputenc package documentation for explanation.
Type  H <return>  for immediate help.
 ...                                              
                                                  
l.3 ...∞ –∫–æ–º–º–∏–≤–æ—è–∂–µ—Ä–∞ –∏ –±—É–¥—É—Ç –æ
                                                  –ø–∏—Å–∞–Ω—ã –∞–ª–≥–æ—Ä–∏—...

You may provide a definition with
\DeclareUnicodeCharacter 


! Package inputenc Error: Unicode character –ø (U+043F)
(inputenc)                not set up for use with LaTeX.

See the inputenc package documentation for explanation.
Type  H <return>  for immediate help.
 ...                                              
                                                  
l.3 ...–∫–æ–º–º–∏–≤–æ—è–∂–µ—Ä–∞ –∏ –±—É–¥—É—Ç –æ–ø
                                                  –∏—Å–∞–Ω—ã –∞–ª–≥–æ—Ä–∏—Ç–...

You may provide a definition with
\DeclareUnicodeCharacter 


! Package inputenc Error: Unicode character –∏ (U+0438)
(inputenc)                not set up for use with LaTeX.

See the inputenc package documentation for explanation.
Type  H <return>  for immediate help.
 ...                                              
                                                  
l.3 ...–æ–º–º–∏–≤–æ—è–∂–µ—Ä–∞ –∏ –±—É–¥—É—Ç –æ–ø–∏
                                                  —Å–∞–Ω—ã –∞–ª–≥–æ—Ä–∏—Ç–º—...

You may provide a definition with
\DeclareUnicodeCharacter 


! Package inputenc Error: Unicode character —Å (U+0441)
(inputenc)                not set up for use with LaTeX.

See the inputenc package documentation for explanation.
Type  H <return>  for immediate help.
 ...                                              
                                                  
l.3 ...–º–º–∏–≤–æ—è–∂–µ—Ä–∞ –∏ –±—É–¥—É—Ç –æ–ø–∏—Å
                                                  –∞–Ω—ã –∞–ª–≥–æ—Ä–∏—Ç–º—ã ...

You may provide a definition with
\DeclareUnicodeCharacter 


! Package inputenc Error: Unicode character –∞ (U+0430)
(inputenc)                not set up for use with LaTeX.

See the inputenc package documentation for explanation.
Type  H <return>  for immediate help.
 ...                                              
                                                  
l.3 ...–º–∏–≤–æ—è–∂–µ—Ä–∞ –∏ –±—É–¥—É—Ç –æ–ø–∏—Å–∞
                                                  –Ω—ã –∞–ª–≥–æ—Ä–∏—Ç–º—ã –µ...

You may provide a definition with
\DeclareUnicodeCharacter 


! Package inputenc Error: Unicode character –Ω (U+043D)
(inputenc)                not set up for use with LaTeX.

See the inputenc package documentation for explanation.
Type  H <return>  for immediate help.
 ...                                              
                                                  
l.3 ...–∏–≤–æ—è–∂–µ—Ä–∞ –∏ –±—É–¥—É—Ç –æ–ø–∏—Å–∞–Ω
                                                  —ã –∞–ª–≥–æ—Ä–∏—Ç–º—ã –µ—ë...

You may provide a definition with
\DeclareUnicodeCharacter 


! Package inputenc Error: Unicode character —ã (U+044B)
(inputenc)                not set up for use with LaTeX.

See the inputenc package documentation for explanation.
Type  H <return>  for immediate help.
 ...                                              
                                                  
l.3 ...–≤–æ—è–∂–µ—Ä–∞ –∏ –±—É–¥—É—Ç –æ–ø–∏—Å–∞–Ω—ã
                                                   –∞–ª–≥–æ—Ä–∏—Ç–º—ã –µ—ë —...

You may provide a definition with
\DeclareUnicodeCharacter 


! Package inputenc Error: Unicode character –∞ (U+0430)
(inputenc)                not set up for use with LaTeX.

See the inputenc package documentation for explanation.
Type  H <return>  for immediate help.
 ...                                              
                                                  
l.3 ...æ—è–∂–µ—Ä–∞ –∏ –±—É–¥—É—Ç –æ–ø–∏—Å–∞–Ω—ã –∞
                                                  –ª–≥–æ—Ä–∏—Ç–º—ã –µ—ë —Ä–µ...

You may provide a definition with
\DeclareUnicodeCharacter 


! Package inputenc Error: Unicode character –ª (U+043B)
(inputenc)                not set up for use with LaTeX.

See the inputenc package documentation for explanation.
Type  H <return>  for immediate help.
 ...                                              
                                                  
l.3 ...è–∂–µ—Ä–∞ –∏ –±—É–¥—É—Ç –æ–ø–∏—Å–∞–Ω—ã –∞–ª
                                                  –≥–æ—Ä–∏—Ç–º—ã –µ—ë —Ä–µ—à...

You may provide a definition with
\DeclareUnicodeCharacter 


! Package inputenc Error: Unicode character –≥ (U+0433)
(inputenc)                not set up for use with LaTeX.

See the inputenc package documentation for explanation.
Type  H <return>  for immediate help.
 ...                                              
                                                  
l.3 ...∂–µ—Ä–∞ –∏ –±—É–¥—É—Ç –æ–ø–∏—Å–∞–Ω—ã –∞–ª–≥
                                                  –æ—Ä–∏—Ç–º—ã –µ—ë —Ä–µ—à–µ...

You may provide a definition with
\DeclareUnicodeCharacter 


! Package inputenc Error: Unicode character –æ (U+043E)
(inputenc)                not set up for use with LaTeX.

See the inputenc package documentation for explanation.
Type  H <return>  for immediate help.
 ...                                              
                                                  
l.3 ...µ—Ä–∞ –∏ –±—É–¥—É—Ç –æ–ø–∏—Å–∞–Ω—ã –∞–ª–≥–æ
                                                  —Ä–∏—Ç–º—ã –µ—ë —Ä–µ—à–µ–Ω...

You may provide a definition with
\DeclareUnicodeCharacter 


! Package inputenc Error: Unicode character —Ä (U+0440)
(inputenc)                not set up for use with LaTeX.

See the inputenc package documentation for explanation.
Type  H <return>  for immediate help.
 ...                                              
                                                  
l.3 ...Ä–∞ –∏ –±—É–¥—É—Ç –æ–ø–∏—Å–∞–Ω—ã –∞–ª–≥–æ—Ä
                                                  –∏—Ç–º—ã –µ—ë —Ä–µ—à–µ–Ω–∏—è.

You may provide a definition with
\DeclareUnicodeCharacter 


! Package inputenc Error: Unicode character –∏ (U+0438)
(inputenc)                not set up for use with LaTeX.

See the inputenc package documentation for explanation.
Type  H <return>  for immediate help.
 ...                                              
                                                  
l.3 ...∞ –∏ –±—É–¥—É—Ç –æ–ø–∏—Å–∞–Ω—ã –∞–ª–≥–æ—Ä–∏
                                                  —Ç–º—ã –µ—ë —Ä–µ—à–µ–Ω–∏—è.
You may provide a definition with
\DeclareUnicodeCharacter 


! Package inputenc Error: Unicode character —Ç (U+0442)
(inputenc)                not set up for use with LaTeX.

See the inputenc package documentation for explanation.
Type  H <return>  for immediate help.
 ...                                              
                                                  
l.3 ...–∏ –±—É–¥—É—Ç –æ–ø–∏—Å–∞–Ω—ã –∞–ª–≥–æ—Ä–∏—Ç
                                                  –º—ã –µ—ë —Ä–µ—à–µ–Ω–∏—è.
You may provide a definition with
\DeclareUnicodeCharacter 


! Package inputenc Error: Unicode character –º (U+043C)
(inputenc)                not set up for use with LaTeX.

See the inputenc package documentation for explanation.
Type  H <return>  for immediate help.
 ...                                              
                                                  
l.3 ... –±—É–¥—É—Ç –æ–ø–∏—Å–∞–Ω—ã –∞–ª–≥–æ—Ä–∏—Ç–º
                                                  —ã –µ—ë —Ä–µ—à–µ–Ω–∏—è.
You may provide a definition with
\DeclareUnicodeCharacter 


! Package inputenc Error: Unicode character —ã (U+044B)
(inputenc)                not set up for use with LaTeX.

See the inputenc package documentation for explanation.
Type  H <return>  for immediate help.
 ...                                              
                                                  
l.3 ...±—É–¥—É—Ç –æ–ø–∏—Å–∞–Ω—ã –∞–ª–≥–æ—Ä–∏—Ç–º—ã
                                                   –µ—ë —Ä–µ—à–µ–Ω–∏—è.
You may provide a definition with
\DeclareUnicodeCharacter 


! Package inputenc Error: Unicode character –µ (U+0435)
(inputenc)                not set up for use with LaTeX.

See the inputenc package documentation for explanation.
Type  H <return>  for immediate help.
 ...                                              
                                                  
l.3 ...–¥—É—Ç –æ–ø–∏—Å–∞–Ω—ã –∞–ª–≥–æ—Ä–∏—Ç–º—ã –µ
                                                  —ë —Ä–µ—à–µ–Ω–∏—è.
You may provide a definition with
\DeclareUnicodeCharacter 


! Package inputenc Error: Unicode character —ë (U+0451)
(inputenc)                not set up for use with LaTeX.

See the inputenc package documentation for explanation.
Type  H <return>  for immediate help.
 ...                                              
                                                  
l.3 ...—É—Ç –æ–ø–∏—Å–∞–Ω—ã –∞–ª–≥–æ—Ä–∏—Ç–º—ã –µ—ë
                                                   —Ä–µ—à–µ–Ω–∏—è.
You may provide a definition with
\DeclareUnicodeCharacter 


! Package inputenc Error: Unicode character —Ä (U+0440)
(inputenc)                not set up for use with LaTeX.

See the inputenc package documentation for explanation.
Type  H <return>  for immediate help.
 ...                                              
                                                  
l.3 ...Ç –æ–ø–∏—Å–∞–Ω—ã –∞–ª–≥–æ—Ä–∏—Ç–º—ã –µ—ë —Ä
                                                  –µ—à–µ–Ω–∏—è.
You may provide a definition with
\DeclareUnicodeCharacter 


! Package inputenc Error: Unicode character –µ (U+0435)
(inputenc)                not set up for use with LaTeX.

See the inputenc package documentation for explanation.
Type  H <return>  for immediate help.
 ...                                              
                                                  
l.3 ...–æ–ø–∏—Å–∞–Ω—ã –∞–ª–≥–æ—Ä–∏—Ç–º—ã –µ—ë —Ä–µ
                                                  —à–µ–Ω–∏—è.
You may provide a definition with
\DeclareUnicodeCharacter 


! Package inputenc Error: Unicode character —à (U+0448)
(inputenc)                not set up for use with LaTeX.

See the inputenc package documentation for explanation.
Type  H <return>  for immediate help.
 ...                                              
                                                  
l.3 ...–ø–∏—Å–∞–Ω—ã –∞–ª–≥–æ—Ä–∏—Ç–º—ã –µ—ë —Ä–µ—à
                                                  –µ–Ω–∏—è.
You may provide a definition with
\DeclareUnicodeCharacter 


! Package inputenc Error: Unicode character –µ (U+0435)
(inputenc)                not set up for use with LaTeX.

See the inputenc package documentation for explanation.
Type  H <return>  for immediate help.
 ...                                              
                                                  
l.3 ...–∏—Å–∞–Ω—ã –∞–ª–≥–æ—Ä–∏—Ç–º—ã –µ—ë —Ä–µ—à–µ
                                                  –Ω–∏—è.
You may provide a definition with
\DeclareUnicodeCharacter 


! Package inputenc Error: Unicode character –Ω (U+043D)
(inputenc)                not set up for use with LaTeX.

See the inputenc package documentation for explanation.
Type  H <return>  for immediate help.
 ...                                              
                                                  
l.3 ...—Å–∞–Ω—ã –∞–ª–≥–æ—Ä–∏—Ç–º—ã –µ—ë —Ä–µ—à–µ–Ω
                                                  –∏—è.
You may provide a definition with
\DeclareUnicodeCharacter 


! Package inputenc Error: Unicode character –∏ (U+0438)
(inputenc)                not set up for use with LaTeX.

See the inputenc package documentation for explanation.
Type  H <return>  for immediate help.
 ...                                              
                                                  
l.3 ...–∞–Ω—ã –∞–ª–≥–æ—Ä–∏—Ç–º—ã –µ—ë —Ä–µ—à–µ–Ω–∏
                                                  —è.
You may provide a definition with
\DeclareUnicodeCharacter 


! Package inputenc Error: Unicode character —è (U+044F)
(inputenc)                not set up for use with LaTeX.

See the inputenc package documentation for explanation.
Type  H <return>  for immediate help.
 ...                                              
                                                  
l.3 ...–Ω—ã –∞–ª–≥–æ—Ä–∏—Ç–º—ã –µ—ë —Ä–µ—à–µ–Ω–∏—è
                                                  .
You may provide a definition with
\DeclareUnicodeCharacter 


! LaTeX Error: Missing \begin{document}.

See the LaTeX manual or LaTeX Companion for explanation.
Type  H <return>  for immediate help.
 ...                                              
                                                  
l.3 ...Ω—ã –∞–ª–≥–æ—Ä–∏—Ç–º—ã –µ—ë —Ä–µ—à–µ–Ω–∏—è.
                                                  
You're in trouble here.  Try typing  <return>  to proceed.
If that doesn't work, type  X <return>  to quit.

Missing character: There is no . in font nullfont!

Overfull \hbox (20.0pt too wide) in paragraph at lines 3--4
[] 
 []

! Undefined control sequence.
l.5 \section
            {–ó–∞–¥–∞—á–∞ –∫–æ–º–º–∏–≤–æ—è–∂–µ—Ä–∞}
The control sequence at the end of the top line
of your error message was never \def'ed. If you have
misspelled it (e.g., `\hobx'), type `I' and the correct
spelling (e.g., `I\hbox'). Otherwise just continue,
and I'll forget about whatever was undefined.


! Package inputenc Error: Unicode character –ó (U+0417)
(inputenc)                not set up for use with LaTeX.

See the inputenc package documentation for explanation.
Type  H <return>  for immediate help.
 ...                                              
                                                  
l.5 \section{–ó
               –∞–¥–∞—á–∞ –∫–æ–º–º–∏–≤–æ—è–∂–µ—Ä–∞}
You may provide a definition with
\DeclareUnicodeCharacter 


! Package inputenc Error: Unicode character –∞ (U+0430)
(inputenc)                not set up for use with LaTeX.

See the inputenc package documentation for explanation.
Type  H <return>  for immediate help.
 ...                                              
                                                  
l.5 \section{–ó–∞
                 –¥–∞—á–∞ –∫–æ–º–º–∏–≤–æ—è–∂–µ—Ä–∞}
You may provide a definition with
\DeclareUnicodeCharacter 


! Package inputenc Error: Unicode character –¥ (U+0434)
(inputenc)                not set up for use with LaTeX.

See the inputenc package documentation for explanation.
Type  H <return>  for immediate help.
 ...                                              
                                                  
l.5 \section{–ó–∞–¥
                   –∞—á–∞ –∫–æ–º–º–∏–≤–æ—è–∂–µ—Ä–∞}
You may provide a definition with
\DeclareUnicodeCharacter 


! Package inputenc Error: Unicode character –∞ (U+0430)
(inputenc)                not set up for use with LaTeX.

See the inputenc package documentation for explanation.
Type  H <return>  for immediate help.
 ...                                              
                                                  
l.5 \section{–ó–∞–¥–∞
                     —á–∞ –∫–æ–º–º–∏–≤–æ—è–∂–µ—Ä–∞}
You may provide a definition with
\DeclareUnicodeCharacter 


! Package inputenc Error: Unicode character —á (U+0447)
(inputenc)                not set up for use with LaTeX.

See the inputenc package documentation for explanation.
Type  H <return>  for immediate help.
 ...                                              
                                                  
l.5 \section{–ó–∞–¥–∞—á
                       –∞ –∫–æ–º–º–∏–≤–æ—è–∂–µ—Ä–∞}
You may provide a definition with
\DeclareUnicodeCharacter 


! Package inputenc Error: Unicode character –∞ (U+0430)
(inputenc)                not set up for use with LaTeX.

See the inputenc package documentation for explanation.
Type  H <return>  for immediate help.
 ...                                              
                                                  
l.5 \section{–ó–∞–¥–∞—á–∞
                          –∫–æ–º–º–∏–≤–æ—è–∂–µ—Ä–∞}
You may provide a definition with
\DeclareUnicodeCharacter 


! Package inputenc Error: Unicode character –∫ (U+043A)
(inputenc)                not set up for use with LaTeX.

See the inputenc package documentation for explanation.
Type  H <return>  for immediate help.
 ...                                              
                                                  
l.5 \section{–ó–∞–¥–∞—á–∞ –∫
                            –æ–º–º–∏–≤–æ—è–∂–µ—Ä–∞}
You may provide a definition with
\DeclareUnicodeCharacter 


! Package inputenc Error: Unicode character –æ (U+043E)
(inputenc)                not set up for use with LaTeX.

See the inputenc package documentation for explanation.
Type  H <return>  for immediate help.
 ...                                              
                                                  
l.5 \section{–ó–∞–¥–∞—á–∞ –∫–æ
                              –º–º–∏–≤–æ—è–∂–µ—Ä–∞}
You may provide a definition with
\DeclareUnicodeCharacter 


! Package inputenc Error: Unicode character –º (U+043C)
(inputenc)                not set up for use with LaTeX.

See the inputenc package documentation for explanation.
Type  H <return>  for immediate help.
 ...                                              
                                                  
l.5 \section{–ó–∞–¥–∞—á–∞ –∫–æ–º
                                –º–∏–≤–æ—è–∂–µ—Ä–∞}
You may provide a definition with
\DeclareUnicodeCharacter 


! Package inputenc Error: Unicode character –º (U+043C)
(inputenc)                not set up for use with LaTeX.

See the inputenc package documentation for explanation.
Type  H <return>  for immediate help.
 ...                                              
                                                  
l.5 \section{–ó–∞–¥–∞—á–∞ –∫–æ–º–º
                                  –∏–≤–æ—è–∂–µ—Ä–∞}
You may provide a definition with
\DeclareUnicodeCharacter 


! Package inputenc Error: Unicode character –∏ (U+0438)
(inputenc)                not set up for use with LaTeX.

See the inputenc package documentation for explanation.
Type  H <return>  for immediate help.
 ...                                              
                                                  
l.5 \section{–ó–∞–¥–∞—á–∞ –∫–æ–º–º–∏
                                    –≤–æ—è–∂–µ—Ä–∞}
You may provide a definition with
\DeclareUnicodeCharacter 


! Package inputenc Error: Unicode character –≤ (U+0432)
(inputenc)                not set up for use with LaTeX.

See the inputenc package documentation for explanation.
Type  H <return>  for immediate help.
 ...                                              
                                                  
l.5 \section{–ó–∞–¥–∞—á–∞ –∫–æ–º–º–∏–≤
                                      –æ—è–∂–µ—Ä–∞}
You may provide a definition with
\DeclareUnicodeCharacter 


! Package inputenc Error: Unicode character –æ (U+043E)
(inputenc)                not set up for use with LaTeX.

See the inputenc package documentation for explanation.
Type  H <return>  for immediate help.
 ...                                              
                                                  
l.5 \section{–ó–∞–¥–∞—á–∞ –∫–æ–º–º–∏–≤–æ
                                        —è–∂–µ—Ä–∞}
You may provide a definition with
\DeclareUnicodeCharacter 


! Package inputenc Error: Unicode character —è (U+044F)
(inputenc)                not set up for use with LaTeX.

See the inputenc package documentation for explanation.
Type  H <return>  for immediate help.
 ...                                              
                                                  
l.5 \section{–ó–∞–¥–∞—á–∞ –∫–æ–º–º–∏–≤–æ—è
                                          –∂–µ—Ä–∞}
You may provide a definition with
\DeclareUnicodeCharacter 


! Package inputenc Error: Unicode character –∂ (U+0436)
(inputenc)                not set up for use with LaTeX.

See the inputenc package documentation for explanation.
Type  H <return>  for immediate help.
 ...                                              
                                                  
l.5 \section{–ó–∞–¥–∞—á–∞ –∫–æ–º–º–∏–≤–æ—è–∂
                                            –µ—Ä–∞}
You may provide a definition with
\DeclareUnicodeCharacter 


! Package inputenc Error: Unicode character –µ (U+0435)
(inputenc)                not set up for use with LaTeX.

See the inputenc package documentation for explanation.
Type  H <return>  for immediate help.
 ...                                              
                                                  
l.5 \section{–ó–∞–¥–∞—á–∞ –∫–æ–º–º–∏–≤–æ—è–∂–µ
                                              —Ä–∞}
You may provide a definition with
\DeclareUnicodeCharacter 


! Package inputenc Error: Unicode character —Ä (U+0440)
(inputenc)                not set up for use with LaTeX.

See the inputenc package documentation for explanation.
Type  H <return>  for immediate help.
 ...                                              
                                                  
l.5 \section{–ó–∞–¥–∞—á–∞ –∫–æ–º–º–∏–≤–æ—è–∂–µ—Ä
                                                –∞}
You may provide a definition with
\DeclareUnicodeCharacter 


! Package inputenc Error: Unicode character –∞ (U+0430)
(inputenc)                not set up for use with LaTeX.

See the inputenc package documentation for explanation.
Type  H <return>  for immediate help.
 ...                                              
                                                  
l.5 \section{–ó–∞–¥–∞—á–∞ –∫–æ–º–º–∏–≤–æ—è–∂–µ—Ä–∞
                                                  }
You may provide a definition with
\DeclareUnicodeCharacter 


! Package inputenc Error: Unicode character –¶ (U+0426)
(inputenc)                not set up for use with LaTeX.

See the inputenc package documentation for explanation.
Type  H <return>  for immediate help.
 ...                                              
                                                  
l.7 –¶
      –µ–ª—å –∑–∞–¥–∞—á–∏ –∫–æ–º–º–∏–≤–æ—è–∂–µ—Ä–∞ \cite{model} –∑–∞–∫–ª—é—á...

You may provide a definition with
\DeclareUnicodeCharacter 


! Package inputenc Error: Unicode character –µ (U+0435)
(inputenc)                not set up for use with LaTeX.

See the inputenc package documentation for explanation.
Type  H <return>  for immediate help.
 ...                                              
                                                  
l.7 –¶–µ
        –ª—å –∑–∞–¥–∞—á–∏ –∫–æ–º–º–∏–≤–æ—è–∂–µ—Ä–∞ \cite{model} –∑–∞–∫–ª—é—á...

You may provide a definition with
\DeclareUnicodeCharacter 


! Package inputenc Error: Unicode character –ª (U+043B)
(inputenc)                not set up for use with LaTeX.

See the inputenc package documentation for explanation.
Type  H <return>  for immediate help.
 ...                                              
                                                  
l.7 –¶–µ–ª
          —å –∑–∞–¥–∞—á–∏ –∫–æ–º–º–∏–≤–æ—è–∂–µ—Ä–∞ \cite{model} –∑–∞–∫–ª—é—á...

You may provide a definition with
\DeclareUnicodeCharacter 


! Package inputenc Error: Unicode character —å (U+044C)
(inputenc)                not set up for use with LaTeX.

See the inputenc package documentation for explanation.
Type  H <return>  for immediate help.
 ...                                              
                                                  
l.7 –¶–µ–ª—å
             –∑–∞–¥–∞—á–∏ –∫–æ–º–º–∏–≤–æ—è–∂–µ—Ä–∞ \cite{model} –∑–∞–∫–ª—é—á...

You may provide a definition with
\DeclareUnicodeCharacter 


! Package inputenc Error: Unicode character –∑ (U+0437)
(inputenc)                not set up for use with LaTeX.

See the inputenc package documentation for explanation.
Type  H <return>  for immediate help.
 ...                                              
                                                  
l.7 –¶–µ–ª—å –∑
               –∞–¥–∞—á–∏ –∫–æ–º–º–∏–≤–æ—è–∂–µ—Ä–∞ \cite{model} –∑–∞–∫–ª—é—á...

You may provide a definition with
\DeclareUnicodeCharacter 


! Package inputenc Error: Unicode character –∞ (U+0430)
(inputenc)                not set up for use with LaTeX.

See the inputenc package documentation for explanation.
Type  H <return>  for immediate help.
 ...                                              
                                                  
l.7 –¶–µ–ª—å –∑–∞
                 –¥–∞—á–∏ –∫–æ–º–º–∏–≤–æ—è–∂–µ—Ä–∞ \cite{model} –∑–∞–∫–ª—é—á...

You may provide a definition with
\DeclareUnicodeCharacter 


! Package inputenc Error: Unicode character –¥ (U+0434)
(inputenc)                not set up for use with LaTeX.

See the inputenc package documentation for explanation.
Type  H <return>  for immediate help.
 ...                                              
                                                  
l.7 –¶–µ–ª—å –∑–∞–¥
                   –∞—á–∏ –∫–æ–º–º–∏–≤–æ—è–∂–µ—Ä–∞ \cite{model} –∑–∞–∫–ª—é—á...

You may provide a definition with
\DeclareUnicodeCharacter 


! Package inputenc Error: Unicode character –∞ (U+0430)
(inputenc)                not set up for use with LaTeX.

See the inputenc package documentation for explanation.
Type  H <return>  for immediate help.
 ...                                              
                                                  
l.7 –¶–µ–ª—å –∑–∞–¥–∞
                     —á–∏ –∫–æ–º–º–∏–≤–æ—è–∂–µ—Ä–∞ \cite{model} –∑–∞–∫–ª—é—á...

You may provide a definition with
\DeclareUnicodeCharacter 


! Package inputenc Error: Unicode character —á (U+0447)
(inputenc)                not set up for use with LaTeX.

See the inputenc package documentation for explanation.
Type  H <return>  for immediate help.
 ...                                              
                                                  
l.7 –¶–µ–ª—å –∑–∞–¥–∞—á
                       –∏ –∫–æ–º–º–∏–≤–æ—è–∂–µ—Ä–∞ \cite{model} –∑–∞–∫–ª—é—á...

You may provide a definition with
\DeclareUnicodeCharacter 


! Package inputenc Error: Unicode character –∏ (U+0438)
(inputenc)                not set up for use with LaTeX.

See the inputenc package documentation for explanation.
Type  H <return>  for immediate help.
 ...                                              
                                                  
l.7 –¶–µ–ª—å –∑–∞–¥–∞—á–∏
                          –∫–æ–º–º–∏–≤–æ—è–∂–µ—Ä–∞ \cite{model} –∑–∞–∫–ª—é—á...

You may provide a definition with
\DeclareUnicodeCharacter 


! Package inputenc Error: Unicode character –∫ (U+043A)
(inputenc)                not set up for use with LaTeX.

See the inputenc package documentation for explanation.
Type  H <return>  for immediate help.
 ...                                              
                                                  
l.7 –¶–µ–ª—å –∑–∞–¥–∞—á–∏ –∫
                            –æ–º–º–∏–≤–æ—è–∂–µ—Ä–∞ \cite{model} –∑–∞–∫–ª—é—á...

You may provide a definition with
\DeclareUnicodeCharacter 


! Package inputenc Error: Unicode character –æ (U+043E)
(inputenc)                not set up for use with LaTeX.

See the inputenc package documentation for explanation.
Type  H <return>  for immediate help.
 ...                                              
                                                  
l.7 –¶–µ–ª—å –∑–∞–¥–∞—á–∏ –∫–æ
                              –º–º–∏–≤–æ—è–∂–µ—Ä–∞ \cite{model} –∑–∞–∫–ª—é—á...

You may provide a definition with
\DeclareUnicodeCharacter 


! Package inputenc Error: Unicode character –º (U+043C)
(inputenc)                not set up for use with LaTeX.

See the inputenc package documentation for explanation.
Type  H <return>  for immediate help.
 ...                                              
                                                  
l.7 –¶–µ–ª—å –∑–∞–¥–∞—á–∏ –∫–æ–º
                                –º–∏–≤–æ—è–∂–µ—Ä–∞ \cite{model} –∑–∞–∫–ª—é—á...

You may provide a definition with
\DeclareUnicodeCharacter 


! Package inputenc Error: Unicode character –º (U+043C)
(inputenc)                not set up for use with LaTeX.

See the inputenc package documentation for explanation.
Type  H <return>  for immediate help.
 ...                                              
                                                  
l.7 –¶–µ–ª—å –∑–∞–¥–∞—á–∏ –∫–æ–º–º
                                  –∏–≤–æ—è–∂–µ—Ä–∞ \cite{model} –∑–∞–∫–ª—é—á...

You may provide a definition with
\DeclareUnicodeCharacter 


! Package inputenc Error: Unicode character –∏ (U+0438)
(inputenc)                not set up for use with LaTeX.

See the inputenc package documentation for explanation.
Type  H <return>  for immediate help.
 ...                                              
                                                  
l.7 –¶–µ–ª—å –∑–∞–¥–∞—á–∏ –∫–æ–º–º–∏
                                    –≤–æ—è–∂–µ—Ä–∞ \cite{model} –∑–∞–∫–ª—é—á...

You may provide a definition with
\DeclareUnicodeCharacter 


! Package inputenc Error: Unicode character –≤ (U+0432)
(inputenc)                not set up for use with LaTeX.

See the inputenc package documentation for explanation.
Type  H <return>  for immediate help.
 ...                                              
                                                  
l.7 –¶–µ–ª—å –∑–∞–¥–∞—á–∏ –∫–æ–º–º–∏–≤
                                      –æ—è–∂–µ—Ä–∞ \cite{model} –∑–∞–∫–ª—é—á...

You may provide a definition with
\DeclareUnicodeCharacter 


! Package inputenc Error: Unicode character –æ (U+043E)
(inputenc)                not set up for use with LaTeX.

See the inputenc package documentation for explanation.
Type  H <return>  for immediate help.
 ...                                              
                                                  
l.7 –¶–µ–ª—å –∑–∞–¥–∞—á–∏ –∫–æ–º–º–∏–≤–æ
                                        —è–∂–µ—Ä–∞ \cite{model} –∑–∞–∫–ª—é—á...

You may provide a definition with
\DeclareUnicodeCharacter 


! Package inputenc Error: Unicode character —è (U+044F)
(inputenc)                not set up for use with LaTeX.

See the inputenc package documentation for explanation.
Type  H <return>  for immediate help.
 ...                                              
                                                  
l.7 –¶–µ–ª—å –∑–∞–¥–∞—á–∏ –∫–æ–º–º–∏–≤–æ—è
                                          –∂–µ—Ä–∞ \cite{model} –∑–∞–∫–ª—é—á...

You may provide a definition with
\DeclareUnicodeCharacter 


! Package inputenc Error: Unicode character –∂ (U+0436)
(inputenc)                not set up for use with LaTeX.

See the inputenc package documentation for explanation.
Type  H <return>  for immediate help.
 ...                                              
                                                  
l.7 –¶–µ–ª—å –∑–∞–¥–∞—á–∏ –∫–æ–º–º–∏–≤–æ—è–∂
                                            –µ—Ä–∞ \cite{model} –∑–∞–∫–ª—é—á...

You may provide a definition with
\DeclareUnicodeCharacter 


! Package inputenc Error: Unicode character –µ (U+0435)
(inputenc)                not set up for use with LaTeX.

See the inputenc package documentation for explanation.
Type  H <return>  for immediate help.
 ...                                              
                                                  
l.7 –¶–µ–ª—å –∑–∞–¥–∞—á–∏ –∫–æ–º–º–∏–≤–æ—è–∂–µ
                                              —Ä–∞ \cite{model} –∑–∞–∫–ª—é—á...

You may provide a definition with
\DeclareUnicodeCharacter 


! Package inputenc Error: Unicode character —Ä (U+0440)
(inputenc)                not set up for use with LaTeX.

See the inputenc package documentation for explanation.
Type  H <return>  for immediate help.
 ...                                              
                                                  
l.7 –¶–µ–ª—å –∑–∞–¥–∞—á–∏ –∫–æ–º–º–∏–≤–æ—è–∂–µ—Ä
                                                –∞ \cite{model} –∑–∞–∫–ª—é—á...

You may provide a definition with
\DeclareUnicodeCharacter 


! Package inputenc Error: Unicode character –∞ (U+0430)
(inputenc)                not set up for use with LaTeX.

See the inputenc package documentation for explanation.
Type  H <return>  for immediate help.
 ...                                              
                                                  
l.7 –¶–µ–ª—å –∑–∞–¥–∞—á–∏ –∫–æ–º–º–∏–≤–æ—è–∂–µ—Ä–∞
                                                   \cite{model} –∑–∞–∫–ª—é—á...

You may provide a definition with
\DeclareUnicodeCharacter 


! LaTeX Error: Missing \begin{document}.

See the LaTeX manual or LaTeX Companion for explanation.
Type  H <return>  for immediate help.
 ...                                              
                                                  
l.7 ...∞—á–∏ –∫–æ–º–º–∏–≤–æ—è–∂–µ—Ä–∞ \cite{model}
                                                   –∑–∞–∫–ª—é—á–∞–µ—Ç—Å—è –≤...

You're in trouble here.  Try typing  <return>  to proceed.
If that doesn't work, type  X <return>  to quit.

Missing character: There is no [ in font nullfont!
\citation{model}
! Undefined control sequence.
<write> ...: Citation `\@citeb ' on page \thepage 
                                                  \space undefined\on@line .
l.7 ...∞—á–∏ –∫–æ–º–º–∏–≤–æ—è–∂–µ—Ä–∞ \cite{model}
                                                   –∑–∞–∫–ª—é—á–∞–µ—Ç—Å—è –≤...
The control sequence at the end of the top line
of your error message was never \def'ed. If you have
misspelled it (e.g., `\hobx'), type `I' and the correct
spelling (e.g., `I\hbox'). Otherwise just continue,
and I'll forget about whatever was undefined.


LaTeX Warning: Citation `model' on page  undefined on input line 7.

Missing character: There is no ] in font nullfont!

! Package inputenc Error: Unicode character –∑ (U+0437)
(inputenc)                not set up for use with LaTeX.

See the inputenc package documentation for explanation.
Type  H <return>  for immediate help.
 ...                                              
                                                  
l.7 ...–∏ –∫–æ–º–º–∏–≤–æ—è–∂–µ—Ä–∞ \cite{model} –∑
                                                  –∞–∫–ª—é—á–∞–µ—Ç—Å—è –≤ –Ω...

You may provide a definition with
\DeclareUnicodeCharacter 


! Package inputenc Error: Unicode character –∞ (U+0430)
(inputenc)                not set up for use with LaTeX.

See the inputenc package documentation for explanation.
Type  H <return>  for immediate help.
 ...                                              
                                                  
l.7 ... –∫–æ–º–º–∏–≤–æ—è–∂–µ—Ä–∞ \cite{model} –∑–∞
                                                  –∫–ª—é—á–∞–µ—Ç—Å—è –≤ –Ω–∞...

You may provide a definition with
\DeclareUnicodeCharacter 


! Package inputenc Error: Unicode character –∫ (U+043A)
(inputenc)                not set up for use with LaTeX.

See the inputenc package documentation for explanation.
Type  H <return>  for immediate help.
 ...                                              
                                                  
l.7 ...∫–æ–º–º–∏–≤–æ—è–∂–µ—Ä–∞ \cite{model} –∑–∞–∫
                                                  –ª—é—á–∞–µ—Ç—Å—è –≤ –Ω–∞—Ö...

You may provide a definition with
\DeclareUnicodeCharacter 


! Package inputenc Error: Unicode character –ª (U+043B)
(inputenc)                not set up for use with LaTeX.

See the inputenc package documentation for explanation.
Type  H <return>  for immediate help.
 ...                                              
                                                  
l.7 ...æ–º–º–∏–≤–æ—è–∂–µ—Ä–∞ \cite{model} –∑–∞–∫–ª
                                                  —é—á–∞–µ—Ç—Å—è –≤ –Ω–∞—Ö–æ...

You may provide a definition with
\DeclareUnicodeCharacter 


! Package inputenc Error: Unicode character —é (U+044E)
(inputenc)                not set up for use with LaTeX.

See the inputenc package documentation for explanation.
Type  H <return>  for immediate help.
 ...                                              
                                                  
l.7 ...º–º–∏–≤–æ—è–∂–µ—Ä–∞ \cite{model} –∑–∞–∫–ª—é
                                                  —á–∞–µ—Ç—Å—è –≤ –Ω–∞—Ö–æ–∂...

You may provide a definition with
\DeclareUnicodeCharacter 


! Package inputenc Error: Unicode character —á (U+0447)
(inputenc)                not set up for use with LaTeX.

See the inputenc package documentation for explanation.
Type  H <return>  for immediate help.
 ...                                              
                                                  
l.7 ...º–∏–≤–æ—è–∂–µ—Ä–∞ \cite{model} –∑–∞–∫–ª—é—á
                                                  –∞–µ—Ç—Å—è –≤ –Ω–∞—Ö–æ–∂–¥...

You may provide a definition with
\DeclareUnicodeCharacter 


! Package inputenc Error: Unicode character –∞ (U+0430)
(inputenc)                not set up for use with LaTeX.

See the inputenc package documentation for explanation.
Type  H <return>  for immediate help.
 ...                                              
                                                  
l.7 ...∏–≤–æ—è–∂–µ—Ä–∞ \cite{model} –∑–∞–∫–ª—é—á–∞
                                                  –µ—Ç—Å—è –≤ –Ω–∞—Ö–æ–∂–¥–µ...

You may provide a definition with
\DeclareUnicodeCharacter 


! Package inputenc Error: Unicode character –µ (U+0435)
(inputenc)                not set up for use with LaTeX.

See the inputenc package documentation for explanation.
Type  H <return>  for immediate help.
 ...                                              
                                                  
l.7 ...≤–æ—è–∂–µ—Ä–∞ \cite{model} –∑–∞–∫–ª—é—á–∞–µ
                                                  —Ç—Å—è –≤ –Ω–∞—Ö–æ–∂–¥–µ–Ω...

You may provide a definition with
\DeclareUnicodeCharacter 


! Package inputenc Error: Unicode character —Ç (U+0442)
(inputenc)                not set up for use with LaTeX.

See the inputenc package documentation for explanation.
Type  H <return>  for immediate help.
 ...                                              
                                                  
l.7 ...æ—è–∂–µ—Ä–∞ \cite{model} –∑–∞–∫–ª—é—á–∞–µ—Ç
                                                  —Å—è –≤ –Ω–∞—Ö–æ–∂–¥–µ–Ω–∏...

You may provide a definition with
\DeclareUnicodeCharacter 


! Package inputenc Error: Unicode character —Å (U+0441)
(inputenc)                not set up for use with LaTeX.

See the inputenc package documentation for explanation.
Type  H <return>  for immediate help.
 ...                                              
                                                  
l.7 ...è–∂–µ—Ä–∞ \cite{model} –∑–∞–∫–ª—é—á–∞–µ—Ç—Å
                                                  —è –≤ –Ω–∞—Ö–æ–∂–¥–µ–Ω–∏–∏...

You may provide a definition with
\DeclareUnicodeCharacter 


! Package inputenc Error: Unicode character —è (U+044F)
(inputenc)                not set up for use with LaTeX.

See the inputenc package documentation for explanation.
Type  H <return>  for immediate help.
 ...                                              
                                                  
l.7 ...∂–µ—Ä–∞ \cite{model} –∑–∞–∫–ª—é—á–∞–µ—Ç—Å—è
                                                   –≤ –Ω–∞—Ö–æ–∂–¥–µ–Ω–∏–∏ —...

You may provide a definition with
\DeclareUnicodeCharacter 


! Package inputenc Error: Unicode character –≤ (U+0432)
(inputenc)                not set up for use with LaTeX.

See the inputenc package documentation for explanation.
Type  H <return>  for immediate help.
 ...                                              
                                                  
l.7 ...—Ä–∞ \cite{model} –∑–∞–∫–ª—é—á–∞–µ—Ç—Å—è –≤
                                                   –Ω–∞—Ö–æ–∂–¥–µ–Ω–∏–∏ —Å–∞...

You may provide a definition with
\DeclareUnicodeCharacter 


! Package inputenc Error: Unicode character –Ω (U+043D)
(inputenc)                not set up for use with LaTeX.

See the inputenc package documentation for explanation.
Type  H <return>  for immediate help.
 ...                                              
                                                  
l.7 ...∞ \cite{model} –∑–∞–∫–ª—é—á–∞–µ—Ç—Å—è –≤ –Ω
                                                  –∞—Ö–æ–∂–¥–µ–Ω–∏–∏ —Å–∞–º–...

You may provide a definition with
\DeclareUnicodeCharacter 


! Package inputenc Error: Unicode character –∞ (U+0430)
(inputenc)                not set up for use with LaTeX.

See the inputenc package documentation for explanation.
Type  H <return>  for immediate help.
 ...                                              
                                                  
l.7 ...\cite{model} –∑–∞–∫–ª—é—á–∞–µ—Ç—Å—è –≤ –Ω–∞
                                                  —Ö–æ–∂–¥–µ–Ω–∏–∏ —Å–∞–º–æ–...

You may provide a definition with
\DeclareUnicodeCharacter 


! Package inputenc Error: Unicode character —Ö (U+0445)
(inputenc)                not set up for use with LaTeX.

See the inputenc package documentation for explanation.
Type  H <return>  for immediate help.
 ...                                              
                                                  
l.7 ...ite{model} –∑–∞–∫–ª—é—á–∞–µ—Ç—Å—è –≤ –Ω–∞—Ö
                                                  –æ–∂–¥–µ–Ω–∏–∏ —Å–∞–º–æ–≥–...

You may provide a definition with
\DeclareUnicodeCharacter 


! Package inputenc Error: Unicode character –æ (U+043E)
(inputenc)                not set up for use with LaTeX.

See the inputenc package documentation for explanation.
Type  H <return>  for immediate help.
 ...                                              
                                                  
l.7 ...e{model} –∑–∞–∫–ª—é—á–∞–µ—Ç—Å—è –≤ –Ω–∞—Ö–æ
                                                  –∂–¥–µ–Ω–∏–∏ —Å–∞–º–æ–≥–æ ...

You may provide a definition with
\DeclareUnicodeCharacter 


! Package inputenc Error: Unicode character –∂ (U+0436)
(inputenc)                not set up for use with LaTeX.

See the inputenc package documentation for explanation.
Type  H <return>  for immediate help.
 ...                                              
                                                  
l.7 ...model} –∑–∞–∫–ª—é—á–∞–µ—Ç—Å—è –≤ –Ω–∞—Ö–æ–∂
                                                  –¥–µ–Ω–∏–∏ —Å–∞–º–æ–≥–æ –≤...

You may provide a definition with
\DeclareUnicodeCharacter 


! Package inputenc Error: Unicode character –¥ (U+0434)
(inputenc)                not set up for use with LaTeX.

See the inputenc package documentation for explanation.
Type  H <return>  for immediate help.
 ...                                              
                                                  
l.7 ...del} –∑–∞–∫–ª—é—á–∞–µ—Ç—Å—è –≤ –Ω–∞—Ö–æ–∂–¥
                                                  –µ–Ω–∏–∏ —Å–∞–º–æ–≥–æ –≤—ã...

You may provide a definition with
\DeclareUnicodeCharacter 


! Package inputenc Error: Unicode character –µ (U+0435)
(inputenc)                not set up for use with LaTeX.

See the inputenc package documentation for explanation.
Type  H <return>  for immediate help.
 ...                                              
                                                  
l.7 ...l} –∑–∞–∫–ª—é—á–∞–µ—Ç—Å—è –≤ –Ω–∞—Ö–æ–∂–¥–µ
                                                  –Ω–∏–∏ —Å–∞–º–æ–≥–æ –≤—ã–≥...

You may provide a definition with
\DeclareUnicodeCharacter 


! Package inputenc Error: Unicode character –Ω (U+043D)
(inputenc)                not set up for use with LaTeX.

See the inputenc package documentation for explanation.
Type  H <return>  for immediate help.
 ...                                              
                                                  
l.7 ... –∑–∞–∫–ª—é—á–∞–µ—Ç—Å—è –≤ –Ω–∞—Ö–æ–∂–¥–µ–Ω
                                                  –∏–∏ —Å–∞–º–æ–≥–æ –≤—ã–≥–æ...

You may provide a definition with
\DeclareUnicodeCharacter 


! Package inputenc Error: Unicode character –∏ (U+0438)
(inputenc)                not set up for use with LaTeX.

See the inputenc package documentation for explanation.
Type  H <return>  for immediate help.
 ...                                              
                                                  
l.7 ...∑–∞–∫–ª—é—á–∞–µ—Ç—Å—è –≤ –Ω–∞—Ö–æ–∂–¥–µ–Ω–∏
                                                  –∏ —Å–∞–º–æ–≥–æ –≤—ã–≥–æ–¥...

You may provide a definition with
\DeclareUnicodeCharacter 


! Package inputenc Error: Unicode character –∏ (U+0438)
(inputenc)                not set up for use with LaTeX.

See the inputenc package documentation for explanation.
Type  H <return>  for immediate help.
 ...                                              
                                                  
l.7 ...∞–∫–ª—é—á–∞–µ—Ç—Å—è –≤ –Ω–∞—Ö–æ–∂–¥–µ–Ω–∏–∏
                                                   —Å–∞–º–æ–≥–æ –≤—ã–≥–æ–¥–Ω...

You may provide a definition with
\DeclareUnicodeCharacter 


! Package inputenc Error: Unicode character —Å (U+0441)
(inputenc)                not set up for use with LaTeX.

See the inputenc package documentation for explanation.
Type  H <return>  for immediate help.
 ...                                              
                                                  
l.7 ...–ª—é—á–∞–µ—Ç—Å—è –≤ –Ω–∞—Ö–æ–∂–¥–µ–Ω–∏–∏ —Å
                                                  –∞–º–æ–≥–æ –≤—ã–≥–æ–¥–Ω–æ–...

You may provide a definition with
\DeclareUnicodeCharacter 


! Package inputenc Error: Unicode character –∞ (U+0430)
(inputenc)                not set up for use with LaTeX.

See the inputenc package documentation for explanation.
Type  H <return>  for immediate help.
 ...                                              
                                                  
l.7 ...—é—á–∞–µ—Ç—Å—è –≤ –Ω–∞—Ö–æ–∂–¥–µ–Ω–∏–∏ —Å–∞
                                                  –º–æ–≥–æ –≤—ã–≥–æ–¥–Ω–æ–≥–...

You may provide a definition with
\DeclareUnicodeCharacter 


! Package inputenc Error: Unicode character –º (U+043C)
(inputenc)                not set up for use with LaTeX.

See the inputenc package documentation for explanation.
Type  H <return>  for immediate help.
 ...                                              
                                                  
l.7 ...—á–∞–µ—Ç—Å—è –≤ –Ω–∞—Ö–æ–∂–¥–µ–Ω–∏–∏ —Å–∞–º
                                                  –æ–≥–æ –≤—ã–≥–æ–¥–Ω–æ–≥–æ ...

You may provide a definition with
\DeclareUnicodeCharacter 


! Package inputenc Error: Unicode character –æ (U+043E)
(inputenc)                not set up for use with LaTeX.

See the inputenc package documentation for explanation.
Type  H <return>  for immediate help.
 ...                                              
                                                  
l.7 ...–∞–µ—Ç—Å—è –≤ –Ω–∞—Ö–æ–∂–¥–µ–Ω–∏–∏ —Å–∞–º–æ
                                                  –≥–æ –≤—ã–≥–æ–¥–Ω–æ–≥–æ –º...

You may provide a definition with
\DeclareUnicodeCharacter 


! Package inputenc Error: Unicode character –≥ (U+0433)
(inputenc)                not set up for use with LaTeX.

See the inputenc package documentation for explanation.
Type  H <return>  for immediate help.
 ...                                              
                                                  
l.7 ...–µ—Ç—Å—è –≤ –Ω–∞—Ö–æ–∂–¥–µ–Ω–∏–∏ —Å–∞–º–æ–≥
                                                  –æ –≤—ã–≥–æ–¥–Ω–æ–≥–æ –º–∞...

You may provide a definition with
\DeclareUnicodeCharacter 


! Package inputenc Error: Unicode character –æ (U+043E)
(inputenc)                not set up for use with LaTeX.

See the inputenc package documentation for explanation.
Type  H <return>  for immediate help.
 ...                                              
                                                  
l.7 ...—Ç—Å—è –≤ –Ω–∞—Ö–æ–∂–¥–µ–Ω–∏–∏ —Å–∞–º–æ–≥–æ
                                                   –≤—ã–≥–æ–¥–Ω–æ–≥–æ –º–∞—Ä...

You may provide a definition with
\DeclareUnicodeCharacter 


! Package inputenc Error: Unicode character –≤ (U+0432)
(inputenc)                not set up for use with LaTeX.

See the inputenc package documentation for explanation.
Type  H <return>  for immediate help.
 ...                                              
                                                  
l.7 ...Å—è –≤ –Ω–∞—Ö–æ–∂–¥–µ–Ω–∏–∏ —Å–∞–º–æ–≥–æ –≤
                                                  —ã–≥–æ–¥–Ω–æ–≥–æ –º–∞—Ä—à—...

You may provide a definition with
\DeclareUnicodeCharacter 


! Package inputenc Error: Unicode character —ã (U+044B)
(inputenc)                not set up for use with LaTeX.

See the inputenc package documentation for explanation.
Type  H <return>  for immediate help.
 ...                                              
                                                  
l.7 ...è –≤ –Ω–∞—Ö–æ–∂–¥–µ–Ω–∏–∏ —Å–∞–º–æ–≥–æ –≤—ã
                                                  –≥–æ–¥–Ω–æ–≥–æ –º–∞—Ä—à—Ä—...

You may provide a definition with
\DeclareUnicodeCharacter 


! Package inputenc Error: Unicode character –≥ (U+0433)
(inputenc)                not set up for use with LaTeX.

See the inputenc package documentation for explanation.
Type  H <return>  for immediate help.
 ...                                              
                                                  
l.7 ...–≤ –Ω–∞—Ö–æ–∂–¥–µ–Ω–∏–∏ —Å–∞–º–æ–≥–æ –≤—ã–≥
                                                  –æ–¥–Ω–æ–≥–æ –º–∞—Ä—à—Ä—É—...

You may provide a definition with
\DeclareUnicodeCharacter 


! Package inputenc Error: Unicode character –æ (U+043E)
(inputenc)                not set up for use with LaTeX.

See the inputenc package documentation for explanation.
Type  H <return>  for immediate help.
 ...                                              
                                                  
l.7 ... –Ω–∞—Ö–æ–∂–¥–µ–Ω–∏–∏ —Å–∞–º–æ–≥–æ –≤—ã–≥–æ
                                                  –¥–Ω–æ–≥–æ –º–∞—Ä—à—Ä—É—Ç–...

You may provide a definition with
\DeclareUnicodeCharacter 


! Package inputenc Error: Unicode character –¥ (U+0434)
(inputenc)                not set up for use with LaTeX.

See the inputenc package documentation for explanation.
Type  H <return>  for immediate help.
 ...                                              
                                                  
l.7 ...Ω–∞—Ö–æ–∂–¥–µ–Ω–∏–∏ —Å–∞–º–æ–≥–æ –≤—ã–≥–æ–¥
                                                  –Ω–æ–≥–æ –º–∞—Ä—à—Ä—É—Ç–∞ ...

You may provide a definition with
\DeclareUnicodeCharacter 


! Package inputenc Error: Unicode character –Ω (U+043D)
(inputenc)                not set up for use with LaTeX.

See the inputenc package documentation for explanation.
Type  H <return>  for immediate help.
 ...                                              
                                                  
l.7 ...∞—Ö–æ–∂–¥–µ–Ω–∏–∏ —Å–∞–º–æ–≥–æ –≤—ã–≥–æ–¥–Ω
                                                  –æ–≥–æ –º–∞—Ä—à—Ä—É—Ç–∞ (–...

You may provide a definition with
\DeclareUnicodeCharacter 


! Package inputenc Error: Unicode character –æ (U+043E)
(inputenc)                not set up for use with LaTeX.

See the inputenc package documentation for explanation.
Type  H <return>  for immediate help.
 ...                                              
                                                  
l.7 ...Ö–æ–∂–¥–µ–Ω–∏–∏ —Å–∞–º–æ–≥–æ –≤—ã–≥–æ–¥–Ω–æ
                                                  –≥–æ –º–∞—Ä—à—Ä—É—Ç–∞ (–∫—...

You may provide a definition with
\DeclareUnicodeCharacter 


! Package inputenc Error: Unicode character –≥ (U+0433)
(inputenc)                not set up for use with LaTeX.

See the inputenc package documentation for explanation.
Type  H <return>  for immediate help.
 ...                                              
                                                  
l.7 ...æ–∂–¥–µ–Ω–∏–∏ —Å–∞–º–æ–≥–æ –≤—ã–≥–æ–¥–Ω–æ–≥
                                                  –æ –º–∞—Ä—à—Ä—É—Ç–∞ (–∫—Ä–...

You may provide a definition with
\DeclareUnicodeCharacter 


! Package inputenc Error: Unicode character –æ (U+043E)
(inputenc)                not set up for use with LaTeX.

See the inputenc package documentation for explanation.
Type  H <return>  for immediate help.
 ...                                              
                                                  
l.7 ...∂–¥–µ–Ω–∏–∏ —Å–∞–º–æ–≥–æ –≤—ã–≥–æ–¥–Ω–æ–≥–æ
                                                   –º–∞—Ä—à—Ä—É—Ç–∞ (–∫—Ä–∞—...

You may provide a definition with
\DeclareUnicodeCharacter 


! Package inputenc Error: Unicode character –º (U+043C)
(inputenc)                not set up for use with LaTeX.

See the inputenc package documentation for explanation.
Type  H <return>  for immediate help.
 ...                                              
                                                  
l.7 ...–µ–Ω–∏–∏ —Å–∞–º–æ–≥–æ –≤—ã–≥–æ–¥–Ω–æ–≥–æ –º
                                                  –∞—Ä—à—Ä—É—Ç–∞ (–∫—Ä–∞—Ç—á...

You may provide a definition with
\DeclareUnicodeCharacter 


! Package inputenc Error: Unicode character –∞ (U+0430)
(inputenc)                not set up for use with LaTeX.

See the inputenc package documentation for explanation.
Type  H <return>  for immediate help.
 ...                                              
                                                  
l.7 ...–Ω–∏–∏ —Å–∞–º–æ–≥–æ –≤—ã–≥–æ–¥–Ω–æ–≥–æ –º–∞
                                                  —Ä—à—Ä—É—Ç–∞ (–∫—Ä–∞—Ç—á–∞...

You may provide a definition with
\DeclareUnicodeCharacter 


! Package inputenc Error: Unicode character —Ä (U+0440)
(inputenc)                not set up for use with LaTeX.

See the inputenc package documentation for explanation.
Type  H <return>  for immediate help.
 ...                                              
                                                  
l.7 ...–∏–∏ —Å–∞–º–æ–≥–æ –≤—ã–≥–æ–¥–Ω–æ–≥–æ –º–∞—Ä
                                                  —à—Ä—É—Ç–∞ (–∫—Ä–∞—Ç—á–∞–π...

You may provide a definition with
\DeclareUnicodeCharacter 


! Package inputenc Error: Unicode character —à (U+0448)
(inputenc)                not set up for use with LaTeX.

See the inputenc package documentation for explanation.
Type  H <return>  for immediate help.
 ...                                              
                                                  
l.7 ...–∏ —Å–∞–º–æ–≥–æ –≤—ã–≥–æ–¥–Ω–æ–≥–æ –º–∞—Ä—à
                                                  —Ä—É—Ç–∞ (–∫—Ä–∞—Ç—á–∞–π—à...

You may provide a definition with
\DeclareUnicodeCharacter 


! Package inputenc Error: Unicode character —Ä (U+0440)
(inputenc)                not set up for use with LaTeX.

See the inputenc package documentation for explanation.
Type  H <return>  for immediate help.
 ...                                              
                                                  
l.7 ... —Å–∞–º–æ–≥–æ –≤—ã–≥–æ–¥–Ω–æ–≥–æ –º–∞—Ä—à—Ä
                                                  —É—Ç–∞ (–∫—Ä–∞—Ç—á–∞–π—à–µ...

You may provide a definition with
\DeclareUnicodeCharacter 


! Package inputenc Error: Unicode character —É (U+0443)
(inputenc)                not set up for use with LaTeX.

See the inputenc package documentation for explanation.
Type  H <return>  for immediate help.
 ...                                              
                                                  
l.7 ...Å–∞–º–æ–≥–æ –≤—ã–≥–æ–¥–Ω–æ–≥–æ –º–∞—Ä—à—Ä—É
                                                  —Ç–∞ (–∫—Ä–∞—Ç—á–∞–π—à–µ–≥...

You may provide a definition with
\DeclareUnicodeCharacter 


! Package inputenc Error: Unicode character —Ç (U+0442)
(inputenc)                not set up for use with LaTeX.

See the inputenc package documentation for explanation.
Type  H <return>  for immediate help.
 ...                                              
                                                  
l.7 ...∞–º–æ–≥–æ –≤—ã–≥–æ–¥–Ω–æ–≥–æ –º–∞—Ä—à—Ä—É—Ç
                                                  –∞ (–∫—Ä–∞—Ç—á–∞–π—à–µ–≥–æ...

You may provide a definition with
\DeclareUnicodeCharacter 


! Package inputenc Error: Unicode character –∞ (U+0430)
(inputenc)                not set up for use with LaTeX.

See the inputenc package documentation for explanation.
Type  H <return>  for immediate help.
 ...                                              
                                                  
l.7 ...º–æ–≥–æ –≤—ã–≥–æ–¥–Ω–æ–≥–æ –º–∞—Ä—à—Ä—É—Ç–∞
                                                   (–∫—Ä–∞—Ç—á–∞–π—à–µ–≥–æ, ...

You may provide a definition with
\DeclareUnicodeCharacter 

Missing character: There is no ( in font nullfont!

! Package inputenc Error: Unicode character –∫ (U+043A)
(inputenc)                not set up for use with LaTeX.

See the inputenc package documentation for explanation.
Type  H <return>  for immediate help.
 ...                                              
                                                  
l.7 ...≥–æ –≤—ã–≥–æ–¥–Ω–æ–≥–æ –º–∞—Ä—à—Ä—É—Ç–∞ (–∫
                                                  —Ä–∞—Ç—á–∞–π—à–µ–≥–æ, —Å–∞...

You may provide a definition with
\DeclareUnicodeCharacter 


! Package inputenc Error: Unicode character —Ä (U+0440)
(inputenc)                not set up for use with LaTeX.

See the inputenc package documentation for explanation.
Type  H <return>  for immediate help.
 ...                                              
                                                  
l.7 ...æ –≤—ã–≥–æ–¥–Ω–æ–≥–æ –º–∞—Ä—à—Ä—É—Ç–∞ (–∫—Ä
                                                  –∞—Ç—á–∞–π—à–µ–≥–æ, —Å–∞–º...

You may provide a definition with
\DeclareUnicodeCharacter 


! Package inputenc Error: Unicode character –∞ (U+0430)
(inputenc)                not set up for use with LaTeX.

See the inputenc package documentation for explanation.
Type  H <return>  for immediate help.
 ...                                              
                                                  
l.7 ...–≤—ã–≥–æ–¥–Ω–æ–≥–æ –º–∞—Ä—à—Ä—É—Ç–∞ (–∫—Ä–∞
                                                  —Ç—á–∞–π—à–µ–≥–æ, —Å–∞–º–æ...

You may provide a definition with
\DeclareUnicodeCharacter 


! Package inputenc Error: Unicode character —Ç (U+0442)
(inputenc)                not set up for use with LaTeX.

See the inputenc package documentation for explanation.
Type  H <return>  for immediate help.
 ...                                              
                                                  
l.7 ...—ã–≥–æ–¥–Ω–æ–≥–æ –º–∞—Ä—à—Ä—É—Ç–∞ (–∫—Ä–∞—Ç
                                                  —á–∞–π—à–µ–≥–æ, —Å–∞–º–æ–≥...

You may provide a definition with
\DeclareUnicodeCharacter 


! Package inputenc Error: Unicode character —á (U+0447)
(inputenc)                not set up for use with LaTeX.

See the inputenc package documentation for explanation.
Type  H <return>  for immediate help.
 ...                                              
                                                  
l.7 ...–≥–æ–¥–Ω–æ–≥–æ –º–∞—Ä—à—Ä—É—Ç–∞ (–∫—Ä–∞—Ç—á
                                                  –∞–π—à–µ–≥–æ, —Å–∞–º–æ–≥–æ...

You may provide a definition with
\DeclareUnicodeCharacter 


! Package inputenc Error: Unicode character –∞ (U+0430)
(inputenc)                not set up for use with LaTeX.

See the inputenc package documentation for explanation.
Type  H <return>  for immediate help.
 ...                                              
                                                  
l.7 ...–æ–¥–Ω–æ–≥–æ –º–∞—Ä—à—Ä—É—Ç–∞ (–∫—Ä–∞—Ç—á–∞
                                                  –π—à–µ–≥–æ, —Å–∞–º–æ–≥–æ –...

You may provide a definition with
\DeclareUnicodeCharacter 


! Package inputenc Error: Unicode character –π (U+0439)
(inputenc)                not set up for use with LaTeX.

See the inputenc package documentation for explanation.
Type  H <return>  for immediate help.
 ...                                              
                                                  
l.7 ...–¥–Ω–æ–≥–æ –º–∞—Ä—à—Ä—É—Ç–∞ (–∫—Ä–∞—Ç—á–∞–π
                                                  —à–µ–≥–æ, —Å–∞–º–æ–≥–æ –±—...

You may provide a definition with
\DeclareUnicodeCharacter 


! Package inputenc Error: Unicode character —à (U+0448)
(inputenc)                not set up for use with LaTeX.

See the inputenc package documentation for explanation.
Type  H <return>  for immediate help.
 ...                                              
                                                  
l.7 ...–Ω–æ–≥–æ –º–∞—Ä—à—Ä—É—Ç–∞ (–∫—Ä–∞—Ç—á–∞–π—à
                                                  –µ–≥–æ, —Å–∞–º–æ–≥–æ –±—ã—...

You may provide a definition with
\DeclareUnicodeCharacter 


! Package inputenc Error: Unicode character –µ (U+0435)
(inputenc)                not set up for use with LaTeX.

See the inputenc package documentation for explanation.
Type  H <return>  for immediate help.
 ...                                              
                                                  
l.7 ...–æ–≥–æ –º–∞—Ä—à—Ä—É—Ç–∞ (–∫—Ä–∞—Ç—á–∞–π—à–µ
                                                  –≥–æ, —Å–∞–º–æ–≥–æ –±—ã—Å—...

You may provide a definition with
\DeclareUnicodeCharacter 


! Package inputenc Error: Unicode character –≥ (U+0433)
(inputenc)                not set up for use with LaTeX.

See the inputenc package documentation for explanation.
Type  H <return>  for immediate help.
 ...                                              
                                                  
l.7 ...–≥–æ –º–∞—Ä—à—Ä—É—Ç–∞ (–∫—Ä–∞—Ç—á–∞–π—à–µ–≥
                                                  –æ, —Å–∞–º–æ–≥–æ –±—ã—Å—Ç—...

You may provide a definition with
\DeclareUnicodeCharacter 


! Package inputenc Error: Unicode character –æ (U+043E)
(inputenc)                not set up for use with LaTeX.

See the inputenc package documentation for explanation.
Type  H <return>  for immediate help.
 ...                                              
                                                  
l.7 ...–æ –º–∞—Ä—à—Ä—É—Ç–∞ (–∫—Ä–∞—Ç—á–∞–π—à–µ–≥–æ
                                                  , —Å–∞–º–æ–≥–æ –±—ã—Å—Ç—Ä–...

You may provide a definition with
\DeclareUnicodeCharacter 

Missing character: There is no , in font nullfont!

! Package inputenc Error: Unicode character —Å (U+0441)
(inputenc)                not set up for use with LaTeX.

See the inputenc package documentation for explanation.
Type  H <return>  for immediate help.
 ...                                              
                                                  
l.7 ...º–∞—Ä—à—Ä—É—Ç–∞ (–∫—Ä–∞—Ç—á–∞–π—à–µ–≥–æ, —Å
                                                  –∞–º–æ–≥–æ –±—ã—Å—Ç—Ä–æ–≥–...
(That makes 100 errors; please try again.) 
Here is how much of TeX's memory you used:
 52 strings out of 482080
 782 string characters out of 5941728
 233878 words of memory out of 5000000
 15214 multiletter control sequences out of 15000+600000
 532646 words of font info for 25 fonts, out of 8000000 for 9000
 766 hyphenation exceptions out of 8191
 18i,2n,23p,481b,90s stack positions out of 5000i,500n,10000p,200000b,80000s

!  ==> Fatal error occurred, no output PDF file produced!
