This is pdfTeX, Version 3.14159265-2.6-1.40.20 (TeX Live 2019/Debian) (preloaded format=pdflatex 2021.9.5)  27 DEC 2021 19:43
entering extended mode
 restricted \write18 enabled.
 %&-line parsing enabled.
**intro.tex
(./intro.tex
LaTeX2e <2020-02-02> patch level 2
L3 programming layer <2020-02-14>
! Undefined control sequence.
l.1 \chapter
            *{–í–≤–µ–¥–µ–Ω–∏–µ}
The control sequence at the end of the top line
of your error message was never \def'ed. If you have
misspelled it (e.g., `\hobx'), type `I' and the correct
spelling (e.g., `I\hbox'). Otherwise just continue,
and I'll forget about whatever was undefined.


! LaTeX Error: Missing \begin{document}.

See the LaTeX manual or LaTeX Companion for explanation.
Type  H <return>  for immediate help.
 ...                                              
                                                  
l.1 \chapter*
             {–í–≤–µ–¥–µ–Ω–∏–µ}
You're in trouble here.  Try typing  <return>  to proceed.
If that doesn't work, type  X <return>  to quit.

Missing character: There is no * in font nullfont!

! Package inputenc Error: Unicode character –í (U+0412)
(inputenc)                not set up for use with LaTeX.

See the inputenc package documentation for explanation.
Type  H <return>  for immediate help.
 ...                                              
                                                  
l.1 \chapter*{–í
                –≤–µ–¥–µ–Ω–∏–µ}
You may provide a definition with
\DeclareUnicodeCharacter 


! Package inputenc Error: Unicode character –≤ (U+0432)
(inputenc)                not set up for use with LaTeX.

See the inputenc package documentation for explanation.
Type  H <return>  for immediate help.
 ...                                              
                                                  
l.1 \chapter*{–í–≤
                  –µ–¥–µ–Ω–∏–µ}
You may provide a definition with
\DeclareUnicodeCharacter 


! Package inputenc Error: Unicode character –µ (U+0435)
(inputenc)                not set up for use with LaTeX.

See the inputenc package documentation for explanation.
Type  H <return>  for immediate help.
 ...                                              
                                                  
l.1 \chapter*{–í–≤–µ
                    –¥–µ–Ω–∏–µ}
You may provide a definition with
\DeclareUnicodeCharacter 


! Package inputenc Error: Unicode character –¥ (U+0434)
(inputenc)                not set up for use with LaTeX.

See the inputenc package documentation for explanation.
Type  H <return>  for immediate help.
 ...                                              
                                                  
l.1 \chapter*{–í–≤–µ–¥
                      –µ–Ω–∏–µ}
You may provide a definition with
\DeclareUnicodeCharacter 


! Package inputenc Error: Unicode character –µ (U+0435)
(inputenc)                not set up for use with LaTeX.

See the inputenc package documentation for explanation.
Type  H <return>  for immediate help.
 ...                                              
                                                  
l.1 \chapter*{–í–≤–µ–¥–µ
                        –Ω–∏–µ}
You may provide a definition with
\DeclareUnicodeCharacter 


! Package inputenc Error: Unicode character –Ω (U+043D)
(inputenc)                not set up for use with LaTeX.

See the inputenc package documentation for explanation.
Type  H <return>  for immediate help.
 ...                                              
                                                  
l.1 \chapter*{–í–≤–µ–¥–µ–Ω
                          –∏–µ}
You may provide a definition with
\DeclareUnicodeCharacter 


! Package inputenc Error: Unicode character –∏ (U+0438)
(inputenc)                not set up for use with LaTeX.

See the inputenc package documentation for explanation.
Type  H <return>  for immediate help.
 ...                                              
                                                  
l.1 \chapter*{–í–≤–µ–¥–µ–Ω–∏
                            –µ}
You may provide a definition with
\DeclareUnicodeCharacter 


! Package inputenc Error: Unicode character –µ (U+0435)
(inputenc)                not set up for use with LaTeX.

See the inputenc package documentation for explanation.
Type  H <return>  for immediate help.
 ...                                              
                                                  
l.1 \chapter*{–í–≤–µ–¥–µ–Ω–∏–µ
                              }
You may provide a definition with
\DeclareUnicodeCharacter 


Overfull \hbox (20.0pt too wide) in paragraph at lines 1--3
[]
 []


! LaTeX Error: Missing \begin{document}.

See the LaTeX manual or LaTeX Companion for explanation.
Type  H <return>  for immediate help.
 ...                                              
                                                  
l.4 \textbf{–¶–µ–ª—å—é}
                        –¥–∞–Ω–Ω–æ–π –ª–∞–±–æ—Ä–∞—Ç–æ—Ä–Ω–æ–π —Ä–∞–±–æ—Ç—ã —...

You're in trouble here.  Try typing  <return>  to proceed.
If that doesn't work, type  X <return>  to quit.


! Package inputenc Error: Unicode character –¶ (U+0426)
(inputenc)                not set up for use with LaTeX.

See the inputenc package documentation for explanation.
Type  H <return>  for immediate help.
 ...                                              
                                                  
l.4 \textbf{–¶–µ–ª—å—é}
                        –¥–∞–Ω–Ω–æ–π –ª–∞–±–æ—Ä–∞—Ç–æ—Ä–Ω–æ–π —Ä–∞–±–æ—Ç—ã —...

You may provide a definition with
\DeclareUnicodeCharacter 


! Package inputenc Error: Unicode character –µ (U+0435)
(inputenc)                not set up for use with LaTeX.

See the inputenc package documentation for explanation.
Type  H <return>  for immediate help.
 ...                                              
                                                  
l.4 \textbf{–¶–µ–ª—å—é}
                        –¥–∞–Ω–Ω–æ–π –ª–∞–±–æ—Ä–∞—Ç–æ—Ä–Ω–æ–π —Ä–∞–±–æ—Ç—ã —...

You may provide a definition with
\DeclareUnicodeCharacter 


! Package inputenc Error: Unicode character –ª (U+043B)
(inputenc)                not set up for use with LaTeX.

See the inputenc package documentation for explanation.
Type  H <return>  for immediate help.
 ...                                              
                                                  
l.4 \textbf{–¶–µ–ª—å—é}
                        –¥–∞–Ω–Ω–æ–π –ª–∞–±–æ—Ä–∞—Ç–æ—Ä–Ω–æ–π —Ä–∞–±–æ—Ç—ã —...

You may provide a definition with
\DeclareUnicodeCharacter 


! Package inputenc Error: Unicode character —å (U+044C)
(inputenc)                not set up for use with LaTeX.

See the inputenc package documentation for explanation.
Type  H <return>  for immediate help.
 ...                                              
                                                  
l.4 \textbf{–¶–µ–ª—å—é}
                        –¥–∞–Ω–Ω–æ–π –ª–∞–±–æ—Ä–∞—Ç–æ—Ä–Ω–æ–π —Ä–∞–±–æ—Ç—ã —...

You may provide a definition with
\DeclareUnicodeCharacter 


! Package inputenc Error: Unicode character —é (U+044E)
(inputenc)                not set up for use with LaTeX.

See the inputenc package documentation for explanation.
Type  H <return>  for immediate help.
 ...                                              
                                                  
l.4 \textbf{–¶–µ–ª—å—é}
                        –¥–∞–Ω–Ω–æ–π –ª–∞–±–æ—Ä–∞—Ç–æ—Ä–Ω–æ–π —Ä–∞–±–æ—Ç—ã —...

You may provide a definition with
\DeclareUnicodeCharacter 


! Package inputenc Error: Unicode character –¥ (U+0434)
(inputenc)                not set up for use with LaTeX.

See the inputenc package documentation for explanation.
Type  H <return>  for immediate help.
 ...                                              
                                                  
l.4 \textbf{–¶–µ–ª—å—é} –¥
                          –∞–Ω–Ω–æ–π –ª–∞–±–æ—Ä–∞—Ç–æ—Ä–Ω–æ–π —Ä–∞–±–æ—Ç—ã —...

You may provide a definition with
\DeclareUnicodeCharacter 


! Package inputenc Error: Unicode character –∞ (U+0430)
(inputenc)                not set up for use with LaTeX.

See the inputenc package documentation for explanation.
Type  H <return>  for immediate help.
 ...                                              
                                                  
l.4 \textbf{–¶–µ–ª—å—é} –¥–∞
                            –Ω–Ω–æ–π –ª–∞–±–æ—Ä–∞—Ç–æ—Ä–Ω–æ–π —Ä–∞–±–æ—Ç—ã —...

You may provide a definition with
\DeclareUnicodeCharacter 


! Package inputenc Error: Unicode character –Ω (U+043D)
(inputenc)                not set up for use with LaTeX.

See the inputenc package documentation for explanation.
Type  H <return>  for immediate help.
 ...                                              
                                                  
l.4 \textbf{–¶–µ–ª—å—é} –¥–∞–Ω
                              –Ω–æ–π –ª–∞–±–æ—Ä–∞—Ç–æ—Ä–Ω–æ–π —Ä–∞–±–æ—Ç—ã —...

You may provide a definition with
\DeclareUnicodeCharacter 


! Package inputenc Error: Unicode character –Ω (U+043D)
(inputenc)                not set up for use with LaTeX.

See the inputenc package documentation for explanation.
Type  H <return>  for immediate help.
 ...                                              
                                                  
l.4 \textbf{–¶–µ–ª—å—é} –¥–∞–Ω–Ω
                                –æ–π –ª–∞–±–æ—Ä–∞—Ç–æ—Ä–Ω–æ–π —Ä–∞–±–æ—Ç—ã —...

You may provide a definition with
\DeclareUnicodeCharacter 


! Package inputenc Error: Unicode character –æ (U+043E)
(inputenc)                not set up for use with LaTeX.

See the inputenc package documentation for explanation.
Type  H <return>  for immediate help.
 ...                                              
                                                  
l.4 \textbf{–¶–µ–ª—å—é} –¥–∞–Ω–Ω–æ
                                  –π –ª–∞–±–æ—Ä–∞—Ç–æ—Ä–Ω–æ–π —Ä–∞–±–æ—Ç—ã —...

You may provide a definition with
\DeclareUnicodeCharacter 


! Package inputenc Error: Unicode character –π (U+0439)
(inputenc)                not set up for use with LaTeX.

See the inputenc package documentation for explanation.
Type  H <return>  for immediate help.
 ...                                              
                                                  
l.4 \textbf{–¶–µ–ª—å—é} –¥–∞–Ω–Ω–æ–π
                                     –ª–∞–±–æ—Ä–∞—Ç–æ—Ä–Ω–æ–π —Ä–∞–±–æ—Ç—ã —...

You may provide a definition with
\DeclareUnicodeCharacter 


! Package inputenc Error: Unicode character –ª (U+043B)
(inputenc)                not set up for use with LaTeX.

See the inputenc package documentation for explanation.
Type  H <return>  for immediate help.
 ...                                              
                                                  
l.4 \textbf{–¶–µ–ª—å—é} –¥–∞–Ω–Ω–æ–π –ª
                                       –∞–±–æ—Ä–∞—Ç–æ—Ä–Ω–æ–π —Ä–∞–±–æ—Ç—ã —...

You may provide a definition with
\DeclareUnicodeCharacter 


! Package inputenc Error: Unicode character –∞ (U+0430)
(inputenc)                not set up for use with LaTeX.

See the inputenc package documentation for explanation.
Type  H <return>  for immediate help.
 ...                                              
                                                  
l.4 \textbf{–¶–µ–ª—å—é} –¥–∞–Ω–Ω–æ–π –ª–∞
                                         –±–æ—Ä–∞—Ç–æ—Ä–Ω–æ–π —Ä–∞–±–æ—Ç—ã —...

You may provide a definition with
\DeclareUnicodeCharacter 


! Package inputenc Error: Unicode character –± (U+0431)
(inputenc)                not set up for use with LaTeX.

See the inputenc package documentation for explanation.
Type  H <return>  for immediate help.
 ...                                              
                                                  
l.4 \textbf{–¶–µ–ª—å—é} –¥–∞–Ω–Ω–æ–π –ª–∞–±
                                           –æ—Ä–∞—Ç–æ—Ä–Ω–æ–π —Ä–∞–±–æ—Ç—ã —...

You may provide a definition with
\DeclareUnicodeCharacter 


! Package inputenc Error: Unicode character –æ (U+043E)
(inputenc)                not set up for use with LaTeX.

See the inputenc package documentation for explanation.
Type  H <return>  for immediate help.
 ...                                              
                                                  
l.4 \textbf{–¶–µ–ª—å—é} –¥–∞–Ω–Ω–æ–π –ª–∞–±–æ
                                             —Ä–∞—Ç–æ—Ä–Ω–æ–π —Ä–∞–±–æ—Ç—ã —...

You may provide a definition with
\DeclareUnicodeCharacter 


! Package inputenc Error: Unicode character —Ä (U+0440)
(inputenc)                not set up for use with LaTeX.

See the inputenc package documentation for explanation.
Type  H <return>  for immediate help.
 ...                                              
                                                  
l.4 \textbf{–¶–µ–ª—å—é} –¥–∞–Ω–Ω–æ–π –ª–∞–±–æ—Ä
                                               –∞—Ç–æ—Ä–Ω–æ–π —Ä–∞–±–æ—Ç—ã —...

You may provide a definition with
\DeclareUnicodeCharacter 


! Package inputenc Error: Unicode character –∞ (U+0430)
(inputenc)                not set up for use with LaTeX.

See the inputenc package documentation for explanation.
Type  H <return>  for immediate help.
 ...                                              
                                                  
l.4 \textbf{–¶–µ–ª—å—é} –¥–∞–Ω–Ω–æ–π –ª–∞–±–æ—Ä–∞
                                                 —Ç–æ—Ä–Ω–æ–π —Ä–∞–±–æ—Ç—ã —...

You may provide a definition with
\DeclareUnicodeCharacter 


! Package inputenc Error: Unicode character —Ç (U+0442)
(inputenc)                not set up for use with LaTeX.

See the inputenc package documentation for explanation.
Type  H <return>  for immediate help.
 ...                                              
                                                  
l.4 ...tbf{–¶–µ–ª—å—é} –¥–∞–Ω–Ω–æ–π –ª–∞–±–æ—Ä–∞—Ç
                                                  –æ—Ä–Ω–æ–π —Ä–∞–±–æ—Ç—ã —è...

You may provide a definition with
\DeclareUnicodeCharacter 


! Package inputenc Error: Unicode character –æ (U+043E)
(inputenc)                not set up for use with LaTeX.

See the inputenc package documentation for explanation.
Type  H <return>  for immediate help.
 ...                                              
                                                  
l.4 ...f{–¶–µ–ª—å—é} –¥–∞–Ω–Ω–æ–π –ª–∞–±–æ—Ä–∞—Ç–æ
                                                  —Ä–Ω–æ–π —Ä–∞–±–æ—Ç—ã —è–≤...

You may provide a definition with
\DeclareUnicodeCharacter 


! Package inputenc Error: Unicode character —Ä (U+0440)
(inputenc)                not set up for use with LaTeX.

See the inputenc package documentation for explanation.
Type  H <return>  for immediate help.
 ...                                              
                                                  
l.4 ...–¶–µ–ª—å—é} –¥–∞–Ω–Ω–æ–π –ª–∞–±–æ—Ä–∞—Ç–æ—Ä
                                                  –Ω–æ–π —Ä–∞–±–æ—Ç—ã —è–≤–ª...

You may provide a definition with
\DeclareUnicodeCharacter 


! Package inputenc Error: Unicode character –Ω (U+043D)
(inputenc)                not set up for use with LaTeX.

See the inputenc package documentation for explanation.
Type  H <return>  for immediate help.
 ...                                              
                                                  
l.4 ...–µ–ª—å—é} –¥–∞–Ω–Ω–æ–π –ª–∞–±–æ—Ä–∞—Ç–æ—Ä–Ω
                                                  –æ–π —Ä–∞–±–æ—Ç—ã —è–≤–ª—è...

You may provide a definition with
\DeclareUnicodeCharacter 


! Package inputenc Error: Unicode character –æ (U+043E)
(inputenc)                not set up for use with LaTeX.

See the inputenc package documentation for explanation.
Type  H <return>  for immediate help.
 ...                                              
                                                  
l.4 ...–ª—å—é} –¥–∞–Ω–Ω–æ–π –ª–∞–±–æ—Ä–∞—Ç–æ—Ä–Ω–æ
                                                  –π —Ä–∞–±–æ—Ç—ã —è–≤–ª—è–µ...

You may provide a definition with
\DeclareUnicodeCharacter 


! Package inputenc Error: Unicode character –π (U+0439)
(inputenc)                not set up for use with LaTeX.

See the inputenc package documentation for explanation.
Type  H <return>  for immediate help.
 ...                                              
                                                  
l.4 ...—å—é} –¥–∞–Ω–Ω–æ–π –ª–∞–±–æ—Ä–∞—Ç–æ—Ä–Ω–æ–π
                                                   —Ä–∞–±–æ—Ç—ã —è–≤–ª—è–µ—Ç...

You may provide a definition with
\DeclareUnicodeCharacter 


! Package inputenc Error: Unicode character —Ä (U+0440)
(inputenc)                not set up for use with LaTeX.

See the inputenc package documentation for explanation.
Type  H <return>  for immediate help.
 ...                                              
                                                  
l.4 ...é} –¥–∞–Ω–Ω–æ–π –ª–∞–±–æ—Ä–∞—Ç–æ—Ä–Ω–æ–π —Ä
                                                  –∞–±–æ—Ç—ã —è–≤–ª—è–µ—Ç—Å—...

You may provide a definition with
\DeclareUnicodeCharacter 


! Package inputenc Error: Unicode character –∞ (U+0430)
(inputenc)                not set up for use with LaTeX.

See the inputenc package documentation for explanation.
Type  H <return>  for immediate help.
 ...                                              
                                                  
l.4 ... –¥–∞–Ω–Ω–æ–π –ª–∞–±–æ—Ä–∞—Ç–æ—Ä–Ω–æ–π —Ä–∞
                                                  –±–æ—Ç—ã —è–≤–ª—è–µ—Ç—Å—è ...

You may provide a definition with
\DeclareUnicodeCharacter 


! Package inputenc Error: Unicode character –± (U+0431)
(inputenc)                not set up for use with LaTeX.

See the inputenc package documentation for explanation.
Type  H <return>  for immediate help.
 ...                                              
                                                  
l.4 ...¥–∞–Ω–Ω–æ–π –ª–∞–±–æ—Ä–∞—Ç–æ—Ä–Ω–æ–π —Ä–∞–±
                                                  –æ—Ç—ã —è–≤–ª—è–µ—Ç—Å—è –∏...

You may provide a definition with
\DeclareUnicodeCharacter 


! Package inputenc Error: Unicode character –æ (U+043E)
(inputenc)                not set up for use with LaTeX.

See the inputenc package documentation for explanation.
Type  H <return>  for immediate help.
 ...                                              
                                                  
l.4 ...∞–Ω–Ω–æ–π –ª–∞–±–æ—Ä–∞—Ç–æ—Ä–Ω–æ–π —Ä–∞–±–æ
                                                  —Ç—ã —è–≤–ª—è–µ—Ç—Å—è –∏–∑...

You may provide a definition with
\DeclareUnicodeCharacter 


! Package inputenc Error: Unicode character —Ç (U+0442)
(inputenc)                not set up for use with LaTeX.

See the inputenc package documentation for explanation.
Type  H <return>  for immediate help.
 ...                                              
                                                  
l.4 ...Ω–Ω–æ–π –ª–∞–±–æ—Ä–∞—Ç–æ—Ä–Ω–æ–π —Ä–∞–±–æ—Ç
                                                  —ã —è–≤–ª—è–µ—Ç—Å—è –∏–∑—É...

You may provide a definition with
\DeclareUnicodeCharacter 


! Package inputenc Error: Unicode character —ã (U+044B)
(inputenc)                not set up for use with LaTeX.

See the inputenc package documentation for explanation.
Type  H <return>  for immediate help.
 ...                                              
                                                  
l.4 ...Ω–æ–π –ª–∞–±–æ—Ä–∞—Ç–æ—Ä–Ω–æ–π —Ä–∞–±–æ—Ç—ã
                                                   —è–≤–ª—è–µ—Ç—Å—è –∏–∑—É—á...

You may provide a definition with
\DeclareUnicodeCharacter 


! Package inputenc Error: Unicode character —è (U+044F)
(inputenc)                not set up for use with LaTeX.

See the inputenc package documentation for explanation.
Type  H <return>  for immediate help.
 ...                                              
                                                  
l.4 ...–π –ª–∞–±–æ—Ä–∞—Ç–æ—Ä–Ω–æ–π —Ä–∞–±–æ—Ç—ã —è
                                                  –≤–ª—è–µ—Ç—Å—è –∏–∑—É—á–µ–...

You may provide a definition with
\DeclareUnicodeCharacter 


! Package inputenc Error: Unicode character –≤ (U+0432)
(inputenc)                not set up for use with LaTeX.

See the inputenc package documentation for explanation.
Type  H <return>  for immediate help.
 ...                                              
                                                  
l.4 ... –ª–∞–±–æ—Ä–∞—Ç–æ—Ä–Ω–æ–π —Ä–∞–±–æ—Ç—ã —è–≤
                                                  –ª—è–µ—Ç—Å—è –∏–∑—É—á–µ–Ω–...

You may provide a definition with
\DeclareUnicodeCharacter 


! Package inputenc Error: Unicode character –ª (U+043B)
(inputenc)                not set up for use with LaTeX.

See the inputenc package documentation for explanation.
Type  H <return>  for immediate help.
 ...                                              
                                                  
l.4 ...ª–∞–±–æ—Ä–∞—Ç–æ—Ä–Ω–æ–π —Ä–∞–±–æ—Ç—ã —è–≤–ª
                                                  —è–µ—Ç—Å—è –∏–∑—É—á–µ–Ω–∏–...

You may provide a definition with
\DeclareUnicodeCharacter 


! Package inputenc Error: Unicode character —è (U+044F)
(inputenc)                not set up for use with LaTeX.

See the inputenc package documentation for explanation.
Type  H <return>  for immediate help.
 ...                                              
                                                  
l.4 ...∞–±–æ—Ä–∞—Ç–æ—Ä–Ω–æ–π —Ä–∞–±–æ—Ç—ã —è–≤–ª—è
                                                  –µ—Ç—Å—è –∏–∑—É—á–µ–Ω–∏–µ ...

You may provide a definition with
\DeclareUnicodeCharacter 


! Package inputenc Error: Unicode character –µ (U+0435)
(inputenc)                not set up for use with LaTeX.

See the inputenc package documentation for explanation.
Type  H <return>  for immediate help.
 ...                                              
                                                  
l.4 ...±–æ—Ä–∞—Ç–æ—Ä–Ω–æ–π —Ä–∞–±–æ—Ç—ã —è–≤–ª—è–µ
                                                  —Ç—Å—è –∏–∑—É—á–µ–Ω–∏–µ –º...

You may provide a definition with
\DeclareUnicodeCharacter 


! Package inputenc Error: Unicode character —Ç (U+0442)
(inputenc)                not set up for use with LaTeX.

See the inputenc package documentation for explanation.
Type  H <return>  for immediate help.
 ...                                              
                                                  
l.4 ...æ—Ä–∞—Ç–æ—Ä–Ω–æ–π —Ä–∞–±–æ—Ç—ã —è–≤–ª—è–µ—Ç
                                                  —Å—è –∏–∑—É—á–µ–Ω–∏–µ –º–µ...

You may provide a definition with
\DeclareUnicodeCharacter 


! Package inputenc Error: Unicode character —Å (U+0441)
(inputenc)                not set up for use with LaTeX.

See the inputenc package documentation for explanation.
Type  H <return>  for immediate help.
 ...                                              
                                                  
l.4 ...Ä–∞—Ç–æ—Ä–Ω–æ–π —Ä–∞–±–æ—Ç—ã —è–≤–ª—è–µ—Ç—Å
                                                  —è –∏–∑—É—á–µ–Ω–∏–µ –º–µ—Ç...

You may provide a definition with
\DeclareUnicodeCharacter 


! Package inputenc Error: Unicode character —è (U+044F)
(inputenc)                not set up for use with LaTeX.

See the inputenc package documentation for explanation.
Type  H <return>  for immediate help.
 ...                                              
                                                  
l.4 ...∞—Ç–æ—Ä–Ω–æ–π —Ä–∞–±–æ—Ç—ã —è–≤–ª—è–µ—Ç—Å—è
                                                   –∏–∑—É—á–µ–Ω–∏–µ –º–µ—Ç–æ...

You may provide a definition with
\DeclareUnicodeCharacter 


! Package inputenc Error: Unicode character –∏ (U+0438)
(inputenc)                not set up for use with LaTeX.

See the inputenc package documentation for explanation.
Type  H <return>  for immediate help.
 ...                                              
                                                  
l.4 ...–æ—Ä–Ω–æ–π —Ä–∞–±–æ—Ç—ã —è–≤–ª—è–µ—Ç—Å—è –∏
                                                  –∑—É—á–µ–Ω–∏–µ –º–µ—Ç–æ–¥–...

You may provide a definition with
\DeclareUnicodeCharacter 


! Package inputenc Error: Unicode character –∑ (U+0437)
(inputenc)                not set up for use with LaTeX.

See the inputenc package documentation for explanation.
Type  H <return>  for immediate help.
 ...                                              
                                                  
l.4 ...—Ä–Ω–æ–π —Ä–∞–±–æ—Ç—ã —è–≤–ª—è–µ—Ç—Å—è –∏–∑
                                                  —É—á–µ–Ω–∏–µ –º–µ—Ç–æ–¥–∏–...

You may provide a definition with
\DeclareUnicodeCharacter 


! Package inputenc Error: Unicode character —É (U+0443)
(inputenc)                not set up for use with LaTeX.

See the inputenc package documentation for explanation.
Type  H <return>  for immediate help.
 ...                                              
                                                  
l.4 ...–Ω–æ–π —Ä–∞–±–æ—Ç—ã —è–≤–ª—è–µ—Ç—Å—è –∏–∑—É
                                                  —á–µ–Ω–∏–µ –º–µ—Ç–æ–¥–∏–∫–...

You may provide a definition with
\DeclareUnicodeCharacter 


! Package inputenc Error: Unicode character —á (U+0447)
(inputenc)                not set up for use with LaTeX.

See the inputenc package documentation for explanation.
Type  H <return>  for immediate help.
 ...                                              
                                                  
l.4 ...–æ–π —Ä–∞–±–æ—Ç—ã —è–≤–ª—è–µ—Ç—Å—è –∏–∑—É—á
                                                  –µ–Ω–∏–µ –º–µ—Ç–æ–¥–∏–∫–∏ ...

You may provide a definition with
\DeclareUnicodeCharacter 


! Package inputenc Error: Unicode character –µ (U+0435)
(inputenc)                not set up for use with LaTeX.

See the inputenc package documentation for explanation.
Type  H <return>  for immediate help.
 ...                                              
                                                  
l.4 ...–π —Ä–∞–±–æ—Ç—ã —è–≤–ª—è–µ—Ç—Å—è –∏–∑—É—á–µ
                                                  –Ω–∏–µ –º–µ—Ç–æ–¥–∏–∫–∏ –∏...

You may provide a definition with
\DeclareUnicodeCharacter 


! Package inputenc Error: Unicode character –Ω (U+043D)
(inputenc)                not set up for use with LaTeX.

See the inputenc package documentation for explanation.
Type  H <return>  for immediate help.
 ...                                              
                                                  
l.4 ... —Ä–∞–±–æ—Ç—ã —è–≤–ª—è–µ—Ç—Å—è –∏–∑—É—á–µ–Ω
                                                  –∏–µ –º–µ—Ç–æ–¥–∏–∫–∏ –∏ —...

You may provide a definition with
\DeclareUnicodeCharacter 


! Package inputenc Error: Unicode character –∏ (U+0438)
(inputenc)                not set up for use with LaTeX.

See the inputenc package documentation for explanation.
Type  H <return>  for immediate help.
 ...                                              
                                                  
l.4 ...Ä–∞–±–æ—Ç—ã —è–≤–ª—è–µ—Ç—Å—è –∏–∑—É—á–µ–Ω–∏
                                                  –µ –º–µ—Ç–æ–¥–∏–∫–∏ –∏ —Ç–...

You may provide a definition with
\DeclareUnicodeCharacter 


! Package inputenc Error: Unicode character –µ (U+0435)
(inputenc)                not set up for use with LaTeX.

See the inputenc package documentation for explanation.
Type  H <return>  for immediate help.
 ...                                              
                                                  
l.4 ...∞–±–æ—Ç—ã —è–≤–ª—è–µ—Ç—Å—è –∏–∑—É—á–µ–Ω–∏–µ
                                                   –º–µ—Ç–æ–¥–∏–∫–∏ –∏ —Ç–µ—...

You may provide a definition with
\DeclareUnicodeCharacter 


! Package inputenc Error: Unicode character –º (U+043C)
(inputenc)                not set up for use with LaTeX.

See the inputenc package documentation for explanation.
Type  H <return>  for immediate help.
 ...                                              
                                                  
l.4 ...–æ—Ç—ã —è–≤–ª—è–µ—Ç—Å—è –∏–∑—É—á–µ–Ω–∏–µ –º
                                                  –µ—Ç–æ–¥–∏–∫–∏ –∏ —Ç–µ—Ö–Ω...

You may provide a definition with
\DeclareUnicodeCharacter 


! Package inputenc Error: Unicode character –µ (U+0435)
(inputenc)                not set up for use with LaTeX.

See the inputenc package documentation for explanation.
Type  H <return>  for immediate help.
 ...                                              
                                                  
l.4 ...—Ç—ã —è–≤–ª—è–µ—Ç—Å—è –∏–∑—É—á–µ–Ω–∏–µ –º–µ
                                                  —Ç–æ–¥–∏–∫–∏ –∏ —Ç–µ—Ö–Ω–æ...

You may provide a definition with
\DeclareUnicodeCharacter 


! Package inputenc Error: Unicode character —Ç (U+0442)
(inputenc)                not set up for use with LaTeX.

See the inputenc package documentation for explanation.
Type  H <return>  for immediate help.
 ...                                              
                                                  
l.4 ...—ã —è–≤–ª—è–µ—Ç—Å—è –∏–∑—É—á–µ–Ω–∏–µ –º–µ—Ç
                                                  –æ–¥–∏–∫–∏ –∏ —Ç–µ—Ö–Ω–æ–ª...

You may provide a definition with
\DeclareUnicodeCharacter 


! Package inputenc Error: Unicode character –æ (U+043E)
(inputenc)                not set up for use with LaTeX.

See the inputenc package documentation for explanation.
Type  H <return>  for immediate help.
 ...                                              
                                                  
l.4 ... —è–≤–ª—è–µ—Ç—Å—è –∏–∑—É—á–µ–Ω–∏–µ –º–µ—Ç–æ
                                                  –¥–∏–∫–∏ –∏ —Ç–µ—Ö–Ω–æ–ª–æ...

You may provide a definition with
\DeclareUnicodeCharacter 


! Package inputenc Error: Unicode character –¥ (U+0434)
(inputenc)                not set up for use with LaTeX.

See the inputenc package documentation for explanation.
Type  H <return>  for immediate help.
 ...                                              
                                                  
l.4 ...è–≤–ª—è–µ—Ç—Å—è –∏–∑—É—á–µ–Ω–∏–µ –º–µ—Ç–æ–¥
                                                  –∏–∫–∏ –∏ —Ç–µ—Ö–Ω–æ–ª–æ–≥...

You may provide a definition with
\DeclareUnicodeCharacter 


! Package inputenc Error: Unicode character –∏ (U+0438)
(inputenc)                not set up for use with LaTeX.

See the inputenc package documentation for explanation.
Type  H <return>  for immediate help.
 ...                                              
                                                  
l.4 ...≤–ª—è–µ—Ç—Å—è –∏–∑—É—á–µ–Ω–∏–µ –º–µ—Ç–æ–¥–∏
                                                  –∫–∏ –∏ —Ç–µ—Ö–Ω–æ–ª–æ–≥–∏...

You may provide a definition with
\DeclareUnicodeCharacter 


! Package inputenc Error: Unicode character –∫ (U+043A)
(inputenc)                not set up for use with LaTeX.

See the inputenc package documentation for explanation.
Type  H <return>  for immediate help.
 ...                                              
                                                  
l.4 ...ª—è–µ—Ç—Å—è –∏–∑—É—á–µ–Ω–∏–µ –º–µ—Ç–æ–¥–∏–∫
                                                  –∏ –∏ —Ç–µ—Ö–Ω–æ–ª–æ–≥–∏–∏...

You may provide a definition with
\DeclareUnicodeCharacter 


! Package inputenc Error: Unicode character –∏ (U+0438)
(inputenc)                not set up for use with LaTeX.

See the inputenc package documentation for explanation.
Type  H <return>  for immediate help.
 ...                                              
                                                  
l.4 ...è–µ—Ç—Å—è –∏–∑—É—á–µ–Ω–∏–µ –º–µ—Ç–æ–¥–∏–∫–∏
                                                   –∏ —Ç–µ—Ö–Ω–æ–ª–æ–≥–∏–∏ —...

You may provide a definition with
\DeclareUnicodeCharacter 


! Package inputenc Error: Unicode character –∏ (U+0438)
(inputenc)                not set up for use with LaTeX.

See the inputenc package documentation for explanation.
Type  H <return>  for immediate help.
 ...                                              
                                                  
l.4 ...—Ç—Å—è –∏–∑—É—á–µ–Ω–∏–µ –º–µ—Ç–æ–¥–∏–∫–∏ –∏
                                                   —Ç–µ—Ö–Ω–æ–ª–æ–≥–∏–∏ —Å–∏...

You may provide a definition with
\DeclareUnicodeCharacter 


! Package inputenc Error: Unicode character —Ç (U+0442)
(inputenc)                not set up for use with LaTeX.

See the inputenc package documentation for explanation.
Type  H <return>  for immediate help.
 ...                                              
                                                  
l.4 ...Å—è –∏–∑—É—á–µ–Ω–∏–µ –º–µ—Ç–æ–¥–∏–∫–∏ –∏ —Ç
                                                  –µ—Ö–Ω–æ–ª–æ–≥–∏–∏ —Å–∏–Ω—...

You may provide a definition with
\DeclareUnicodeCharacter 


! Package inputenc Error: Unicode character –µ (U+0435)
(inputenc)                not set up for use with LaTeX.

See the inputenc package documentation for explanation.
Type  H <return>  for immediate help.
 ...                                              
                                                  
l.4 ...è –∏–∑—É—á–µ–Ω–∏–µ –º–µ—Ç–æ–¥–∏–∫–∏ –∏ —Ç–µ
                                                  —Ö–Ω–æ–ª–æ–≥–∏–∏ —Å–∏–Ω—Ç–...

You may provide a definition with
\DeclareUnicodeCharacter 


! Package inputenc Error: Unicode character —Ö (U+0445)
(inputenc)                not set up for use with LaTeX.

See the inputenc package documentation for explanation.
Type  H <return>  for immediate help.
 ...                                              
                                                  
l.4 ...–∏–∑—É—á–µ–Ω–∏–µ –º–µ—Ç–æ–¥–∏–∫–∏ –∏ —Ç–µ—Ö
                                                  –Ω–æ–ª–æ–≥–∏–∏ —Å–∏–Ω—Ç–µ–...

You may provide a definition with
\DeclareUnicodeCharacter 


! Package inputenc Error: Unicode character –Ω (U+043D)
(inputenc)                not set up for use with LaTeX.

See the inputenc package documentation for explanation.
Type  H <return>  for immediate help.
 ...                                              
                                                  
l.4 ...–∑—É—á–µ–Ω–∏–µ –º–µ—Ç–æ–¥–∏–∫–∏ –∏ —Ç–µ—Ö–Ω
                                                  –æ–ª–æ–≥–∏–∏ —Å–∏–Ω—Ç–µ–∑–...

You may provide a definition with
\DeclareUnicodeCharacter 


! Package inputenc Error: Unicode character –æ (U+043E)
(inputenc)                not set up for use with LaTeX.

See the inputenc package documentation for explanation.
Type  H <return>  for immediate help.
 ...                                              
                                                  
l.4 ...—É—á–µ–Ω–∏–µ –º–µ—Ç–æ–¥–∏–∫–∏ –∏ —Ç–µ—Ö–Ω–æ
                                                  –ª–æ–≥–∏–∏ —Å–∏–Ω—Ç–µ–∑–∞ ...

You may provide a definition with
\DeclareUnicodeCharacter 


! Package inputenc Error: Unicode character –ª (U+043B)
(inputenc)                not set up for use with LaTeX.

See the inputenc package documentation for explanation.
Type  H <return>  for immediate help.
 ...                                              
                                                  
l.4 ...—á–µ–Ω–∏–µ –º–µ—Ç–æ–¥–∏–∫–∏ –∏ —Ç–µ—Ö–Ω–æ–ª
                                                  –æ–≥–∏–∏ —Å–∏–Ω—Ç–µ–∑–∞ –∞...

You may provide a definition with
\DeclareUnicodeCharacter 


! Package inputenc Error: Unicode character –æ (U+043E)
(inputenc)                not set up for use with LaTeX.

See the inputenc package documentation for explanation.
Type  H <return>  for immediate help.
 ...                                              
                                                  
l.4 ...–µ–Ω–∏–µ –º–µ—Ç–æ–¥–∏–∫–∏ –∏ —Ç–µ—Ö–Ω–æ–ª–æ
                                                  –≥–∏–∏ —Å–∏–Ω—Ç–µ–∑–∞ –∞–ø...

You may provide a definition with
\DeclareUnicodeCharacter 


! Package inputenc Error: Unicode character –≥ (U+0433)
(inputenc)                not set up for use with LaTeX.

See the inputenc package documentation for explanation.
Type  H <return>  for immediate help.
 ...                                              
                                                  
l.4 ...–Ω–∏–µ –º–µ—Ç–æ–¥–∏–∫–∏ –∏ —Ç–µ—Ö–Ω–æ–ª–æ–≥
                                                  –∏–∏ —Å–∏–Ω—Ç–µ–∑–∞ –∞–ø–ø...

You may provide a definition with
\DeclareUnicodeCharacter 


! Package inputenc Error: Unicode character –∏ (U+0438)
(inputenc)                not set up for use with LaTeX.

See the inputenc package documentation for explanation.
Type  H <return>  for immediate help.
 ...                                              
                                                  
l.4 ...–∏–µ –º–µ—Ç–æ–¥–∏–∫–∏ –∏ —Ç–µ—Ö–Ω–æ–ª–æ–≥–∏
                                                  –∏ —Å–∏–Ω—Ç–µ–∑–∞ –∞–ø–ø–∞...

You may provide a definition with
\DeclareUnicodeCharacter 


! Package inputenc Error: Unicode character –∏ (U+0438)
(inputenc)                not set up for use with LaTeX.

See the inputenc package documentation for explanation.
Type  H <return>  for immediate help.
 ...                                              
                                                  
l.4 ...–µ –º–µ—Ç–æ–¥–∏–∫–∏ –∏ —Ç–µ—Ö–Ω–æ–ª–æ–≥–∏–∏
                                                   —Å–∏–Ω—Ç–µ–∑–∞ –∞–ø–ø–∞—Ä...

You may provide a definition with
\DeclareUnicodeCharacter 


! Package inputenc Error: Unicode character —Å (U+0441)
(inputenc)                not set up for use with LaTeX.

See the inputenc package documentation for explanation.
Type  H <return>  for immediate help.
 ...                                              
                                                  
l.4 ...–º–µ—Ç–æ–¥–∏–∫–∏ –∏ —Ç–µ—Ö–Ω–æ–ª–æ–≥–∏–∏ —Å
                                                  –∏–Ω—Ç–µ–∑–∞ –∞–ø–ø–∞—Ä–∞—...

You may provide a definition with
\DeclareUnicodeCharacter 


! Package inputenc Error: Unicode character –∏ (U+0438)
(inputenc)                not set up for use with LaTeX.

See the inputenc package documentation for explanation.
Type  H <return>  for immediate help.
 ...                                              
                                                  
l.4 ...–µ—Ç–æ–¥–∏–∫–∏ –∏ —Ç–µ—Ö–Ω–æ–ª–æ–≥–∏–∏ —Å–∏
                                                  –Ω—Ç–µ–∑–∞ –∞–ø–ø–∞—Ä–∞—Ç–...

You may provide a definition with
\DeclareUnicodeCharacter 


! Package inputenc Error: Unicode character –Ω (U+043D)
(inputenc)                not set up for use with LaTeX.

See the inputenc package documentation for explanation.
Type  H <return>  for immediate help.
 ...                                              
                                                  
l.4 ...—Ç–æ–¥–∏–∫–∏ –∏ —Ç–µ—Ö–Ω–æ–ª–æ–≥–∏–∏ —Å–∏–Ω
                                                  —Ç–µ–∑–∞ –∞–ø–ø–∞—Ä–∞—Ç–Ω—...

You may provide a definition with
\DeclareUnicodeCharacter 


! Package inputenc Error: Unicode character —Ç (U+0442)
(inputenc)                not set up for use with LaTeX.

See the inputenc package documentation for explanation.
Type  H <return>  for immediate help.
 ...                                              
                                                  
l.4 ...–æ–¥–∏–∫–∏ –∏ —Ç–µ—Ö–Ω–æ–ª–æ–≥–∏–∏ —Å–∏–Ω—Ç
                                                  –µ–∑–∞ –∞–ø–ø–∞—Ä–∞—Ç–Ω—ã—...

You may provide a definition with
\DeclareUnicodeCharacter 


! Package inputenc Error: Unicode character –µ (U+0435)
(inputenc)                not set up for use with LaTeX.

See the inputenc package documentation for explanation.
Type  H <return>  for immediate help.
 ...                                              
                                                  
l.4 ...–¥–∏–∫–∏ –∏ —Ç–µ—Ö–Ω–æ–ª–æ–≥–∏–∏ —Å–∏–Ω—Ç–µ
                                                  –∑–∞ –∞–ø–ø–∞—Ä–∞—Ç–Ω—ã—Ö ...

You may provide a definition with
\DeclareUnicodeCharacter 


! Package inputenc Error: Unicode character –∑ (U+0437)
(inputenc)                not set up for use with LaTeX.

See the inputenc package documentation for explanation.
Type  H <return>  for immediate help.
 ...                                              
                                                  
l.4 ...–∏–∫–∏ –∏ —Ç–µ—Ö–Ω–æ–ª–æ–≥–∏–∏ —Å–∏–Ω—Ç–µ–∑
                                                  –∞ –∞–ø–ø–∞—Ä–∞—Ç–Ω—ã—Ö —É...

You may provide a definition with
\DeclareUnicodeCharacter 


! Package inputenc Error: Unicode character –∞ (U+0430)
(inputenc)                not set up for use with LaTeX.

See the inputenc package documentation for explanation.
Type  H <return>  for immediate help.
 ...                                              
                                                  
l.4 ...–∫–∏ –∏ —Ç–µ—Ö–Ω–æ–ª–æ–≥–∏–∏ —Å–∏–Ω—Ç–µ–∑–∞
                                                   –∞–ø–ø–∞—Ä–∞—Ç–Ω—ã—Ö —É—Å...

You may provide a definition with
\DeclareUnicodeCharacter 


! Package inputenc Error: Unicode character –∞ (U+0430)
(inputenc)                not set up for use with LaTeX.

See the inputenc package documentation for explanation.
Type  H <return>  for immediate help.
 ...                                              
                                                  
l.4 ...∏ –∏ —Ç–µ—Ö–Ω–æ–ª–æ–≥–∏–∏ —Å–∏–Ω—Ç–µ–∑–∞ –∞
                                                  –ø–ø–∞—Ä–∞—Ç–Ω—ã—Ö —É—Å—Ç—...

You may provide a definition with
\DeclareUnicodeCharacter 


! Package inputenc Error: Unicode character –ø (U+043F)
(inputenc)                not set up for use with LaTeX.

See the inputenc package documentation for explanation.
Type  H <return>  for immediate help.
 ...                                              
                                                  
l.4 ...–∏ —Ç–µ—Ö–Ω–æ–ª–æ–≥–∏–∏ —Å–∏–Ω—Ç–µ–∑–∞ –∞–ø
                                                  –ø–∞—Ä–∞—Ç–Ω—ã—Ö —É—Å—Ç—Ä–...

You may provide a definition with
\DeclareUnicodeCharacter 


! Package inputenc Error: Unicode character –ø (U+043F)
(inputenc)                not set up for use with LaTeX.

See the inputenc package documentation for explanation.
Type  H <return>  for immediate help.
 ...                                              
                                                  
l.4 ... —Ç–µ—Ö–Ω–æ–ª–æ–≥–∏–∏ —Å–∏–Ω—Ç–µ–∑–∞ –∞–ø–ø
                                                  –∞—Ä–∞—Ç–Ω—ã—Ö —É—Å—Ç—Ä–æ–...

You may provide a definition with
\DeclareUnicodeCharacter 


! Package inputenc Error: Unicode character –∞ (U+0430)
(inputenc)                not set up for use with LaTeX.

See the inputenc package documentation for explanation.
Type  H <return>  for immediate help.
 ...                                              
                                                  
l.4 ...Ç–µ—Ö–Ω–æ–ª–æ–≥–∏–∏ —Å–∏–Ω—Ç–µ–∑–∞ –∞–ø–ø–∞
                                                  —Ä–∞—Ç–Ω—ã—Ö —É—Å—Ç—Ä–æ–π—...

You may provide a definition with
\DeclareUnicodeCharacter 


! Package inputenc Error: Unicode character —Ä (U+0440)
(inputenc)                not set up for use with LaTeX.

See the inputenc package documentation for explanation.
Type  H <return>  for immediate help.
 ...                                              
                                                  
l.4 ...µ—Ö–Ω–æ–ª–æ–≥–∏–∏ —Å–∏–Ω—Ç–µ–∑–∞ –∞–ø–ø–∞—Ä
                                                  –∞—Ç–Ω—ã—Ö —É—Å—Ç—Ä–æ–π—Å—...

You may provide a definition with
\DeclareUnicodeCharacter 


! Package inputenc Error: Unicode character –∞ (U+0430)
(inputenc)                not set up for use with LaTeX.

See the inputenc package documentation for explanation.
Type  H <return>  for immediate help.
 ...                                              
                                                  
l.4 ...Ö–Ω–æ–ª–æ–≥–∏–∏ —Å–∏–Ω—Ç–µ–∑–∞ –∞–ø–ø–∞—Ä–∞
                                                  —Ç–Ω—ã—Ö —É—Å—Ç—Ä–æ–π—Å—Ç–...

You may provide a definition with
\DeclareUnicodeCharacter 


! Package inputenc Error: Unicode character —Ç (U+0442)
(inputenc)                not set up for use with LaTeX.

See the inputenc package documentation for explanation.
Type  H <return>  for immediate help.
 ...                                              
                                                  
l.4 ...Ω–æ–ª–æ–≥–∏–∏ —Å–∏–Ω—Ç–µ–∑–∞ –∞–ø–ø–∞—Ä–∞—Ç
                                                  –Ω—ã—Ö —É—Å—Ç—Ä–æ–π—Å—Ç–≤ ...

You may provide a definition with
\DeclareUnicodeCharacter 


! Package inputenc Error: Unicode character –Ω (U+043D)
(inputenc)                not set up for use with LaTeX.

See the inputenc package documentation for explanation.
Type  H <return>  for immediate help.
 ...                                              
                                                  
l.4 ...æ–ª–æ–≥–∏–∏ —Å–∏–Ω—Ç–µ–∑–∞ –∞–ø–ø–∞—Ä–∞—Ç–Ω
                                                  —ã—Ö —É—Å—Ç—Ä–æ–π—Å—Ç–≤ —É...

You may provide a definition with
\DeclareUnicodeCharacter 


! Package inputenc Error: Unicode character —ã (U+044B)
(inputenc)                not set up for use with LaTeX.

See the inputenc package documentation for explanation.
Type  H <return>  for immediate help.
 ...                                              
                                                  
l.4 ...ª–æ–≥–∏–∏ —Å–∏–Ω—Ç–µ–∑–∞ –∞–ø–ø–∞—Ä–∞—Ç–Ω—ã
                                                  —Ö —É—Å—Ç—Ä–æ–π—Å—Ç–≤ —É—Å...

You may provide a definition with
\DeclareUnicodeCharacter 


! Package inputenc Error: Unicode character —Ö (U+0445)
(inputenc)                not set up for use with LaTeX.

See the inputenc package documentation for explanation.
Type  H <return>  for immediate help.
 ...                                              
                                                  
l.4 ...æ–≥–∏–∏ —Å–∏–Ω—Ç–µ–∑–∞ –∞–ø–ø–∞—Ä–∞—Ç–Ω—ã—Ö
                                                   —É—Å—Ç—Ä–æ–π—Å—Ç–≤ —É—Å–∫...

You may provide a definition with
\DeclareUnicodeCharacter 


! Package inputenc Error: Unicode character —É (U+0443)
(inputenc)                not set up for use with LaTeX.

See the inputenc package documentation for explanation.
Type  H <return>  for immediate help.
 ...                                              
                                                  
l.4 ...–∏–∏ —Å–∏–Ω—Ç–µ–∑–∞ –∞–ø–ø–∞—Ä–∞—Ç–Ω—ã—Ö —É
                                                  —Å—Ç—Ä–æ–π—Å—Ç–≤ —É—Å–∫–æ—...

You may provide a definition with
\DeclareUnicodeCharacter 


! Package inputenc Error: Unicode character —Å (U+0441)
(inputenc)                not set up for use with LaTeX.

See the inputenc package documentation for explanation.
Type  H <return>  for immediate help.
 ...                                              
                                                  
l.4 ...–∏ —Å–∏–Ω—Ç–µ–∑–∞ –∞–ø–ø–∞—Ä–∞—Ç–Ω—ã—Ö —É—Å
                                                  —Ç—Ä–æ–π—Å—Ç–≤ —É—Å–∫–æ—Ä–...

You may provide a definition with
\DeclareUnicodeCharacter 


! Package inputenc Error: Unicode character —Ç (U+0442)
(inputenc)                not set up for use with LaTeX.

See the inputenc package documentation for explanation.
Type  H <return>  for immediate help.
 ...                                              
                                                  
l.4 ... —Å–∏–Ω—Ç–µ–∑–∞ –∞–ø–ø–∞—Ä–∞—Ç–Ω—ã—Ö —É—Å—Ç
                                                  —Ä–æ–π—Å—Ç–≤ —É—Å–∫–æ—Ä–µ–...

You may provide a definition with
\DeclareUnicodeCharacter 


! Package inputenc Error: Unicode character —Ä (U+0440)
(inputenc)                not set up for use with LaTeX.

See the inputenc package documentation for explanation.
Type  H <return>  for immediate help.
 ...                                              
                                                  
l.4 ...Å–∏–Ω—Ç–µ–∑–∞ –∞–ø–ø–∞—Ä–∞—Ç–Ω—ã—Ö —É—Å—Ç—Ä
                                                  –æ–π—Å—Ç–≤ —É—Å–∫–æ—Ä–µ–Ω–∏—è

You may provide a definition with
\DeclareUnicodeCharacter 


! Package inputenc Error: Unicode character –æ (U+043E)
(inputenc)                not set up for use with LaTeX.

See the inputenc package documentation for explanation.
Type  H <return>  for immediate help.
 ...                                              
                                                  
l.4 ...∏–Ω—Ç–µ–∑–∞ –∞–ø–ø–∞—Ä–∞—Ç–Ω—ã—Ö —É—Å—Ç—Ä–æ
                                                  –π—Å—Ç–≤ —É—Å–∫–æ—Ä–µ–Ω–∏—è
You may provide a definition with
\DeclareUnicodeCharacter 


! Package inputenc Error: Unicode character –π (U+0439)
(inputenc)                not set up for use with LaTeX.

See the inputenc package documentation for explanation.
Type  H <return>  for immediate help.
 ...                                              
                                                  
l.4 ...Ω—Ç–µ–∑–∞ –∞–ø–ø–∞—Ä–∞—Ç–Ω—ã—Ö —É—Å—Ç—Ä–æ–π
                                                  —Å—Ç–≤ —É—Å–∫–æ—Ä–µ–Ω–∏—è
You may provide a definition with
\DeclareUnicodeCharacter 


! Package inputenc Error: Unicode character —Å (U+0441)
(inputenc)                not set up for use with LaTeX.

See the inputenc package documentation for explanation.
Type  H <return>  for immediate help.
 ...                                              
                                                  
l.4 ...Ç–µ–∑–∞ –∞–ø–ø–∞—Ä–∞—Ç–Ω—ã—Ö —É—Å—Ç—Ä–æ–π—Å
                                                  —Ç–≤ —É—Å–∫–æ—Ä–µ–Ω–∏—è
You may provide a definition with
\DeclareUnicodeCharacter 


! Package inputenc Error: Unicode character —Ç (U+0442)
(inputenc)                not set up for use with LaTeX.

See the inputenc package documentation for explanation.
Type  H <return>  for immediate help.
 ...                                              
                                                  
l.4 ...µ–∑–∞ –∞–ø–ø–∞—Ä–∞—Ç–Ω—ã—Ö —É—Å—Ç—Ä–æ–π—Å—Ç
                                                  –≤ —É—Å–∫–æ—Ä–µ–Ω–∏—è
You may provide a definition with
\DeclareUnicodeCharacter 


! Package inputenc Error: Unicode character –≤ (U+0432)
(inputenc)                not set up for use with LaTeX.

See the inputenc package documentation for explanation.
Type  H <return>  for immediate help.
 ...                                              
                                                  
l.4 ...∑–∞ –∞–ø–ø–∞—Ä–∞—Ç–Ω—ã—Ö —É—Å—Ç—Ä–æ–π—Å—Ç–≤
                                                   —É—Å–∫–æ—Ä–µ–Ω–∏—è
You may provide a definition with
\DeclareUnicodeCharacter 


! Package inputenc Error: Unicode character —É (U+0443)
(inputenc)                not set up for use with LaTeX.

See the inputenc package documentation for explanation.
Type  H <return>  for immediate help.
 ...                                              
                                                  
l.4 ... –∞–ø–ø–∞—Ä–∞—Ç–Ω—ã—Ö —É—Å—Ç—Ä–æ–π—Å—Ç–≤ —É
                                                  —Å–∫–æ—Ä–µ–Ω–∏—è
You may provide a definition with
\DeclareUnicodeCharacter 


! Package inputenc Error: Unicode character —Å (U+0441)
(inputenc)                not set up for use with LaTeX.

See the inputenc package documentation for explanation.
Type  H <return>  for immediate help.
 ...                                              
                                                  
l.4 ...∞–ø–ø–∞—Ä–∞—Ç–Ω—ã—Ö —É—Å—Ç—Ä–æ–π—Å—Ç–≤ —É—Å
                                                  –∫–æ—Ä–µ–Ω–∏—è
You may provide a definition with
\DeclareUnicodeCharacter 


! Package inputenc Error: Unicode character –∫ (U+043A)
(inputenc)                not set up for use with LaTeX.

See the inputenc package documentation for explanation.
Type  H <return>  for immediate help.
 ...                                              
                                                  
l.4 ...ø–ø–∞—Ä–∞—Ç–Ω—ã—Ö —É—Å—Ç—Ä–æ–π—Å—Ç–≤ —É—Å–∫
                                                  –æ—Ä–µ–Ω–∏—è
You may provide a definition with
\DeclareUnicodeCharacter 


! Package inputenc Error: Unicode character –æ (U+043E)
(inputenc)                not set up for use with LaTeX.

See the inputenc package documentation for explanation.
Type  H <return>  for immediate help.
 ...                                              
                                                  
l.4 ...ø–∞—Ä–∞—Ç–Ω—ã—Ö —É—Å—Ç—Ä–æ–π—Å—Ç–≤ —É—Å–∫–æ
                                                  —Ä–µ–Ω–∏—è
You may provide a definition with
\DeclareUnicodeCharacter 


! Package inputenc Error: Unicode character —Ä (U+0440)
(inputenc)                not set up for use with LaTeX.

See the inputenc package documentation for explanation.
Type  H <return>  for immediate help.
 ...                                              
                                                  
l.4 ...∞—Ä–∞—Ç–Ω—ã—Ö —É—Å—Ç—Ä–æ–π—Å—Ç–≤ —É—Å–∫–æ—Ä
                                                  –µ–Ω–∏—è
You may provide a definition with
\DeclareUnicodeCharacter 


! Package inputenc Error: Unicode character –µ (U+0435)
(inputenc)                not set up for use with LaTeX.

See the inputenc package documentation for explanation.
Type  H <return>  for immediate help.
 ...                                              
                                                  
l.4 ...Ä–∞—Ç–Ω—ã—Ö —É—Å—Ç—Ä–æ–π—Å—Ç–≤ —É—Å–∫–æ—Ä–µ
                                                  –Ω–∏—è
You may provide a definition with
\DeclareUnicodeCharacter 


! Package inputenc Error: Unicode character –Ω (U+043D)
(inputenc)                not set up for use with LaTeX.

See the inputenc package documentation for explanation.
Type  H <return>  for immediate help.
 ...                                              
                                                  
l.4 ...∞—Ç–Ω—ã—Ö —É—Å—Ç—Ä–æ–π—Å—Ç–≤ —É—Å–∫–æ—Ä–µ–Ω
                                                  –∏—è
You may provide a definition with
\DeclareUnicodeCharacter 


! Package inputenc Error: Unicode character –∏ (U+0438)
(inputenc)                not set up for use with LaTeX.

See the inputenc package documentation for explanation.
Type  H <return>  for immediate help.
 ...                                              
                                                  
l.4 ...Ç–Ω—ã—Ö —É—Å—Ç—Ä–æ–π—Å—Ç–≤ —É—Å–∫–æ—Ä–µ–Ω–∏
                                                  —è
You may provide a definition with
\DeclareUnicodeCharacter 


! Package inputenc Error: Unicode character —è (U+044F)
(inputenc)                not set up for use with LaTeX.

See the inputenc package documentation for explanation.
Type  H <return>  for immediate help.
 ...                                              
                                                  
l.4 ...Ω—ã—Ö —É—Å—Ç—Ä–æ–π—Å—Ç–≤ —É—Å–∫–æ—Ä–µ–Ω–∏—è
                                                  
(That makes 100 errors; please try again.) 
Here is how much of TeX's memory you used:
 47 strings out of 482080
 745 string characters out of 5941728
 233878 words of memory out of 5000000
 15209 multiletter control sequences out of 15000+600000
 532646 words of font info for 25 fonts, out of 8000000 for 9000
 766 hyphenation exceptions out of 8191
 13i,1n,15p,247b,69s stack positions out of 5000i,500n,10000p,200000b,80000s

!  ==> Fatal error occurred, no output PDF file produced!
